
Run: #1,wl_name:seq-read-1th-4k-dynamic-4k,wl_path:shared_dir/workloads-filebench/read-data-micro/seq-read-1th.f,fs:lsfs


Filebench Version 1.5-alpha3
0.000: Allocated 177MB of shared memory
0.001: Populating and pre-allocating filesets
0.002: fileset-1 populated: 1 files, avg. dir. width = 1, avg. dir. depth = -nan, 0 leafdirs, 1024.000MB total size
0.002: Removing fileset-1 tree (if exists)
0.004: Pre-allocating directories in fileset-1 tree
0.009: Pre-allocating files in fileset-1 tree
117.737: Waiting for pre-allocation to finish (in case of a parallel pre-allocation)
117.737: Population and pre-allocation of filesets completed
118.205: Attempting to create fileset more than once, ignoring
118.206: Starting 1 process-1 instances
119.725: Running...
1019.794: Run took 900 seconds...
1019.794: Per-Operation Breakdown
finish-1             0ops        0ops/s   0.0mb/s    0.000ms/op [0.000ms - 0.000ms]
close-1              0ops        0ops/s   0.0mb/s    0.000ms/op [0.000ms - 0.000ms]
read-1               5118944ops     5687ops/s  22.2mb/s    0.174ms/op [0.010ms - 8.019ms]
open-1               1ops        0ops/s   0.0mb/s    8.869ms/op [8.869ms - 8.869ms]
1019.794: IO Summary: 5118945 ops 5687.282 ops/s 5687/0 rd/wr  22.2mb/s 0.174ms/op
1019.794: Shutting down processes

Run: #2,wl_name:seq-read-1th-4k-dynamic-4k,wl_path:shared_dir/workloads-filebench/read-data-micro/seq-read-1th.f,fs:lsfs


Filebench Version 1.5-alpha3
0.000: Allocated 177MB of shared memory
0.008: Populating and pre-allocating filesets
0.010: fileset-1 populated: 1 files, avg. dir. width = 1, avg. dir. depth = -nan, 0 leafdirs, 1024.000MB total size
0.011: Removing fileset-1 tree (if exists)
0.038: Pre-allocating directories in fileset-1 tree
0.063: Pre-allocating files in fileset-1 tree
143.769: Waiting for pre-allocation to finish (in case of a parallel pre-allocation)
143.769: Population and pre-allocation of filesets completed
144.042: Attempting to create fileset more than once, ignoring
144.042: Starting 1 process-1 instances
145.531: Running...
1045.600: Run took 900 seconds...
1045.600: Per-Operation Breakdown
finish-1             0ops        0ops/s   0.0mb/s    0.000ms/op [0.000ms - 0.000ms]
close-1              0ops        0ops/s   0.0mb/s    0.000ms/op [0.000ms - 0.000ms]
read-1               5117643ops     5686ops/s  22.2mb/s    0.174ms/op [0.010ms - 7.989ms]
open-1               1ops        0ops/s   0.0mb/s    8.773ms/op [8.773ms - 8.773ms]
1045.600: IO Summary: 5117644 ops 5685.841 ops/s 5686/0 rd/wr  22.2mb/s 0.174ms/op
1045.600: Shutting down processes
