
Run: #1,wl_name:seq-read-1th-4k-dynamic-4k,wl_path:shared_dir/workloads-filebench/read-data-micro/seq-read-1th.f,fs:lsfs


Filebench Version 1.5-alpha3
0.000: Allocated 177MB of shared memory
0.001: Populating and pre-allocating filesets
0.002: fileset-1 populated: 1 files, avg. dir. width = 1, avg. dir. depth = -nan, 0 leafdirs, 1024.000MB total size
0.002: Removing fileset-1 tree (if exists)
0.025: Pre-allocating directories in fileset-1 tree
0.052: Pre-allocating files in fileset-1 tree
103.075: Waiting for pre-allocation to finish (in case of a parallel pre-allocation)
103.075: Population and pre-allocation of filesets completed
103.351: Attempting to create fileset more than once, ignoring
103.351: Starting 1 process-1 instances
104.845: Running...
1004.916: Run took 900 seconds...
1004.916: Per-Operation Breakdown
finish-1             0ops        0ops/s   0.0mb/s    0.000ms/op [0.000ms - 0.000ms]
close-1              0ops        0ops/s   0.0mb/s    0.000ms/op [0.000ms - 0.000ms]
read-1               4064583ops     4516ops/s  17.6mb/s    0.220ms/op [0.010ms - 7.946ms]
open-1               1ops        0ops/s   0.0mb/s    8.897ms/op [8.897ms - 8.897ms]
1004.916: IO Summary: 4064584 ops 4515.848 ops/s 4516/0 rd/wr  17.6mb/s 0.220ms/op
1004.916: Shutting down processes

Run: #2,wl_name:seq-read-1th-4k-dynamic-4k,wl_path:shared_dir/workloads-filebench/read-data-micro/seq-read-1th.f,fs:lsfs


Filebench Version 1.5-alpha3
0.000: Allocated 177MB of shared memory
0.001: Populating and pre-allocating filesets
0.002: fileset-1 populated: 1 files, avg. dir. width = 1, avg. dir. depth = -nan, 0 leafdirs, 1024.000MB total size
0.002: Removing fileset-1 tree (if exists)
0.024: Pre-allocating directories in fileset-1 tree
0.032: Pre-allocating files in fileset-1 tree
111.690: Waiting for pre-allocation to finish (in case of a parallel pre-allocation)
111.690: Population and pre-allocation of filesets completed
111.955: Attempting to create fileset more than once, ignoring
111.955: Starting 1 process-1 instances
113.442: Running...
1013.513: Run took 900 seconds...
1013.513: Per-Operation Breakdown
finish-1             0ops        0ops/s   0.0mb/s    0.000ms/op [0.000ms - 0.000ms]
close-1              0ops        0ops/s   0.0mb/s    0.000ms/op [0.000ms - 0.000ms]
read-1               4127389ops     4586ops/s  17.9mb/s    0.216ms/op [0.010ms - 7.992ms]
open-1               1ops        0ops/s   0.0mb/s    9.252ms/op [9.252ms - 9.252ms]
1013.513: IO Summary: 4127390 ops 4585.628 ops/s 4586/0 rd/wr  17.9mb/s 0.216ms/op
1013.513: Shutting down processes

Run: #3,wl_name:seq-read-1th-4k-dynamic-4k,wl_path:shared_dir/workloads-filebench/read-data-micro/seq-read-1th.f,fs:lsfs


Filebench Version 1.5-alpha3
0.000: Allocated 177MB of shared memory
0.001: Populating and pre-allocating filesets
0.002: fileset-1 populated: 1 files, avg. dir. width = 1, avg. dir. depth = -nan, 0 leafdirs, 1024.000MB total size
0.003: Removing fileset-1 tree (if exists)
0.034: Pre-allocating directories in fileset-1 tree
0.062: Pre-allocating files in fileset-1 tree
130.616: Waiting for pre-allocation to finish (in case of a parallel pre-allocation)
130.616: Population and pre-allocation of filesets completed
130.881: Attempting to create fileset more than once, ignoring
130.881: Starting 1 process-1 instances
132.411: Running...
1032.482: Run took 900 seconds...
1032.482: Per-Operation Breakdown
finish-1             0ops        0ops/s   0.0mb/s    0.000ms/op [0.000ms - 0.000ms]
close-1              0ops        0ops/s   0.0mb/s    0.000ms/op [0.000ms - 0.000ms]
read-1               4146608ops     4607ops/s  18.0mb/s    0.215ms/op [0.010ms - 8.079ms]
open-1               1ops        0ops/s   0.0mb/s    8.642ms/op [8.642ms - 8.642ms]
1032.482: IO Summary: 4146609 ops 4606.979 ops/s 4607/0 rd/wr  18.0mb/s 0.215ms/op
1032.482: Shutting down processes
