
Run: #1,wl_name:rand-read-1th-4k-dynamic-4k,wl_path:shared_dir/workloads-filebench/read-data-micro/rand-read-1th.f,fs:lsfs


Filebench Version 1.5-alpha3
0.000: Allocated 177MB of shared memory
0.001: Populating and pre-allocating filesets
0.003: fileset-1 populated: 1 files, avg. dir. width = 1, avg. dir. depth = -nan, 0 leafdirs, 1024.000MB total size
0.004: Removing fileset-1 tree (if exists)
0.085: Pre-allocating directories in fileset-1 tree
0.115: Pre-allocating files in fileset-1 tree
68.084: Waiting for pre-allocation to finish (in case of a parallel pre-allocation)
68.084: Population and pre-allocation of filesets completed
68.384: Attempting to create fileset more than once, ignoring
68.384: Starting 1 process-1 instances
70.115: Running...
970.194: Run took 900 seconds...
970.195: Per-Operation Breakdown
finish-1             0ops        0ops/s   0.0mb/s    0.000ms/op [0.000ms - 0.000ms]
close-1              0ops        0ops/s   0.0mb/s    0.000ms/op [0.000ms - 0.000ms]
read-1               1805509ops     2006ops/s   7.8mb/s    0.496ms/op [0.173ms - 24.471ms]
open-1               1ops        0ops/s   0.0mb/s    9.701ms/op [9.701ms - 9.701ms]
970.195: IO Summary: 1805510 ops 2005.945 ops/s 2006/0 rd/wr   7.8mb/s 0.496ms/op
970.195: Shutting down processes

Run: #2,wl_name:rand-read-1th-4k-dynamic-4k,wl_path:shared_dir/workloads-filebench/read-data-micro/rand-read-1th.f,fs:lsfs


Filebench Version 1.5-alpha3
0.000: Allocated 177MB of shared memory
0.008: Populating and pre-allocating filesets
0.010: fileset-1 populated: 1 files, avg. dir. width = 1, avg. dir. depth = -nan, 0 leafdirs, 1024.000MB total size
0.012: Reusing existing fileset-1 tree
0.012: Pre-allocating files in fileset-1 tree
0.022: Waiting for pre-allocation to finish (in case of a parallel pre-allocation)
0.022: Population and pre-allocation of filesets completed
1.175: Attempting to create fileset more than once, ignoring
1.175: Starting 1 process-1 instances
3.025: Running...
903.102: Run took 900 seconds...
903.103: Per-Operation Breakdown
finish-1             0ops        0ops/s   0.0mb/s    0.000ms/op [0.000ms - 0.000ms]
close-1              0ops        0ops/s   0.0mb/s    0.000ms/op [0.000ms - 0.000ms]
read-1               1697924ops     1886ops/s   7.4mb/s    0.527ms/op [0.173ms - 38.195ms]
open-1               1ops        0ops/s   0.0mb/s    9.663ms/op [9.663ms - 9.663ms]
903.103: IO Summary: 1697925 ops 1886.421 ops/s 1886/0 rd/wr   7.4mb/s 0.527ms/op
903.103: Shutting down processes

Run: #3,wl_name:rand-read-1th-4k-dynamic-4k,wl_path:shared_dir/workloads-filebench/read-data-micro/rand-read-1th.f,fs:lsfs


Filebench Version 1.5-alpha3
0.000: Allocated 177MB of shared memory
0.008: Populating and pre-allocating filesets
0.010: fileset-1 populated: 1 files, avg. dir. width = 1, avg. dir. depth = -nan, 0 leafdirs, 1024.000MB total size
0.012: Reusing existing fileset-1 tree
0.012: Pre-allocating files in fileset-1 tree
0.022: Waiting for pre-allocation to finish (in case of a parallel pre-allocation)
0.022: Population and pre-allocation of filesets completed
1.402: Attempting to create fileset more than once, ignoring
1.403: Starting 1 process-1 instances
4.094: Running...
904.182: Run took 900 seconds...
904.182: Per-Operation Breakdown
finish-1             0ops        0ops/s   0.0mb/s    0.000ms/op [0.000ms - 0.000ms]
close-1              0ops        0ops/s   0.0mb/s    0.000ms/op [0.000ms - 0.000ms]
read-1               1333776ops     1482ops/s   5.8mb/s    0.671ms/op [0.175ms - 23.982ms]
open-1               1ops        0ops/s   0.0mb/s    9.810ms/op [9.810ms - 9.810ms]
904.182: IO Summary: 1333777 ops 1481.830 ops/s 1482/0 rd/wr   5.8mb/s 0.671ms/op
904.182: Shutting down processes
