
Run: #1,wl_name:rand-read-1th-4k,wl_path:workloads-filebench/read-data-micro/rand-read-1th.f,fs:passthrough


Filebench Version 1.5-alpha3
0.000: Allocated 177MB of shared memory
0.001: Populating and pre-allocating filesets
0.001: fileset-1 populated: 1 files, avg. dir. width = 1, avg. dir. depth = -nan, 0 leafdirs, 1024.000MB total size
0.001: Removing fileset-1 tree (if exists)
0.006: Pre-allocating directories in fileset-1 tree
0.006: Pre-allocating files in fileset-1 tree
0.463: Waiting for pre-allocation to finish (in case of a parallel pre-allocation)
0.463: Population and pre-allocation of filesets completed
1.264: Attempting to create fileset more than once, ignoring
1.264: Starting 1 process-1 instances
2.273: Running...
902.339: Run took 900 seconds...
902.339: Per-Operation Breakdown
finish-1             0ops        0ops/s   0.0mb/s    0.000ms/op [0.000ms - 0.000ms]
close-1              0ops        0ops/s   0.0mb/s    0.000ms/op [0.000ms - 0.000ms]
read-1               114921235ops   127681ops/s 498.8mb/s    0.007ms/op [0.005ms - 5.517ms]
open-1               1ops        0ops/s   0.0mb/s    0.833ms/op [0.833ms - 0.833ms]
902.339: IO Summary: 114921236 ops 127680.887 ops/s 127681/0 rd/wr 498.8mb/s 0.007ms/op
902.339: Shutting down processes

Run: #2,wl_name:rand-read-1th-4k,wl_path:workloads-filebench/read-data-micro/rand-read-1th.f,fs:passthrough


Filebench Version 1.5-alpha3
0.000: Allocated 177MB of shared memory
0.001: Populating and pre-allocating filesets
0.001: fileset-1 populated: 1 files, avg. dir. width = 1, avg. dir. depth = -nan, 0 leafdirs, 1024.000MB total size
0.001: Removing fileset-1 tree (if exists)
0.005: Pre-allocating directories in fileset-1 tree
0.006: Pre-allocating files in fileset-1 tree
0.548: Waiting for pre-allocation to finish (in case of a parallel pre-allocation)
0.548: Population and pre-allocation of filesets completed
1.661: Attempting to create fileset more than once, ignoring
1.661: Starting 1 process-1 instances
2.670: Running...
902.737: Run took 900 seconds...
902.737: Per-Operation Breakdown
finish-1             0ops        0ops/s   0.0mb/s    0.000ms/op [0.000ms - 0.000ms]
close-1              0ops        0ops/s   0.0mb/s    0.000ms/op [0.000ms - 0.000ms]
read-1               113723703ops   126350ops/s 493.6mb/s    0.007ms/op [0.005ms - 4.147ms]
open-1               1ops        0ops/s   0.0mb/s    0.885ms/op [0.885ms - 0.885ms]
902.737: IO Summary: 113723704 ops 126350.319 ops/s 126350/0 rd/wr 493.6mb/s 0.007ms/op
902.737: Shutting down processes

Run: #3,wl_name:rand-read-1th-4k,wl_path:workloads-filebench/read-data-micro/rand-read-1th.f,fs:passthrough


Filebench Version 1.5-alpha3
0.000: Allocated 177MB of shared memory
0.008: Populating and pre-allocating filesets
0.008: fileset-1 populated: 1 files, avg. dir. width = 1, avg. dir. depth = -nan, 0 leafdirs, 1024.000MB total size
0.008: Removing fileset-1 tree (if exists)
0.009: Pre-allocating directories in fileset-1 tree
0.009: Pre-allocating files in fileset-1 tree
0.521: Waiting for pre-allocation to finish (in case of a parallel pre-allocation)
0.521: Population and pre-allocation of filesets completed
2.333: Attempting to create fileset more than once, ignoring
2.334: Starting 1 process-1 instances
3.343: Running...
903.409: Run took 900 seconds...
903.409: Per-Operation Breakdown
finish-1             0ops        0ops/s   0.0mb/s    0.000ms/op [0.000ms - 0.000ms]
close-1              0ops        0ops/s   0.0mb/s    0.000ms/op [0.000ms - 0.000ms]
read-1               115325554ops   128130ops/s 500.5mb/s    0.007ms/op [0.005ms - 4.432ms]
open-1               1ops        0ops/s   0.0mb/s    0.982ms/op [0.982ms - 0.982ms]
903.409: IO Summary: 115325555 ops 128130.124 ops/s 128130/0 rd/wr 500.5mb/s 0.007ms/op
903.409: Shutting down processes
