
Run: #1,wl_name:seq-read-1th-128k,wl_path:workloads-filebench/read-data-micro/seq-read-1th.f,fs:passthrough


Filebench Version 1.5-alpha3
0.000: Allocated 177MB of shared memory
0.001: Populating and pre-allocating filesets
0.001: fileset-1 populated: 1 files, avg. dir. width = 1, avg. dir. depth = -nan, 0 leafdirs, 1024.000MB total size
0.001: Removing fileset-1 tree (if exists)
0.005: Pre-allocating directories in fileset-1 tree
0.005: Pre-allocating files in fileset-1 tree
0.536: Waiting for pre-allocation to finish (in case of a parallel pre-allocation)
0.536: Population and pre-allocation of filesets completed
1.576: Attempting to create fileset more than once, ignoring
1.576: Starting 1 process-1 instances
2.586: Running...
902.652: Run took 900 seconds...
902.652: Per-Operation Breakdown
finish-1             0ops        0ops/s   0.0mb/s    0.000ms/op [0.000ms - 0.000ms]
close-1              0ops        0ops/s   0.0mb/s    0.000ms/op [0.000ms - 0.000ms]
read-1               118716641ops   131898ops/s 515.2mb/s    0.007ms/op [0.005ms - 5.471ms]
open-1               1ops        0ops/s   0.0mb/s    0.893ms/op [0.893ms - 0.893ms]
902.652: IO Summary: 118716642 ops 131897.796 ops/s 131898/0 rd/wr 515.2mb/s 0.007ms/op
902.652: Shutting down processes

Run: #2,wl_name:seq-read-1th-128k,wl_path:workloads-filebench/read-data-micro/seq-read-1th.f,fs:passthrough


Filebench Version 1.5-alpha3
0.000: Allocated 177MB of shared memory
0.001: Populating and pre-allocating filesets
0.001: fileset-1 populated: 1 files, avg. dir. width = 1, avg. dir. depth = -nan, 0 leafdirs, 1024.000MB total size
0.001: Removing fileset-1 tree (if exists)
0.005: Pre-allocating directories in fileset-1 tree
0.006: Pre-allocating files in fileset-1 tree
0.509: Waiting for pre-allocation to finish (in case of a parallel pre-allocation)
0.509: Population and pre-allocation of filesets completed
1.372: Attempting to create fileset more than once, ignoring
1.372: Starting 1 process-1 instances
2.382: Running...
902.448: Run took 900 seconds...
902.448: Per-Operation Breakdown
finish-1             0ops        0ops/s   0.0mb/s    0.000ms/op [0.000ms - 0.000ms]
close-1              0ops        0ops/s   0.0mb/s    0.000ms/op [0.000ms - 0.000ms]
read-1               118575675ops   131741ops/s 514.6mb/s    0.007ms/op [0.005ms - 6.969ms]
open-1               1ops        0ops/s   0.0mb/s    1.069ms/op [1.069ms - 1.069ms]
902.448: IO Summary: 118575676 ops 131741.071 ops/s 131741/0 rd/wr 514.6mb/s 0.007ms/op
902.448: Shutting down processes

Run: #3,wl_name:seq-read-1th-128k,wl_path:workloads-filebench/read-data-micro/seq-read-1th.f,fs:passthrough


Filebench Version 1.5-alpha3
0.000: Allocated 177MB of shared memory
0.001: Populating and pre-allocating filesets
0.001: fileset-1 populated: 1 files, avg. dir. width = 1, avg. dir. depth = -nan, 0 leafdirs, 1024.000MB total size
0.001: Removing fileset-1 tree (if exists)
0.005: Pre-allocating directories in fileset-1 tree
0.006: Pre-allocating files in fileset-1 tree
0.486: Waiting for pre-allocation to finish (in case of a parallel pre-allocation)
0.486: Population and pre-allocation of filesets completed
1.283: Attempting to create fileset more than once, ignoring
1.284: Starting 1 process-1 instances
2.293: Running...
902.360: Run took 900 seconds...
902.360: Per-Operation Breakdown
finish-1             0ops        0ops/s   0.0mb/s    0.000ms/op [0.000ms - 0.000ms]
close-1              0ops        0ops/s   0.0mb/s    0.000ms/op [0.000ms - 0.000ms]
read-1               118791062ops   131980ops/s 515.5mb/s    0.007ms/op [0.005ms - 4.231ms]
open-1               1ops        0ops/s   0.0mb/s    0.798ms/op [0.798ms - 0.798ms]
902.360: IO Summary: 118791063 ops 131980.322 ops/s 131980/0 rd/wr 515.5mb/s 0.007ms/op
902.360: Shutting down processes
