
Run: #1,wl_name:seq-read-1th-4k,wl_path:workloads-filebench/read-data-micro/seq-read-1th.f,fs:passthrough


Filebench Version 1.5-alpha3
0.000: Allocated 177MB of shared memory
0.001: Populating and pre-allocating filesets
0.001: fileset-1 populated: 1 files, avg. dir. width = 1, avg. dir. depth = -nan, 0 leafdirs, 1024.000MB total size
0.001: Removing fileset-1 tree (if exists)
0.006: Pre-allocating directories in fileset-1 tree
0.007: Pre-allocating files in fileset-1 tree
0.490: Waiting for pre-allocation to finish (in case of a parallel pre-allocation)
0.490: Population and pre-allocation of filesets completed
1.397: Attempting to create fileset more than once, ignoring
1.397: Starting 1 process-1 instances
2.407: Running...
902.474: Run took 900 seconds...
902.474: Per-Operation Breakdown
finish-1             0ops        0ops/s   0.0mb/s    0.000ms/op [0.000ms - 0.000ms]
close-1              0ops        0ops/s   0.0mb/s    0.000ms/op [0.000ms - 0.000ms]
read-1               118306727ops   131442ops/s 513.4mb/s    0.007ms/op [0.005ms - 4.313ms]
open-1               1ops        0ops/s   0.0mb/s    1.183ms/op [1.183ms - 1.183ms]
902.474: IO Summary: 118306728 ops 131442.212 ops/s 131442/0 rd/wr 513.4mb/s 0.007ms/op
902.474: Shutting down processes

Run: #2,wl_name:seq-read-1th-4k,wl_path:workloads-filebench/read-data-micro/seq-read-1th.f,fs:passthrough


Filebench Version 1.5-alpha3
0.000: Allocated 177MB of shared memory
0.001: Populating and pre-allocating filesets
0.001: fileset-1 populated: 1 files, avg. dir. width = 1, avg. dir. depth = -nan, 0 leafdirs, 1024.000MB total size
0.001: Removing fileset-1 tree (if exists)
0.009: Pre-allocating directories in fileset-1 tree
0.010: Pre-allocating files in fileset-1 tree
0.543: Waiting for pre-allocation to finish (in case of a parallel pre-allocation)
0.543: Population and pre-allocation of filesets completed
1.329: Attempting to create fileset more than once, ignoring
1.329: Starting 1 process-1 instances
2.338: Running...
902.404: Run took 900 seconds...
902.404: Per-Operation Breakdown
finish-1             0ops        0ops/s   0.0mb/s    0.000ms/op [0.000ms - 0.000ms]
close-1              0ops        0ops/s   0.0mb/s    0.000ms/op [0.000ms - 0.000ms]
read-1               119178666ops   132411ops/s 517.2mb/s    0.007ms/op [0.005ms - 4.039ms]
open-1               1ops        0ops/s   0.0mb/s    0.875ms/op [0.875ms - 0.875ms]
902.404: IO Summary: 119178667 ops 132411.094 ops/s 132411/0 rd/wr 517.2mb/s 0.007ms/op
902.404: Shutting down processes

Run: #3,wl_name:seq-read-1th-4k,wl_path:workloads-filebench/read-data-micro/seq-read-1th.f,fs:passthrough


Filebench Version 1.5-alpha3
0.000: Allocated 177MB of shared memory
0.006: Populating and pre-allocating filesets
0.006: fileset-1 populated: 1 files, avg. dir. width = 1, avg. dir. depth = -nan, 0 leafdirs, 1024.000MB total size
0.007: Removing fileset-1 tree (if exists)
0.011: Pre-allocating directories in fileset-1 tree
0.012: Pre-allocating files in fileset-1 tree
0.563: Waiting for pre-allocation to finish (in case of a parallel pre-allocation)
0.563: Population and pre-allocation of filesets completed
1.350: Attempting to create fileset more than once, ignoring
1.350: Starting 1 process-1 instances
2.360: Running...
902.424: Run took 900 seconds...
902.424: Per-Operation Breakdown
finish-1             0ops        0ops/s   0.0mb/s    0.000ms/op [0.000ms - 0.000ms]
close-1              0ops        0ops/s   0.0mb/s    0.000ms/op [0.000ms - 0.000ms]
read-1               116522990ops   129461ops/s 505.7mb/s    0.007ms/op [0.005ms - 4.042ms]
open-1               1ops        0ops/s   0.0mb/s    0.852ms/op [0.852ms - 0.852ms]
902.424: IO Summary: 116522991 ops 129460.781 ops/s 129461/0 rd/wr 505.7mb/s 0.007ms/op
902.424: Shutting down processes
