
Run: #1,wl_name:seq-write-1th-4k-dynamic-4k,wl_path:shared_dir/workloads-filebench/write-data-micro/seq-write-1th.f,fs:lsfs


Filebench Version 1.5-alpha3
0.000: Allocated 177MB of shared memory
0.001: Populating and pre-allocating filesets
0.003: fileset-1 populated: 1 files, avg. dir. width = 1, avg. dir. depth = -nan, 0 leafdirs, 1024.000MB total size
0.004: Removing fileset-1 tree (if exists)
0.117: Pre-allocating directories in fileset-1 tree
0.147: Pre-allocating files in fileset-1 tree
0.148: Waiting for pre-allocation to finish (in case of a parallel pre-allocation)
0.148: Population and pre-allocation of filesets completed
1.174: Attempting to create fileset more than once, ignoring
1.174: Starting 1 process-1 instances
2.952: Running...
903.024: Run took 900 seconds...
903.025: Per-Operation Breakdown
finish-1             0ops        0ops/s   0.0mb/s    0.000ms/op [0.000ms - 0.000ms]
close-1              0ops        0ops/s   0.0mb/s    0.000ms/op [0.000ms - 0.000ms]
write-1              1899376ops     2110ops/s   8.2mb/s    0.472ms/op [0.172ms - 18.519ms]
create-1             1ops        0ops/s   0.0mb/s   26.218ms/op [26.218ms - 26.218ms]
903.025: IO Summary: 1899377 ops 2110.250 ops/s 0/2110 rd/wr   8.2mb/s 0.472ms/op
903.025: Shutting down processes

Run: #2,wl_name:seq-write-1th-4k-dynamic-4k,wl_path:shared_dir/workloads-filebench/write-data-micro/seq-write-1th.f,fs:lsfs


Filebench Version 1.5-alpha3
0.000: Allocated 177MB of shared memory
0.001: Populating and pre-allocating filesets
0.003: fileset-1 populated: 1 files, avg. dir. width = 1, avg. dir. depth = -nan, 0 leafdirs, 1024.000MB total size
0.004: Removing fileset-1 tree (if exists)
0.130: Pre-allocating directories in fileset-1 tree
0.156: Pre-allocating files in fileset-1 tree
0.156: Waiting for pre-allocation to finish (in case of a parallel pre-allocation)
0.156: Population and pre-allocation of filesets completed
1.387: Attempting to create fileset more than once, ignoring
1.387: Starting 1 process-1 instances
3.623: Running...
903.693: Run took 900 seconds...
903.693: Per-Operation Breakdown
finish-1             0ops        0ops/s   0.0mb/s    0.000ms/op [0.000ms - 0.000ms]
close-1              0ops        0ops/s   0.0mb/s    0.000ms/op [0.000ms - 0.000ms]
write-1              1932732ops     2147ops/s   8.4mb/s    0.464ms/op [0.171ms - 31.715ms]
create-1             1ops        0ops/s   0.0mb/s   13.335ms/op [13.335ms - 13.335ms]
903.693: IO Summary: 1932733 ops 2147.313 ops/s 0/2147 rd/wr   8.4mb/s 0.464ms/op
903.693: Shutting down processes

Run: #3,wl_name:seq-write-1th-4k-dynamic-4k,wl_path:shared_dir/workloads-filebench/write-data-micro/seq-write-1th.f,fs:lsfs


Filebench Version 1.5-alpha3
0.000: Allocated 177MB of shared memory
0.001: Populating and pre-allocating filesets
0.003: fileset-1 populated: 1 files, avg. dir. width = 1, avg. dir. depth = -nan, 0 leafdirs, 1024.000MB total size
0.004: Removing fileset-1 tree (if exists)
0.037: Pre-allocating directories in fileset-1 tree
0.062: Pre-allocating files in fileset-1 tree
0.062: Waiting for pre-allocation to finish (in case of a parallel pre-allocation)
0.062: Population and pre-allocation of filesets completed
1.002: Attempting to create fileset more than once, ignoring
1.002: Starting 1 process-1 instances
3.623: Running...
903.702: Run took 900 seconds...
903.702: Per-Operation Breakdown
finish-1             0ops        0ops/s   0.0mb/s    0.000ms/op [0.000ms - 0.000ms]
close-1              0ops        0ops/s   0.0mb/s    0.000ms/op [0.000ms - 0.000ms]
write-1              1624915ops     1805ops/s   7.1mb/s    0.551ms/op [0.173ms - 23.946ms]
create-1             1ops        0ops/s   0.0mb/s   14.426ms/op [14.426ms - 14.426ms]
903.702: IO Summary: 1624916 ops 1805.303 ops/s 0/1805 rd/wr   7.1mb/s 0.551ms/op
903.702: Shutting down processes
