
Run: #1,wl_name:seq-read-1th-4k-dynamic-4k,wl_path:shared_dir/workloads-filebench/read-data-micro/seq-read-1th.f,fs:lsfs


Filebench Version 1.5-alpha3
0.000: Allocated 177MB of shared memory
0.001: Populating and pre-allocating filesets
0.002: fileset-1 populated: 1 files, avg. dir. width = 1, avg. dir. depth = -nan, 0 leafdirs, 1024.000MB total size
0.002: Removing fileset-1 tree (if exists)
0.019: Pre-allocating directories in fileset-1 tree
0.045: Pre-allocating files in fileset-1 tree
87.502: Waiting for pre-allocation to finish (in case of a parallel pre-allocation)
87.502: Population and pre-allocation of filesets completed
87.787: Attempting to create fileset more than once, ignoring
87.788: Starting 1 process-1 instances
89.151: Running...
989.223: Run took 900 seconds...
989.224: Per-Operation Breakdown
finish-1             0ops        0ops/s   0.0mb/s    0.000ms/op [0.000ms - 0.000ms]
close-1              0ops        0ops/s   0.0mb/s    0.000ms/op [0.000ms - 0.000ms]
read-1               3936006ops     4373ops/s  17.1mb/s    0.227ms/op [0.010ms - 7.907ms]
open-1               1ops        0ops/s   0.0mb/s    9.086ms/op [9.086ms - 9.086ms]
989.224: IO Summary: 3936007 ops 4372.989 ops/s 4373/0 rd/wr  17.1mb/s 0.227ms/op
989.224: Shutting down processes

Run: #2,wl_name:seq-read-1th-4k-dynamic-4k,wl_path:shared_dir/workloads-filebench/read-data-micro/seq-read-1th.f,fs:lsfs


Filebench Version 1.5-alpha3
0.000: Allocated 177MB of shared memory
0.004: Populating and pre-allocating filesets
0.004: fileset-1 populated: 1 files, avg. dir. width = 1, avg. dir. depth = -nan, 0 leafdirs, 1024.000MB total size
0.005: Removing fileset-1 tree (if exists)
0.022: Pre-allocating directories in fileset-1 tree
0.049: Pre-allocating files in fileset-1 tree
79.497: Waiting for pre-allocation to finish (in case of a parallel pre-allocation)
79.497: Population and pre-allocation of filesets completed
79.806: Attempting to create fileset more than once, ignoring
79.807: Starting 1 process-1 instances
81.204: Running...
981.280: Run took 900 seconds...
981.280: Per-Operation Breakdown
finish-1             0ops        0ops/s   0.0mb/s    0.000ms/op [0.000ms - 0.000ms]
close-1              0ops        0ops/s   0.0mb/s    0.000ms/op [0.000ms - 0.000ms]
read-1               3614467ops     4016ops/s  15.7mb/s    0.247ms/op [0.011ms - 8.236ms]
open-1               1ops        0ops/s   0.0mb/s    9.469ms/op [9.469ms - 9.469ms]
981.280: IO Summary: 3614468 ops 4015.740 ops/s 4016/0 rd/wr  15.7mb/s 0.247ms/op
981.280: Shutting down processes

Run: #3,wl_name:seq-read-1th-4k-dynamic-4k,wl_path:shared_dir/workloads-filebench/read-data-micro/seq-read-1th.f,fs:lsfs


Filebench Version 1.5-alpha3
0.000: Allocated 177MB of shared memory
0.004: Populating and pre-allocating filesets
0.005: fileset-1 populated: 1 files, avg. dir. width = 1, avg. dir. depth = -nan, 0 leafdirs, 1024.000MB total size
0.005: Removing fileset-1 tree (if exists)
0.022: Pre-allocating directories in fileset-1 tree
0.029: Pre-allocating files in fileset-1 tree
80.032: Waiting for pre-allocation to finish (in case of a parallel pre-allocation)
80.032: Population and pre-allocation of filesets completed
80.308: Attempting to create fileset more than once, ignoring
80.308: Starting 1 process-1 instances
81.757: Running...
981.831: Run took 900 seconds...
981.831: Per-Operation Breakdown
finish-1             0ops        0ops/s   0.0mb/s    0.000ms/op [0.000ms - 0.000ms]
close-1              0ops        0ops/s   0.0mb/s    0.000ms/op [0.000ms - 0.000ms]
read-1               3951637ops     4390ops/s  17.1mb/s    0.226ms/op [0.011ms - 9.144ms]
open-1               1ops        0ops/s   0.0mb/s    9.046ms/op [9.046ms - 9.046ms]
981.831: IO Summary: 3951638 ops 4390.352 ops/s 4390/0 rd/wr  17.1mb/s 0.226ms/op
981.831: Shutting down processes
