
Run: #1,wl_name:rand-read-1th-128k-dynamic-4k,wl_path:shared_dir/workloads-filebench/read-data-micro/rand-read-1th.f,fs:lsfs


Filebench Version 1.5-alpha3
0.000: Allocated 177MB of shared memory
0.001: Populating and pre-allocating filesets
0.002: fileset-1 populated: 1 files, avg. dir. width = 1, avg. dir. depth = -nan, 0 leafdirs, 1024.000MB total size
0.003: Removing fileset-1 tree (if exists)
0.030: Pre-allocating directories in fileset-1 tree
0.036: Pre-allocating files in fileset-1 tree
71.726: Waiting for pre-allocation to finish (in case of a parallel pre-allocation)
71.726: Population and pre-allocation of filesets completed
72.000: Attempting to create fileset more than once, ignoring
72.000: Starting 1 process-1 instances
73.478: Running...
973.571: Run took 900 seconds...
973.571: Per-Operation Breakdown
finish-1             0ops        0ops/s   0.0mb/s    0.000ms/op [0.000ms - 0.000ms]
close-1              0ops        0ops/s   0.0mb/s    0.000ms/op [0.000ms - 0.000ms]
read-1               37447ops       42ops/s   5.2mb/s   24.030ms/op [3.167ms - 34.713ms]
open-1               1ops        0ops/s   0.0mb/s    9.283ms/op [9.283ms - 9.283ms]
973.571: IO Summary: 37448 ops 41.605 ops/s 42/0 rd/wr   5.2mb/s 24.030ms/op
973.571: Shutting down processes

Run: #2,wl_name:rand-read-1th-128k-dynamic-4k,wl_path:shared_dir/workloads-filebench/read-data-micro/rand-read-1th.f,fs:lsfs


Filebench Version 1.5-alpha3
0.000: Allocated 177MB of shared memory
0.008: Populating and pre-allocating filesets
0.009: fileset-1 populated: 1 files, avg. dir. width = 1, avg. dir. depth = -nan, 0 leafdirs, 1024.000MB total size
0.009: Removing fileset-1 tree (if exists)
0.022: Pre-allocating directories in fileset-1 tree
0.029: Pre-allocating files in fileset-1 tree
88.021: Waiting for pre-allocation to finish (in case of a parallel pre-allocation)
88.021: Population and pre-allocation of filesets completed
88.303: Attempting to create fileset more than once, ignoring
88.303: Starting 1 process-1 instances
89.766: Running...
989.856: Run took 900 seconds...
989.856: Per-Operation Breakdown
finish-1             0ops        0ops/s   0.0mb/s    0.000ms/op [0.000ms - 0.000ms]
close-1              0ops        0ops/s   0.0mb/s    0.000ms/op [0.000ms - 0.000ms]
read-1               37874ops       42ops/s   5.3mb/s   23.759ms/op [3.152ms - 35.745ms]
open-1               1ops        0ops/s   0.0mb/s    9.216ms/op [9.216ms - 9.216ms]
989.856: IO Summary: 37875 ops 42.079 ops/s 42/0 rd/wr   5.3mb/s 23.758ms/op
989.856: Shutting down processes

Run: #3,wl_name:rand-read-1th-128k-dynamic-4k,wl_path:shared_dir/workloads-filebench/read-data-micro/rand-read-1th.f,fs:lsfs


Filebench Version 1.5-alpha3
0.000: Allocated 177MB of shared memory
0.004: Populating and pre-allocating filesets
0.005: fileset-1 populated: 1 files, avg. dir. width = 1, avg. dir. depth = -nan, 0 leafdirs, 1024.000MB total size
0.005: Removing fileset-1 tree (if exists)
0.021: Pre-allocating directories in fileset-1 tree
0.046: Pre-allocating files in fileset-1 tree
90.508: Waiting for pre-allocation to finish (in case of a parallel pre-allocation)
90.508: Population and pre-allocation of filesets completed
90.775: Attempting to create fileset more than once, ignoring
90.775: Starting 1 process-1 instances
92.294: Running...
992.384: Run took 900 seconds...
992.384: Per-Operation Breakdown
finish-1             0ops        0ops/s   0.0mb/s    0.000ms/op [0.000ms - 0.000ms]
close-1              0ops        0ops/s   0.0mb/s    0.000ms/op [0.000ms - 0.000ms]
read-1               38102ops       42ops/s   5.3mb/s   23.617ms/op [3.174ms - 35.321ms]
open-1               1ops        0ops/s   0.0mb/s    9.212ms/op [9.212ms - 9.212ms]
992.384: IO Summary: 38103 ops 42.332 ops/s 42/0 rd/wr   5.3mb/s 23.616ms/op
992.384: Shutting down processes
