
Run: #1,wl_name:seq-write-1th-128k-smart-4k,wl_path:shared_dir/workloads-filebench/write-data-micro/seq-write-1th.f,fs:lsfs


Filebench Version 1.5-alpha3
0.000: Allocated 177MB of shared memory
0.001: Populating and pre-allocating filesets
0.002: fileset-1 populated: 1 files, avg. dir. width = 1, avg. dir. depth = -nan, 0 leafdirs, 1024.000MB total size
0.003: Removing fileset-1 tree (if exists)
0.005: Pre-allocating directories in fileset-1 tree
0.012: Pre-allocating files in fileset-1 tree
0.012: Waiting for pre-allocation to finish (in case of a parallel pre-allocation)
0.012: Population and pre-allocation of filesets completed
0.084: Attempting to create fileset more than once, ignoring
0.084: Starting 1 process-1 instances
1.096: Running...
901.152: Run took 900 seconds...
901.152: Per-Operation Breakdown
finish-1             0ops        0ops/s   0.0mb/s    0.000ms/op [0.000ms - 0.000ms]
close-1              0ops        0ops/s   0.0mb/s    0.000ms/op [0.000ms - 0.000ms]
write-1              66447ops       74ops/s   9.2mb/s   13.543ms/op [5.669ms - 33.847ms]
create-1             1ops        0ops/s   0.0mb/s    3.110ms/op [3.110ms - 3.110ms]
901.152: IO Summary: 66448 ops 73.827 ops/s 0/74 rd/wr   9.2mb/s 13.543ms/op
901.152: Shutting down processes

Run: #2,wl_name:seq-write-1th-128k-smart-4k,wl_path:shared_dir/workloads-filebench/write-data-micro/seq-write-1th.f,fs:lsfs


Filebench Version 1.5-alpha3
0.000: Allocated 177MB of shared memory
0.001: Populating and pre-allocating filesets
0.002: fileset-1 populated: 1 files, avg. dir. width = 1, avg. dir. depth = -nan, 0 leafdirs, 1024.000MB total size
0.002: Removing fileset-1 tree (if exists)
0.004: Pre-allocating directories in fileset-1 tree
0.006: Pre-allocating files in fileset-1 tree
0.006: Waiting for pre-allocation to finish (in case of a parallel pre-allocation)
0.006: Population and pre-allocation of filesets completed
0.085: Attempting to create fileset more than once, ignoring
0.085: Starting 1 process-1 instances
1.099: Running...
901.153: Run took 900 seconds...
901.153: Per-Operation Breakdown
finish-1             0ops        0ops/s   0.0mb/s    0.000ms/op [0.000ms - 0.000ms]
close-1              0ops        0ops/s   0.0mb/s    0.000ms/op [0.000ms - 0.000ms]
write-1              70191ops       78ops/s   9.7mb/s   12.821ms/op [5.265ms - 42.238ms]
create-1             1ops        0ops/s   0.0mb/s    3.332ms/op [3.332ms - 3.332ms]
901.153: IO Summary: 70192 ops 77.986 ops/s 0/78 rd/wr   9.7mb/s 12.821ms/op
901.153: Shutting down processes

Run: #3,wl_name:seq-write-1th-128k-smart-4k,wl_path:shared_dir/workloads-filebench/write-data-micro/seq-write-1th.f,fs:lsfs


Filebench Version 1.5-alpha3
0.000: Allocated 177MB of shared memory
0.001: Populating and pre-allocating filesets
0.002: fileset-1 populated: 1 files, avg. dir. width = 1, avg. dir. depth = -nan, 0 leafdirs, 1024.000MB total size
0.003: Removing fileset-1 tree (if exists)
0.005: Pre-allocating directories in fileset-1 tree
0.011: Pre-allocating files in fileset-1 tree
0.011: Waiting for pre-allocation to finish (in case of a parallel pre-allocation)
0.011: Population and pre-allocation of filesets completed
0.074: Attempting to create fileset more than once, ignoring
0.074: Starting 1 process-1 instances
1.087: Running...
901.141: Run took 900 seconds...
901.141: Per-Operation Breakdown
finish-1             0ops        0ops/s   0.0mb/s    0.000ms/op [0.000ms - 0.000ms]
close-1              0ops        0ops/s   0.0mb/s    0.000ms/op [0.000ms - 0.000ms]
write-1              65705ops       73ops/s   9.1mb/s   13.697ms/op [5.618ms - 36.423ms]
create-1             1ops        0ops/s   0.0mb/s    3.418ms/op [3.418ms - 3.418ms]
901.141: IO Summary: 65706 ops 73.002 ops/s 0/73 rd/wr   9.1mb/s 13.696ms/op
901.141: Shutting down processes
