
Run: #1,wl_name:seq-write-1th-128k-smart-128k,wl_path:shared_dir/workloads-filebench/write-data-micro/seq-write-1th.f,fs:lsfs


Filebench Version 1.5-alpha3
0.000: Allocated 177MB of shared memory
0.001: Populating and pre-allocating filesets
0.002: fileset-1 populated: 1 files, avg. dir. width = 1, avg. dir. depth = -nan, 0 leafdirs, 1024.000MB total size
0.003: Removing fileset-1 tree (if exists)
0.006: Pre-allocating directories in fileset-1 tree
0.012: Pre-allocating files in fileset-1 tree
0.012: Waiting for pre-allocation to finish (in case of a parallel pre-allocation)
0.012: Population and pre-allocation of filesets completed
0.077: Attempting to create fileset more than once, ignoring
0.077: Starting 1 process-1 instances
1.091: Running...
901.169: Run took 900 seconds...
901.169: Per-Operation Breakdown
finish-1             0ops        0ops/s   0.0mb/s    0.000ms/op [0.000ms - 0.000ms]
close-1              0ops        0ops/s   0.0mb/s    0.000ms/op [0.000ms - 0.000ms]
write-1              307117ops      341ops/s  42.7mb/s    2.929ms/op [1.407ms - 2006.135ms]
create-1             1ops        0ops/s   0.0mb/s    3.179ms/op [3.179ms - 3.179ms]
901.169: IO Summary: 307118 ops 341.213 ops/s 0/341 rd/wr  42.7mb/s 2.929ms/op
901.169: Shutting down processes

Run: #2,wl_name:seq-write-1th-128k-smart-128k,wl_path:shared_dir/workloads-filebench/write-data-micro/seq-write-1th.f,fs:lsfs


Filebench Version 1.5-alpha3
0.000: Allocated 177MB of shared memory
0.001: Populating and pre-allocating filesets
0.002: fileset-1 populated: 1 files, avg. dir. width = 1, avg. dir. depth = -nan, 0 leafdirs, 1024.000MB total size
0.003: Removing fileset-1 tree (if exists)
0.005: Pre-allocating directories in fileset-1 tree
0.011: Pre-allocating files in fileset-1 tree
0.011: Waiting for pre-allocation to finish (in case of a parallel pre-allocation)
0.011: Population and pre-allocation of filesets completed
0.080: Attempting to create fileset more than once, ignoring
0.080: Starting 1 process-1 instances
1.094: Running...
901.170: Run took 900 seconds...
901.170: Per-Operation Breakdown
finish-1             0ops        0ops/s   0.0mb/s    0.000ms/op [0.000ms - 0.000ms]
close-1              0ops        0ops/s   0.0mb/s    0.000ms/op [0.000ms - 0.000ms]
write-1              308650ops      343ops/s  42.9mb/s    2.910ms/op [1.414ms - 2005.737ms]
create-1             1ops        0ops/s   0.0mb/s    3.627ms/op [3.627ms - 3.627ms]
901.170: IO Summary: 308651 ops 342.917 ops/s 0/343 rd/wr  42.9mb/s 2.910ms/op
901.170: Shutting down processes

Run: #3,wl_name:seq-write-1th-128k-smart-128k,wl_path:shared_dir/workloads-filebench/write-data-micro/seq-write-1th.f,fs:lsfs


Filebench Version 1.5-alpha3
0.000: Allocated 177MB of shared memory
0.001: Populating and pre-allocating filesets
0.002: fileset-1 populated: 1 files, avg. dir. width = 1, avg. dir. depth = -nan, 0 leafdirs, 1024.000MB total size
0.003: Removing fileset-1 tree (if exists)
0.006: Pre-allocating directories in fileset-1 tree
0.011: Pre-allocating files in fileset-1 tree
0.011: Waiting for pre-allocation to finish (in case of a parallel pre-allocation)
0.011: Population and pre-allocation of filesets completed
0.076: Attempting to create fileset more than once, ignoring
0.076: Starting 1 process-1 instances
1.090: Running...
901.167: Run took 900 seconds...
901.167: Per-Operation Breakdown
finish-1             0ops        0ops/s   0.0mb/s    0.000ms/op [0.000ms - 0.000ms]
close-1              0ops        0ops/s   0.0mb/s    0.000ms/op [0.000ms - 0.000ms]
write-1              285567ops      317ops/s  39.7mb/s    3.150ms/op [1.428ms - 2006.100ms]
create-1             1ops        0ops/s   0.0mb/s    3.373ms/op [3.373ms - 3.373ms]
901.167: IO Summary: 285568 ops 317.270 ops/s 0/317 rd/wr  39.7mb/s 3.150ms/op
901.167: Shutting down processes
