
Run: #1,wl_name:seq-write-1th-4k-dynamic-4k,wl_path:shared_dir/workloads-filebench/write-data-micro/seq-write-1th.f,fs:lsfs


Filebench Version 1.5-alpha3
0.000: Allocated 177MB of shared memory
0.015: Populating and pre-allocating filesets
0.016: fileset-1 populated: 1 files, avg. dir. width = 1, avg. dir. depth = -nan, 0 leafdirs, 1024.000MB total size
0.017: Removing fileset-1 tree (if exists)
0.037: Pre-allocating directories in fileset-1 tree
0.063: Pre-allocating files in fileset-1 tree
0.063: Waiting for pre-allocation to finish (in case of a parallel pre-allocation)
0.063: Population and pre-allocation of filesets completed
0.755: Attempting to create fileset more than once, ignoring
0.756: Starting 1 process-1 instances
2.216: Running...
902.281: Run took 900 seconds...
902.281: Per-Operation Breakdown
finish-1             0ops        0ops/s   0.0mb/s    0.000ms/op [0.000ms - 0.000ms]
close-1              0ops        0ops/s   0.0mb/s    0.000ms/op [0.000ms - 0.000ms]
write-1              4622844ops     5136ops/s  20.1mb/s    0.193ms/op [0.105ms - 51.395ms]
create-1             1ops        0ops/s   0.0mb/s   13.816ms/op [13.816ms - 13.816ms]
902.281: IO Summary: 4622845 ops 5136.123 ops/s 0/5136 rd/wr  20.1mb/s 0.193ms/op
902.281: Shutting down processes

Run: #2,wl_name:seq-write-1th-4k-dynamic-4k,wl_path:shared_dir/workloads-filebench/write-data-micro/seq-write-1th.f,fs:lsfs


Filebench Version 1.5-alpha3
0.000: Allocated 177MB of shared memory
0.021: Populating and pre-allocating filesets
0.023: fileset-1 populated: 1 files, avg. dir. width = 1, avg. dir. depth = -nan, 0 leafdirs, 1024.000MB total size
0.025: Removing fileset-1 tree (if exists)
0.047: Pre-allocating directories in fileset-1 tree
0.073: Pre-allocating files in fileset-1 tree
0.073: Waiting for pre-allocation to finish (in case of a parallel pre-allocation)
0.073: Population and pre-allocation of filesets completed
0.865: Attempting to create fileset more than once, ignoring
0.865: Starting 1 process-1 instances
2.359: Running...
902.416: Run took 900 seconds...
902.416: Per-Operation Breakdown
finish-1             0ops        0ops/s   0.0mb/s    0.000ms/op [0.000ms - 0.000ms]
close-1              0ops        0ops/s   0.0mb/s    0.000ms/op [0.000ms - 0.000ms]
write-1              5791563ops     6435ops/s  25.1mb/s    0.154ms/op [0.105ms - 36.990ms]
create-1             1ops        0ops/s   0.0mb/s   13.921ms/op [13.921ms - 13.921ms]
902.416: IO Summary: 5791564 ops 6434.667 ops/s 0/6435 rd/wr  25.1mb/s 0.154ms/op
902.416: Shutting down processes

Run: #3,wl_name:seq-write-1th-4k-dynamic-4k,wl_path:shared_dir/workloads-filebench/write-data-micro/seq-write-1th.f,fs:lsfs


Filebench Version 1.5-alpha3
0.000: Allocated 177MB of shared memory
0.022: Populating and pre-allocating filesets
0.022: fileset-1 populated: 1 files, avg. dir. width = 1, avg. dir. depth = -nan, 0 leafdirs, 1024.000MB total size
0.023: Removing fileset-1 tree (if exists)
0.032: Pre-allocating directories in fileset-1 tree
0.037: Pre-allocating files in fileset-1 tree
0.037: Waiting for pre-allocation to finish (in case of a parallel pre-allocation)
0.037: Population and pre-allocation of filesets completed
0.830: Attempting to create fileset more than once, ignoring
0.830: Starting 1 process-1 instances
2.241: Running...
902.305: Run took 900 seconds...
902.305: Per-Operation Breakdown
finish-1             0ops        0ops/s   0.0mb/s    0.000ms/op [0.000ms - 0.000ms]
close-1              0ops        0ops/s   0.0mb/s    0.000ms/op [0.000ms - 0.000ms]
write-1              4721749ops     5246ops/s  20.5mb/s    0.189ms/op [0.105ms - 41.521ms]
create-1             1ops        0ops/s   0.0mb/s   13.990ms/op [13.990ms - 13.990ms]
902.305: IO Summary: 4721750 ops 5246.016 ops/s 0/5246 rd/wr  20.5mb/s 0.189ms/op
902.305: Shutting down processes
