
Run: #1,wl_name:seq-write-1th-4k-dynamic-4k,wl_path:shared_dir/workloads-filebench/write-data-micro/seq-write-1th.f,fs:lsfs


Filebench Version 1.5-alpha3
0.000: Allocated 177MB of shared memory
0.001: Populating and pre-allocating filesets
0.003: fileset-1 populated: 1 files, avg. dir. width = 1, avg. dir. depth = -nan, 0 leafdirs, 1024.000MB total size
0.005: Removing fileset-1 tree (if exists)
0.137: Pre-allocating directories in fileset-1 tree
0.168: Pre-allocating files in fileset-1 tree
0.168: Waiting for pre-allocation to finish (in case of a parallel pre-allocation)
0.168: Population and pre-allocation of filesets completed
1.041: Attempting to create fileset more than once, ignoring
1.041: Starting 1 process-1 instances
2.674: Running...
902.744: Run took 900 seconds...
902.745: Per-Operation Breakdown
finish-1             0ops        0ops/s   0.0mb/s    0.000ms/op [0.000ms - 0.000ms]
close-1              0ops        0ops/s   0.0mb/s    0.000ms/op [0.000ms - 0.000ms]
write-1              2458337ops     2731ops/s  10.7mb/s    0.364ms/op [0.151ms - 23.703ms]
create-1             1ops        0ops/s   0.0mb/s   14.855ms/op [14.855ms - 14.855ms]
902.745: IO Summary: 2458338 ops 2731.273 ops/s 0/2731 rd/wr  10.7mb/s 0.364ms/op
902.745: Shutting down processes

Run: #2,wl_name:seq-write-1th-4k-dynamic-4k,wl_path:shared_dir/workloads-filebench/write-data-micro/seq-write-1th.f,fs:lsfs


Filebench Version 1.5-alpha3
0.000: Allocated 177MB of shared memory
0.008: Populating and pre-allocating filesets
0.011: fileset-1 populated: 1 files, avg. dir. width = 1, avg. dir. depth = -nan, 0 leafdirs, 1024.000MB total size
0.012: Removing fileset-1 tree (if exists)
0.050: Pre-allocating directories in fileset-1 tree
0.078: Pre-allocating files in fileset-1 tree
0.079: Waiting for pre-allocation to finish (in case of a parallel pre-allocation)
0.079: Population and pre-allocation of filesets completed
1.551: Attempting to create fileset more than once, ignoring
1.551: Starting 1 process-1 instances
4.771: Running...
904.848: Run took 900 seconds...
904.848: Per-Operation Breakdown
finish-1             0ops        0ops/s   0.0mb/s    0.000ms/op [0.000ms - 0.000ms]
close-1              0ops        0ops/s   0.0mb/s    0.000ms/op [0.000ms - 0.000ms]
write-1              2355585ops     2617ops/s  10.2mb/s    0.380ms/op [0.153ms - 27.985ms]
create-1             1ops        0ops/s   0.0mb/s   13.812ms/op [13.812ms - 13.812ms]
904.848: IO Summary: 2355586 ops 2617.095 ops/s 0/2617 rd/wr  10.2mb/s 0.380ms/op
904.848: Shutting down processes

Run: #3,wl_name:seq-write-1th-4k-dynamic-4k,wl_path:shared_dir/workloads-filebench/write-data-micro/seq-write-1th.f,fs:lsfs


Filebench Version 1.5-alpha3
0.000: Allocated 177MB of shared memory
0.008: Populating and pre-allocating filesets
0.009: fileset-1 populated: 1 files, avg. dir. width = 1, avg. dir. depth = -nan, 0 leafdirs, 1024.000MB total size
0.010: Removing fileset-1 tree (if exists)
0.044: Pre-allocating directories in fileset-1 tree
0.073: Pre-allocating files in fileset-1 tree
0.073: Waiting for pre-allocation to finish (in case of a parallel pre-allocation)
0.073: Population and pre-allocation of filesets completed
1.588: Attempting to create fileset more than once, ignoring
1.588: Starting 1 process-1 instances
3.925: Running...
903.992: Run took 900 seconds...
903.993: Per-Operation Breakdown
finish-1             0ops        0ops/s   0.0mb/s    0.000ms/op [0.000ms - 0.000ms]
close-1              0ops        0ops/s   0.0mb/s    0.000ms/op [0.000ms - 0.000ms]
write-1              2748209ops     3053ops/s  11.9mb/s    0.326ms/op [0.154ms - 24.977ms]
create-1             1ops        0ops/s   0.0mb/s   14.557ms/op [14.557ms - 14.557ms]
903.993: IO Summary: 2748210 ops 3053.337 ops/s 0/3053 rd/wr  11.9mb/s 0.326ms/op
903.993: Shutting down processes
