
Run: #1,wl_name:create-1th-cache_on-60000,wl_path:shared_dir/workloads-filebench/metadata-micro/create-1th.f,fs:lsfs


Filebench Version 1.5-alpha3
0.000: Allocated 177MB of shared memory
0.001: Populating and pre-allocating filesets
0.025: fileset-1 populated: 75000 files, avg. dir. width = 250, avg. dir. depth = 2.0, 0 leafdirs, 292.969MB total size
0.026: Removing fileset-1 tree (if exists)
0.040: Pre-allocating directories in fileset-1 tree
1.799: Pre-allocating files in fileset-1 tree
1.916: Waiting for pre-allocation to finish (in case of a parallel pre-allocation)
1.916: Population and pre-allocation of filesets completed
2.884: Attempting to create fileset more than once, ignoring
2.884: Starting 1 process-1 instances
4.460: Running...
490.506: Run took 486 seconds...
490.506: Per-Operation Breakdown
finishoncount-1      1ops        0ops/s   0.0mb/s    0.000ms/op [0.000ms - 0.000ms]
createwriteclose-1.closefile-1 75000ops      154ops/s   0.0mb/s    3.594ms/op [0.352ms - 10.634ms]
createwriteclose-1.write-1 75000ops      154ops/s   0.6mb/s    0.717ms/op [0.103ms - 8.323ms]
createwriteclose-1.createfile-1 75000ops      154ops/s   0.0mb/s    2.141ms/op [0.206ms - 10.015ms]
createwriteclose-1   0ops        0ops/s   0.0mb/s    0.000ms/op [0.000ms - 0.000ms]
490.506: IO Summary: 225000 ops 462.919 ops/s 0/154 rd/wr   0.6mb/s 2.151ms/op
490.506: Shutting down processes

Run: #2,wl_name:create-1th-cache_on-60000,wl_path:shared_dir/workloads-filebench/metadata-micro/create-1th.f,fs:lsfs


Filebench Version 1.5-alpha3
0.000: Allocated 177MB of shared memory
0.008: Populating and pre-allocating filesets
0.030: fileset-1 populated: 75000 files, avg. dir. width = 250, avg. dir. depth = 2.0, 0 leafdirs, 292.969MB total size
0.030: Removing fileset-1 tree (if exists)
0.045: Pre-allocating directories in fileset-1 tree
1.427: Pre-allocating files in fileset-1 tree
1.551: Waiting for pre-allocation to finish (in case of a parallel pre-allocation)
1.551: Population and pre-allocation of filesets completed
2.465: Attempting to create fileset more than once, ignoring
2.466: Starting 1 process-1 instances
4.056: Running...
491.103: Run took 487 seconds...
491.103: Per-Operation Breakdown
finishoncount-1      1ops        0ops/s   0.0mb/s    0.000ms/op [0.000ms - 0.000ms]
createwriteclose-1.closefile-1 75000ops      154ops/s   0.0mb/s    3.601ms/op [0.379ms - 10.027ms]
createwriteclose-1.write-1 75000ops      154ops/s   0.6mb/s    0.720ms/op [0.113ms - 8.397ms]
createwriteclose-1.createfile-1 75000ops      154ops/s   0.0mb/s    2.142ms/op [0.229ms - 7.633ms]
createwriteclose-1   0ops        0ops/s   0.0mb/s    0.000ms/op [0.000ms - 0.000ms]
491.103: IO Summary: 225000 ops 461.968 ops/s 0/154 rd/wr   0.6mb/s 2.155ms/op
491.103: Shutting down processes

Run: #3,wl_name:create-1th-cache_on-60000,wl_path:shared_dir/workloads-filebench/metadata-micro/create-1th.f,fs:lsfs


Filebench Version 1.5-alpha3
0.000: Allocated 177MB of shared memory
0.008: Populating and pre-allocating filesets
0.029: fileset-1 populated: 75000 files, avg. dir. width = 250, avg. dir. depth = 2.0, 0 leafdirs, 292.969MB total size
0.029: Removing fileset-1 tree (if exists)
0.039: Pre-allocating directories in fileset-1 tree
0.415: Pre-allocating files in fileset-1 tree
0.502: Waiting for pre-allocation to finish (in case of a parallel pre-allocation)
0.502: Population and pre-allocation of filesets completed
1.300: Attempting to create fileset more than once, ignoring
1.300: Starting 1 process-1 instances
2.968: Running...
489.016: Run took 486 seconds...
489.016: Per-Operation Breakdown
finishoncount-1      1ops        0ops/s   0.0mb/s    0.000ms/op [0.000ms - 0.000ms]
createwriteclose-1.closefile-1 75000ops      154ops/s   0.0mb/s    3.591ms/op [0.351ms - 14.233ms]
createwriteclose-1.write-1 75000ops      154ops/s   0.6mb/s    0.717ms/op [0.100ms - 8.199ms]
createwriteclose-1.createfile-1 75000ops      154ops/s   0.0mb/s    2.144ms/op [0.202ms - 6.375ms]
createwriteclose-1   0ops        0ops/s   0.0mb/s    0.000ms/op [0.000ms - 0.000ms]
489.016: IO Summary: 225000 ops 462.918 ops/s 0/154 rd/wr   0.6mb/s 2.150ms/op
489.016: Shutting down processes
