
Run: #1,wl_name:delete-1th-cache_on-30000,wl_path:shared_dir/workloads-filebench/metadata-micro/delete-1th.f,fs:lsfs


Filebench Version 1.5-alpha3
0.000: Allocated 177MB of shared memory
0.001: Populating and pre-allocating filesets
0.024: fileset1 populated: 75000 files, avg. dir. width = 250, avg. dir. depth = 2.0, 0 leafdirs, 292.969MB total size
0.024: Removing fileset1 tree (if exists)
0.034: Pre-allocating directories in fileset1 tree
1.788: Pre-allocating files in fileset1 tree
372.744: Waiting for pre-allocation to finish (in case of a parallel pre-allocation)
372.744: Population and pre-allocation of filesets completed
373.033: Attempting to create fileset more than once, ignoring
373.033: Starting 1 process1 instances
374.737: Running...
891.789: Run took 517 seconds...
891.789: Per-Operation Breakdown
finish1              1ops        0ops/s   0.0mb/s    0.001ms/op [0.001ms - 0.001ms]
delete1              75000ops      145ops/s   0.0mb/s    6.877ms/op [1.464ms - 17.697ms]
891.789: IO Summary: 75000 ops 145.053 ops/s 0/0 rd/wr   0.0mb/s 6.877ms/op
891.789: Shutting down processes

Run: #2,wl_name:delete-1th-cache_on-30000,wl_path:shared_dir/workloads-filebench/metadata-micro/delete-1th.f,fs:lsfs


Filebench Version 1.5-alpha3
0.000: Allocated 177MB of shared memory
0.008: Populating and pre-allocating filesets
0.029: fileset1 populated: 75000 files, avg. dir. width = 250, avg. dir. depth = 2.0, 0 leafdirs, 292.969MB total size
0.029: Removing fileset1 tree (if exists)
0.048: Pre-allocating directories in fileset1 tree
1.836: Pre-allocating files in fileset1 tree
433.235: Waiting for pre-allocation to finish (in case of a parallel pre-allocation)
433.235: Population and pre-allocation of filesets completed
433.457: Attempting to create fileset more than once, ignoring
433.457: Starting 1 process1 instances
435.079: Running...
951.129: Run took 516 seconds...
951.129: Per-Operation Breakdown
finish1              1ops        0ops/s   0.0mb/s    0.000ms/op [0.000ms - 0.000ms]
delete1              75000ops      145ops/s   0.0mb/s    6.853ms/op [1.377ms - 17.174ms]
951.129: IO Summary: 75000 ops 145.335 ops/s 0/0 rd/wr   0.0mb/s 6.853ms/op
951.129: Shutting down processes

Run: #3,wl_name:delete-1th-cache_on-30000,wl_path:shared_dir/workloads-filebench/metadata-micro/delete-1th.f,fs:lsfs


Filebench Version 1.5-alpha3
0.000: Allocated 177MB of shared memory
0.008: Populating and pre-allocating filesets
0.029: fileset1 populated: 75000 files, avg. dir. width = 250, avg. dir. depth = 2.0, 0 leafdirs, 292.969MB total size
0.029: Removing fileset1 tree (if exists)
0.041: Pre-allocating directories in fileset1 tree
1.788: Pre-allocating files in fileset1 tree
417.657: Waiting for pre-allocation to finish (in case of a parallel pre-allocation)
417.657: Population and pre-allocation of filesets completed
417.928: Attempting to create fileset more than once, ignoring
417.928: Starting 1 process1 instances
419.841: Running...
936.892: Run took 517 seconds...
936.892: Per-Operation Breakdown
finish1              1ops        0ops/s   0.0mb/s    0.000ms/op [0.000ms - 0.000ms]
delete1              75000ops      145ops/s   0.0mb/s    6.874ms/op [1.564ms - 17.192ms]
936.892: IO Summary: 75000 ops 145.053 ops/s 0/0 rd/wr   0.0mb/s 6.874ms/op
936.892: Shutting down processes
