
Run: #1,wl_name:stat-1th-cache_off,wl_path:shared_dir/workloads-filebench/metadata-micro/stat-1th.f,fs:lsfs


Filebench Version 1.5-alpha3
0.000: Allocated 177MB of shared memory
0.001: Populating and pre-allocating filesets
0.024: fileset1 populated: 75000 files, avg. dir. width = 250, avg. dir. depth = 2.0, 0 leafdirs, 292.969MB total size
0.024: Removing fileset1 tree (if exists)
0.039: Pre-allocating directories in fileset1 tree
6.932: Pre-allocating files in fileset1 tree
1243.858: Waiting for pre-allocation to finish (in case of a parallel pre-allocation)
1243.859: Population and pre-allocation of filesets completed
1244.139: Attempting to create fileset more than once, ignoring
1244.139: Starting 1 process1 instances
1245.793: Running...
2145.887: Run took 900 seconds...
2145.887: Per-Operation Breakdown
stat1                69125ops       77ops/s   0.0mb/s   13.008ms/op [4.016ms - 23.451ms]
2145.887: IO Summary: 69125 ops 76.798 ops/s 0/0 rd/wr   0.0mb/s 13.008ms/op
2145.887: Shutting down processes

Run: #2,wl_name:stat-1th-cache_off,wl_path:shared_dir/workloads-filebench/metadata-micro/stat-1th.f,fs:lsfs


Filebench Version 1.5-alpha3
0.000: Allocated 177MB of shared memory
0.008: Populating and pre-allocating filesets
0.040: fileset1 populated: 75000 files, avg. dir. width = 250, avg. dir. depth = 2.0, 0 leafdirs, 292.969MB total size
0.041: Removing fileset1 tree (if exists)
0.058: Pre-allocating directories in fileset1 tree
4.917: Pre-allocating files in fileset1 tree
1241.289: Waiting for pre-allocation to finish (in case of a parallel pre-allocation)
1241.289: Population and pre-allocation of filesets completed
1241.561: Attempting to create fileset more than once, ignoring
1241.561: Starting 1 process1 instances
1243.271: Running...
2143.365: Run took 900 seconds...
2143.365: Per-Operation Breakdown
stat1                69265ops       77ops/s   0.0mb/s   12.982ms/op [3.792ms - 23.559ms]
2143.365: IO Summary: 69265 ops 76.953 ops/s 0/0 rd/wr   0.0mb/s 12.982ms/op
2143.365: Shutting down processes

Run: #3,wl_name:stat-1th-cache_off,wl_path:shared_dir/workloads-filebench/metadata-micro/stat-1th.f,fs:lsfs


Filebench Version 1.5-alpha3
0.000: Allocated 177MB of shared memory
0.008: Populating and pre-allocating filesets
0.030: fileset1 populated: 75000 files, avg. dir. width = 250, avg. dir. depth = 2.0, 0 leafdirs, 292.969MB total size
0.031: Removing fileset1 tree (if exists)
0.045: Pre-allocating directories in fileset1 tree
5.297: Pre-allocating files in fileset1 tree
1244.281: Waiting for pre-allocation to finish (in case of a parallel pre-allocation)
1244.281: Population and pre-allocation of filesets completed
1244.577: Attempting to create fileset more than once, ignoring
1244.577: Starting 1 process1 instances
1246.369: Running...
2146.462: Run took 900 seconds...
2146.462: Per-Operation Breakdown
stat1                69366ops       77ops/s   0.0mb/s   12.963ms/op [7.721ms - 23.524ms]
2146.462: IO Summary: 69366 ops 77.065 ops/s 0/0 rd/wr   0.0mb/s 12.963ms/op
2146.462: Shutting down processes
