
Run: #1,wl_name:create-1th-cache_off,wl_path:shared_dir/workloads-filebench/metadata-micro/create-1th.f,fs:lsfs


Filebench Version 1.5-alpha3
0.000: Allocated 177MB of shared memory
0.001: Populating and pre-allocating filesets
0.023: fileset-1 populated: 75000 files, avg. dir. width = 250, avg. dir. depth = 2.0, 0 leafdirs, 292.969MB total size
0.023: Removing fileset-1 tree (if exists)
0.035: Pre-allocating directories in fileset-1 tree
5.789: Pre-allocating files in fileset-1 tree
5.904: Waiting for pre-allocation to finish (in case of a parallel pre-allocation)
5.904: Population and pre-allocation of filesets completed
6.842: Attempting to create fileset more than once, ignoring
6.842: Starting 1 process-1 instances
8.396: Running...
908.488: Run took 900 seconds...
908.489: Per-Operation Breakdown
finishoncount-1      0ops        0ops/s   0.0mb/s    0.000ms/op [0.000ms - 0.000ms]
createwriteclose-1.closefile-1 33832ops       38ops/s   0.0mb/s    3.422ms/op [0.769ms - 10.945ms]
createwriteclose-1.write-1 33832ops       38ops/s   0.1mb/s    0.729ms/op [0.219ms - 8.192ms]
createwriteclose-1.createfile-1 33832ops       38ops/s   0.0mb/s   22.433ms/op [7.945ms - 33.697ms]
createwriteclose-1   0ops        0ops/s   0.0mb/s    0.000ms/op [0.000ms - 0.000ms]
908.489: IO Summary: 101496 ops 112.762 ops/s 0/38 rd/wr   0.1mb/s 8.861ms/op
908.489: Shutting down processes

Run: #2,wl_name:create-1th-cache_off,wl_path:shared_dir/workloads-filebench/metadata-micro/create-1th.f,fs:lsfs


Filebench Version 1.5-alpha3
0.000: Allocated 177MB of shared memory
0.008: Populating and pre-allocating filesets
0.029: fileset-1 populated: 75000 files, avg. dir. width = 250, avg. dir. depth = 2.0, 0 leafdirs, 292.969MB total size
0.030: Removing fileset-1 tree (if exists)
0.098: Pre-allocating directories in fileset-1 tree
5.390: Pre-allocating files in fileset-1 tree
5.510: Waiting for pre-allocation to finish (in case of a parallel pre-allocation)
5.510: Population and pre-allocation of filesets completed
6.498: Attempting to create fileset more than once, ignoring
6.498: Starting 1 process-1 instances
8.351: Running...
908.443: Run took 900 seconds...
908.443: Per-Operation Breakdown
finishoncount-1      0ops        0ops/s   0.0mb/s    0.000ms/op [0.000ms - 0.000ms]
createwriteclose-1.closefile-1 33804ops       38ops/s   0.0mb/s    3.424ms/op [0.859ms - 11.096ms]
createwriteclose-1.write-1 33805ops       38ops/s   0.1mb/s    0.730ms/op [0.192ms - 8.158ms]
createwriteclose-1.createfile-1 33805ops       38ops/s   0.0mb/s   22.451ms/op [7.022ms - 31.664ms]
createwriteclose-1   0ops        0ops/s   0.0mb/s    0.000ms/op [0.000ms - 0.000ms]
908.443: IO Summary: 101414 ops 112.671 ops/s 0/38 rd/wr   0.1mb/s 8.868ms/op
908.443: Shutting down processes

Run: #3,wl_name:create-1th-cache_off,wl_path:shared_dir/workloads-filebench/metadata-micro/create-1th.f,fs:lsfs


Filebench Version 1.5-alpha3
0.000: Allocated 177MB of shared memory
0.008: Populating and pre-allocating filesets
0.031: fileset-1 populated: 75000 files, avg. dir. width = 250, avg. dir. depth = 2.0, 0 leafdirs, 292.969MB total size
0.032: Removing fileset-1 tree (if exists)
0.051: Pre-allocating directories in fileset-1 tree
5.733: Pre-allocating files in fileset-1 tree
5.848: Waiting for pre-allocation to finish (in case of a parallel pre-allocation)
5.848: Population and pre-allocation of filesets completed
6.802: Attempting to create fileset more than once, ignoring
6.802: Starting 1 process-1 instances
8.572: Running...
908.664: Run took 900 seconds...
908.664: Per-Operation Breakdown
finishoncount-1      0ops        0ops/s   0.0mb/s    0.000ms/op [0.000ms - 0.000ms]
createwriteclose-1.closefile-1 33825ops       38ops/s   0.0mb/s    3.423ms/op [0.730ms - 10.831ms]
createwriteclose-1.write-1 33825ops       38ops/s   0.1mb/s    0.730ms/op [0.159ms - 8.261ms]
createwriteclose-1.createfile-1 33826ops       38ops/s   0.0mb/s   22.434ms/op [6.329ms - 34.755ms]
createwriteclose-1   0ops        0ops/s   0.0mb/s    0.000ms/op [0.000ms - 0.000ms]
908.664: IO Summary: 101476 ops 112.740 ops/s 0/38 rd/wr   0.1mb/s 8.863ms/op
908.664: Shutting down processes
