
Run: #1,wl_name:delete-1th-cache_off,wl_path:shared_dir/workloads-filebench/metadata-micro/delete-1th.f,fs:lsfs


Filebench Version 1.5-alpha3
0.000: Allocated 177MB of shared memory
0.001: Populating and pre-allocating filesets
0.022: fileset1 populated: 75000 files, avg. dir. width = 250, avg. dir. depth = 2.0, 0 leafdirs, 292.969MB total size
0.023: Removing fileset1 tree (if exists)
0.038: Pre-allocating directories in fileset1 tree
6.770: Pre-allocating files in fileset1 tree
1242.814: Waiting for pre-allocation to finish (in case of a parallel pre-allocation)
1242.814: Population and pre-allocation of filesets completed
1243.105: Attempting to create fileset more than once, ignoring
1243.106: Starting 1 process1 instances
1244.970: Running...
2145.064: Run took 900 seconds...
2145.064: Per-Operation Breakdown
finish1              0ops        0ops/s   0.0mb/s    0.000ms/op [0.000ms - 0.000ms]
delete1              45114ops       50ops/s   0.0mb/s   19.937ms/op [8.484ms - 32.307ms]
2145.064: IO Summary: 45114 ops 50.121 ops/s 0/0 rd/wr   0.0mb/s 19.937ms/op
2145.064: Shutting down processes

Run: #2,wl_name:delete-1th-cache_off,wl_path:shared_dir/workloads-filebench/metadata-micro/delete-1th.f,fs:lsfs


Filebench Version 1.5-alpha3
0.000: Allocated 177MB of shared memory
0.008: Populating and pre-allocating filesets
0.030: fileset1 populated: 75000 files, avg. dir. width = 250, avg. dir. depth = 2.0, 0 leafdirs, 292.969MB total size
0.031: Removing fileset1 tree (if exists)
0.048: Pre-allocating directories in fileset1 tree
5.278: Pre-allocating files in fileset1 tree
1241.068: Waiting for pre-allocation to finish (in case of a parallel pre-allocation)
1241.068: Population and pre-allocation of filesets completed
1241.332: Attempting to create fileset more than once, ignoring
1241.332: Starting 1 process1 instances
1243.070: Running...
2143.164: Run took 900 seconds...
2143.164: Per-Operation Breakdown
finish1              0ops        0ops/s   0.0mb/s    0.000ms/op [0.000ms - 0.000ms]
delete1              45097ops       50ops/s   0.0mb/s   19.944ms/op [8.451ms - 33.441ms]
2143.164: IO Summary: 45097 ops 50.103 ops/s 0/0 rd/wr   0.0mb/s 19.944ms/op
2143.164: Shutting down processes

Run: #3,wl_name:delete-1th-cache_off,wl_path:shared_dir/workloads-filebench/metadata-micro/delete-1th.f,fs:lsfs


Filebench Version 1.5-alpha3
0.000: Allocated 177MB of shared memory
0.008: Populating and pre-allocating filesets
0.031: fileset1 populated: 75000 files, avg. dir. width = 250, avg. dir. depth = 2.0, 0 leafdirs, 292.969MB total size
0.032: Removing fileset1 tree (if exists)
0.046: Pre-allocating directories in fileset1 tree
6.835: Pre-allocating files in fileset1 tree
1243.602: Waiting for pre-allocation to finish (in case of a parallel pre-allocation)
1243.602: Population and pre-allocation of filesets completed
1243.895: Attempting to create fileset more than once, ignoring
1243.896: Starting 1 process1 instances
1245.712: Running...
2145.806: Run took 900 seconds...
2145.806: Per-Operation Breakdown
finish1              0ops        0ops/s   0.0mb/s    0.000ms/op [0.000ms - 0.000ms]
delete1              45090ops       50ops/s   0.0mb/s   19.947ms/op [7.603ms - 32.462ms]
2145.806: IO Summary: 45090 ops 50.095 ops/s 0/0 rd/wr   0.0mb/s 19.947ms/op
2145.806: Shutting down processes
