
Run: #1,wl_name:create-1th-cache_on-30000,wl_path:shared_dir/workloads-filebench/metadata-micro/create-1th.f,fs:lsfs


Filebench Version 1.5-alpha3
0.000: Allocated 177MB of shared memory
0.001: Populating and pre-allocating filesets
0.022: fileset-1 populated: 75000 files, avg. dir. width = 250, avg. dir. depth = 2.0, 0 leafdirs, 292.969MB total size
0.022: Removing fileset-1 tree (if exists)
0.034: Pre-allocating directories in fileset-1 tree
1.779: Pre-allocating files in fileset-1 tree
1.907: Waiting for pre-allocation to finish (in case of a parallel pre-allocation)
1.907: Population and pre-allocation of filesets completed
2.896: Attempting to create fileset more than once, ignoring
2.896: Starting 1 process-1 instances
4.513: Running...
491.559: Run took 487 seconds...
491.560: Per-Operation Breakdown
finishoncount-1      1ops        0ops/s   0.0mb/s    0.001ms/op [0.001ms - 0.001ms]
createwriteclose-1.closefile-1 75000ops      154ops/s   0.0mb/s    3.595ms/op [0.519ms - 15.190ms]
createwriteclose-1.write-1 75000ops      154ops/s   0.6mb/s    0.721ms/op [0.101ms - 9.870ms]
createwriteclose-1.createfile-1 75000ops      154ops/s   0.0mb/s    2.151ms/op [0.206ms - 7.941ms]
createwriteclose-1   0ops        0ops/s   0.0mb/s    0.000ms/op [0.000ms - 0.000ms]
491.560: IO Summary: 225000 ops 461.968 ops/s 0/154 rd/wr   0.6mb/s 2.156ms/op
491.560: Shutting down processes

Run: #2,wl_name:create-1th-cache_on-30000,wl_path:shared_dir/workloads-filebench/metadata-micro/create-1th.f,fs:lsfs


Filebench Version 1.5-alpha3
0.000: Allocated 177MB of shared memory
0.008: Populating and pre-allocating filesets
0.030: fileset-1 populated: 75000 files, avg. dir. width = 250, avg. dir. depth = 2.0, 0 leafdirs, 292.969MB total size
0.030: Removing fileset-1 tree (if exists)
0.048: Pre-allocating directories in fileset-1 tree
1.885: Pre-allocating files in fileset-1 tree
1.999: Waiting for pre-allocation to finish (in case of a parallel pre-allocation)
1.999: Population and pre-allocation of filesets completed
2.899: Attempting to create fileset more than once, ignoring
2.899: Starting 1 process-1 instances
4.401: Running...
486.447: Run took 482 seconds...
486.447: Per-Operation Breakdown
finishoncount-1      1ops        0ops/s   0.0mb/s    0.000ms/op [0.000ms - 0.000ms]
createwriteclose-1.closefile-1 75000ops      156ops/s   0.0mb/s    3.568ms/op [0.336ms - 58.753ms]
createwriteclose-1.write-1 75000ops      156ops/s   0.6mb/s    0.712ms/op [0.099ms - 8.198ms]
createwriteclose-1.createfile-1 75000ops      156ops/s   0.0mb/s    2.121ms/op [0.193ms - 11.456ms]
createwriteclose-1   0ops        0ops/s   0.0mb/s    0.000ms/op [0.000ms - 0.000ms]
486.447: IO Summary: 225000 ops 466.761 ops/s 0/156 rd/wr   0.6mb/s 2.133ms/op
486.447: Shutting down processes

Run: #3,wl_name:create-1th-cache_on-30000,wl_path:shared_dir/workloads-filebench/metadata-micro/create-1th.f,fs:lsfs


Filebench Version 1.5-alpha3
0.000: Allocated 177MB of shared memory
0.008: Populating and pre-allocating filesets
0.028: fileset-1 populated: 75000 files, avg. dir. width = 250, avg. dir. depth = 2.0, 0 leafdirs, 292.969MB total size
0.029: Removing fileset-1 tree (if exists)
0.040: Pre-allocating directories in fileset-1 tree
1.805: Pre-allocating files in fileset-1 tree
1.924: Waiting for pre-allocation to finish (in case of a parallel pre-allocation)
1.924: Population and pre-allocation of filesets completed
2.873: Attempting to create fileset more than once, ignoring
2.873: Starting 1 process-1 instances
4.385: Running...
490.432: Run took 486 seconds...
490.432: Per-Operation Breakdown
finishoncount-1      1ops        0ops/s   0.0mb/s    0.001ms/op [0.001ms - 0.001ms]
createwriteclose-1.closefile-1 75000ops      154ops/s   0.0mb/s    3.591ms/op [0.472ms - 13.237ms]
createwriteclose-1.write-1 75000ops      154ops/s   0.6mb/s    0.718ms/op [0.119ms - 8.643ms]
createwriteclose-1.createfile-1 75000ops      154ops/s   0.0mb/s    2.144ms/op [0.238ms - 17.850ms]
createwriteclose-1   0ops        0ops/s   0.0mb/s    0.000ms/op [0.000ms - 0.000ms]
490.432: IO Summary: 225000 ops 462.919 ops/s 0/154 rd/wr   0.6mb/s 2.151ms/op
490.432: Shutting down processes
