
Run: #1,wl_name:delete-1th-cache_on-1000,wl_path:shared_dir/workloads-filebench/metadata-micro/delete-1th.f,fs:lsfs


Filebench Version 1.5-alpha3
0.000: Allocated 177MB of shared memory
0.001: Populating and pre-allocating filesets
0.024: fileset1 populated: 75000 files, avg. dir. width = 250, avg. dir. depth = 2.0, 0 leafdirs, 292.969MB total size
0.024: Removing fileset1 tree (if exists)
0.044: Pre-allocating directories in fileset1 tree
1.863: Pre-allocating files in fileset1 tree
335.296: Waiting for pre-allocation to finish (in case of a parallel pre-allocation)
335.296: Population and pre-allocation of filesets completed
335.576: Attempting to create fileset more than once, ignoring
335.576: Starting 1 process1 instances
337.371: Running...
831.417: Run took 494 seconds...
831.418: Per-Operation Breakdown
finish1              1ops        0ops/s   0.0mb/s    0.001ms/op [0.001ms - 0.001ms]
delete1              75000ops      152ops/s   0.0mb/s    6.569ms/op [1.338ms - 16.996ms]
831.418: IO Summary: 75000 ops 151.808 ops/s 0/0 rd/wr   0.0mb/s 6.569ms/op
831.418: Shutting down processes

Run: #2,wl_name:delete-1th-cache_on-1000,wl_path:shared_dir/workloads-filebench/metadata-micro/delete-1th.f,fs:lsfs


Filebench Version 1.5-alpha3
0.000: Allocated 177MB of shared memory
0.008: Populating and pre-allocating filesets
0.030: fileset1 populated: 75000 files, avg. dir. width = 250, avg. dir. depth = 2.0, 0 leafdirs, 292.969MB total size
0.031: Removing fileset1 tree (if exists)
0.045: Pre-allocating directories in fileset1 tree
1.178: Pre-allocating files in fileset1 tree
293.144: Waiting for pre-allocation to finish (in case of a parallel pre-allocation)
293.144: Population and pre-allocation of filesets completed
293.432: Attempting to create fileset more than once, ignoring
293.432: Starting 1 process1 instances
295.027: Running...
788.073: Run took 493 seconds...
788.073: Per-Operation Breakdown
finish1              1ops        0ops/s   0.0mb/s    0.000ms/op [0.000ms - 0.000ms]
delete1              75000ops      152ops/s   0.0mb/s    6.550ms/op [1.348ms - 17.993ms]
788.073: IO Summary: 75000 ops 152.116 ops/s 0/0 rd/wr   0.0mb/s 6.550ms/op
788.073: Shutting down processes

Run: #3,wl_name:delete-1th-cache_on-1000,wl_path:shared_dir/workloads-filebench/metadata-micro/delete-1th.f,fs:lsfs


Filebench Version 1.5-alpha3
0.000: Allocated 177MB of shared memory
0.008: Populating and pre-allocating filesets
0.029: fileset1 populated: 75000 files, avg. dir. width = 250, avg. dir. depth = 2.0, 0 leafdirs, 292.969MB total size
0.029: Removing fileset1 tree (if exists)
0.048: Pre-allocating directories in fileset1 tree
1.940: Pre-allocating files in fileset1 tree
381.121: Waiting for pre-allocation to finish (in case of a parallel pre-allocation)
381.121: Population and pre-allocation of filesets completed
381.470: Attempting to create fileset more than once, ignoring
381.470: Starting 1 process1 instances
383.359: Running...
881.406: Run took 498 seconds...
881.406: Per-Operation Breakdown
finish1              1ops        0ops/s   0.0mb/s    0.000ms/op [0.000ms - 0.000ms]
delete1              75000ops      151ops/s   0.0mb/s    6.625ms/op [1.359ms - 17.699ms]
881.406: IO Summary: 75000 ops 150.588 ops/s 0/0 rd/wr   0.0mb/s 6.625ms/op
881.406: Shutting down processes
