
Run: #1,wl_name:webserver-smart,wl_path:shared_dir/workloads-filebench/macro/webserver.f,fs:lsfs


Filebench Version 1.5-alpha3
0.000: Allocated 177MB of shared memory
0.243: Populating and pre-allocating filesets
0.244: logfiles populated: 1 files, avg. dir. width = 20, avg. dir. depth = 0.0, 0 leafdirs, 0.002MB total size
0.244: Removing logfiles tree (if exists)
0.255: Pre-allocating directories in logfiles tree
0.260: Pre-allocating files in logfiles tree
0.264: bigfileset populated: 1000 files, avg. dir. width = 20, avg. dir. depth = 2.3, 0 leafdirs, 14.760MB total size
0.264: Removing bigfileset tree (if exists)
0.265: Pre-allocating directories in bigfileset tree
0.466: Pre-allocating files in bigfileset tree
4.350: Waiting for pre-allocation to finish (in case of a parallel pre-allocation)
4.350: Population and pre-allocation of filesets completed
4.350: Starting 1 filereader instances
5.354: Running...
905.433: Run took 900 seconds...
905.433: Per-Operation Breakdown
appendlog            23928ops       27ops/s   0.2mb/s    3.478ms/op [0.378ms - 2026.115ms]
closefile10          23927ops       27ops/s   0.0mb/s    0.014ms/op [0.008ms - 0.562ms]
readfile10           23927ops       27ops/s   0.4mb/s    0.717ms/op [0.161ms - 7.301ms]
openfile10           23927ops       27ops/s   0.0mb/s    3.312ms/op [0.473ms - 3847.257ms]
closefile9           23927ops       27ops/s   0.0mb/s    0.014ms/op [0.008ms - 0.168ms]
readfile9            23927ops       27ops/s   0.4mb/s    0.693ms/op [0.157ms - 4.483ms]
openfile9            23927ops       27ops/s   0.0mb/s    1.729ms/op [0.466ms - 4005.594ms]
closefile8           23927ops       27ops/s   0.0mb/s    0.014ms/op [0.008ms - 0.167ms]
readfile8            23927ops       27ops/s   0.4mb/s    0.714ms/op [0.158ms - 10.275ms]
openfile8            23927ops       27ops/s   0.0mb/s    2.846ms/op [0.481ms - 3962.308ms]
closefile7           23927ops       27ops/s   0.0mb/s    0.015ms/op [0.008ms - 3.882ms]
readfile7            23927ops       27ops/s   0.4mb/s    0.720ms/op [0.158ms - 9.736ms]
openfile7            23927ops       27ops/s   0.0mb/s    1.531ms/op [0.489ms - 2009.010ms]
closefile6           23927ops       27ops/s   0.0mb/s    0.014ms/op [0.008ms - 0.131ms]
readfile6            23927ops       27ops/s   0.4mb/s    0.715ms/op [0.159ms - 5.227ms]
openfile6            23927ops       27ops/s   0.0mb/s    2.167ms/op [0.491ms - 4448.014ms]
closefile5           23927ops       27ops/s   0.0mb/s    0.014ms/op [0.008ms - 1.117ms]
readfile5            23927ops       27ops/s   0.4mb/s    0.695ms/op [0.170ms - 5.477ms]
openfile5            23927ops       27ops/s   0.0mb/s    2.856ms/op [0.503ms - 3942.620ms]
closefile4           23927ops       27ops/s   0.0mb/s    0.014ms/op [0.008ms - 2.278ms]
readfile4            23927ops       27ops/s   0.4mb/s    0.716ms/op [0.161ms - 4.601ms]
openfile4            23927ops       27ops/s   0.0mb/s    3.374ms/op [0.485ms - 3962.690ms]
closefile3           23928ops       27ops/s   0.0mb/s    0.015ms/op [0.008ms - 0.199ms]
readfile3            23928ops       27ops/s   0.5mb/s    0.760ms/op [0.165ms - 3.948ms]
openfile3            23928ops       27ops/s   0.0mb/s    3.053ms/op [0.478ms - 3815.425ms]
closefile2           23928ops       27ops/s   0.0mb/s    0.015ms/op [0.008ms - 0.317ms]
readfile2            23928ops       27ops/s   0.4mb/s    0.719ms/op [0.170ms - 4.634ms]
openfile2            23928ops       27ops/s   0.0mb/s    2.218ms/op [0.487ms - 3989.383ms]
closefile1           23928ops       27ops/s   0.0mb/s    0.015ms/op [0.009ms - 0.276ms]
readfile1            23928ops       27ops/s   0.4mb/s    0.718ms/op [0.170ms - 6.074ms]
openfile1            23928ops       27ops/s   0.0mb/s    3.690ms/op [0.487ms - 4006.479ms]
905.433: IO Summary: 741747 ops 824.091 ops/s 266/27 rd/wr   4.1mb/s 1.212ms/op
905.433: Shutting down processes

Run: #2,wl_name:webserver-smart,wl_path:shared_dir/workloads-filebench/macro/webserver.f,fs:lsfs


Filebench Version 1.5-alpha3
0.000: Allocated 177MB of shared memory
0.326: Populating and pre-allocating filesets
0.329: logfiles populated: 1 files, avg. dir. width = 20, avg. dir. depth = 0.0, 0 leafdirs, 0.002MB total size
0.330: Removing logfiles tree (if exists)
0.342: Pre-allocating directories in logfiles tree
0.349: Pre-allocating files in logfiles tree
0.354: bigfileset populated: 1000 files, avg. dir. width = 20, avg. dir. depth = 2.3, 0 leafdirs, 14.760MB total size
0.354: Removing bigfileset tree (if exists)
0.356: Pre-allocating directories in bigfileset tree
0.563: Pre-allocating files in bigfileset tree
4.295: Waiting for pre-allocation to finish (in case of a parallel pre-allocation)
4.295: Population and pre-allocation of filesets completed
4.295: Starting 1 filereader instances
5.300: Running...
905.373: Run took 900 seconds...
905.373: Per-Operation Breakdown
appendlog            26575ops       30ops/s   0.2mb/s    2.980ms/op [0.433ms - 2027.270ms]
closefile10          26574ops       30ops/s   0.0mb/s    0.014ms/op [0.008ms - 0.442ms]
readfile10           26574ops       30ops/s   0.4mb/s    0.727ms/op [0.160ms - 5.295ms]
openfile10           26574ops       30ops/s   0.0mb/s    3.432ms/op [0.476ms - 3968.341ms]
closefile9           26574ops       30ops/s   0.0mb/s    0.014ms/op [0.008ms - 0.194ms]
readfile9            26574ops       30ops/s   0.4mb/s    0.718ms/op [0.166ms - 7.044ms]
openfile9            26574ops       30ops/s   0.0mb/s    1.865ms/op [0.489ms - 3978.000ms]
closefile8           26574ops       30ops/s   0.0mb/s    0.014ms/op [0.008ms - 0.159ms]
readfile8            26574ops       30ops/s   0.4mb/s    0.720ms/op [0.160ms - 4.852ms]
openfile8            26574ops       30ops/s   0.0mb/s    1.755ms/op [0.478ms - 3915.703ms]
closefile7           26574ops       30ops/s   0.0mb/s    0.014ms/op [0.008ms - 0.107ms]
readfile7            26574ops       30ops/s   0.5mb/s    0.733ms/op [0.160ms - 16.296ms]
openfile7            26574ops       30ops/s   0.0mb/s    1.497ms/op [0.495ms - 1905.147ms]
closefile6           26575ops       30ops/s   0.0mb/s    0.014ms/op [0.008ms - 1.000ms]
readfile6            26575ops       30ops/s   0.5mb/s    0.729ms/op [0.157ms - 4.746ms]
openfile6            26575ops       30ops/s   0.0mb/s    1.907ms/op [0.479ms - 2498.910ms]
closefile5           26575ops       30ops/s   0.0mb/s    0.014ms/op [0.009ms - 0.195ms]
readfile5            26575ops       30ops/s   0.4mb/s    0.695ms/op [0.164ms - 4.968ms]
openfile5            26575ops       30ops/s   0.0mb/s    2.510ms/op [0.495ms - 3957.294ms]
closefile4           26575ops       30ops/s   0.0mb/s    0.014ms/op [0.008ms - 0.414ms]
readfile4            26575ops       30ops/s   0.4mb/s    0.722ms/op [0.168ms - 4.636ms]
openfile4            26575ops       30ops/s   0.0mb/s    3.002ms/op [0.480ms - 3946.697ms]
closefile3           26575ops       30ops/s   0.0mb/s    0.015ms/op [0.008ms - 1.164ms]
readfile3            26575ops       30ops/s   0.5mb/s    0.771ms/op [0.164ms - 8.289ms]
openfile3            26575ops       30ops/s   0.0mb/s    2.841ms/op [0.471ms - 3424.361ms]
closefile2           26575ops       30ops/s   0.0mb/s    0.014ms/op [0.008ms - 0.527ms]
readfile2            26575ops       30ops/s   0.4mb/s    0.726ms/op [0.194ms - 4.485ms]
openfile2            26575ops       30ops/s   0.0mb/s    2.181ms/op [0.475ms - 3909.627ms]
closefile1           26575ops       30ops/s   0.0mb/s    0.014ms/op [0.009ms - 0.162ms]
readfile1            26575ops       30ops/s   0.4mb/s    0.713ms/op [0.167ms - 5.561ms]
openfile1            26575ops       30ops/s   0.0mb/s    2.451ms/op [0.495ms - 3817.456ms]
905.373: IO Summary: 823813 ops 915.274 ops/s 295/30 rd/wr   4.6mb/s 1.091ms/op
905.373: Shutting down processes

Run: #3,wl_name:webserver-smart,wl_path:shared_dir/workloads-filebench/macro/webserver.f,fs:lsfs


Filebench Version 1.5-alpha3
0.000: Allocated 177MB of shared memory
0.285: Populating and pre-allocating filesets
0.287: logfiles populated: 1 files, avg. dir. width = 20, avg. dir. depth = 0.0, 0 leafdirs, 0.002MB total size
0.288: Removing logfiles tree (if exists)
0.300: Pre-allocating directories in logfiles tree
0.307: Pre-allocating files in logfiles tree
0.312: bigfileset populated: 1000 files, avg. dir. width = 20, avg. dir. depth = 2.3, 0 leafdirs, 14.760MB total size
0.312: Removing bigfileset tree (if exists)
0.313: Pre-allocating directories in bigfileset tree
0.524: Pre-allocating files in bigfileset tree
8.130: Waiting for pre-allocation to finish (in case of a parallel pre-allocation)
8.130: Population and pre-allocation of filesets completed
8.130: Starting 1 filereader instances
9.135: Running...
909.216: Run took 900 seconds...
909.217: Per-Operation Breakdown
appendlog            24101ops       27ops/s   0.2mb/s    3.211ms/op [0.413ms - 2034.097ms]
closefile10          24100ops       27ops/s   0.0mb/s    0.014ms/op [0.008ms - 0.426ms]
readfile10           24100ops       27ops/s   0.4mb/s    0.704ms/op [0.157ms - 5.519ms]
openfile10           24100ops       27ops/s   0.0mb/s    4.129ms/op [0.480ms - 3910.178ms]
closefile9           24100ops       27ops/s   0.0mb/s    0.014ms/op [0.008ms - 1.031ms]
readfile9            24100ops       27ops/s   0.4mb/s    0.684ms/op [0.157ms - 5.195ms]
openfile9            24100ops       27ops/s   0.0mb/s    1.550ms/op [0.479ms - 3920.595ms]
closefile8           24100ops       27ops/s   0.0mb/s    0.014ms/op [0.008ms - 1.665ms]
readfile8            24100ops       27ops/s   0.4mb/s    0.693ms/op [0.155ms - 4.788ms]
openfile8            24100ops       27ops/s   0.0mb/s    2.320ms/op [0.470ms - 3926.947ms]
closefile7           24100ops       27ops/s   0.0mb/s    0.014ms/op [0.008ms - 0.330ms]
readfile7            24100ops       27ops/s   0.4mb/s    0.703ms/op [0.160ms - 5.650ms]
openfile7            24100ops       27ops/s   0.0mb/s    1.916ms/op [0.479ms - 3910.875ms]
closefile6           24100ops       27ops/s   0.0mb/s    0.014ms/op [0.009ms - 0.293ms]
readfile6            24100ops       27ops/s   0.4mb/s    0.702ms/op [0.159ms - 7.988ms]
openfile6            24100ops       27ops/s   0.0mb/s    2.081ms/op [0.480ms - 5107.968ms]
closefile5           24100ops       27ops/s   0.0mb/s    0.014ms/op [0.009ms - 0.502ms]
readfile5            24100ops       27ops/s   0.4mb/s    0.675ms/op [0.156ms - 6.249ms]
openfile5            24100ops       27ops/s   0.0mb/s    1.975ms/op [0.473ms - 3886.105ms]
closefile4           24100ops       27ops/s   0.0mb/s    0.014ms/op [0.008ms - 0.655ms]
readfile4            24100ops       27ops/s   0.4mb/s    0.704ms/op [0.165ms - 6.169ms]
openfile4            24100ops       27ops/s   0.0mb/s    4.518ms/op [0.483ms - 5915.736ms]
closefile3           24100ops       27ops/s   0.0mb/s    0.014ms/op [0.008ms - 0.128ms]
readfile3            24100ops       27ops/s   0.5mb/s    0.738ms/op [0.163ms - 8.502ms]
openfile3            24100ops       27ops/s   0.0mb/s    3.236ms/op [0.483ms - 3966.047ms]
closefile2           24100ops       27ops/s   0.0mb/s    0.014ms/op [0.008ms - 0.452ms]
readfile2            24100ops       27ops/s   0.4mb/s    0.709ms/op [0.168ms - 5.235ms]
openfile2            24100ops       27ops/s   0.0mb/s    2.254ms/op [0.483ms - 3989.680ms]
closefile1           24100ops       27ops/s   0.0mb/s    0.015ms/op [0.009ms - 0.240ms]
readfile1            24100ops       27ops/s   0.4mb/s    0.696ms/op [0.162ms - 9.957ms]
openfile1            24100ops       27ops/s   0.0mb/s    2.931ms/op [0.490ms - 4007.673ms]
909.217: IO Summary: 747101 ops 830.038 ops/s 268/27 rd/wr   4.2mb/s 1.202ms/op
909.217: Shutting down processes
