
Run: #1,wl_name:webserver-anti_entropy-300,wl_path:shared_dir/workloads-filebench/macro/webserver.f,fs:lsfs


Filebench Version 1.5-alpha3
0.000: Allocated 177MB of shared memory
0.068: Populating and pre-allocating filesets
0.070: logfiles populated: 1 files, avg. dir. width = 20, avg. dir. depth = 0.0, 0 leafdirs, 0.002MB total size
0.070: Removing logfiles tree (if exists)
0.083: Pre-allocating directories in logfiles tree
0.089: Pre-allocating files in logfiles tree
0.094: bigfileset populated: 1000 files, avg. dir. width = 20, avg. dir. depth = 2.3, 0 leafdirs, 14.760MB total size
0.095: Removing bigfileset tree (if exists)
0.096: Pre-allocating directories in bigfileset tree
0.307: Pre-allocating files in bigfileset tree
9.524: Waiting for pre-allocation to finish (in case of a parallel pre-allocation)
9.524: Population and pre-allocation of filesets completed
9.524: Starting 1 filereader instances
10.528: Running...
910.597: Run took 900 seconds...
910.598: Per-Operation Breakdown
appendlog            19020ops       21ops/s   0.2mb/s    3.504ms/op [0.390ms - 2027.739ms]
closefile10          19019ops       21ops/s   0.0mb/s    0.014ms/op [0.008ms - 0.226ms]
readfile10           19019ops       21ops/s   0.3mb/s    1.851ms/op [0.158ms - 17.755ms]
openfile10           19019ops       21ops/s   0.0mb/s    3.065ms/op [0.476ms - 3599.688ms]
closefile9           19019ops       21ops/s   0.0mb/s    0.014ms/op [0.008ms - 0.139ms]
readfile9            19019ops       21ops/s   0.3mb/s    1.795ms/op [0.155ms - 7.735ms]
openfile9            19019ops       21ops/s   0.0mb/s    1.577ms/op [0.480ms - 2002.342ms]
closefile8           19019ops       21ops/s   0.0mb/s    0.014ms/op [0.008ms - 0.117ms]
readfile8            19019ops       21ops/s   0.3mb/s    1.766ms/op [0.153ms - 8.894ms]
openfile8            19019ops       21ops/s   0.0mb/s    2.356ms/op [0.471ms - 3868.137ms]
closefile7           19020ops       21ops/s   0.0mb/s    0.014ms/op [0.008ms - 0.147ms]
readfile7            19020ops       21ops/s   0.3mb/s    1.953ms/op [0.160ms - 11.206ms]
openfile7            19020ops       21ops/s   0.0mb/s    1.382ms/op [0.473ms - 18.346ms]
closefile6           19020ops       21ops/s   0.0mb/s    0.014ms/op [0.008ms - 0.125ms]
readfile6            19020ops       21ops/s   0.3mb/s    1.820ms/op [0.154ms - 11.227ms]
openfile6            19020ops       21ops/s   0.0mb/s    2.443ms/op [0.483ms - 4006.679ms]
closefile5           19020ops       21ops/s   0.0mb/s    0.014ms/op [0.009ms - 0.158ms]
readfile5            19020ops       21ops/s   0.3mb/s    1.692ms/op [0.155ms - 10.891ms]
openfile5            19020ops       21ops/s   0.0mb/s    2.803ms/op [0.500ms - 4005.306ms]
closefile4           19020ops       21ops/s   0.0mb/s    0.014ms/op [0.008ms - 0.163ms]
readfile4            19020ops       21ops/s   0.3mb/s    1.820ms/op [0.160ms - 10.498ms]
openfile4            19020ops       21ops/s   0.0mb/s    3.091ms/op [0.483ms - 3781.112ms]
closefile3           19020ops       21ops/s   0.0mb/s    0.014ms/op [0.009ms - 0.235ms]
readfile3            19020ops       21ops/s   0.4mb/s    2.045ms/op [0.164ms - 13.516ms]
openfile3            19020ops       21ops/s   0.0mb/s    2.891ms/op [0.487ms - 3965.985ms]
closefile2           19020ops       21ops/s   0.0mb/s    0.014ms/op [0.009ms - 0.187ms]
readfile2            19020ops       21ops/s   0.3mb/s    1.816ms/op [0.158ms - 9.936ms]
openfile2            19020ops       21ops/s   0.0mb/s    2.953ms/op [0.486ms - 4006.392ms]
closefile1           19020ops       21ops/s   0.0mb/s    0.014ms/op [0.009ms - 0.140ms]
readfile1            19020ops       21ops/s   0.3mb/s    1.766ms/op [0.163ms - 9.709ms]
openfile1            19020ops       21ops/s   0.0mb/s    2.643ms/op [0.481ms - 3792.568ms]
910.598: IO Summary: 589611 ops 655.073 ops/s 211/21 rd/wr   3.3mb/s 1.522ms/op
910.598: Shutting down processes

Run: #2,wl_name:webserver-anti_entropy-300,wl_path:shared_dir/workloads-filebench/macro/webserver.f,fs:lsfs


Filebench Version 1.5-alpha3
0.000: Allocated 177MB of shared memory
0.067: Populating and pre-allocating filesets
0.069: logfiles populated: 1 files, avg. dir. width = 20, avg. dir. depth = 0.0, 0 leafdirs, 0.002MB total size
0.069: Removing logfiles tree (if exists)
0.081: Pre-allocating directories in logfiles tree
0.086: Pre-allocating files in logfiles tree
0.090: bigfileset populated: 1000 files, avg. dir. width = 20, avg. dir. depth = 2.3, 0 leafdirs, 14.760MB total size
0.091: Removing bigfileset tree (if exists)
0.093: Pre-allocating directories in bigfileset tree
0.297: Pre-allocating files in bigfileset tree
16.054: Waiting for pre-allocation to finish (in case of a parallel pre-allocation)
16.054: Population and pre-allocation of filesets completed
16.054: Starting 1 filereader instances
17.059: Running...
917.128: Run took 900 seconds...
917.128: Per-Operation Breakdown
appendlog            18698ops       21ops/s   0.2mb/s    2.798ms/op [0.397ms - 2004.485ms]
closefile10          18697ops       21ops/s   0.0mb/s    0.014ms/op [0.008ms - 0.285ms]
readfile10           18697ops       21ops/s   0.3mb/s    1.833ms/op [0.161ms - 9.531ms]
openfile10           18697ops       21ops/s   0.0mb/s    3.410ms/op [0.481ms - 3712.102ms]
closefile9           18697ops       21ops/s   0.0mb/s    0.014ms/op [0.008ms - 0.252ms]
readfile9            18697ops       21ops/s   0.3mb/s    1.809ms/op [0.154ms - 17.465ms]
openfile9            18697ops       21ops/s   0.0mb/s    2.354ms/op [0.485ms - 4005.940ms]
closefile8           18697ops       21ops/s   0.0mb/s    0.014ms/op [0.008ms - 0.108ms]
readfile8            18697ops       21ops/s   0.3mb/s    1.832ms/op [0.159ms - 9.057ms]
openfile8            18697ops       21ops/s   0.0mb/s    2.953ms/op [0.485ms - 3925.322ms]
closefile7           18697ops       21ops/s   0.0mb/s    0.014ms/op [0.008ms - 0.449ms]
readfile7            18697ops       21ops/s   0.3mb/s    1.963ms/op [0.157ms - 18.277ms]
openfile7            18698ops       21ops/s   0.0mb/s    1.545ms/op [0.484ms - 1974.234ms]
closefile6           18698ops       21ops/s   0.0mb/s    0.014ms/op [0.008ms - 0.087ms]
readfile6            18698ops       21ops/s   0.3mb/s    1.880ms/op [0.155ms - 10.342ms]
openfile6            18698ops       21ops/s   0.0mb/s    2.379ms/op [0.484ms - 4005.633ms]
closefile5           18698ops       21ops/s   0.0mb/s    0.014ms/op [0.008ms - 0.098ms]
readfile5            18698ops       21ops/s   0.3mb/s    1.650ms/op [0.157ms - 8.049ms]
openfile5            18698ops       21ops/s   0.0mb/s    2.017ms/op [0.476ms - 3698.004ms]
closefile4           18698ops       21ops/s   0.0mb/s    0.014ms/op [0.008ms - 0.655ms]
readfile4            18698ops       21ops/s   0.3mb/s    1.813ms/op [0.160ms - 11.171ms]
openfile4            18698ops       21ops/s   0.0mb/s    3.196ms/op [0.478ms - 3955.323ms]
closefile3           18698ops       21ops/s   0.0mb/s    0.014ms/op [0.008ms - 0.150ms]
readfile3            18698ops       21ops/s   0.4mb/s    2.085ms/op [0.166ms - 11.357ms]
openfile3            18698ops       21ops/s   0.0mb/s    3.182ms/op [0.486ms - 3958.674ms]
closefile2           18698ops       21ops/s   0.0mb/s    0.014ms/op [0.008ms - 0.176ms]
readfile2            18698ops       21ops/s   0.3mb/s    1.829ms/op [0.167ms - 9.787ms]
openfile2            18698ops       21ops/s   0.0mb/s    2.358ms/op [0.469ms - 3842.124ms]
closefile1           18698ops       21ops/s   0.0mb/s    0.014ms/op [0.008ms - 0.128ms]
readfile1            18698ops       21ops/s   0.3mb/s    1.783ms/op [0.161ms - 14.324ms]
openfile1            18698ops       21ops/s   0.0mb/s    3.282ms/op [0.490ms - 4005.924ms]
917.128: IO Summary: 579627 ops 643.981 ops/s 208/21 rd/wr   3.2mb/s 1.551ms/op
917.128: Shutting down processes

Run: #3,wl_name:webserver-anti_entropy-300,wl_path:shared_dir/workloads-filebench/macro/webserver.f,fs:lsfs


Filebench Version 1.5-alpha3
0.000: Allocated 177MB of shared memory
0.062: Populating and pre-allocating filesets
0.064: logfiles populated: 1 files, avg. dir. width = 20, avg. dir. depth = 0.0, 0 leafdirs, 0.002MB total size
0.064: Removing logfiles tree (if exists)
0.075: Pre-allocating directories in logfiles tree
0.080: Pre-allocating files in logfiles tree
0.086: bigfileset populated: 1000 files, avg. dir. width = 20, avg. dir. depth = 2.3, 0 leafdirs, 14.760MB total size
0.086: Removing bigfileset tree (if exists)
0.088: Pre-allocating directories in bigfileset tree
0.293: Pre-allocating files in bigfileset tree
6.298: Waiting for pre-allocation to finish (in case of a parallel pre-allocation)
6.298: Population and pre-allocation of filesets completed
6.298: Starting 1 filereader instances
7.302: Running...
907.372: Run took 900 seconds...
907.373: Per-Operation Breakdown
appendlog            18291ops       20ops/s   0.2mb/s    2.651ms/op [0.367ms - 31.100ms]
closefile10          18290ops       20ops/s   0.0mb/s    0.014ms/op [0.008ms - 0.292ms]
readfile10           18290ops       20ops/s   0.3mb/s    1.841ms/op [0.157ms - 10.021ms]
openfile10           18290ops       20ops/s   0.0mb/s    4.029ms/op [0.483ms - 3957.965ms]
closefile9           18290ops       20ops/s   0.0mb/s    0.014ms/op [0.008ms - 0.105ms]
readfile9            18290ops       20ops/s   0.3mb/s    1.725ms/op [0.154ms - 8.294ms]
openfile9            18291ops       20ops/s   0.0mb/s    1.657ms/op [0.484ms - 1951.921ms]
closefile8           18291ops       20ops/s   0.0mb/s    0.014ms/op [0.009ms - 0.151ms]
readfile8            18291ops       20ops/s   0.3mb/s    1.748ms/op [0.159ms - 8.722ms]
openfile8            18291ops       20ops/s   0.0mb/s    2.140ms/op [0.483ms - 3646.086ms]
closefile7           18291ops       20ops/s   0.0mb/s    0.014ms/op [0.009ms - 0.327ms]
readfile7            18291ops       20ops/s   0.3mb/s    1.954ms/op [0.163ms - 10.735ms]
openfile7            18291ops       20ops/s   0.0mb/s    1.778ms/op [0.489ms - 2165.624ms]
closefile6           18291ops       20ops/s   0.0mb/s    0.014ms/op [0.008ms - 0.162ms]
readfile6            18291ops       20ops/s   0.3mb/s    1.784ms/op [0.157ms - 10.927ms]
openfile6            18291ops       20ops/s   0.0mb/s    1.923ms/op [0.483ms - 3548.992ms]
closefile5           18291ops       20ops/s   0.0mb/s    0.014ms/op [0.008ms - 0.180ms]
readfile5            18291ops       20ops/s   0.3mb/s    1.629ms/op [0.155ms - 21.592ms]
openfile5            18291ops       20ops/s   0.0mb/s    2.623ms/op [0.481ms - 4006.805ms]
closefile4           18291ops       20ops/s   0.0mb/s    0.014ms/op [0.008ms - 0.236ms]
readfile4            18291ops       20ops/s   0.3mb/s    1.815ms/op [0.160ms - 17.657ms]
openfile4            18291ops       20ops/s   0.0mb/s    5.091ms/op [0.486ms - 3955.225ms]
closefile3           18291ops       20ops/s   0.0mb/s    0.014ms/op [0.009ms - 0.141ms]
readfile3            18291ops       20ops/s   0.3mb/s    2.020ms/op [0.164ms - 11.245ms]
openfile3            18291ops       20ops/s   0.0mb/s    2.885ms/op [0.474ms - 3831.806ms]
closefile2           18291ops       20ops/s   0.0mb/s    0.014ms/op [0.009ms - 0.157ms]
readfile2            18291ops       20ops/s   0.3mb/s    1.785ms/op [0.168ms - 8.035ms]
openfile2            18291ops       20ops/s   0.0mb/s    2.523ms/op [0.478ms - 3831.394ms]
closefile1           18291ops       20ops/s   0.0mb/s    0.014ms/op [0.008ms - 2.211ms]
readfile1            18291ops       20ops/s   0.3mb/s    1.724ms/op [0.167ms - 14.312ms]
openfile1            18291ops       20ops/s   0.0mb/s    3.694ms/op [0.495ms - 3924.679ms]
907.373: IO Summary: 567016 ops 629.969 ops/s 203/20 rd/wr   3.2mb/s 1.586ms/op
907.373: Shutting down processes