
Run: #1,wl_name:stat-1th-cache_on-30000,wl_path:shared_dir/workloads-filebench/metadata-micro/stat-1th.f,fs:lsfs


Filebench Version 1.5-alpha3
0.000: Allocated 177MB of shared memory
0.001: Populating and pre-allocating filesets
0.023: fileset1 populated: 75000 files, avg. dir. width = 250, avg. dir. depth = 2.0, 0 leafdirs, 292.969MB total size
0.024: Removing fileset1 tree (if exists)
0.059: Pre-allocating directories in fileset1 tree
1.084: Pre-allocating files in fileset1 tree
419.435: Waiting for pre-allocation to finish (in case of a parallel pre-allocation)
419.435: Population and pre-allocation of filesets completed
419.830: Attempting to create fileset more than once, ignoring
419.830: Starting 1 process1 instances
421.703: Running...
1321.789: Run took 900 seconds...
1321.789: Per-Operation Breakdown
stat1                500729ops      556ops/s   0.0mb/s    1.789ms/op [0.419ms - 47.623ms]
1321.790: IO Summary: 500729 ops 556.312 ops/s 0/0 rd/wr   0.0mb/s 1.789ms/op
1321.790: Shutting down processes

Run: #2,wl_name:stat-1th-cache_on-30000,wl_path:shared_dir/workloads-filebench/metadata-micro/stat-1th.f,fs:lsfs


Filebench Version 1.5-alpha3
0.000: Allocated 177MB of shared memory
0.008: Populating and pre-allocating filesets
0.042: fileset1 populated: 75000 files, avg. dir. width = 250, avg. dir. depth = 2.0, 0 leafdirs, 292.969MB total size
0.043: Removing fileset1 tree (if exists)
0.077: Pre-allocating directories in fileset1 tree
1.635: Pre-allocating files in fileset1 tree
415.250: Waiting for pre-allocation to finish (in case of a parallel pre-allocation)
415.250: Population and pre-allocation of filesets completed
415.667: Attempting to create fileset more than once, ignoring
415.667: Starting 1 process1 instances
417.589: Running...
1317.672: Run took 900 seconds...
1317.673: Per-Operation Breakdown
stat1                464593ops      516ops/s   0.0mb/s    1.928ms/op [0.419ms - 44.760ms]
1317.673: IO Summary: 464593 ops 516.167 ops/s 0/0 rd/wr   0.0mb/s 1.928ms/op
1317.673: Shutting down processes

Run: #3,wl_name:stat-1th-cache_on-30000,wl_path:shared_dir/workloads-filebench/metadata-micro/stat-1th.f,fs:lsfs


Filebench Version 1.5-alpha3
0.000: Allocated 177MB of shared memory
0.008: Populating and pre-allocating filesets
0.043: fileset1 populated: 75000 files, avg. dir. width = 250, avg. dir. depth = 2.0, 0 leafdirs, 292.969MB total size
0.043: Removing fileset1 tree (if exists)
0.076: Pre-allocating directories in fileset1 tree
1.921: Pre-allocating files in fileset1 tree
410.065: Waiting for pre-allocation to finish (in case of a parallel pre-allocation)
410.065: Population and pre-allocation of filesets completed
410.846: Attempting to create fileset more than once, ignoring
410.846: Starting 1 process1 instances
412.463: Running...
1312.547: Run took 900 seconds...
1312.547: Per-Operation Breakdown
stat1                461425ops      513ops/s   0.0mb/s    1.941ms/op [0.418ms - 45.030ms]
1312.547: IO Summary: 461425 ops 512.646 ops/s 0/0 rd/wr   0.0mb/s 1.941ms/op
1312.547: Shutting down processes
