
Run: #1,wl_name:create-1th-cache_on-30000,wl_path:shared_dir/workloads-filebench/metadata-micro/create-1th.f,fs:lsfs


Filebench Version 1.5-alpha3
0.000: Allocated 177MB of shared memory
0.001: Populating and pre-allocating filesets
0.038: fileset-1 populated: 75000 files, avg. dir. width = 250, avg. dir. depth = 2.0, 0 leafdirs, 292.969MB total size
0.039: Removing fileset-1 tree (if exists)
0.070: Pre-allocating directories in fileset-1 tree
1.921: Pre-allocating files in fileset-1 tree
2.044: Waiting for pre-allocation to finish (in case of a parallel pre-allocation)
2.044: Population and pre-allocation of filesets completed
3.132: Attempting to create fileset more than once, ignoring
3.132: Starting 1 process-1 instances
5.673: Running...
469.721: Run took 464 seconds...
469.721: Per-Operation Breakdown
finishoncount-1      1ops        0ops/s   0.0mb/s    0.000ms/op [0.000ms - 0.000ms]
createwriteclose-1.closefile-1 75000ops      162ops/s   0.0mb/s    2.910ms/op [0.537ms - 23.159ms]
createwriteclose-1.write-1 75000ops      162ops/s   0.6mb/s    0.933ms/op [0.173ms - 8.573ms]
createwriteclose-1.createfile-1 75000ops      162ops/s   0.0mb/s    2.310ms/op [0.285ms - 42.184ms]
createwriteclose-1   0ops        0ops/s   0.0mb/s    0.000ms/op [0.000ms - 0.000ms]
469.722: IO Summary: 225000 ops 484.863 ops/s 0/162 rd/wr   0.6mb/s 2.051ms/op
469.722: Shutting down processes

Run: #2,wl_name:create-1th-cache_on-30000,wl_path:shared_dir/workloads-filebench/metadata-micro/create-1th.f,fs:lsfs


Filebench Version 1.5-alpha3
0.000: Allocated 177MB of shared memory
0.008: Populating and pre-allocating filesets
0.030: fileset-1 populated: 75000 files, avg. dir. width = 250, avg. dir. depth = 2.0, 0 leafdirs, 292.969MB total size
0.030: Removing fileset-1 tree (if exists)
0.158: Pre-allocating directories in fileset-1 tree
1.194: Pre-allocating files in fileset-1 tree
1.301: Waiting for pre-allocation to finish (in case of a parallel pre-allocation)
1.301: Population and pre-allocation of filesets completed
3.096: Attempting to create fileset more than once, ignoring
3.096: Starting 1 process-1 instances
4.920: Running...
464.972: Run took 460 seconds...
464.972: Per-Operation Breakdown
finishoncount-1      1ops        0ops/s   0.0mb/s    0.000ms/op [0.000ms - 0.000ms]
createwriteclose-1.closefile-1 75000ops      163ops/s   0.0mb/s    2.887ms/op [0.606ms - 33.803ms]
createwriteclose-1.write-1 75000ops      163ops/s   0.6mb/s    0.927ms/op [0.165ms - 8.317ms]
createwriteclose-1.createfile-1 75000ops      163ops/s   0.0mb/s    2.286ms/op [0.279ms - 45.521ms]
createwriteclose-1   0ops        0ops/s   0.0mb/s    0.000ms/op [0.000ms - 0.000ms]
464.972: IO Summary: 225000 ops 489.075 ops/s 0/163 rd/wr   0.6mb/s 2.033ms/op
464.972: Shutting down processes

Run: #3,wl_name:create-1th-cache_on-30000,wl_path:shared_dir/workloads-filebench/metadata-micro/create-1th.f,fs:lsfs


Filebench Version 1.5-alpha3
0.000: Allocated 177MB of shared memory
0.008: Populating and pre-allocating filesets
0.042: fileset-1 populated: 75000 files, avg. dir. width = 250, avg. dir. depth = 2.0, 0 leafdirs, 292.969MB total size
0.043: Removing fileset-1 tree (if exists)
0.075: Pre-allocating directories in fileset-1 tree
1.843: Pre-allocating files in fileset-1 tree
1.966: Waiting for pre-allocation to finish (in case of a parallel pre-allocation)
1.966: Population and pre-allocation of filesets completed
3.839: Attempting to create fileset more than once, ignoring
3.840: Starting 1 process-1 instances
5.537: Running...
469.582: Run took 464 seconds...
469.582: Per-Operation Breakdown
finishoncount-1      1ops        0ops/s   0.0mb/s    0.000ms/op [0.000ms - 0.000ms]
createwriteclose-1.closefile-1 75000ops      162ops/s   0.0mb/s    2.908ms/op [0.499ms - 25.616ms]
createwriteclose-1.write-1 75000ops      162ops/s   0.6mb/s    0.933ms/op [0.171ms - 9.509ms]
createwriteclose-1.createfile-1 75000ops      162ops/s   0.0mb/s    2.314ms/op [0.268ms - 46.015ms]
createwriteclose-1   0ops        0ops/s   0.0mb/s    0.000ms/op [0.000ms - 0.000ms]
469.582: IO Summary: 225000 ops 484.867 ops/s 0/162 rd/wr   0.6mb/s 2.051ms/op
469.582: Shutting down processes
