
Run: #1,wl_name:delete-1th-cache_off,wl_path:shared_dir/workloads-filebench/metadata-micro/delete-1th.f,fs:lsfs


Filebench Version 1.5-alpha3
0.000: Allocated 177MB of shared memory
0.001: Populating and pre-allocating filesets
0.024: fileset1 populated: 75000 files, avg. dir. width = 250, avg. dir. depth = 2.0, 0 leafdirs, 292.969MB total size
0.026: Removing fileset1 tree (if exists)
0.064: Pre-allocating directories in fileset1 tree
4.461: Pre-allocating files in fileset1 tree
979.936: Waiting for pre-allocation to finish (in case of a parallel pre-allocation)
979.936: Population and pre-allocation of filesets completed
980.316: Attempting to create fileset more than once, ignoring
980.316: Starting 1 process1 instances
982.271: Running...
1882.366: Run took 900 seconds...
1882.366: Per-Operation Breakdown
finish1              0ops        0ops/s   0.0mb/s    0.000ms/op [0.000ms - 0.000ms]
delete1              64177ops       71ops/s   0.0mb/s   14.005ms/op [6.345ms - 55.686ms]
1882.366: IO Summary: 64177 ops 71.300 ops/s 0/0 rd/wr   0.0mb/s 14.005ms/op
1882.366: Shutting down processes

Run: #2,wl_name:delete-1th-cache_off,wl_path:shared_dir/workloads-filebench/metadata-micro/delete-1th.f,fs:lsfs


Filebench Version 1.5-alpha3
0.000: Allocated 177MB of shared memory
0.007: Populating and pre-allocating filesets
0.030: fileset1 populated: 75000 files, avg. dir. width = 250, avg. dir. depth = 2.0, 0 leafdirs, 292.969MB total size
0.032: Removing fileset1 tree (if exists)
0.067: Pre-allocating directories in fileset1 tree
5.492: Pre-allocating files in fileset1 tree
988.664: Waiting for pre-allocation to finish (in case of a parallel pre-allocation)
988.664: Population and pre-allocation of filesets completed
989.333: Attempting to create fileset more than once, ignoring
989.333: Starting 1 process1 instances
991.857: Running...
1891.960: Run took 900 seconds...
1891.960: Per-Operation Breakdown
finish1              0ops        0ops/s   0.0mb/s    0.000ms/op [0.000ms - 0.000ms]
delete1              63914ops       71ops/s   0.0mb/s   14.063ms/op [6.693ms - 56.646ms]
1891.960: IO Summary: 63914 ops 71.007 ops/s 0/0 rd/wr   0.0mb/s 14.063ms/op
1891.960: Shutting down processes

Run: #3,wl_name:delete-1th-cache_off,wl_path:shared_dir/workloads-filebench/metadata-micro/delete-1th.f,fs:lsfs


Filebench Version 1.5-alpha3
0.000: Allocated 177MB of shared memory
0.008: Populating and pre-allocating filesets
0.043: fileset1 populated: 75000 files, avg. dir. width = 250, avg. dir. depth = 2.0, 0 leafdirs, 292.969MB total size
0.045: Removing fileset1 tree (if exists)
0.077: Pre-allocating directories in fileset1 tree
5.449: Pre-allocating files in fileset1 tree
982.545: Waiting for pre-allocation to finish (in case of a parallel pre-allocation)
982.545: Population and pre-allocation of filesets completed
983.154: Attempting to create fileset more than once, ignoring
983.155: Starting 1 process1 instances
984.949: Running...
1885.045: Run took 900 seconds...
1885.045: Per-Operation Breakdown
finish1              0ops        0ops/s   0.0mb/s    0.000ms/op [0.000ms - 0.000ms]
delete1              64185ops       71ops/s   0.0mb/s   14.003ms/op [7.103ms - 56.189ms]
1885.045: IO Summary: 64185 ops 71.309 ops/s 0/0 rd/wr   0.0mb/s 14.003ms/op
1885.045: Shutting down processes
