
Run: #1,wl_name:delete-1th-cache_on-30000,wl_path:shared_dir/workloads-filebench/metadata-micro/delete-1th.f,fs:lsfs


Filebench Version 1.5-alpha3
0.000: Allocated 177MB of shared memory
0.001: Populating and pre-allocating filesets
0.023: fileset1 populated: 75000 files, avg. dir. width = 250, avg. dir. depth = 2.0, 0 leafdirs, 292.969MB total size
0.024: Removing fileset1 tree (if exists)
0.063: Pre-allocating directories in fileset1 tree
1.858: Pre-allocating files in fileset1 tree
412.255: Waiting for pre-allocation to finish (in case of a parallel pre-allocation)
412.255: Population and pre-allocation of filesets completed
412.625: Attempting to create fileset more than once, ignoring
412.625: Starting 1 process1 instances
414.459: Running...
844.501: Run took 430 seconds...
844.501: Per-Operation Breakdown
finish1              1ops        0ops/s   0.0mb/s    0.000ms/op [0.000ms - 0.000ms]
delete1              75000ops      174ops/s   0.0mb/s    5.710ms/op [1.734ms - 49.381ms]
844.501: IO Summary: 75000 ops 174.402 ops/s 0/0 rd/wr   0.0mb/s 5.710ms/op
844.501: Shutting down processes

Run: #2,wl_name:delete-1th-cache_on-30000,wl_path:shared_dir/workloads-filebench/metadata-micro/delete-1th.f,fs:lsfs


Filebench Version 1.5-alpha3
0.000: Allocated 177MB of shared memory
0.007: Populating and pre-allocating filesets
0.029: fileset1 populated: 75000 files, avg. dir. width = 250, avg. dir. depth = 2.0, 0 leafdirs, 292.969MB total size
0.030: Removing fileset1 tree (if exists)
0.069: Pre-allocating directories in fileset1 tree
1.858: Pre-allocating files in fileset1 tree
406.481: Waiting for pre-allocation to finish (in case of a parallel pre-allocation)
406.481: Population and pre-allocation of filesets completed
406.883: Attempting to create fileset more than once, ignoring
406.883: Starting 1 process1 instances
409.803: Running...
844.852: Run took 435 seconds...
844.852: Per-Operation Breakdown
finish1              1ops        0ops/s   0.0mb/s    0.000ms/op [0.000ms - 0.000ms]
delete1              75000ops      172ops/s   0.0mb/s    5.770ms/op [1.666ms - 39.374ms]
844.852: IO Summary: 75000 ops 172.395 ops/s 0/0 rd/wr   0.0mb/s 5.770ms/op
844.852: Shutting down processes

Run: #3,wl_name:delete-1th-cache_on-30000,wl_path:shared_dir/workloads-filebench/metadata-micro/delete-1th.f,fs:lsfs


Filebench Version 1.5-alpha3
0.000: Allocated 177MB of shared memory
0.008: Populating and pre-allocating filesets
0.030: fileset1 populated: 75000 files, avg. dir. width = 250, avg. dir. depth = 2.0, 0 leafdirs, 292.969MB total size
0.031: Removing fileset1 tree (if exists)
0.062: Pre-allocating directories in fileset1 tree
1.058: Pre-allocating files in fileset1 tree
399.372: Waiting for pre-allocation to finish (in case of a parallel pre-allocation)
399.372: Population and pre-allocation of filesets completed
400.080: Attempting to create fileset more than once, ignoring
400.080: Starting 1 process1 instances
401.941: Running...
834.986: Run took 433 seconds...
834.987: Per-Operation Breakdown
finish1              1ops        0ops/s   0.0mb/s    0.000ms/op [0.000ms - 0.000ms]
delete1              75000ops      173ops/s   0.0mb/s    5.755ms/op [1.729ms - 48.937ms]
834.987: IO Summary: 75000 ops 173.192 ops/s 0/0 rd/wr   0.0mb/s 5.755ms/op
834.987: Shutting down processes
