
Run: #1,wl_name:seq-read-1th-4k-dynamic-4k,wl_path:shared_dir/workloads-filebench/read-data-micro/seq-read-1th.f,fs:lsfs


Filebench Version 1.5-alpha3
0.000: Allocated 177MB of shared memory
0.001: Populating and pre-allocating filesets
0.002: fileset-1 populated: 1 files, avg. dir. width = 1, avg. dir. depth = -nan, 0 leafdirs, 1024.000MB total size
0.002: Removing fileset-1 tree (if exists)
0.004: Pre-allocating directories in fileset-1 tree
0.008: Pre-allocating files in fileset-1 tree
86.131: Waiting for pre-allocation to finish (in case of a parallel pre-allocation)
86.131: Population and pre-allocation of filesets completed
86.589: Attempting to create fileset more than once, ignoring
86.589: Starting 1 process-1 instances
88.088: Running...
988.140: Run took 900 seconds...
988.140: Per-Operation Breakdown
finish-1             0ops        0ops/s   0.0mb/s    0.000ms/op [0.000ms - 0.000ms]
close-1              0ops        0ops/s   0.0mb/s    0.000ms/op [0.000ms - 0.000ms]
read-1               12214840ops    13571ops/s  53.0mb/s    0.073ms/op [0.010ms - 2.360ms]
open-1               1ops        0ops/s   0.0mb/s    8.965ms/op [8.965ms - 8.965ms]
988.140: IO Summary: 12214841 ops 13571.267 ops/s 13571/0 rd/wr  53.0mb/s 0.073ms/op
988.140: Shutting down processes

Run: #2,wl_name:seq-read-1th-4k-dynamic-4k,wl_path:shared_dir/workloads-filebench/read-data-micro/seq-read-1th.f,fs:lsfs


Filebench Version 1.5-alpha3
0.000: Allocated 177MB of shared memory
0.008: Populating and pre-allocating filesets
0.008: fileset-1 populated: 1 files, avg. dir. width = 1, avg. dir. depth = -nan, 0 leafdirs, 1024.000MB total size
0.009: Removing fileset-1 tree (if exists)
0.039: Pre-allocating directories in fileset-1 tree
0.045: Pre-allocating files in fileset-1 tree
101.978: Waiting for pre-allocation to finish (in case of a parallel pre-allocation)
101.978: Population and pre-allocation of filesets completed
102.210: Attempting to create fileset more than once, ignoring
102.210: Starting 1 process-1 instances
103.794: Running...
1003.847: Run took 900 seconds...
1003.847: Per-Operation Breakdown
finish-1             0ops        0ops/s   0.0mb/s    0.000ms/op [0.000ms - 0.000ms]
close-1              0ops        0ops/s   0.0mb/s    0.000ms/op [0.000ms - 0.000ms]
read-1               11563773ops    12848ops/s  50.2mb/s    0.077ms/op [0.010ms - 2.871ms]
open-1               1ops        0ops/s   0.0mb/s    8.820ms/op [8.820ms - 8.820ms]
1003.847: IO Summary: 11563774 ops 12847.894 ops/s 12848/0 rd/wr  50.2mb/s 0.077ms/op
1003.847: Shutting down processes
