
Run: #1,wl_name:create-1th-cache_off,wl_path:shared_dir/workloads-filebench/metadata-micro/create-1th.f,fs:lsfs


Filebench Version 1.5-alpha3
0.000: Allocated 177MB of shared memory
0.001: Populating and pre-allocating filesets
0.024: fileset-1 populated: 75000 files, avg. dir. width = 250, avg. dir. depth = 2.0, 0 leafdirs, 292.969MB total size
0.025: Removing fileset-1 tree (if exists)
0.047: Pre-allocating directories in fileset-1 tree
4.971: Pre-allocating files in fileset-1 tree
5.088: Waiting for pre-allocation to finish (in case of a parallel pre-allocation)
5.088: Population and pre-allocation of filesets completed
5.880: Attempting to create fileset more than once, ignoring
5.880: Starting 1 process-1 instances
7.287: Running...
907.379: Run took 900 seconds...
907.379: Per-Operation Breakdown
finishoncount-1      0ops        0ops/s   0.0mb/s    0.000ms/op [0.000ms - 0.000ms]
createwriteclose-1.closefile-1 34644ops       38ops/s   0.0mb/s    3.541ms/op [0.862ms - 11.411ms]
createwriteclose-1.write-1 34645ops       38ops/s   0.2mb/s    0.826ms/op [0.244ms - 7.820ms]
createwriteclose-1.createfile-1 34645ops       38ops/s   0.0mb/s   21.594ms/op [6.900ms - 27.604ms]
createwriteclose-1   0ops        0ops/s   0.0mb/s    0.000ms/op [0.000ms - 0.000ms]
907.379: IO Summary: 103934 ops 115.470 ops/s 0/38 rd/wr   0.2mb/s 8.654ms/op
907.379: Shutting down processes

Run: #2,wl_name:create-1th-cache_off,wl_path:shared_dir/workloads-filebench/metadata-micro/create-1th.f,fs:lsfs


Filebench Version 1.5-alpha3
0.000: Allocated 177MB of shared memory
0.001: Populating and pre-allocating filesets
0.023: fileset-1 populated: 75000 files, avg. dir. width = 250, avg. dir. depth = 2.0, 0 leafdirs, 292.969MB total size
0.024: Removing fileset-1 tree (if exists)
0.042: Pre-allocating directories in fileset-1 tree
5.073: Pre-allocating files in fileset-1 tree
5.194: Waiting for pre-allocation to finish (in case of a parallel pre-allocation)
5.194: Population and pre-allocation of filesets completed
5.967: Attempting to create fileset more than once, ignoring
5.968: Starting 1 process-1 instances
7.418: Running...
907.511: Run took 900 seconds...
907.511: Per-Operation Breakdown
finishoncount-1      0ops        0ops/s   0.0mb/s    0.000ms/op [0.000ms - 0.000ms]
createwriteclose-1.closefile-1 34639ops       38ops/s   0.0mb/s    3.541ms/op [0.963ms - 11.662ms]
createwriteclose-1.write-1 34639ops       38ops/s   0.2mb/s    0.826ms/op [0.202ms - 7.895ms]
createwriteclose-1.createfile-1 34639ops       38ops/s   0.0mb/s   21.597ms/op [7.247ms - 30.044ms]
createwriteclose-1   0ops        0ops/s   0.0mb/s    0.000ms/op [0.000ms - 0.000ms]
907.511: IO Summary: 103917 ops 115.451 ops/s 0/38 rd/wr   0.2mb/s 8.655ms/op
907.511: Shutting down processes

Run: #3,wl_name:create-1th-cache_off,wl_path:shared_dir/workloads-filebench/metadata-micro/create-1th.f,fs:lsfs


Filebench Version 1.5-alpha3
0.000: Allocated 177MB of shared memory
0.001: Populating and pre-allocating filesets
0.023: fileset-1 populated: 75000 files, avg. dir. width = 250, avg. dir. depth = 2.0, 0 leafdirs, 292.969MB total size
0.024: Removing fileset-1 tree (if exists)
0.046: Pre-allocating directories in fileset-1 tree
4.881: Pre-allocating files in fileset-1 tree
5.001: Waiting for pre-allocation to finish (in case of a parallel pre-allocation)
5.001: Population and pre-allocation of filesets completed
5.710: Attempting to create fileset more than once, ignoring
5.711: Starting 1 process-1 instances
7.156: Running...
907.248: Run took 900 seconds...
907.248: Per-Operation Breakdown
finishoncount-1      0ops        0ops/s   0.0mb/s    0.000ms/op [0.000ms - 0.000ms]
createwriteclose-1.closefile-1 34617ops       38ops/s   0.0mb/s    3.544ms/op [0.605ms - 11.449ms]
createwriteclose-1.write-1 34618ops       38ops/s   0.2mb/s    0.826ms/op [0.185ms - 7.946ms]
createwriteclose-1.createfile-1 34618ops       38ops/s   0.0mb/s   21.610ms/op [5.984ms - 58.248ms]
createwriteclose-1   0ops        0ops/s   0.0mb/s    0.000ms/op [0.000ms - 0.000ms]
907.248: IO Summary: 103853 ops 115.380 ops/s 0/38 rd/wr   0.2mb/s 8.660ms/op
907.248: Shutting down processes
