
Run: #1,wl_name:create-1th-cache_on-1000,wl_path:shared_dir/workloads-filebench/metadata-micro/create-1th.f,fs:lsfs


Filebench Version 1.5-alpha3
0.000: Allocated 177MB of shared memory
0.001: Populating and pre-allocating filesets
0.022: fileset-1 populated: 75000 files, avg. dir. width = 250, avg. dir. depth = 2.0, 0 leafdirs, 292.969MB total size
0.023: Removing fileset-1 tree (if exists)
0.044: Pre-allocating directories in fileset-1 tree
1.852: Pre-allocating files in fileset-1 tree
1.962: Waiting for pre-allocation to finish (in case of a parallel pre-allocation)
1.962: Population and pre-allocation of filesets completed
2.691: Attempting to create fileset more than once, ignoring
2.691: Starting 1 process-1 instances
4.112: Running...
457.153: Run took 453 seconds...
457.153: Per-Operation Breakdown
finishoncount-1      1ops        0ops/s   0.0mb/s    0.000ms/op [0.000ms - 0.000ms]
createwriteclose-1.closefile-1 75000ops      166ops/s   0.0mb/s    3.451ms/op [0.363ms - 14.519ms]
createwriteclose-1.write-1 75000ops      166ops/s   0.6mb/s    0.744ms/op [0.119ms - 7.678ms]
createwriteclose-1.createfile-1 75000ops      166ops/s   0.0mb/s    1.815ms/op [0.191ms - 7.133ms]
createwriteclose-1   0ops        0ops/s   0.0mb/s    0.000ms/op [0.000ms - 0.000ms]
457.153: IO Summary: 225000 ops 496.645 ops/s 0/166 rd/wr   0.6mb/s 2.003ms/op
457.153: Shutting down processes

Run: #2,wl_name:create-1th-cache_on-1000,wl_path:shared_dir/workloads-filebench/metadata-micro/create-1th.f,fs:lsfs


Filebench Version 1.5-alpha3
0.000: Allocated 177MB of shared memory
0.001: Populating and pre-allocating filesets
0.023: fileset-1 populated: 75000 files, avg. dir. width = 250, avg. dir. depth = 2.0, 0 leafdirs, 292.969MB total size
0.023: Removing fileset-1 tree (if exists)
0.043: Pre-allocating directories in fileset-1 tree
1.605: Pre-allocating files in fileset-1 tree
1.720: Waiting for pre-allocation to finish (in case of a parallel pre-allocation)
1.720: Population and pre-allocation of filesets completed
2.426: Attempting to create fileset more than once, ignoring
2.426: Starting 1 process-1 instances
4.005: Running...
461.047: Run took 457 seconds...
461.047: Per-Operation Breakdown
finishoncount-1      1ops        0ops/s   0.0mb/s    0.000ms/op [0.000ms - 0.000ms]
createwriteclose-1.closefile-1 75000ops      164ops/s   0.0mb/s    3.475ms/op [0.355ms - 14.293ms]
createwriteclose-1.write-1 75000ops      164ops/s   0.6mb/s    0.750ms/op [0.122ms - 9.627ms]
createwriteclose-1.createfile-1 75000ops      164ops/s   0.0mb/s    1.838ms/op [0.199ms - 9.081ms]
createwriteclose-1   0ops        0ops/s   0.0mb/s    0.000ms/op [0.000ms - 0.000ms]
461.047: IO Summary: 225000 ops 492.296 ops/s 0/164 rd/wr   0.6mb/s 2.021ms/op
461.047: Shutting down processes

Run: #3,wl_name:create-1th-cache_on-1000,wl_path:shared_dir/workloads-filebench/metadata-micro/create-1th.f,fs:lsfs


Filebench Version 1.5-alpha3
0.000: Allocated 177MB of shared memory
0.001: Populating and pre-allocating filesets
0.023: fileset-1 populated: 75000 files, avg. dir. width = 250, avg. dir. depth = 2.0, 0 leafdirs, 292.969MB total size
0.023: Removing fileset-1 tree (if exists)
0.042: Pre-allocating directories in fileset-1 tree
1.954: Pre-allocating files in fileset-1 tree
2.069: Waiting for pre-allocation to finish (in case of a parallel pre-allocation)
2.069: Population and pre-allocation of filesets completed
2.881: Attempting to create fileset more than once, ignoring
2.881: Starting 1 process-1 instances
4.343: Running...
453.384: Run took 449 seconds...
453.384: Per-Operation Breakdown
finishoncount-1      1ops        0ops/s   0.0mb/s    0.000ms/op [0.000ms - 0.000ms]
createwriteclose-1.closefile-1 75000ops      167ops/s   0.0mb/s    3.424ms/op [0.350ms - 16.104ms]
createwriteclose-1.write-1 75000ops      167ops/s   0.7mb/s    0.738ms/op [0.118ms - 8.530ms]
createwriteclose-1.createfile-1 75000ops      167ops/s   0.0mb/s    1.804ms/op [0.192ms - 7.464ms]
createwriteclose-1   0ops        0ops/s   0.0mb/s    0.000ms/op [0.000ms - 0.000ms]
453.384: IO Summary: 225000 ops 501.068 ops/s 0/167 rd/wr   0.7mb/s 1.989ms/op
453.384: Shutting down processes
