
Run: #1,wl_name:delete-1th-cache_off,wl_path:shared_dir/workloads-filebench/metadata-micro/delete-1th.f,fs:lsfs


Filebench Version 1.5-alpha3
0.000: Allocated 177MB of shared memory
0.001: Populating and pre-allocating filesets
0.024: fileset1 populated: 75000 files, avg. dir. width = 250, avg. dir. depth = 2.0, 0 leafdirs, 292.969MB total size
0.025: Removing fileset1 tree (if exists)
0.045: Pre-allocating directories in fileset1 tree
5.231: Pre-allocating files in fileset1 tree
1202.082: Waiting for pre-allocation to finish (in case of a parallel pre-allocation)
1202.082: Population and pre-allocation of filesets completed
1202.415: Attempting to create fileset more than once, ignoring
1202.415: Starting 1 process1 instances
1203.914: Running...
2104.008: Run took 900 seconds...
2104.008: Per-Operation Breakdown
finish1              0ops        0ops/s   0.0mb/s    0.000ms/op [0.000ms - 0.000ms]
delete1              45726ops       51ops/s   0.0mb/s   19.670ms/op [5.715ms - 32.725ms]
2104.008: IO Summary: 45726 ops 50.801 ops/s 0/0 rd/wr   0.0mb/s 19.670ms/op
2104.008: Shutting down processes

Run: #2,wl_name:delete-1th-cache_off,wl_path:shared_dir/workloads-filebench/metadata-micro/delete-1th.f,fs:lsfs


Filebench Version 1.5-alpha3
0.000: Allocated 177MB of shared memory
0.001: Populating and pre-allocating filesets
0.023: fileset1 populated: 75000 files, avg. dir. width = 250, avg. dir. depth = 2.0, 0 leafdirs, 292.969MB total size
0.023: Removing fileset1 tree (if exists)
0.042: Pre-allocating directories in fileset1 tree
5.123: Pre-allocating files in fileset1 tree
1206.011: Waiting for pre-allocation to finish (in case of a parallel pre-allocation)
1206.011: Population and pre-allocation of filesets completed
1206.331: Attempting to create fileset more than once, ignoring
1206.331: Starting 1 process1 instances
1208.016: Running...
2108.110: Run took 900 seconds...
2108.110: Per-Operation Breakdown
finish1              0ops        0ops/s   0.0mb/s    0.000ms/op [0.000ms - 0.000ms]
delete1              45760ops       51ops/s   0.0mb/s   19.656ms/op [5.945ms - 32.342ms]
2108.110: IO Summary: 45760 ops 50.839 ops/s 0/0 rd/wr   0.0mb/s 19.656ms/op
2108.110: Shutting down processes

Run: #3,wl_name:delete-1th-cache_off,wl_path:shared_dir/workloads-filebench/metadata-micro/delete-1th.f,fs:lsfs


Filebench Version 1.5-alpha3
0.000: Allocated 177MB of shared memory
0.001: Populating and pre-allocating filesets
0.023: fileset1 populated: 75000 files, avg. dir. width = 250, avg. dir. depth = 2.0, 0 leafdirs, 292.969MB total size
0.024: Removing fileset1 tree (if exists)
0.039: Pre-allocating directories in fileset1 tree
4.390: Pre-allocating files in fileset1 tree
1209.789: Waiting for pre-allocation to finish (in case of a parallel pre-allocation)
1209.789: Population and pre-allocation of filesets completed
1210.055: Attempting to create fileset more than once, ignoring
1210.056: Starting 1 process1 instances
1211.643: Running...
2111.738: Run took 900 seconds...
2111.738: Per-Operation Breakdown
finish1              0ops        0ops/s   0.0mb/s    0.000ms/op [0.000ms - 0.000ms]
delete1              45674ops       51ops/s   0.0mb/s   19.693ms/op [5.219ms - 32.345ms]
2111.738: IO Summary: 45674 ops 50.744 ops/s 0/0 rd/wr   0.0mb/s 19.693ms/op
2111.738: Shutting down processes
