
Run: #1,wl_name:seq-read-1th-128k-smart-4k,wl_path:shared_dir/workloads-filebench/read-data-micro/seq-read-1th.f,fs:lsfs


Filebench Version 1.5-alpha3
0.000: Allocated 177MB of shared memory
0.001: Populating and pre-allocating filesets
0.003: fileset-1 populated: 1 files, avg. dir. width = 1, avg. dir. depth = -nan, 0 leafdirs, 1024.000MB total size
0.003: Removing fileset-1 tree (if exists)
0.006: Pre-allocating directories in fileset-1 tree
0.013: Pre-allocating files in fileset-1 tree
200.160: Waiting for pre-allocation to finish (in case of a parallel pre-allocation)
200.160: Population and pre-allocation of filesets completed
200.247: Attempting to create fileset more than once, ignoring
200.247: Starting 1 process-1 instances
201.262: Running...
1101.317: Run took 900 seconds...
1101.317: Per-Operation Breakdown
finish-1             0ops        0ops/s   0.0mb/s    0.000ms/op [0.000ms - 0.000ms]
close-1              0ops        0ops/s   0.0mb/s    0.000ms/op [0.000ms - 0.000ms]
read-1               63496ops       71ops/s   8.8mb/s   14.173ms/op [0.016ms - 34.334ms]
open-1               1ops        0ops/s   0.0mb/s    5.991ms/op [5.991ms - 5.991ms]
1101.317: IO Summary: 63497 ops 70.548 ops/s 71/0 rd/wr   8.8mb/s 14.173ms/op
1101.317: Shutting down processes

Run: #2,wl_name:seq-read-1th-128k-smart-4k,wl_path:shared_dir/workloads-filebench/read-data-micro/seq-read-1th.f,fs:lsfs


Filebench Version 1.5-alpha3
0.000: Allocated 177MB of shared memory
0.001: Populating and pre-allocating filesets
0.003: fileset-1 populated: 1 files, avg. dir. width = 1, avg. dir. depth = -nan, 0 leafdirs, 1024.000MB total size
0.003: Removing fileset-1 tree (if exists)
0.006: Pre-allocating directories in fileset-1 tree
0.012: Pre-allocating files in fileset-1 tree
201.167: Waiting for pre-allocation to finish (in case of a parallel pre-allocation)
201.167: Population and pre-allocation of filesets completed
201.252: Attempting to create fileset more than once, ignoring
201.252: Starting 1 process-1 instances
202.267: Running...
1102.322: Run took 900 seconds...
1102.322: Per-Operation Breakdown
finish-1             0ops        0ops/s   0.0mb/s    0.000ms/op [0.000ms - 0.000ms]
close-1              0ops        0ops/s   0.0mb/s    0.000ms/op [0.000ms - 0.000ms]
read-1               69902ops       78ops/s   9.7mb/s   12.874ms/op [0.015ms - 31.307ms]
open-1               1ops        0ops/s   0.0mb/s    5.833ms/op [5.833ms - 5.833ms]
1102.322: IO Summary: 69903 ops 77.665 ops/s 78/0 rd/wr   9.7mb/s 12.874ms/op
1102.322: Shutting down processes

Run: #3,wl_name:seq-read-1th-128k-smart-4k,wl_path:shared_dir/workloads-filebench/read-data-micro/seq-read-1th.f,fs:lsfs


Filebench Version 1.5-alpha3
0.000: Allocated 177MB of shared memory
0.001: Populating and pre-allocating filesets
0.002: fileset-1 populated: 1 files, avg. dir. width = 1, avg. dir. depth = -nan, 0 leafdirs, 1024.000MB total size
0.003: Removing fileset-1 tree (if exists)
0.006: Pre-allocating directories in fileset-1 tree
0.013: Pre-allocating files in fileset-1 tree
201.396: Waiting for pre-allocation to finish (in case of a parallel pre-allocation)
201.396: Population and pre-allocation of filesets completed
201.504: Attempting to create fileset more than once, ignoring
201.505: Starting 1 process-1 instances
202.521: Running...
1102.577: Run took 900 seconds...
1102.577: Per-Operation Breakdown
finish-1             0ops        0ops/s   0.0mb/s    0.000ms/op [0.000ms - 0.000ms]
close-1              0ops        0ops/s   0.0mb/s    0.000ms/op [0.000ms - 0.000ms]
read-1               59217ops       66ops/s   8.2mb/s   15.197ms/op [0.015ms - 32.443ms]
open-1               1ops        0ops/s   0.0mb/s    5.835ms/op [5.835ms - 5.835ms]
1102.577: IO Summary: 59218 ops 65.794 ops/s 66/0 rd/wr   8.2mb/s 15.197ms/op
1102.577: Shutting down processes
