
Run: #1,wl_name:seq-read-1th-128k-smart-128k,wl_path:shared_dir/workloads-filebench/read-data-micro/seq-read-1th.f,fs:lsfs


Filebench Version 1.5-alpha3
0.000: Allocated 177MB of shared memory
0.001: Populating and pre-allocating filesets
0.002: fileset-1 populated: 1 files, avg. dir. width = 1, avg. dir. depth = -nan, 0 leafdirs, 1024.000MB total size
0.002: Removing fileset-1 tree (if exists)
0.004: Pre-allocating directories in fileset-1 tree
0.009: Pre-allocating files in fileset-1 tree
41.731: Waiting for pre-allocation to finish (in case of a parallel pre-allocation)
41.731: Population and pre-allocation of filesets completed
41.848: Attempting to create fileset more than once, ignoring
41.848: Starting 1 process-1 instances
42.863: Running...
942.943: Run took 900 seconds...
942.943: Per-Operation Breakdown
finish-1             0ops        0ops/s   0.0mb/s    0.000ms/op [0.000ms - 0.000ms]
close-1              0ops        0ops/s   0.0mb/s    0.000ms/op [0.000ms - 0.000ms]
read-1               110760ops      123ops/s  15.4mb/s    8.108ms/op [0.015ms - 2024.421ms]
open-1               1ops        0ops/s   0.0mb/s    1.798ms/op [1.798ms - 1.798ms]
942.943: IO Summary: 110761 ops 123.057 ops/s 123/0 rd/wr  15.4mb/s 8.108ms/op
942.943: Shutting down processes

Run: #2,wl_name:seq-read-1th-128k-smart-128k,wl_path:shared_dir/workloads-filebench/read-data-micro/seq-read-1th.f,fs:lsfs


Filebench Version 1.5-alpha3
0.000: Allocated 177MB of shared memory
0.001: Populating and pre-allocating filesets
0.003: fileset-1 populated: 1 files, avg. dir. width = 1, avg. dir. depth = -nan, 0 leafdirs, 1024.000MB total size
0.004: Removing fileset-1 tree (if exists)
0.008: Pre-allocating directories in fileset-1 tree
0.015: Pre-allocating files in fileset-1 tree
40.661: Waiting for pre-allocation to finish (in case of a parallel pre-allocation)
40.661: Population and pre-allocation of filesets completed
40.749: Attempting to create fileset more than once, ignoring
40.749: Starting 1 process-1 instances
41.764: Running...
941.875: Run took 900 seconds...
941.875: Per-Operation Breakdown
finish-1             0ops        0ops/s   0.0mb/s    0.000ms/op [0.000ms - 0.000ms]
close-1              0ops        0ops/s   0.0mb/s    0.000ms/op [0.000ms - 0.000ms]
read-1               80629ops       90ops/s  11.2mb/s   11.122ms/op [0.016ms - 2022.199ms]
open-1               1ops        0ops/s   0.0mb/s 3249.738ms/op [3249.738ms - 3249.738ms]
941.875: IO Summary: 80630 ops 89.578 ops/s 90/0 rd/wr  11.2mb/s 11.162ms/op
941.875: Shutting down processes

Run: #3,wl_name:seq-read-1th-128k-smart-128k,wl_path:shared_dir/workloads-filebench/read-data-micro/seq-read-1th.f,fs:lsfs


Filebench Version 1.5-alpha3
0.000: Allocated 177MB of shared memory
0.001: Populating and pre-allocating filesets
0.002: fileset-1 populated: 1 files, avg. dir. width = 1, avg. dir. depth = -nan, 0 leafdirs, 1024.000MB total size
0.003: Removing fileset-1 tree (if exists)
0.005: Pre-allocating directories in fileset-1 tree
0.012: Pre-allocating files in fileset-1 tree
39.673: Waiting for pre-allocation to finish (in case of a parallel pre-allocation)
39.673: Population and pre-allocation of filesets completed
39.751: Attempting to create fileset more than once, ignoring
39.751: Starting 1 process-1 instances
40.765: Running...
940.879: Run took 900 seconds...
940.879: Per-Operation Breakdown
finish-1             0ops        0ops/s   0.0mb/s    0.000ms/op [0.000ms - 0.000ms]
close-1              0ops        0ops/s   0.0mb/s    0.000ms/op [0.000ms - 0.000ms]
read-1               95012ops      106ops/s  13.2mb/s    9.455ms/op [0.015ms - 2019.297ms]
open-1               1ops        0ops/s   0.0mb/s    6.074ms/op [6.074ms - 6.074ms]
940.879: IO Summary: 95013 ops 105.557 ops/s 106/0 rd/wr  13.2mb/s 9.454ms/op
940.879: Shutting down processes
