
Run: #1,wl_name:seq-read-1th-4k-smart-4k,wl_path:shared_dir/workloads-filebench/read-data-micro/seq-read-1th.f,fs:lsfs


Filebench Version 1.5-alpha3
0.000: Allocated 177MB of shared memory
0.001: Populating and pre-allocating filesets
0.003: fileset-1 populated: 1 files, avg. dir. width = 1, avg. dir. depth = -nan, 0 leafdirs, 1024.000MB total size
0.003: Removing fileset-1 tree (if exists)
0.006: Pre-allocating directories in fileset-1 tree
0.013: Pre-allocating files in fileset-1 tree
198.459: Waiting for pre-allocation to finish (in case of a parallel pre-allocation)
198.459: Population and pre-allocation of filesets completed
198.538: Attempting to create fileset more than once, ignoring
198.538: Starting 1 process-1 instances
199.553: Running...
1099.608: Run took 900 seconds...
1099.608: Per-Operation Breakdown
finish-1             0ops        0ops/s   0.0mb/s    0.000ms/op [0.000ms - 0.000ms]
close-1              0ops        0ops/s   0.0mb/s    0.000ms/op [0.000ms - 0.000ms]
read-1               1956411ops     2174ops/s   8.5mb/s    0.459ms/op [0.012ms - 16.101ms]
open-1               1ops        0ops/s   0.0mb/s    6.153ms/op [6.153ms - 6.153ms]
1099.608: IO Summary: 1956412 ops 2173.657 ops/s 2174/0 rd/wr   8.5mb/s 0.459ms/op
1099.608: Shutting down processes

Run: #2,wl_name:seq-read-1th-4k-smart-4k,wl_path:shared_dir/workloads-filebench/read-data-micro/seq-read-1th.f,fs:lsfs


Filebench Version 1.5-alpha3
0.000: Allocated 177MB of shared memory
0.001: Populating and pre-allocating filesets
0.002: fileset-1 populated: 1 files, avg. dir. width = 1, avg. dir. depth = -nan, 0 leafdirs, 1024.000MB total size
0.003: Removing fileset-1 tree (if exists)
0.005: Pre-allocating directories in fileset-1 tree
0.012: Pre-allocating files in fileset-1 tree
198.030: Waiting for pre-allocation to finish (in case of a parallel pre-allocation)
198.030: Population and pre-allocation of filesets completed
198.110: Attempting to create fileset more than once, ignoring
198.111: Starting 1 process-1 instances
199.125: Running...
1099.180: Run took 900 seconds...
1099.180: Per-Operation Breakdown
finish-1             0ops        0ops/s   0.0mb/s    0.000ms/op [0.000ms - 0.000ms]
close-1              0ops        0ops/s   0.0mb/s    0.000ms/op [0.000ms - 0.000ms]
read-1               1846952ops     2052ops/s   8.0mb/s    0.486ms/op [0.011ms - 16.359ms]
open-1               1ops        0ops/s   0.0mb/s    4.313ms/op [4.313ms - 4.313ms]
1099.180: IO Summary: 1846953 ops 2052.045 ops/s 2052/0 rd/wr   8.0mb/s 0.486ms/op
1099.180: Shutting down processes

Run: #3,wl_name:seq-read-1th-4k-smart-4k,wl_path:shared_dir/workloads-filebench/read-data-micro/seq-read-1th.f,fs:lsfs


