
Run: #1,wl_name:rand-read-1th-128k-smart-4k,wl_path:shared_dir/workloads-filebench/read-data-micro/rand-read-1th.f,fs:lsfs


Filebench Version 1.5-alpha3
0.000: Allocated 177MB of shared memory
0.001: Populating and pre-allocating filesets
0.002: fileset-1 populated: 1 files, avg. dir. width = 1, avg. dir. depth = -nan, 0 leafdirs, 1024.000MB total size
0.002: Removing fileset-1 tree (if exists)
0.004: Pre-allocating directories in fileset-1 tree
0.008: Pre-allocating files in fileset-1 tree
206.103: Waiting for pre-allocation to finish (in case of a parallel pre-allocation)
206.103: Population and pre-allocation of filesets completed
206.183: Attempting to create fileset more than once, ignoring
206.183: Starting 1 process-1 instances
207.197: Running...
1107.254: Run took 900 seconds...
1107.254: Per-Operation Breakdown
finish-1             0ops        0ops/s   0.0mb/s    0.000ms/op [0.000ms - 0.000ms]
close-1              0ops        0ops/s   0.0mb/s    0.000ms/op [0.000ms - 0.000ms]
read-1               64262ops       71ops/s   8.9mb/s   14.004ms/op [5.660ms - 36.991ms]
open-1               1ops        0ops/s   0.0mb/s    5.490ms/op [5.490ms - 5.490ms]
1107.254: IO Summary: 64263 ops 71.399 ops/s 71/0 rd/wr   8.9mb/s 14.004ms/op
1107.254: Shutting down processes

Run: #2,wl_name:rand-read-1th-128k-smart-4k,wl_path:shared_dir/workloads-filebench/read-data-micro/rand-read-1th.f,fs:lsfs


Filebench Version 1.5-alpha3
0.000: Allocated 177MB of shared memory
0.001: Populating and pre-allocating filesets
0.002: fileset-1 populated: 1 files, avg. dir. width = 1, avg. dir. depth = -nan, 0 leafdirs, 1024.000MB total size
0.002: Removing fileset-1 tree (if exists)
0.004: Pre-allocating directories in fileset-1 tree
0.009: Pre-allocating files in fileset-1 tree
203.618: Waiting for pre-allocation to finish (in case of a parallel pre-allocation)
203.618: Population and pre-allocation of filesets completed
203.697: Attempting to create fileset more than once, ignoring
203.697: Starting 1 process-1 instances
204.712: Running...
1104.767: Run took 900 seconds...
1104.767: Per-Operation Breakdown
finish-1             0ops        0ops/s   0.0mb/s    0.000ms/op [0.000ms - 0.000ms]
close-1              0ops        0ops/s   0.0mb/s    0.000ms/op [0.000ms - 0.000ms]
read-1               62563ops       70ops/s   8.7mb/s   14.385ms/op [6.085ms - 36.510ms]
open-1               1ops        0ops/s   0.0mb/s    1.621ms/op [1.621ms - 1.621ms]
1104.767: IO Summary: 62564 ops 69.511 ops/s 70/0 rd/wr   8.7mb/s 14.384ms/op
1104.767: Shutting down processes

Run: #3,wl_name:rand-read-1th-128k-smart-4k,wl_path:shared_dir/workloads-filebench/read-data-micro/rand-read-1th.f,fs:lsfs


Filebench Version 1.5-alpha3
0.000: Allocated 177MB of shared memory
0.001: Populating and pre-allocating filesets
0.676: fileset-1 populated: 1 files, avg. dir. width = 1, avg. dir. depth = -nan, 0 leafdirs, 1024.000MB total size
0.677: Removing fileset-1 tree (if exists)
0.680: Pre-allocating directories in fileset-1 tree
0.687: Pre-allocating files in fileset-1 tree
192.967: Waiting for pre-allocation to finish (in case of a parallel pre-allocation)
192.967: Population and pre-allocation of filesets completed
193.044: Attempting to create fileset more than once, ignoring
193.045: Starting 1 process-1 instances
194.059: Running...
1094.114: Run took 900 seconds...
1094.114: Per-Operation Breakdown
finish-1             0ops        0ops/s   0.0mb/s    0.000ms/op [0.000ms - 0.000ms]
close-1              0ops        0ops/s   0.0mb/s    0.000ms/op [0.000ms - 0.000ms]
read-1               57684ops       64ops/s   8.0mb/s   15.601ms/op [6.131ms - 36.782ms]
open-1               1ops        0ops/s   0.0mb/s    5.336ms/op [5.336ms - 5.336ms]
1094.114: IO Summary: 57685 ops 64.091 ops/s 64/0 rd/wr   8.0mb/s 15.601ms/op
1094.114: Shutting down processes
