
Run: #1,wl_name:delete-1th-cache_on-1000,wl_path:shared_dir/workloads-filebench/metadata-micro/delete-1th.f,fs:lsfs


Filebench Version 1.5-alpha3
0.000: Allocated 177MB of shared memory
0.001: Populating and pre-allocating filesets
0.024: fileset1 populated: 75000 files, avg. dir. width = 250, avg. dir. depth = 2.0, 0 leafdirs, 292.969MB total size
0.025: Removing fileset1 tree (if exists)
0.060: Pre-allocating directories in fileset1 tree
1.177: Pre-allocating files in fileset1 tree
352.356: Waiting for pre-allocation to finish (in case of a parallel pre-allocation)
352.356: Population and pre-allocation of filesets completed
352.753: Attempting to create fileset more than once, ignoring
352.753: Starting 1 process1 instances
355.897: Running...
432.903: Run took 77 seconds...
432.903: Per-Operation Breakdown
finish1              1ops        0ops/s   0.0mb/s    0.000ms/op [0.000ms - 0.000ms]
delete1              75000ops      974ops/s   0.0mb/s    1.022ms/op [0.184ms - 14.111ms]
432.903: IO Summary: 75000 ops 973.952 ops/s 0/0 rd/wr   0.0mb/s 1.022ms/op
432.903: Shutting down processes

Run: #2,wl_name:delete-1th-cache_on-1000,wl_path:shared_dir/workloads-filebench/metadata-micro/delete-1th.f,fs:lsfs


Filebench Version 1.5-alpha3
0.000: Allocated 177MB of shared memory
0.001: Populating and pre-allocating filesets
0.023: fileset1 populated: 75000 files, avg. dir. width = 250, avg. dir. depth = 2.0, 0 leafdirs, 292.969MB total size
0.024: Removing fileset1 tree (if exists)
0.059: Pre-allocating directories in fileset1 tree
0.660: Pre-allocating files in fileset1 tree
330.304: Waiting for pre-allocation to finish (in case of a parallel pre-allocation)
330.304: Population and pre-allocation of filesets completed
331.459: Attempting to create fileset more than once, ignoring
331.460: Starting 1 process1 instances
333.583: Running...
406.589: Run took 73 seconds...
406.589: Per-Operation Breakdown
finish1              1ops        0ops/s   0.0mb/s    0.000ms/op [0.000ms - 0.000ms]
delete1              75000ops     1027ops/s   0.0mb/s    0.959ms/op [0.182ms - 20.102ms]
406.589: IO Summary: 75000 ops 1027.321 ops/s 0/0 rd/wr   0.0mb/s 0.959ms/op
406.589: Shutting down processes

Run: #3,wl_name:delete-1th-cache_on-1000,wl_path:shared_dir/workloads-filebench/metadata-micro/delete-1th.f,fs:lsfs


Filebench Version 1.5-alpha3
0.000: Allocated 177MB of shared memory
0.001: Populating and pre-allocating filesets
0.023: fileset1 populated: 75000 files, avg. dir. width = 250, avg. dir. depth = 2.0, 0 leafdirs, 292.969MB total size
0.024: Removing fileset1 tree (if exists)
0.058: Pre-allocating directories in fileset1 tree
1.196: Pre-allocating files in fileset1 tree
348.093: Waiting for pre-allocation to finish (in case of a parallel pre-allocation)
348.093: Population and pre-allocation of filesets completed
348.972: Attempting to create fileset more than once, ignoring
348.972: Starting 1 process1 instances
350.812: Running...
445.820: Run took 95 seconds...
445.820: Per-Operation Breakdown
finish1              1ops        0ops/s   0.0mb/s    0.000ms/op [0.000ms - 0.000ms]
delete1              75000ops      789ops/s   0.0mb/s    1.257ms/op [0.183ms - 16.928ms]
445.820: IO Summary: 75000 ops 789.410 ops/s 0/0 rd/wr   0.0mb/s 1.257ms/op
445.820: Shutting down processes
