
Run: #1,wl_name:create-1th-cache_on-1000,wl_path:shared_dir/workloads-filebench/metadata-micro/create-1th.f,fs:lsfs


Filebench Version 1.5-alpha3
0.000: Allocated 177MB of shared memory
0.001: Populating and pre-allocating filesets
0.023: fileset-1 populated: 75000 files, avg. dir. width = 250, avg. dir. depth = 2.0, 0 leafdirs, 292.969MB total size
0.024: Removing fileset-1 tree (if exists)
0.056: Pre-allocating directories in fileset-1 tree
0.603: Pre-allocating files in fileset-1 tree
0.711: Waiting for pre-allocation to finish (in case of a parallel pre-allocation)
0.711: Population and pre-allocation of filesets completed
2.661: Attempting to create fileset more than once, ignoring
2.662: Starting 1 process-1 instances
4.291: Running...
366.325: Run took 362 seconds...
366.325: Per-Operation Breakdown
finishoncount-1      1ops        0ops/s   0.0mb/s    0.000ms/op [0.000ms - 0.000ms]
createwriteclose-1.closefile-1 75000ops      207ops/s   0.0mb/s    2.157ms/op [0.303ms - 23.629ms]
createwriteclose-1.write-1 75000ops      207ops/s   0.8mb/s    0.723ms/op [0.184ms - 19.950ms]
createwriteclose-1.createfile-1 75000ops      207ops/s   0.0mb/s    1.922ms/op [0.260ms - 33.116ms]
createwriteclose-1   0ops        0ops/s   0.0mb/s    0.000ms/op [0.000ms - 0.000ms]
366.325: IO Summary: 225000 ops 621.490 ops/s 0/207 rd/wr   0.8mb/s 1.601ms/op
366.325: Shutting down processes

Run: #2,wl_name:create-1th-cache_on-1000,wl_path:shared_dir/workloads-filebench/metadata-micro/create-1th.f,fs:lsfs


Filebench Version 1.5-alpha3
0.000: Allocated 177MB of shared memory
0.001: Populating and pre-allocating filesets
0.024: fileset-1 populated: 75000 files, avg. dir. width = 250, avg. dir. depth = 2.0, 0 leafdirs, 292.969MB total size
0.025: Removing fileset-1 tree (if exists)
0.059: Pre-allocating directories in fileset-1 tree
0.742: Pre-allocating files in fileset-1 tree
0.855: Waiting for pre-allocation to finish (in case of a parallel pre-allocation)
0.855: Population and pre-allocation of filesets completed
1.817: Attempting to create fileset more than once, ignoring
1.817: Starting 1 process-1 instances
3.754: Running...
378.789: Run took 375 seconds...
378.789: Per-Operation Breakdown
finishoncount-1      1ops        0ops/s   0.0mb/s    0.000ms/op [0.000ms - 0.000ms]
createwriteclose-1.closefile-1 75000ops      200ops/s   0.0mb/s    2.206ms/op [0.300ms - 27.601ms]
createwriteclose-1.write-1 75000ops      200ops/s   0.8mb/s    0.746ms/op [0.184ms - 11.813ms]
createwriteclose-1.createfile-1 75000ops      200ops/s   0.0mb/s    2.016ms/op [0.263ms - 46.812ms]
createwriteclose-1   0ops        0ops/s   0.0mb/s    0.000ms/op [0.000ms - 0.000ms]
378.789: IO Summary: 225000 ops 599.944 ops/s 0/200 rd/wr   0.8mb/s 1.656ms/op
378.789: Shutting down processes

Run: #3,wl_name:create-1th-cache_on-1000,wl_path:shared_dir/workloads-filebench/metadata-micro/create-1th.f,fs:lsfs


Filebench Version 1.5-alpha3
0.000: Allocated 177MB of shared memory
0.001: Populating and pre-allocating filesets
0.023: fileset-1 populated: 75000 files, avg. dir. width = 250, avg. dir. depth = 2.0, 0 leafdirs, 292.969MB total size
0.024: Removing fileset-1 tree (if exists)
0.055: Pre-allocating directories in fileset-1 tree
1.355: Pre-allocating files in fileset-1 tree
1.480: Waiting for pre-allocation to finish (in case of a parallel pre-allocation)
1.480: Population and pre-allocation of filesets completed
3.027: Attempting to create fileset more than once, ignoring
3.027: Starting 1 process-1 instances
5.286: Running...
364.319: Run took 359 seconds...
364.319: Per-Operation Breakdown
finishoncount-1      1ops        0ops/s   0.0mb/s    0.000ms/op [0.000ms - 0.000ms]
createwriteclose-1.closefile-1 75000ops      209ops/s   0.0mb/s    2.130ms/op [0.297ms - 21.902ms]
createwriteclose-1.write-1 75000ops      209ops/s   0.8mb/s    0.715ms/op [0.186ms - 18.834ms]
createwriteclose-1.createfile-1 75000ops      209ops/s   0.0mb/s    1.914ms/op [0.262ms - 16.031ms]
createwriteclose-1   0ops        0ops/s   0.0mb/s    0.000ms/op [0.000ms - 0.000ms]
364.319: IO Summary: 225000 ops 626.684 ops/s 0/209 rd/wr   0.8mb/s 1.586ms/op
364.319: Shutting down processes
