
Run: #1,wl_name:stat-1th-cache_on-1000,wl_path:shared_dir/workloads-filebench/metadata-micro/stat-1th.f,fs:lsfs


Filebench Version 1.5-alpha3
0.000: Allocated 177MB of shared memory
0.025: Populating and pre-allocating filesets
0.053: fileset1 populated: 75000 files, avg. dir. width = 250, avg. dir. depth = 2.0, 0 leafdirs, 292.969MB total size
0.053: Removing fileset1 tree (if exists)
0.105: Pre-allocating directories in fileset1 tree
1.854: Pre-allocating files in fileset1 tree
308.537: Waiting for pre-allocation to finish (in case of a parallel pre-allocation)
308.537: Population and pre-allocation of filesets completed
308.789: Attempting to create fileset more than once, ignoring
308.789: Starting 1 process1 instances
310.571: Running...
1210.623: Run took 900 seconds...
1210.623: Per-Operation Breakdown
stat1                2628566ops     2920ops/s   0.0mb/s    0.340ms/op [0.296ms - 9.628ms]
1210.623: IO Summary: 2628566 ops 2920.462 ops/s 0/0 rd/wr   0.0mb/s 0.340ms/op
1210.623: Shutting down processes

Run: #2,wl_name:stat-1th-cache_on-1000,wl_path:shared_dir/workloads-filebench/metadata-micro/stat-1th.f,fs:lsfs


Filebench Version 1.5-alpha3
0.000: Allocated 177MB of shared memory
0.008: Populating and pre-allocating filesets
0.031: fileset1 populated: 75000 files, avg. dir. width = 250, avg. dir. depth = 2.0, 0 leafdirs, 292.969MB total size
0.031: Removing fileset1 tree (if exists)
0.059: Pre-allocating directories in fileset1 tree
1.965: Pre-allocating files in fileset1 tree
328.907: Waiting for pre-allocation to finish (in case of a parallel pre-allocation)
328.907: Population and pre-allocation of filesets completed
329.175: Attempting to create fileset more than once, ignoring
329.175: Starting 1 process1 instances
330.854: Running...
1230.907: Run took 900 seconds...
1230.907: Per-Operation Breakdown
stat1                2575365ops     2861ops/s   0.0mb/s    0.347ms/op [0.295ms - 9.782ms]
1230.907: IO Summary: 2575365 ops 2861.349 ops/s 0/0 rd/wr   0.0mb/s 0.347ms/op
1230.907: Shutting down processes

Run: #3,wl_name:stat-1th-cache_on-1000,wl_path:shared_dir/workloads-filebench/metadata-micro/stat-1th.f,fs:lsfs


Filebench Version 1.5-alpha3
0.000: Allocated 177MB of shared memory
0.008: Populating and pre-allocating filesets
0.029: fileset1 populated: 75000 files, avg. dir. width = 250, avg. dir. depth = 2.0, 0 leafdirs, 292.969MB total size
0.030: Removing fileset1 tree (if exists)
0.046: Pre-allocating directories in fileset1 tree
1.759: Pre-allocating files in fileset1 tree
378.612: Waiting for pre-allocation to finish (in case of a parallel pre-allocation)
378.612: Population and pre-allocation of filesets completed
378.825: Attempting to create fileset more than once, ignoring
378.825: Starting 1 process1 instances
380.480: Running...
1280.532: Run took 900 seconds...
1280.532: Per-Operation Breakdown
stat1                2637592ops     2930ops/s   0.0mb/s    0.338ms/op [0.298ms - 7.115ms]
1280.532: IO Summary: 2637592 ops 2930.488 ops/s 0/0 rd/wr   0.0mb/s 0.338ms/op
1280.532: Shutting down processes
