
Run: #1,wl_name:seq-read-1th-4k-dynamic-4k,wl_path:shared_dir/workloads-filebench/read-data-micro/seq-read-1th.f,fs:lsfs


Filebench Version 1.5-alpha3
0.000: Allocated 177MB of shared memory
0.001: Populating and pre-allocating filesets
0.002: fileset-1 populated: 1 files, avg. dir. width = 1, avg. dir. depth = -nan, 0 leafdirs, 1024.000MB total size
0.002: Removing fileset-1 tree (if exists)
0.016: Pre-allocating directories in fileset-1 tree
0.023: Pre-allocating files in fileset-1 tree
68.814: Waiting for pre-allocation to finish (in case of a parallel pre-allocation)
68.814: Population and pre-allocation of filesets completed
69.068: Attempting to create fileset more than once, ignoring
69.068: Starting 1 process-1 instances
70.844: Running...
970.913: Run took 900 seconds...
970.913: Per-Operation Breakdown
finish-1             0ops        0ops/s   0.0mb/s    0.000ms/op [0.000ms - 0.000ms]
close-1              0ops        0ops/s   0.0mb/s    0.000ms/op [0.000ms - 0.000ms]
read-1               4849421ops     5388ops/s  21.0mb/s    0.184ms/op [0.010ms - 8.078ms]
open-1               1ops        0ops/s   0.0mb/s    9.018ms/op [9.018ms - 9.018ms]
970.913: IO Summary: 4849422 ops 5387.835 ops/s 5388/0 rd/wr  21.0mb/s 0.184ms/op
970.913: Shutting down processes

Run: #2,wl_name:seq-read-1th-4k-dynamic-4k,wl_path:shared_dir/workloads-filebench/read-data-micro/seq-read-1th.f,fs:lsfs


Filebench Version 1.5-alpha3
0.000: Allocated 177MB of shared memory
0.008: Populating and pre-allocating filesets
0.009: fileset-1 populated: 1 files, avg. dir. width = 1, avg. dir. depth = -nan, 0 leafdirs, 1024.000MB total size
0.009: Removing fileset-1 tree (if exists)
0.050: Pre-allocating directories in fileset-1 tree
0.061: Pre-allocating files in fileset-1 tree
99.486: Waiting for pre-allocation to finish (in case of a parallel pre-allocation)
99.486: Population and pre-allocation of filesets completed
99.754: Attempting to create fileset more than once, ignoring
99.754: Starting 1 process-1 instances
101.692: Running...
1001.762: Run took 900 seconds...
1001.762: Per-Operation Breakdown
finish-1             0ops        0ops/s   0.0mb/s    0.000ms/op [0.000ms - 0.000ms]
close-1              0ops        0ops/s   0.0mb/s    0.000ms/op [0.000ms - 0.000ms]
read-1               4930184ops     5478ops/s  21.4mb/s    0.181ms/op [0.010ms - 28.606ms]
open-1               1ops        0ops/s   0.0mb/s    8.918ms/op [8.918ms - 8.918ms]
1001.762: IO Summary: 4930185 ops 5477.559 ops/s 5478/0 rd/wr  21.4mb/s 0.181ms/op
1001.762: Shutting down processes

Run: #3,wl_name:seq-read-1th-4k-dynamic-4k,wl_path:shared_dir/workloads-filebench/read-data-micro/seq-read-1th.f,fs:lsfs


Filebench Version 1.5-alpha3
0.000: Allocated 177MB of shared memory
0.008: Populating and pre-allocating filesets
0.008: fileset-1 populated: 1 files, avg. dir. width = 1, avg. dir. depth = -nan, 0 leafdirs, 1024.000MB total size
0.009: Removing fileset-1 tree (if exists)
0.035: Pre-allocating directories in fileset-1 tree
0.041: Pre-allocating files in fileset-1 tree
86.864: Waiting for pre-allocation to finish (in case of a parallel pre-allocation)
86.864: Population and pre-allocation of filesets completed
87.141: Attempting to create fileset more than once, ignoring
87.141: Starting 1 process-1 instances
88.921: Running...
988.991: Run took 900 seconds...
988.991: Per-Operation Breakdown
finish-1             0ops        0ops/s   0.0mb/s    0.000ms/op [0.000ms - 0.000ms]
close-1              0ops        0ops/s   0.0mb/s    0.000ms/op [0.000ms - 0.000ms]
read-1               4861682ops     5401ops/s  21.1mb/s    0.184ms/op [0.010ms - 8.052ms]
open-1               1ops        0ops/s   0.0mb/s    8.875ms/op [8.875ms - 8.875ms]
988.991: IO Summary: 4861683 ops 5401.450 ops/s 5401/0 rd/wr  21.1mb/s 0.184ms/op
988.991: Shutting down processes
