
Run: #1,wl_name:seq-read-1th-4k-dynamic-4k,wl_path:shared_dir/workloads-filebench/read-data-micro/seq-read-1th.f,fs:lsfs


Filebench Version 1.5-alpha3
0.000: Allocated 177MB of shared memory
0.019: Populating and pre-allocating filesets
0.020: fileset-1 populated: 1 files, avg. dir. width = 1, avg. dir. depth = -nan, 0 leafdirs, 1024.000MB total size
0.020: Removing fileset-1 tree (if exists)
0.036: Pre-allocating directories in fileset-1 tree
0.041: Pre-allocating files in fileset-1 tree
94.925: Waiting for pre-allocation to finish (in case of a parallel pre-allocation)
94.925: Population and pre-allocation of filesets completed
95.193: Attempting to create fileset more than once, ignoring
95.193: Starting 1 process-1 instances
96.751: Running...
996.820: Run took 900 seconds...
996.820: Per-Operation Breakdown
finish-1             0ops        0ops/s   0.0mb/s    0.000ms/op [0.000ms - 0.000ms]
close-1              0ops        0ops/s   0.0mb/s    0.000ms/op [0.000ms - 0.000ms]
read-1               5187777ops     5764ops/s  22.5mb/s    0.172ms/op [0.011ms - 9.267ms]
open-1               1ops        0ops/s   0.0mb/s    8.823ms/op [8.823ms - 8.823ms]
996.820: IO Summary: 5187778 ops 5763.759 ops/s 5764/0 rd/wr  22.5mb/s 0.172ms/op
996.820: Shutting down processes

Run: #2,wl_name:seq-read-1th-4k-dynamic-4k,wl_path:shared_dir/workloads-filebench/read-data-micro/seq-read-1th.f,fs:lsfs


Filebench Version 1.5-alpha3
0.000: Allocated 177MB of shared memory
0.008: Populating and pre-allocating filesets
0.009: fileset-1 populated: 1 files, avg. dir. width = 1, avg. dir. depth = -nan, 0 leafdirs, 1024.000MB total size
0.009: Removing fileset-1 tree (if exists)
0.025: Pre-allocating directories in fileset-1 tree
0.050: Pre-allocating files in fileset-1 tree
137.667: Waiting for pre-allocation to finish (in case of a parallel pre-allocation)
137.667: Population and pre-allocation of filesets completed
137.933: Attempting to create fileset more than once, ignoring
137.933: Starting 1 process-1 instances
139.513: Running...
1039.581: Run took 900 seconds...
1039.581: Per-Operation Breakdown
finish-1             0ops        0ops/s   0.0mb/s    0.000ms/op [0.000ms - 0.000ms]
close-1              0ops        0ops/s   0.0mb/s    0.000ms/op [0.000ms - 0.000ms]
read-1               5109296ops     5677ops/s  22.2mb/s    0.175ms/op [0.010ms - 7.937ms]
open-1               1ops        0ops/s   0.0mb/s    8.853ms/op [8.853ms - 8.853ms]
1039.581: IO Summary: 5109297 ops 5676.564 ops/s 5677/0 rd/wr  22.2mb/s 0.175ms/op
1039.581: Shutting down processes

Run: #3,wl_name:seq-read-1th-4k-dynamic-4k,wl_path:shared_dir/workloads-filebench/read-data-micro/seq-read-1th.f,fs:lsfs


Filebench Version 1.5-alpha3
0.000: Allocated 177MB of shared memory
0.007: Populating and pre-allocating filesets
0.008: fileset-1 populated: 1 files, avg. dir. width = 1, avg. dir. depth = -nan, 0 leafdirs, 1024.000MB total size
0.009: Removing fileset-1 tree (if exists)
0.034: Pre-allocating directories in fileset-1 tree
0.058: Pre-allocating files in fileset-1 tree
152.575: Waiting for pre-allocation to finish (in case of a parallel pre-allocation)
152.576: Population and pre-allocation of filesets completed
152.815: Attempting to create fileset more than once, ignoring
152.815: Starting 1 process-1 instances
154.285: Running...
1054.355: Run took 900 seconds...
1054.355: Per-Operation Breakdown
finish-1             0ops        0ops/s   0.0mb/s    0.000ms/op [0.000ms - 0.000ms]
close-1              0ops        0ops/s   0.0mb/s    0.000ms/op [0.000ms - 0.000ms]
read-1               5125654ops     5695ops/s  22.2mb/s    0.174ms/op [0.010ms - 8.378ms]
open-1               1ops        0ops/s   0.0mb/s    8.733ms/op [8.733ms - 8.733ms]
1054.355: IO Summary: 5125655 ops 5694.733 ops/s 5695/0 rd/wr  22.2mb/s 0.174ms/op
1054.355: Shutting down processes
