
Run: #1,wl_name:rand-read-1th-128k-smart-128k,wl_path:shared_dir/workloads-filebench/read-data-micro/rand-read-1th.f,fs:lsfs


Filebench Version 1.5-alpha3
0.000: Allocated 177MB of shared memory
0.001: Populating and pre-allocating filesets
0.002: fileset-1 populated: 1 files, avg. dir. width = 1, avg. dir. depth = -nan, 0 leafdirs, 1024.000MB total size
0.002: Removing fileset-1 tree (if exists)
0.004: Pre-allocating directories in fileset-1 tree
0.009: Pre-allocating files in fileset-1 tree
41.439: Waiting for pre-allocation to finish (in case of a parallel pre-allocation)
41.439: Population and pre-allocation of filesets completed
41.519: Attempting to create fileset more than once, ignoring
41.519: Starting 1 process-1 instances
42.534: Running...
942.634: Run took 900 seconds...
942.634: Per-Operation Breakdown
finish-1             0ops        0ops/s   0.0mb/s    0.000ms/op [0.000ms - 0.000ms]
close-1              0ops        0ops/s   0.0mb/s    0.000ms/op [0.000ms - 0.000ms]
read-1               97639ops      108ops/s  13.6mb/s    9.217ms/op [1.209ms - 2020.102ms]
open-1               1ops        0ops/s   0.0mb/s    5.483ms/op [5.483ms - 5.483ms]
942.634: IO Summary: 97640 ops 108.477 ops/s 108/0 rd/wr  13.6mb/s 9.217ms/op
942.634: Shutting down processes

Run: #2,wl_name:rand-read-1th-128k-smart-128k,wl_path:shared_dir/workloads-filebench/read-data-micro/rand-read-1th.f,fs:lsfs


Filebench Version 1.5-alpha3
0.000: Allocated 177MB of shared memory
0.001: Populating and pre-allocating filesets
0.002: fileset-1 populated: 1 files, avg. dir. width = 1, avg. dir. depth = -nan, 0 leafdirs, 1024.000MB total size
0.002: Removing fileset-1 tree (if exists)
0.004: Pre-allocating directories in fileset-1 tree
0.012: Pre-allocating files in fileset-1 tree
41.127: Waiting for pre-allocation to finish (in case of a parallel pre-allocation)
41.127: Population and pre-allocation of filesets completed
41.212: Attempting to create fileset more than once, ignoring
41.212: Starting 1 process-1 instances
42.226: Running...
942.332: Run took 900 seconds...
942.332: Per-Operation Breakdown
finish-1             0ops        0ops/s   0.0mb/s    0.000ms/op [0.000ms - 0.000ms]
close-1              0ops        0ops/s   0.0mb/s    0.000ms/op [0.000ms - 0.000ms]
read-1               82171ops       91ops/s  11.4mb/s   10.934ms/op [1.234ms - 2022.532ms]
open-1               1ops        0ops/s   0.0mb/s    6.051ms/op [6.051ms - 6.051ms]
942.332: IO Summary: 82172 ops 91.292 ops/s 91/0 rd/wr  11.4mb/s 10.934ms/op
942.332: Shutting down processes

Run: #3,wl_name:rand-read-1th-128k-smart-128k,wl_path:shared_dir/workloads-filebench/read-data-micro/rand-read-1th.f,fs:lsfs


Filebench Version 1.5-alpha3
0.000: Allocated 177MB of shared memory
0.001: Populating and pre-allocating filesets
0.002: fileset-1 populated: 1 files, avg. dir. width = 1, avg. dir. depth = -nan, 0 leafdirs, 1024.000MB total size
0.003: Removing fileset-1 tree (if exists)
0.005: Pre-allocating directories in fileset-1 tree
0.012: Pre-allocating files in fileset-1 tree
42.113: Waiting for pre-allocation to finish (in case of a parallel pre-allocation)
42.113: Population and pre-allocation of filesets completed
42.196: Attempting to create fileset more than once, ignoring
42.196: Starting 1 process-1 instances
43.210: Running...
943.314: Run took 900 seconds...
943.314: Per-Operation Breakdown
finish-1             0ops        0ops/s   0.0mb/s    0.000ms/op [0.000ms - 0.000ms]
close-1              0ops        0ops/s   0.0mb/s    0.000ms/op [0.000ms - 0.000ms]
read-1               75826ops       84ops/s  10.5mb/s   11.869ms/op [1.202ms - 2021.835ms]
open-1               1ops        0ops/s   0.0mb/s    5.770ms/op [5.770ms - 5.770ms]
943.314: IO Summary: 75827 ops 84.243 ops/s 84/0 rd/wr  10.5mb/s 11.869ms/op
943.314: Shutting down processes
