
Run: #1,wl_name:rand-read-1th-4k-smart-4k,wl_path:shared_dir/workloads-filebench/read-data-micro/rand-read-1th.f,fs:lsfs


Filebench Version 1.5-alpha3
0.000: Allocated 177MB of shared memory
0.003: Populating and pre-allocating filesets
0.004: fileset-1 populated: 1 files, avg. dir. width = 1, avg. dir. depth = -nan, 0 leafdirs, 1024.000MB total size
0.004: Removing fileset-1 tree (if exists)
0.007: Pre-allocating directories in fileset-1 tree
0.014: Pre-allocating files in fileset-1 tree
204.997: Waiting for pre-allocation to finish (in case of a parallel pre-allocation)
204.997: Population and pre-allocation of filesets completed
205.100: Attempting to create fileset more than once, ignoring
205.100: Starting 1 process-1 instances
206.114: Running...
1106.169: Run took 900 seconds...
1106.169: Per-Operation Breakdown
finish-1             0ops        0ops/s   0.0mb/s    0.000ms/op [0.000ms - 0.000ms]
close-1              0ops        0ops/s   0.0mb/s    0.000ms/op [0.000ms - 0.000ms]
read-1               2076771ops     2307ops/s   9.0mb/s    0.432ms/op [0.115ms - 15.406ms]
open-1               1ops        0ops/s   0.0mb/s  597.288ms/op [597.288ms - 597.288ms]
1106.169: IO Summary: 2076772 ops 2307.383 ops/s 2307/0 rd/wr   9.0mb/s 0.432ms/op
1106.169: Shutting down processes

Run: #2,wl_name:rand-read-1th-4k-smart-4k,wl_path:shared_dir/workloads-filebench/read-data-micro/rand-read-1th.f,fs:lsfs


Filebench Version 1.5-alpha3
0.000: Allocated 177MB of shared memory
0.002: Populating and pre-allocating filesets
0.004: fileset-1 populated: 1 files, avg. dir. width = 1, avg. dir. depth = -nan, 0 leafdirs, 1024.000MB total size
0.004: Removing fileset-1 tree (if exists)
0.007: Pre-allocating directories in fileset-1 tree
0.013: Pre-allocating files in fileset-1 tree
196.675: Waiting for pre-allocation to finish (in case of a parallel pre-allocation)
196.675: Population and pre-allocation of filesets completed
196.791: Attempting to create fileset more than once, ignoring
196.791: Starting 1 process-1 instances
197.805: Running...
1097.860: Run took 900 seconds...
1097.860: Per-Operation Breakdown
finish-1             0ops        0ops/s   0.0mb/s    0.000ms/op [0.000ms - 0.000ms]
close-1              0ops        0ops/s   0.0mb/s    0.000ms/op [0.000ms - 0.000ms]
read-1               1952812ops     2170ops/s   8.5mb/s    0.460ms/op [0.117ms - 15.822ms]
open-1               1ops        0ops/s   0.0mb/s    2.994ms/op [2.994ms - 2.994ms]
1097.860: IO Summary: 1952813 ops 2169.660 ops/s 2170/0 rd/wr   8.5mb/s 0.460ms/op
1097.860: Shutting down processes

Run: #3,wl_name:rand-read-1th-4k-smart-4k,wl_path:shared_dir/workloads-filebench/read-data-micro/rand-read-1th.f,fs:lsfs


Filebench Version 1.5-alpha3
0.000: Allocated 177MB of shared memory
0.002: Populating and pre-allocating filesets
0.004: fileset-1 populated: 1 files, avg. dir. width = 1, avg. dir. depth = -nan, 0 leafdirs, 1024.000MB total size
0.004: Removing fileset-1 tree (if exists)
0.007: Pre-allocating directories in fileset-1 tree
0.014: Pre-allocating files in fileset-1 tree
202.836: Waiting for pre-allocation to finish (in case of a parallel pre-allocation)
202.837: Population and pre-allocation of filesets completed
202.941: Attempting to create fileset more than once, ignoring
202.941: Starting 1 process-1 instances
203.956: Running...
1104.011: Run took 900 seconds...
1104.011: Per-Operation Breakdown
finish-1             0ops        0ops/s   0.0mb/s    0.000ms/op [0.000ms - 0.000ms]
close-1              0ops        0ops/s   0.0mb/s    0.000ms/op [0.000ms - 0.000ms]
read-1               1813307ops     2015ops/s   7.9mb/s    0.495ms/op [0.117ms - 19.174ms]
open-1               1ops        0ops/s   0.0mb/s    2.409ms/op [2.409ms - 2.409ms]
1104.011: IO Summary: 1813308 ops 2014.664 ops/s 2015/0 rd/wr   7.9mb/s 0.495ms/op
1104.011: Shutting down processes
