
Run: #1,wl_name:rand-read-1th-4k-dynamic-4k,wl_path:shared_dir/workloads-filebench/read-data-micro/rand-read-1th.f,fs:lsfs


Filebench Version 1.5-alpha3
0.000: Allocated 177MB of shared memory
0.001: Populating and pre-allocating filesets
0.002: fileset-1 populated: 1 files, avg. dir. width = 1, avg. dir. depth = -nan, 0 leafdirs, 1024.000MB total size
0.002: Removing fileset-1 tree (if exists)
0.024: Pre-allocating directories in fileset-1 tree
0.029: Pre-allocating files in fileset-1 tree
26.685: Waiting for pre-allocation to finish (in case of a parallel pre-allocation)
26.685: Population and pre-allocation of filesets completed
27.083: Attempting to create fileset more than once, ignoring
27.083: Starting 1 process-1 instances
28.636: Running...
928.727: Run took 900 seconds...
928.727: Per-Operation Breakdown
finish-1             0ops        0ops/s   0.0mb/s    0.000ms/op [0.000ms - 0.000ms]
close-1              0ops        0ops/s   0.0mb/s    0.000ms/op [0.000ms - 0.000ms]
read-1               983151ops     1092ops/s   4.3mb/s    0.909ms/op [0.616ms - 7.771ms]
open-1               1ops        0ops/s   0.0mb/s   15.680ms/op [15.680ms - 15.680ms]
928.727: IO Summary: 983152 ops 1092.281 ops/s 1092/0 rd/wr   4.3mb/s 0.909ms/op
928.727: Shutting down processes

Run: #2,wl_name:rand-read-1th-4k-dynamic-4k,wl_path:shared_dir/workloads-filebench/read-data-micro/rand-read-1th.f,fs:lsfs


Filebench Version 1.5-alpha3
0.000: Allocated 177MB of shared memory
0.008: Populating and pre-allocating filesets
0.009: fileset-1 populated: 1 files, avg. dir. width = 1, avg. dir. depth = -nan, 0 leafdirs, 1024.000MB total size
0.010: Reusing existing fileset-1 tree
0.010: Pre-allocating files in fileset-1 tree
0.014: Waiting for pre-allocation to finish (in case of a parallel pre-allocation)
0.014: Population and pre-allocation of filesets completed
0.824: Attempting to create fileset more than once, ignoring
0.824: Starting 1 process-1 instances
2.548: Running...
902.640: Run took 900 seconds...
902.640: Per-Operation Breakdown
finish-1             0ops        0ops/s   0.0mb/s    0.000ms/op [0.000ms - 0.000ms]
close-1              0ops        0ops/s   0.0mb/s    0.000ms/op [0.000ms - 0.000ms]
read-1               986069ops     1096ops/s   4.3mb/s    0.907ms/op [0.555ms - 7.687ms]
open-1               1ops        0ops/s   0.0mb/s   10.277ms/op [10.277ms - 10.277ms]
902.640: IO Summary: 986070 ops 1095.522 ops/s 1096/0 rd/wr   4.3mb/s 0.907ms/op
902.640: Shutting down processes

Run: #3,wl_name:rand-read-1th-4k-dynamic-4k,wl_path:shared_dir/workloads-filebench/read-data-micro/rand-read-1th.f,fs:lsfs


Filebench Version 1.5-alpha3
0.000: Allocated 177MB of shared memory
0.008: Populating and pre-allocating filesets
0.010: fileset-1 populated: 1 files, avg. dir. width = 1, avg. dir. depth = -nan, 0 leafdirs, 1024.000MB total size
0.011: Reusing existing fileset-1 tree
0.011: Pre-allocating files in fileset-1 tree
0.016: Waiting for pre-allocation to finish (in case of a parallel pre-allocation)
0.016: Population and pre-allocation of filesets completed
0.835: Attempting to create fileset more than once, ignoring
0.835: Starting 1 process-1 instances
2.326: Running...
902.420: Run took 900 seconds...
902.420: Per-Operation Breakdown
finish-1             0ops        0ops/s   0.0mb/s    0.000ms/op [0.000ms - 0.000ms]
close-1              0ops        0ops/s   0.0mb/s    0.000ms/op [0.000ms - 0.000ms]
read-1               989111ops     1099ops/s   4.3mb/s    0.904ms/op [0.569ms - 7.922ms]
open-1               1ops        0ops/s   0.0mb/s    9.975ms/op [9.975ms - 9.975ms]
902.420: IO Summary: 989112 ops 1098.900 ops/s 1099/0 rd/wr   4.3mb/s 0.904ms/op
902.420: Shutting down processes
