
Run: #1,wl_name:rand-read-1th-128k-dynamic-4k,wl_path:shared_dir/workloads-filebench/read-data-micro/rand-read-1th.f,fs:lsfs


Filebench Version 1.5-alpha3
0.000: Allocated 177MB of shared memory
0.001: Populating and pre-allocating filesets
0.002: fileset-1 populated: 1 files, avg. dir. width = 1, avg. dir. depth = -nan, 0 leafdirs, 1024.000MB total size
0.003: Reusing existing fileset-1 tree
0.003: Pre-allocating files in fileset-1 tree
0.007: Waiting for pre-allocation to finish (in case of a parallel pre-allocation)
0.007: Population and pre-allocation of filesets completed
0.838: Attempting to create fileset more than once, ignoring
0.838: Starting 1 process-1 instances
2.325: Running...
902.417: Run took 900 seconds...
902.418: Per-Operation Breakdown
finish-1             0ops        0ops/s   0.0mb/s    0.000ms/op [0.000ms - 0.000ms]
close-1              0ops        0ops/s   0.0mb/s    0.000ms/op [0.000ms - 0.000ms]
read-1               36711ops       41ops/s   5.1mb/s   24.512ms/op [18.675ms - 31.249ms]
open-1               1ops        0ops/s   0.0mb/s   10.021ms/op [10.021ms - 10.021ms]
902.418: IO Summary: 36712 ops 40.787 ops/s 41/0 rd/wr   5.1mb/s 24.512ms/op
902.418: Shutting down processes

Run: #2,wl_name:rand-read-1th-128k-dynamic-4k,wl_path:shared_dir/workloads-filebench/read-data-micro/rand-read-1th.f,fs:lsfs


Filebench Version 1.5-alpha3
0.000: Allocated 177MB of shared memory
0.008: Populating and pre-allocating filesets
0.010: fileset-1 populated: 1 files, avg. dir. width = 1, avg. dir. depth = -nan, 0 leafdirs, 1024.000MB total size
0.011: Reusing existing fileset-1 tree
0.011: Pre-allocating files in fileset-1 tree
0.016: Waiting for pre-allocation to finish (in case of a parallel pre-allocation)
0.016: Population and pre-allocation of filesets completed
0.911: Attempting to create fileset more than once, ignoring
0.911: Starting 1 process-1 instances
2.460: Running...
902.550: Run took 900 seconds...
902.550: Per-Operation Breakdown
finish-1             0ops        0ops/s   0.0mb/s    0.000ms/op [0.000ms - 0.000ms]
close-1              0ops        0ops/s   0.0mb/s    0.000ms/op [0.000ms - 0.000ms]
read-1               36769ops       41ops/s   5.1mb/s   24.473ms/op [18.211ms - 30.595ms]
open-1               1ops        0ops/s   0.0mb/s    9.968ms/op [9.968ms - 9.968ms]
902.550: IO Summary: 36770 ops 40.851 ops/s 41/0 rd/wr   5.1mb/s 24.472ms/op
902.550: Shutting down processes

Run: #3,wl_name:rand-read-1th-128k-dynamic-4k,wl_path:shared_dir/workloads-filebench/read-data-micro/rand-read-1th.f,fs:lsfs


Filebench Version 1.5-alpha3
0.000: Allocated 177MB of shared memory
0.008: Populating and pre-allocating filesets
0.009: fileset-1 populated: 1 files, avg. dir. width = 1, avg. dir. depth = -nan, 0 leafdirs, 1024.000MB total size
0.010: Reusing existing fileset-1 tree
0.010: Pre-allocating files in fileset-1 tree
0.014: Waiting for pre-allocation to finish (in case of a parallel pre-allocation)
0.014: Population and pre-allocation of filesets completed
0.865: Attempting to create fileset more than once, ignoring
0.866: Starting 1 process-1 instances
2.503: Running...
902.593: Run took 900 seconds...
902.594: Per-Operation Breakdown
finish-1             0ops        0ops/s   0.0mb/s    0.000ms/op [0.000ms - 0.000ms]
close-1              0ops        0ops/s   0.0mb/s    0.000ms/op [0.000ms - 0.000ms]
read-1               36771ops       41ops/s   5.1mb/s   24.472ms/op [20.122ms - 33.532ms]
open-1               1ops        0ops/s   0.0mb/s   10.241ms/op [10.241ms - 10.241ms]
902.594: IO Summary: 36772 ops 40.854 ops/s 41/0 rd/wr   5.1mb/s 24.471ms/op
902.594: Shutting down processes
