
Run: #1,wl_name:seq-read-1th-128k-dynamic-4k,wl_path:shared_dir/workloads-filebench/read-data-micro/seq-read-1th.f,fs:lsfs


Filebench Version 1.5-alpha3
0.000: Allocated 177MB of shared memory
0.001: Populating and pre-allocating filesets
0.002: fileset-1 populated: 1 files, avg. dir. width = 1, avg. dir. depth = -nan, 0 leafdirs, 1024.000MB total size
0.003: Reusing existing fileset-1 tree
0.003: Pre-allocating files in fileset-1 tree
0.007: Waiting for pre-allocation to finish (in case of a parallel pre-allocation)
0.007: Population and pre-allocation of filesets completed
0.874: Attempting to create fileset more than once, ignoring
0.875: Starting 1 process-1 instances
2.450: Running...
902.540: Run took 900 seconds...
902.540: Per-Operation Breakdown
finish-1             0ops        0ops/s   0.0mb/s    0.000ms/op [0.000ms - 0.000ms]
close-1              0ops        0ops/s   0.0mb/s    0.000ms/op [0.000ms - 0.000ms]
read-1               36892ops       41ops/s   5.1mb/s   24.392ms/op [0.154ms - 47.327ms]
open-1               1ops        0ops/s   0.0mb/s    9.996ms/op [9.996ms - 9.996ms]
902.540: IO Summary: 36893 ops 40.988 ops/s 41/0 rd/wr   5.1mb/s 24.391ms/op
902.540: Shutting down processes

Run: #2,wl_name:seq-read-1th-128k-dynamic-4k,wl_path:shared_dir/workloads-filebench/read-data-micro/seq-read-1th.f,fs:lsfs


Filebench Version 1.5-alpha3
0.000: Allocated 177MB of shared memory
0.008: Populating and pre-allocating filesets
0.009: fileset-1 populated: 1 files, avg. dir. width = 1, avg. dir. depth = -nan, 0 leafdirs, 1024.000MB total size
0.010: Reusing existing fileset-1 tree
0.010: Pre-allocating files in fileset-1 tree
0.013: Waiting for pre-allocation to finish (in case of a parallel pre-allocation)
0.013: Population and pre-allocation of filesets completed
0.863: Attempting to create fileset more than once, ignoring
0.863: Starting 1 process-1 instances
2.370: Running...
902.460: Run took 900 seconds...
902.460: Per-Operation Breakdown
finish-1             0ops        0ops/s   0.0mb/s    0.000ms/op [0.000ms - 0.000ms]
close-1              0ops        0ops/s   0.0mb/s    0.000ms/op [0.000ms - 0.000ms]
read-1               36837ops       41ops/s   5.1mb/s   24.428ms/op [0.172ms - 30.343ms]
open-1               1ops        0ops/s   0.0mb/s    9.961ms/op [9.961ms - 9.961ms]
902.460: IO Summary: 36838 ops 40.927 ops/s 41/0 rd/wr   5.1mb/s 24.427ms/op
902.460: Shutting down processes

Run: #3,wl_name:seq-read-1th-128k-dynamic-4k,wl_path:shared_dir/workloads-filebench/read-data-micro/seq-read-1th.f,fs:lsfs


Filebench Version 1.5-alpha3
0.000: Allocated 177MB of shared memory
0.008: Populating and pre-allocating filesets
0.009: fileset-1 populated: 1 files, avg. dir. width = 1, avg. dir. depth = -nan, 0 leafdirs, 1024.000MB total size
0.010: Reusing existing fileset-1 tree
0.010: Pre-allocating files in fileset-1 tree
0.014: Waiting for pre-allocation to finish (in case of a parallel pre-allocation)
0.014: Population and pre-allocation of filesets completed
0.931: Attempting to create fileset more than once, ignoring
0.931: Starting 1 process-1 instances
2.614: Running...
902.705: Run took 900 seconds...
902.705: Per-Operation Breakdown
finish-1             0ops        0ops/s   0.0mb/s    0.000ms/op [0.000ms - 0.000ms]
close-1              0ops        0ops/s   0.0mb/s    0.000ms/op [0.000ms - 0.000ms]
read-1               36753ops       41ops/s   5.1mb/s   24.484ms/op [0.175ms - 31.280ms]
open-1               1ops        0ops/s   0.0mb/s    9.662ms/op [9.662ms - 9.662ms]
902.705: IO Summary: 36754 ops 40.834 ops/s 41/0 rd/wr   5.1mb/s 24.483ms/op
902.705: Shutting down processes
