
Run: #1,wl_name:delete-1th-cache_on-60000,wl_path:shared_dir/workloads-filebench/metadata-micro/delete-1th.f,fs:lsfs


Filebench Version 1.5-alpha3
0.000: Allocated 177MB of shared memory
0.001: Populating and pre-allocating filesets
0.023: fileset1 populated: 75000 files, avg. dir. width = 250, avg. dir. depth = 2.0, 0 leafdirs, 292.969MB total size
0.024: Removing fileset1 tree (if exists)
0.060: Pre-allocating directories in fileset1 tree
1.494: Pre-allocating files in fileset1 tree
367.507: Waiting for pre-allocation to finish (in case of a parallel pre-allocation)
367.507: Population and pre-allocation of filesets completed
368.052: Attempting to create fileset more than once, ignoring
368.053: Starting 1 process1 instances
369.715: Running...
738.755: Run took 369 seconds...
738.755: Per-Operation Breakdown
finish1              1ops        0ops/s   0.0mb/s    0.000ms/op [0.000ms - 0.000ms]
delete1              75000ops      203ops/s   0.0mb/s    4.903ms/op [1.742ms - 47.255ms]
738.755: IO Summary: 75000 ops 203.230 ops/s 0/0 rd/wr   0.0mb/s 4.903ms/op
738.755: Shutting down processes

Run: #2,wl_name:delete-1th-cache_on-60000,wl_path:shared_dir/workloads-filebench/metadata-micro/delete-1th.f,fs:lsfs


Filebench Version 1.5-alpha3
0.000: Allocated 177MB of shared memory
0.008: Populating and pre-allocating filesets
0.030: fileset1 populated: 75000 files, avg. dir. width = 250, avg. dir. depth = 2.0, 0 leafdirs, 292.969MB total size
0.031: Removing fileset1 tree (if exists)
0.069: Pre-allocating directories in fileset1 tree
0.999: Pre-allocating files in fileset1 tree
356.886: Waiting for pre-allocation to finish (in case of a parallel pre-allocation)
356.886: Population and pre-allocation of filesets completed
357.619: Attempting to create fileset more than once, ignoring
357.619: Starting 1 process1 instances
359.830: Running...
756.869: Run took 397 seconds...
756.869: Per-Operation Breakdown
finish1              1ops        0ops/s   0.0mb/s    0.000ms/op [0.000ms - 0.000ms]
delete1              75000ops      189ops/s   0.0mb/s    5.272ms/op [1.769ms - 46.512ms]
756.869: IO Summary: 75000 ops 188.899 ops/s 0/0 rd/wr   0.0mb/s 5.272ms/op
756.869: Shutting down processes

Run: #3,wl_name:delete-1th-cache_on-60000,wl_path:shared_dir/workloads-filebench/metadata-micro/delete-1th.f,fs:lsfs


Filebench Version 1.5-alpha3
0.000: Allocated 177MB of shared memory
0.008: Populating and pre-allocating filesets
0.030: fileset1 populated: 75000 files, avg. dir. width = 250, avg. dir. depth = 2.0, 0 leafdirs, 292.969MB total size
0.030: Removing fileset1 tree (if exists)
0.066: Pre-allocating directories in fileset1 tree
1.430: Pre-allocating files in fileset1 tree
376.350: Waiting for pre-allocation to finish (in case of a parallel pre-allocation)
376.350: Population and pre-allocation of filesets completed
376.800: Attempting to create fileset more than once, ignoring
376.800: Starting 1 process1 instances
378.982: Running...
749.017: Run took 370 seconds...
749.017: Per-Operation Breakdown
finish1              1ops        0ops/s   0.0mb/s    0.000ms/op [0.000ms - 0.000ms]
delete1              75000ops      203ops/s   0.0mb/s    4.919ms/op [1.733ms - 42.078ms]
749.017: IO Summary: 75000 ops 202.683 ops/s 0/0 rd/wr   0.0mb/s 4.919ms/op
749.017: Shutting down processes
