
Run: #1,wl_name:delete-1th-cache_off,wl_path:shared_dir/workloads-filebench/metadata-micro/delete-1th.f,fs:lsfs


Filebench Version 1.5-alpha3
0.000: Allocated 177MB of shared memory
0.001: Populating and pre-allocating filesets
0.024: fileset1 populated: 75000 files, avg. dir. width = 250, avg. dir. depth = 2.0, 0 leafdirs, 292.969MB total size
0.025: Removing fileset1 tree (if exists)
0.058: Pre-allocating directories in fileset1 tree
3.214: Pre-allocating files in fileset1 tree
929.997: Waiting for pre-allocation to finish (in case of a parallel pre-allocation)
929.997: Population and pre-allocation of filesets completed
930.617: Attempting to create fileset more than once, ignoring
930.617: Starting 1 process1 instances
932.268: Running...
1832.365: Run took 900 seconds...
1832.365: Per-Operation Breakdown
finish1              0ops        0ops/s   0.0mb/s    0.000ms/op [0.000ms - 0.000ms]
delete1              65481ops       73ops/s   0.0mb/s   13.727ms/op [6.080ms - 55.359ms]
1832.365: IO Summary: 65481 ops 72.749 ops/s 0/0 rd/wr   0.0mb/s 13.727ms/op
1832.365: Shutting down processes

Run: #2,wl_name:delete-1th-cache_off,wl_path:shared_dir/workloads-filebench/metadata-micro/delete-1th.f,fs:lsfs


Filebench Version 1.5-alpha3
0.000: Allocated 177MB of shared memory
0.008: Populating and pre-allocating filesets
0.030: fileset1 populated: 75000 files, avg. dir. width = 250, avg. dir. depth = 2.0, 0 leafdirs, 292.969MB total size
0.032: Removing fileset1 tree (if exists)
0.155: Pre-allocating directories in fileset1 tree
4.054: Pre-allocating files in fileset1 tree
922.707: Waiting for pre-allocation to finish (in case of a parallel pre-allocation)
922.708: Population and pre-allocation of filesets completed
923.162: Attempting to create fileset more than once, ignoring
923.162: Starting 1 process1 instances
925.168: Running...
1825.264: Run took 900 seconds...
1825.264: Per-Operation Breakdown
finish1              0ops        0ops/s   0.0mb/s    0.000ms/op [0.000ms - 0.000ms]
delete1              64214ops       71ops/s   0.0mb/s   13.998ms/op [6.147ms - 61.154ms]
1825.264: IO Summary: 64214 ops 71.341 ops/s 0/0 rd/wr   0.0mb/s 13.998ms/op
1825.264: Shutting down processes

Run: #3,wl_name:delete-1th-cache_off,wl_path:shared_dir/workloads-filebench/metadata-micro/delete-1th.f,fs:lsfs


Filebench Version 1.5-alpha3
0.000: Allocated 177MB of shared memory
0.008: Populating and pre-allocating filesets
0.043: fileset1 populated: 75000 files, avg. dir. width = 250, avg. dir. depth = 2.0, 0 leafdirs, 292.969MB total size
0.045: Removing fileset1 tree (if exists)
0.079: Pre-allocating directories in fileset1 tree
4.717: Pre-allocating files in fileset1 tree
919.869: Waiting for pre-allocation to finish (in case of a parallel pre-allocation)
919.869: Population and pre-allocation of filesets completed
920.252: Attempting to create fileset more than once, ignoring
920.252: Starting 1 process1 instances
922.510: Running...
1822.608: Run took 900 seconds...
1822.609: Per-Operation Breakdown
finish1              0ops        0ops/s   0.0mb/s    0.000ms/op [0.000ms - 0.000ms]
delete1              64095ops       71ops/s   0.0mb/s   14.024ms/op [6.097ms - 55.032ms]
1822.609: IO Summary: 64095 ops 71.209 ops/s 0/0 rd/wr   0.0mb/s 14.024ms/op
1822.609: Shutting down processes
