
Run: #1,wl_name:delete-1th-cache_on-60000,wl_path:shared_dir/workloads-filebench/metadata-micro/delete-1th.f,fs:lsfs


Filebench Version 1.5-alpha3
0.000: Allocated 177MB of shared memory
0.001: Populating and pre-allocating filesets
0.022: fileset1 populated: 75000 files, avg. dir. width = 250, avg. dir. depth = 2.0, 0 leafdirs, 292.969MB total size
0.023: Removing fileset1 tree (if exists)
0.036: Pre-allocating directories in fileset1 tree
1.535: Pre-allocating files in fileset1 tree
400.756: Waiting for pre-allocation to finish (in case of a parallel pre-allocation)
400.756: Population and pre-allocation of filesets completed
401.002: Attempting to create fileset more than once, ignoring
401.002: Starting 1 process1 instances
402.644: Running...
925.697: Run took 523 seconds...
925.697: Per-Operation Breakdown
finish1              1ops        0ops/s   0.0mb/s    0.000ms/op [0.000ms - 0.000ms]
delete1              75000ops      143ops/s   0.0mb/s    6.951ms/op [1.443ms - 17.038ms]
925.697: IO Summary: 75000 ops 143.389 ops/s 0/0 rd/wr   0.0mb/s 6.951ms/op
925.697: Shutting down processes

Run: #2,wl_name:delete-1th-cache_on-60000,wl_path:shared_dir/workloads-filebench/metadata-micro/delete-1th.f,fs:lsfs


Filebench Version 1.5-alpha3
0.000: Allocated 177MB of shared memory
0.008: Populating and pre-allocating filesets
0.029: fileset1 populated: 75000 files, avg. dir. width = 250, avg. dir. depth = 2.0, 0 leafdirs, 292.969MB total size
0.030: Removing fileset1 tree (if exists)
0.048: Pre-allocating directories in fileset1 tree
1.949: Pre-allocating files in fileset1 tree
407.278: Waiting for pre-allocation to finish (in case of a parallel pre-allocation)
407.278: Population and pre-allocation of filesets completed
407.578: Attempting to create fileset more than once, ignoring
407.578: Starting 1 process1 instances
409.236: Running...
932.288: Run took 523 seconds...
932.289: Per-Operation Breakdown
finish1              1ops        0ops/s   0.0mb/s    0.000ms/op [0.000ms - 0.000ms]
delete1              75000ops      143ops/s   0.0mb/s    6.960ms/op [1.499ms - 17.767ms]
932.289: IO Summary: 75000 ops 143.389 ops/s 0/0 rd/wr   0.0mb/s 6.960ms/op
932.289: Shutting down processes

Run: #3,wl_name:delete-1th-cache_on-60000,wl_path:shared_dir/workloads-filebench/metadata-micro/delete-1th.f,fs:lsfs


Filebench Version 1.5-alpha3
0.000: Allocated 177MB of shared memory
0.008: Populating and pre-allocating filesets
0.030: fileset1 populated: 75000 files, avg. dir. width = 250, avg. dir. depth = 2.0, 0 leafdirs, 292.969MB total size
0.030: Removing fileset1 tree (if exists)
0.046: Pre-allocating directories in fileset1 tree
2.030: Pre-allocating files in fileset1 tree
389.504: Waiting for pre-allocation to finish (in case of a parallel pre-allocation)
389.504: Population and pre-allocation of filesets completed
389.777: Attempting to create fileset more than once, ignoring
389.777: Starting 1 process1 instances
391.403: Running...
912.455: Run took 521 seconds...
912.455: Per-Operation Breakdown
finish1              1ops        0ops/s   0.0mb/s    0.000ms/op [0.000ms - 0.000ms]
delete1              75000ops      144ops/s   0.0mb/s    6.930ms/op [1.428ms - 16.182ms]
912.455: IO Summary: 75000 ops 143.939 ops/s 0/0 rd/wr   0.0mb/s 6.930ms/op
912.455: Shutting down processes
