
Run: #1,wl_name:create-1th-cache_on-1000,wl_path:shared_dir/workloads-filebench/metadata-micro/create-1th.f,fs:lsfs


Filebench Version 1.5-alpha3
0.000: Allocated 177MB of shared memory
0.001: Populating and pre-allocating filesets
0.022: fileset-1 populated: 75000 files, avg. dir. width = 250, avg. dir. depth = 2.0, 0 leafdirs, 292.969MB total size
0.023: Removing fileset-1 tree (if exists)
0.034: Pre-allocating directories in fileset-1 tree
1.742: Pre-allocating files in fileset-1 tree
1.848: Waiting for pre-allocation to finish (in case of a parallel pre-allocation)
1.848: Population and pre-allocation of filesets completed
2.898: Attempting to create fileset more than once, ignoring
2.898: Starting 1 process-1 instances
4.286: Running...
457.327: Run took 453 seconds...
457.327: Per-Operation Breakdown
finishoncount-1      1ops        0ops/s   0.0mb/s    0.001ms/op [0.001ms - 0.001ms]
createwriteclose-1.closefile-1 75000ops      166ops/s   0.0mb/s    3.476ms/op [0.352ms - 15.694ms]
createwriteclose-1.write-1 75000ops      166ops/s   0.6mb/s    0.742ms/op [0.120ms - 11.364ms]
createwriteclose-1.createfile-1 75000ops      166ops/s   0.0mb/s    1.801ms/op [0.197ms - 7.434ms]
createwriteclose-1   0ops        0ops/s   0.0mb/s    0.000ms/op [0.000ms - 0.000ms]
457.327: IO Summary: 225000 ops 496.644 ops/s 0/166 rd/wr   0.6mb/s 2.006ms/op
457.327: Shutting down processes

Run: #2,wl_name:create-1th-cache_on-1000,wl_path:shared_dir/workloads-filebench/metadata-micro/create-1th.f,fs:lsfs


Filebench Version 1.5-alpha3
0.000: Allocated 177MB of shared memory
0.008: Populating and pre-allocating filesets
0.029: fileset-1 populated: 75000 files, avg. dir. width = 250, avg. dir. depth = 2.0, 0 leafdirs, 292.969MB total size
0.030: Removing fileset-1 tree (if exists)
0.039: Pre-allocating directories in fileset-1 tree
0.565: Pre-allocating files in fileset-1 tree
0.687: Waiting for pre-allocation to finish (in case of a parallel pre-allocation)
0.687: Population and pre-allocation of filesets completed
1.575: Attempting to create fileset more than once, ignoring
1.575: Starting 1 process-1 instances
2.968: Running...
457.008: Run took 454 seconds...
457.009: Per-Operation Breakdown
finishoncount-1      1ops        0ops/s   0.0mb/s    0.000ms/op [0.000ms - 0.000ms]
createwriteclose-1.closefile-1 75000ops      165ops/s   0.0mb/s    3.477ms/op [0.423ms - 14.928ms]
createwriteclose-1.write-1 75000ops      165ops/s   0.6mb/s    0.742ms/op [0.119ms - 9.279ms]
createwriteclose-1.createfile-1 75000ops      165ops/s   0.0mb/s    1.802ms/op [0.194ms - 19.932ms]
createwriteclose-1   0ops        0ops/s   0.0mb/s    0.000ms/op [0.000ms - 0.000ms]
457.009: IO Summary: 225000 ops 495.550 ops/s 0/165 rd/wr   0.6mb/s 2.007ms/op
457.009: Shutting down processes

Run: #3,wl_name:create-1th-cache_on-1000,wl_path:shared_dir/workloads-filebench/metadata-micro/create-1th.f,fs:lsfs


Filebench Version 1.5-alpha3
0.000: Allocated 177MB of shared memory
0.008: Populating and pre-allocating filesets
0.029: fileset-1 populated: 75000 files, avg. dir. width = 250, avg. dir. depth = 2.0, 0 leafdirs, 292.969MB total size
0.030: Removing fileset-1 tree (if exists)
0.046: Pre-allocating directories in fileset-1 tree
0.505: Pre-allocating files in fileset-1 tree
0.622: Waiting for pre-allocation to finish (in case of a parallel pre-allocation)
0.622: Population and pre-allocation of filesets completed
1.583: Attempting to create fileset more than once, ignoring
1.583: Starting 1 process-1 instances
2.982: Running...
450.023: Run took 447 seconds...
450.023: Per-Operation Breakdown
finishoncount-1      1ops        0ops/s   0.0mb/s    0.000ms/op [0.000ms - 0.000ms]
createwriteclose-1.closefile-1 75000ops      168ops/s   0.0mb/s    3.428ms/op [0.360ms - 12.691ms]
createwriteclose-1.write-1 75000ops      168ops/s   0.7mb/s    0.731ms/op [0.117ms - 7.548ms]
createwriteclose-1.createfile-1 75000ops      168ops/s   0.0mb/s    1.770ms/op [0.191ms - 8.171ms]
createwriteclose-1   0ops        0ops/s   0.0mb/s    0.000ms/op [0.000ms - 0.000ms]
450.023: IO Summary: 225000 ops 503.310 ops/s 0/168 rd/wr   0.7mb/s 1.976ms/op
450.023: Shutting down processes
