
Run: #1,wl_name:stat-1th-cache_on-60000,wl_path:shared_dir/workloads-filebench/metadata-micro/stat-1th.f,fs:lsfs


Filebench Version 1.5-alpha3
0.000: Allocated 177MB of shared memory
0.001: Populating and pre-allocating filesets
0.024: fileset1 populated: 75000 files, avg. dir. width = 250, avg. dir. depth = 2.0, 0 leafdirs, 292.969MB total size
0.025: Removing fileset1 tree (if exists)
0.043: Pre-allocating directories in fileset1 tree
1.861: Pre-allocating files in fileset1 tree
397.308: Waiting for pre-allocation to finish (in case of a parallel pre-allocation)
397.308: Population and pre-allocation of filesets completed
397.550: Attempting to create fileset more than once, ignoring
397.551: Starting 1 process1 instances
399.301: Running...
1299.370: Run took 900 seconds...
1299.370: Per-Operation Breakdown
stat1                1437515ops     1597ops/s   0.0mb/s    0.622ms/op [0.281ms - 44.225ms]
1299.370: IO Summary: 1437515 ops 1597.117 ops/s 0/0 rd/wr   0.0mb/s 0.622ms/op
1299.370: Shutting down processes

Run: #2,wl_name:stat-1th-cache_on-60000,wl_path:shared_dir/workloads-filebench/metadata-micro/stat-1th.f,fs:lsfs


Filebench Version 1.5-alpha3
0.000: Allocated 177MB of shared memory
0.008: Populating and pre-allocating filesets
0.029: fileset1 populated: 75000 files, avg. dir. width = 250, avg. dir. depth = 2.0, 0 leafdirs, 292.969MB total size
0.029: Removing fileset1 tree (if exists)
0.043: Pre-allocating directories in fileset1 tree
1.748: Pre-allocating files in fileset1 tree
391.169: Waiting for pre-allocation to finish (in case of a parallel pre-allocation)
391.169: Population and pre-allocation of filesets completed
391.442: Attempting to create fileset more than once, ignoring
391.442: Starting 1 process1 instances
393.059: Running...
1293.116: Run took 900 seconds...
1293.116: Per-Operation Breakdown
stat1                2305012ops     2561ops/s   0.0mb/s    0.388ms/op [0.281ms - 70.412ms]
1293.116: IO Summary: 2305012 ops 2560.962 ops/s 0/0 rd/wr   0.0mb/s 0.388ms/op
1293.116: Shutting down processes

Run: #3,wl_name:stat-1th-cache_on-60000,wl_path:shared_dir/workloads-filebench/metadata-micro/stat-1th.f,fs:lsfs


Filebench Version 1.5-alpha3
0.000: Allocated 177MB of shared memory
0.008: Populating and pre-allocating filesets
0.029: fileset1 populated: 75000 files, avg. dir. width = 250, avg. dir. depth = 2.0, 0 leafdirs, 292.969MB total size
0.030: Removing fileset1 tree (if exists)
0.044: Pre-allocating directories in fileset1 tree
2.007: Pre-allocating files in fileset1 tree
388.314: Waiting for pre-allocation to finish (in case of a parallel pre-allocation)
388.314: Population and pre-allocation of filesets completed
388.553: Attempting to create fileset more than once, ignoring
388.553: Starting 1 process1 instances
390.142: Running...
1290.202: Run took 900 seconds...
1290.202: Per-Operation Breakdown
stat1                2124989ops     2361ops/s   0.0mb/s    0.420ms/op [0.281ms - 35.458ms]
1290.202: IO Summary: 2124989 ops 2360.942 ops/s 0/0 rd/wr   0.0mb/s 0.420ms/op
1290.202: Shutting down processes
