
Run: #1,wl_name:create-1th-cache_off,wl_path:shared_dir/workloads-filebench/metadata-micro/create-1th.f,fs:lsfs


Filebench Version 1.5-alpha3
0.000: Allocated 177MB of shared memory
0.001: Populating and pre-allocating filesets
0.023: fileset-1 populated: 75000 files, avg. dir. width = 250, avg. dir. depth = 2.0, 0 leafdirs, 292.969MB total size
0.024: Removing fileset-1 tree (if exists)
0.034: Pre-allocating directories in fileset-1 tree
5.587: Pre-allocating files in fileset-1 tree
5.702: Waiting for pre-allocation to finish (in case of a parallel pre-allocation)
5.702: Population and pre-allocation of filesets completed
6.757: Attempting to create fileset more than once, ignoring
6.758: Starting 1 process-1 instances
8.250: Running...
908.344: Run took 900 seconds...
908.345: Per-Operation Breakdown
finishoncount-1      0ops        0ops/s   0.0mb/s    0.000ms/op [0.000ms - 0.000ms]
createwriteclose-1.closefile-1 34508ops       38ops/s   0.0mb/s    3.557ms/op [1.188ms - 11.520ms]
createwriteclose-1.write-1 34508ops       38ops/s   0.1mb/s    0.826ms/op [0.168ms - 7.976ms]
createwriteclose-1.createfile-1 34508ops       38ops/s   0.0mb/s   21.680ms/op [7.358ms - 59.508ms]
createwriteclose-1   0ops        0ops/s   0.0mb/s    0.000ms/op [0.000ms - 0.000ms]
908.345: IO Summary: 103524 ops 115.015 ops/s 0/38 rd/wr   0.1mb/s 8.688ms/op
908.345: Shutting down processes

Run: #2,wl_name:create-1th-cache_off,wl_path:shared_dir/workloads-filebench/metadata-micro/create-1th.f,fs:lsfs


Filebench Version 1.5-alpha3
0.000: Allocated 177MB of shared memory
0.008: Populating and pre-allocating filesets
0.030: fileset-1 populated: 75000 files, avg. dir. width = 250, avg. dir. depth = 2.0, 0 leafdirs, 292.969MB total size
0.030: Removing fileset-1 tree (if exists)
0.042: Pre-allocating directories in fileset-1 tree
6.826: Pre-allocating files in fileset-1 tree
6.936: Waiting for pre-allocation to finish (in case of a parallel pre-allocation)
6.936: Population and pre-allocation of filesets completed
8.008: Attempting to create fileset more than once, ignoring
8.008: Starting 1 process-1 instances
9.516: Running...
909.611: Run took 900 seconds...
909.611: Per-Operation Breakdown
finishoncount-1      0ops        0ops/s   0.0mb/s    0.000ms/op [0.000ms - 0.000ms]
createwriteclose-1.closefile-1 34497ops       38ops/s   0.0mb/s    3.560ms/op [0.719ms - 11.520ms]
createwriteclose-1.write-1 34497ops       38ops/s   0.1mb/s    0.825ms/op [0.226ms - 7.897ms]
createwriteclose-1.createfile-1 34497ops       38ops/s   0.0mb/s   21.685ms/op [7.452ms - 28.023ms]
createwriteclose-1   0ops        0ops/s   0.0mb/s    0.000ms/op [0.000ms - 0.000ms]
909.611: IO Summary: 103491 ops 114.978 ops/s 0/38 rd/wr   0.1mb/s 8.690ms/op
909.611: Shutting down processes

Run: #3,wl_name:create-1th-cache_off,wl_path:shared_dir/workloads-filebench/metadata-micro/create-1th.f,fs:lsfs


Filebench Version 1.5-alpha3
0.000: Allocated 177MB of shared memory
0.008: Populating and pre-allocating filesets
0.029: fileset-1 populated: 75000 files, avg. dir. width = 250, avg. dir. depth = 2.0, 0 leafdirs, 292.969MB total size
0.030: Removing fileset-1 tree (if exists)
0.046: Pre-allocating directories in fileset-1 tree
3.740: Pre-allocating files in fileset-1 tree
3.852: Waiting for pre-allocation to finish (in case of a parallel pre-allocation)
3.852: Population and pre-allocation of filesets completed
4.792: Attempting to create fileset more than once, ignoring
4.792: Starting 1 process-1 instances
6.364: Running...
906.457: Run took 900 seconds...
906.457: Per-Operation Breakdown
finishoncount-1      0ops        0ops/s   0.0mb/s    0.000ms/op [0.000ms - 0.000ms]
createwriteclose-1.closefile-1 34518ops       38ops/s   0.0mb/s    3.557ms/op [0.977ms - 11.313ms]
createwriteclose-1.write-1 34518ops       38ops/s   0.1mb/s    0.824ms/op [0.229ms - 5.612ms]
createwriteclose-1.createfile-1 34519ops       38ops/s   0.0mb/s   21.674ms/op [7.646ms - 27.853ms]
createwriteclose-1   0ops        0ops/s   0.0mb/s    0.000ms/op [0.000ms - 0.000ms]
906.457: IO Summary: 103555 ops 115.049 ops/s 0/38 rd/wr   0.1mb/s 8.685ms/op
906.457: Shutting down processes
