
Run: #1,wl_name:delete-1th-cache_on-30000,wl_path:shared_dir/workloads-filebench/metadata-micro/delete-1th.f,fs:lsfs


Filebench Version 1.5-alpha3
0.000: Allocated 177MB of shared memory
0.001: Populating and pre-allocating filesets
0.024: fileset1 populated: 75000 files, avg. dir. width = 250, avg. dir. depth = 2.0, 0 leafdirs, 292.969MB total size
0.024: Removing fileset1 tree (if exists)
0.041: Pre-allocating directories in fileset1 tree
1.841: Pre-allocating files in fileset1 tree
400.312: Waiting for pre-allocation to finish (in case of a parallel pre-allocation)
400.312: Population and pre-allocation of filesets completed
400.568: Attempting to create fileset more than once, ignoring
400.568: Starting 1 process1 instances
402.290: Running...
921.340: Run took 519 seconds...
921.341: Per-Operation Breakdown
finish1              1ops        0ops/s   0.0mb/s    0.000ms/op [0.000ms - 0.000ms]
delete1              75000ops      144ops/s   0.0mb/s    6.905ms/op [1.440ms - 16.841ms]
921.341: IO Summary: 75000 ops 144.495 ops/s 0/0 rd/wr   0.0mb/s 6.905ms/op
921.341: Shutting down processes

Run: #2,wl_name:delete-1th-cache_on-30000,wl_path:shared_dir/workloads-filebench/metadata-micro/delete-1th.f,fs:lsfs


Filebench Version 1.5-alpha3
0.000: Allocated 177MB of shared memory
0.008: Populating and pre-allocating filesets
0.029: fileset1 populated: 75000 files, avg. dir. width = 250, avg. dir. depth = 2.0, 0 leafdirs, 292.969MB total size
0.030: Removing fileset1 tree (if exists)
0.038: Pre-allocating directories in fileset1 tree
1.368: Pre-allocating files in fileset1 tree
379.975: Waiting for pre-allocation to finish (in case of a parallel pre-allocation)
379.975: Population and pre-allocation of filesets completed
380.251: Attempting to create fileset more than once, ignoring
380.251: Starting 1 process1 instances
381.897: Running...
905.950: Run took 524 seconds...
905.950: Per-Operation Breakdown
finish1              1ops        0ops/s   0.0mb/s    0.000ms/op [0.000ms - 0.000ms]
delete1              75000ops      143ops/s   0.0mb/s    6.962ms/op [1.509ms - 15.303ms]
905.950: IO Summary: 75000 ops 143.115 ops/s 0/0 rd/wr   0.0mb/s 6.962ms/op
905.950: Shutting down processes

Run: #3,wl_name:delete-1th-cache_on-30000,wl_path:shared_dir/workloads-filebench/metadata-micro/delete-1th.f,fs:lsfs


Filebench Version 1.5-alpha3
0.000: Allocated 177MB of shared memory
0.008: Populating and pre-allocating filesets
0.030: fileset1 populated: 75000 files, avg. dir. width = 250, avg. dir. depth = 2.0, 0 leafdirs, 292.969MB total size
0.031: Removing fileset1 tree (if exists)
0.040: Pre-allocating directories in fileset1 tree
2.033: Pre-allocating files in fileset1 tree
388.925: Waiting for pre-allocation to finish (in case of a parallel pre-allocation)
388.925: Population and pre-allocation of filesets completed
389.162: Attempting to create fileset more than once, ignoring
389.169: Starting 1 process1 instances
390.830: Running...
910.882: Run took 520 seconds...
910.882: Per-Operation Breakdown
finish1              1ops        0ops/s   0.0mb/s    0.000ms/op [0.000ms - 0.000ms]
delete1              75000ops      144ops/s   0.0mb/s    6.919ms/op [1.391ms - 16.679ms]
910.882: IO Summary: 75000 ops 144.217 ops/s 0/0 rd/wr   0.0mb/s 6.919ms/op
910.882: Shutting down processes
