
Run: #1,wl_name:stat-1th-cache_on-30000,wl_path:shared_dir/workloads-filebench/metadata-micro/stat-1th.f,fs:lsfs


Filebench Version 1.5-alpha3
0.000: Allocated 177MB of shared memory
0.001: Populating and pre-allocating filesets
0.024: fileset1 populated: 75000 files, avg. dir. width = 250, avg. dir. depth = 2.0, 0 leafdirs, 292.969MB total size
0.024: Removing fileset1 tree (if exists)
0.033: Pre-allocating directories in fileset1 tree
1.935: Pre-allocating files in fileset1 tree
397.348: Waiting for pre-allocation to finish (in case of a parallel pre-allocation)
397.348: Population and pre-allocation of filesets completed
397.589: Attempting to create fileset more than once, ignoring
397.590: Starting 1 process1 instances
399.356: Running...
1299.418: Run took 900 seconds...
1299.418: Per-Operation Breakdown
stat1                1927446ops     2141ops/s   0.0mb/s    0.464ms/op [0.279ms - 34.825ms]
1299.418: IO Summary: 1927446 ops 2141.459 ops/s 0/0 rd/wr   0.0mb/s 0.464ms/op
1299.419: Shutting down processes

Run: #2,wl_name:stat-1th-cache_on-30000,wl_path:shared_dir/workloads-filebench/metadata-micro/stat-1th.f,fs:lsfs


Filebench Version 1.5-alpha3
0.000: Allocated 177MB of shared memory
0.008: Populating and pre-allocating filesets
0.040: fileset1 populated: 75000 files, avg. dir. width = 250, avg. dir. depth = 2.0, 0 leafdirs, 292.969MB total size
0.040: Removing fileset1 tree (if exists)
0.059: Pre-allocating directories in fileset1 tree
2.004: Pre-allocating files in fileset1 tree
402.727: Waiting for pre-allocation to finish (in case of a parallel pre-allocation)
402.727: Population and pre-allocation of filesets completed
403.048: Attempting to create fileset more than once, ignoring
403.048: Starting 1 process1 instances
404.657: Running...
1304.709: Run took 900 seconds...
1304.709: Per-Operation Breakdown
stat1                2777596ops     3086ops/s   0.0mb/s    0.321ms/op [0.281ms - 12.833ms]
1304.709: IO Summary: 2777596 ops 3086.040 ops/s 0/0 rd/wr   0.0mb/s 0.321ms/op
1304.709: Shutting down processes

Run: #3,wl_name:stat-1th-cache_on-30000,wl_path:shared_dir/workloads-filebench/metadata-micro/stat-1th.f,fs:lsfs


Filebench Version 1.5-alpha3
0.000: Allocated 177MB of shared memory
0.008: Populating and pre-allocating filesets
0.029: fileset1 populated: 75000 files, avg. dir. width = 250, avg. dir. depth = 2.0, 0 leafdirs, 292.969MB total size
0.030: Removing fileset1 tree (if exists)
0.040: Pre-allocating directories in fileset1 tree
0.655: Pre-allocating files in fileset1 tree
393.564: Waiting for pre-allocation to finish (in case of a parallel pre-allocation)
393.564: Population and pre-allocation of filesets completed
393.806: Attempting to create fileset more than once, ignoring
393.806: Starting 1 process1 instances
395.498: Running...
1295.560: Run took 900 seconds...
1295.560: Per-Operation Breakdown
stat1                2075783ops     2306ops/s   0.0mb/s    0.430ms/op [0.280ms - 51.149ms]
1295.560: IO Summary: 2075783 ops 2306.268 ops/s 0/0 rd/wr   0.0mb/s 0.430ms/op
1295.560: Shutting down processes
