
Run: #1,wl_name:delete-1th-cache_off,wl_path:shared_dir/workloads-filebench/metadata-micro/delete-1th.f,fs:lsfs


Filebench Version 1.5-alpha3
0.000: Allocated 177MB of shared memory
0.001: Populating and pre-allocating filesets
0.023: fileset1 populated: 75000 files, avg. dir. width = 250, avg. dir. depth = 2.0, 0 leafdirs, 292.969MB total size
0.024: Removing fileset1 tree (if exists)
0.037: Pre-allocating directories in fileset1 tree
4.900: Pre-allocating files in fileset1 tree
1209.686: Waiting for pre-allocation to finish (in case of a parallel pre-allocation)
1209.686: Population and pre-allocation of filesets completed
1209.973: Attempting to create fileset more than once, ignoring
1209.973: Starting 1 process1 instances
1211.671: Running...
2111.765: Run took 900 seconds...
2111.765: Per-Operation Breakdown
finish1              0ops        0ops/s   0.0mb/s    0.000ms/op [0.000ms - 0.000ms]
delete1              45541ops       51ops/s   0.0mb/s   19.750ms/op [5.879ms - 33.482ms]
2111.765: IO Summary: 45541 ops 50.596 ops/s 0/0 rd/wr   0.0mb/s 19.750ms/op
2111.765: Shutting down processes

Run: #2,wl_name:delete-1th-cache_off,wl_path:shared_dir/workloads-filebench/metadata-micro/delete-1th.f,fs:lsfs


Filebench Version 1.5-alpha3
0.000: Allocated 177MB of shared memory
0.008: Populating and pre-allocating filesets
0.029: fileset1 populated: 75000 files, avg. dir. width = 250, avg. dir. depth = 2.0, 0 leafdirs, 292.969MB total size
0.030: Removing fileset1 tree (if exists)
0.054: Pre-allocating directories in fileset1 tree
5.238: Pre-allocating files in fileset1 tree
1205.249: Waiting for pre-allocation to finish (in case of a parallel pre-allocation)
1205.249: Population and pre-allocation of filesets completed
1205.515: Attempting to create fileset more than once, ignoring
1205.515: Starting 1 process1 instances
1207.187: Running...
2107.282: Run took 900 seconds...
2107.282: Per-Operation Breakdown
finish1              0ops        0ops/s   0.0mb/s    0.000ms/op [0.000ms - 0.000ms]
delete1              45571ops       51ops/s   0.0mb/s   19.737ms/op [5.920ms - 33.618ms]
2107.282: IO Summary: 45571 ops 50.629 ops/s 0/0 rd/wr   0.0mb/s 19.737ms/op
2107.282: Shutting down processes

Run: #3,wl_name:delete-1th-cache_off,wl_path:shared_dir/workloads-filebench/metadata-micro/delete-1th.f,fs:lsfs


Filebench Version 1.5-alpha3
0.000: Allocated 177MB of shared memory
0.008: Populating and pre-allocating filesets
0.029: fileset1 populated: 75000 files, avg. dir. width = 250, avg. dir. depth = 2.0, 0 leafdirs, 292.969MB total size
0.030: Removing fileset1 tree (if exists)
0.046: Pre-allocating directories in fileset1 tree
6.821: Pre-allocating files in fileset1 tree
1205.146: Waiting for pre-allocation to finish (in case of a parallel pre-allocation)
1205.146: Population and pre-allocation of filesets completed
1205.431: Attempting to create fileset more than once, ignoring
1205.431: Starting 1 process1 instances
1207.160: Running...
2107.254: Run took 900 seconds...
2107.254: Per-Operation Breakdown
finish1              0ops        0ops/s   0.0mb/s    0.000ms/op [0.000ms - 0.000ms]
delete1              45589ops       51ops/s   0.0mb/s   19.729ms/op [5.744ms - 72.444ms]
2107.254: IO Summary: 45589 ops 50.649 ops/s 0/0 rd/wr   0.0mb/s 19.729ms/op
2107.254: Shutting down processes
