
Run: #1,wl_name:delete-1th-cache_on-1000,wl_path:shared_dir/workloads-filebench/metadata-micro/delete-1th.f,fs:lsfs


Filebench Version 1.5-alpha3
0.000: Allocated 177MB of shared memory
0.001: Populating and pre-allocating filesets
0.023: fileset1 populated: 75000 files, avg. dir. width = 250, avg. dir. depth = 2.0, 0 leafdirs, 292.969MB total size
0.023: Removing fileset1 tree (if exists)
0.038: Pre-allocating directories in fileset1 tree
2.056: Pre-allocating files in fileset1 tree
296.582: Waiting for pre-allocation to finish (in case of a parallel pre-allocation)
296.582: Population and pre-allocation of filesets completed
296.862: Attempting to create fileset more than once, ignoring
296.862: Starting 1 process1 instances
298.533: Running...
793.578: Run took 495 seconds...
793.579: Per-Operation Breakdown
finish1              1ops        0ops/s   0.0mb/s    0.000ms/op [0.000ms - 0.000ms]
delete1              75000ops      152ops/s   0.0mb/s    6.580ms/op [1.380ms - 17.529ms]
793.579: IO Summary: 75000 ops 151.501 ops/s 0/0 rd/wr   0.0mb/s 6.580ms/op
793.579: Shutting down processes

Run: #2,wl_name:delete-1th-cache_on-1000,wl_path:shared_dir/workloads-filebench/metadata-micro/delete-1th.f,fs:lsfs


Filebench Version 1.5-alpha3
0.000: Allocated 177MB of shared memory
0.008: Populating and pre-allocating filesets
0.029: fileset1 populated: 75000 files, avg. dir. width = 250, avg. dir. depth = 2.0, 0 leafdirs, 292.969MB total size
0.030: Removing fileset1 tree (if exists)
0.045: Pre-allocating directories in fileset1 tree
2.099: Pre-allocating files in fileset1 tree
292.180: Waiting for pre-allocation to finish (in case of a parallel pre-allocation)
292.180: Population and pre-allocation of filesets completed
292.488: Attempting to create fileset more than once, ignoring
292.489: Starting 1 process1 instances
294.131: Running...
793.177: Run took 499 seconds...
793.178: Per-Operation Breakdown
finish1              1ops        0ops/s   0.0mb/s    0.000ms/op [0.000ms - 0.000ms]
delete1              75000ops      150ops/s   0.0mb/s    6.630ms/op [1.387ms - 14.990ms]
793.178: IO Summary: 75000 ops 150.287 ops/s 0/0 rd/wr   0.0mb/s 6.630ms/op
793.178: Shutting down processes

Run: #3,wl_name:delete-1th-cache_on-1000,wl_path:shared_dir/workloads-filebench/metadata-micro/delete-1th.f,fs:lsfs


Filebench Version 1.5-alpha3
0.000: Allocated 177MB of shared memory
0.008: Populating and pre-allocating filesets
0.029: fileset1 populated: 75000 files, avg. dir. width = 250, avg. dir. depth = 2.0, 0 leafdirs, 292.969MB total size
0.029: Removing fileset1 tree (if exists)
0.045: Pre-allocating directories in fileset1 tree
1.961: Pre-allocating files in fileset1 tree
290.844: Waiting for pre-allocation to finish (in case of a parallel pre-allocation)
290.844: Population and pre-allocation of filesets completed
291.101: Attempting to create fileset more than once, ignoring
291.101: Starting 1 process1 instances
292.814: Running...
790.862: Run took 498 seconds...
790.863: Per-Operation Breakdown
finish1              1ops        0ops/s   0.0mb/s    0.000ms/op [0.000ms - 0.000ms]
delete1              75000ops      151ops/s   0.0mb/s    6.617ms/op [1.417ms - 18.098ms]
790.863: IO Summary: 75000 ops 150.588 ops/s 0/0 rd/wr   0.0mb/s 6.617ms/op
790.863: Shutting down processes
