
Run: #1,wl_name:fileserver-anti_entropy-30,wl_path:shared_dir/workloads-filebench/macro/fileserver.f,fs:lsfs


Filebench Version 1.5-alpha3
0.000: Allocated 177MB of shared memory
0.083: Populating and pre-allocating filesets
0.089: bigfileset populated: 10000 files, avg. dir. width = 20, avg. dir. depth = 3.1, 0 leafdirs, 1240.757MB total size
0.090: Removing bigfileset tree (if exists)
0.103: Pre-allocating directories in bigfileset tree
2.041: Pre-allocating files in bigfileset tree
121.147: Waiting for pre-allocation to finish (in case of a parallel pre-allocation)
121.147: Population and pre-allocation of filesets completed
121.147: Starting 1 filereader instances
122.152: Running...
1022.214: Run took 900 seconds...
1022.215: Per-Operation Breakdown
statfile1            16774ops       19ops/s   0.0mb/s    1.753ms/op [0.537ms - 2300.941ms]
deletefile1          16774ops       19ops/s   0.0mb/s    3.980ms/op [1.186ms - 4004.727ms]
closefile3           16774ops       19ops/s   0.0mb/s    0.018ms/op [0.009ms - 0.208ms]
readfile1            16774ops       19ops/s   2.4mb/s   23.250ms/op [0.281ms - 2085.869ms]
openfile2            16775ops       19ops/s   0.0mb/s    2.393ms/op [0.778ms - 2023.536ms]
closefile2           16775ops       19ops/s   0.0mb/s    0.406ms/op [0.136ms - 1.947ms]
appendfilerand1      16775ops       19ops/s   0.1mb/s    2.067ms/op [0.373ms - 2003.900ms]
openfile1            16775ops       19ops/s   0.0mb/s    2.535ms/op [0.810ms - 2217.974ms]
closefile1           16775ops       19ops/s   0.0mb/s    1.911ms/op [0.520ms - 2004.452ms]
wrtfile1             16775ops       19ops/s   2.3mb/s   14.079ms/op [0.163ms - 2028.689ms]
createfile1          16775ops       19ops/s   0.0mb/s    1.214ms/op [0.306ms - 2009.875ms]
1022.215: IO Summary: 184521 ops 205.009 ops/s 19/37 rd/wr   4.8mb/s 4.873ms/op
1022.215: Shutting down processes

Run: #2,wl_name:fileserver-anti_entropy-30,wl_path:shared_dir/workloads-filebench/macro/fileserver.f,fs:lsfs


Filebench Version 1.5-alpha3
0.000: Allocated 177MB of shared memory
0.066: Populating and pre-allocating filesets
0.073: bigfileset populated: 10000 files, avg. dir. width = 20, avg. dir. depth = 3.1, 0 leafdirs, 1240.757MB total size
0.073: Removing bigfileset tree (if exists)
0.086: Pre-allocating directories in bigfileset tree
2.085: Pre-allocating files in bigfileset tree
113.867: Waiting for pre-allocation to finish (in case of a parallel pre-allocation)
113.867: Population and pre-allocation of filesets completed
113.868: Starting 1 filereader instances
114.873: Running...
1014.934: Run took 900 seconds...
1014.934: Per-Operation Breakdown
statfile1            16548ops       18ops/s   0.0mb/s    1.551ms/op [0.550ms - 2011.651ms]
deletefile1          16548ops       18ops/s   0.0mb/s    3.401ms/op [1.192ms - 2002.816ms]
closefile3           16548ops       18ops/s   0.0mb/s    0.018ms/op [0.009ms - 0.832ms]
readfile1            16548ops       18ops/s   2.3mb/s   23.898ms/op [0.289ms - 2129.111ms]
openfile2            16549ops       18ops/s   0.0mb/s    2.361ms/op [0.768ms - 2010.298ms]
closefile2           16549ops       18ops/s   0.0mb/s    0.426ms/op [0.138ms - 2.555ms]
appendfilerand1      16549ops       18ops/s   0.1mb/s    2.238ms/op [0.312ms - 2007.761ms]
openfile1            16549ops       18ops/s   0.0mb/s    2.275ms/op [0.791ms - 2008.313ms]
closefile1           16549ops       18ops/s   0.0mb/s    1.831ms/op [0.508ms - 2004.325ms]
wrtfile1             16549ops       18ops/s   2.3mb/s   15.419ms/op [0.162ms - 2060.369ms]
createfile1          16549ops       18ops/s   0.0mb/s    0.940ms/op [0.347ms - 856.084ms]
1014.934: IO Summary: 182035 ops 202.247 ops/s 18/37 rd/wr   4.7mb/s 4.942ms/op
1014.934: Shutting down processes

Run: #3,wl_name:fileserver-anti_entropy-30,wl_path:shared_dir/workloads-filebench/macro/fileserver.f,fs:lsfs


Filebench Version 1.5-alpha3
0.000: Allocated 177MB of shared memory
0.061: Populating and pre-allocating filesets
0.067: bigfileset populated: 10000 files, avg. dir. width = 20, avg. dir. depth = 3.1, 0 leafdirs, 1240.757MB total size
0.068: Removing bigfileset tree (if exists)
0.080: Pre-allocating directories in bigfileset tree
2.128: Pre-allocating files in bigfileset tree
118.427: Waiting for pre-allocation to finish (in case of a parallel pre-allocation)
118.427: Population and pre-allocation of filesets completed
118.427: Starting 1 filereader instances
119.432: Running...
1019.495: Run took 900 seconds...
1019.495: Per-Operation Breakdown
statfile1            16715ops       19ops/s   0.0mb/s    2.570ms/op [0.527ms - 3556.410ms]
deletefile1          16715ops       19ops/s   0.0mb/s    4.151ms/op [1.096ms - 3828.963ms]
closefile3           16715ops       19ops/s   0.0mb/s    0.018ms/op [0.009ms - 1.928ms]
readfile1            16715ops       19ops/s   2.3mb/s   23.482ms/op [0.287ms - 2111.169ms]
openfile2            16715ops       19ops/s   0.0mb/s    2.430ms/op [0.775ms - 3582.905ms]
closefile2           16715ops       19ops/s   0.0mb/s    0.388ms/op [0.139ms - 9.152ms]
appendfilerand1      16715ops       19ops/s   0.1mb/s    1.993ms/op [0.357ms - 2006.430ms]
openfile1            16715ops       19ops/s   0.0mb/s    2.376ms/op [0.778ms - 2161.881ms]
closefile1           16715ops       19ops/s   0.0mb/s    2.122ms/op [0.562ms - 2004.110ms]
wrtfile1             16715ops       19ops/s   2.3mb/s   13.068ms/op [0.151ms - 101.371ms]
createfile1          16716ops       19ops/s   0.0mb/s    1.219ms/op [0.351ms - 2264.289ms]
1019.495: IO Summary: 183866 ops 204.281 ops/s 19/37 rd/wr   4.8mb/s 4.892ms/op
1019.495: Shutting down processes
