
Run: #1,wl_name:fileserver-anti_entropy-300,wl_path:shared_dir/workloads-filebench/macro/fileserver.f,fs:lsfs


Filebench Version 1.5-alpha3
0.000: Allocated 177MB of shared memory
0.073: Populating and pre-allocating filesets
0.080: bigfileset populated: 10000 files, avg. dir. width = 20, avg. dir. depth = 3.1, 0 leafdirs, 1240.757MB total size
0.080: Removing bigfileset tree (if exists)
0.093: Pre-allocating directories in bigfileset tree
2.210: Pre-allocating files in bigfileset tree
122.458: Waiting for pre-allocation to finish (in case of a parallel pre-allocation)
122.458: Population and pre-allocation of filesets completed
122.458: Starting 1 filereader instances
123.462: Running...
1023.519: Run took 900 seconds...
1023.519: Per-Operation Breakdown
statfile1            18848ops       21ops/s   0.0mb/s    1.506ms/op [0.537ms - 1494.934ms]
deletefile1          18848ops       21ops/s   0.0mb/s    3.187ms/op [1.074ms - 2668.856ms]
closefile3           18848ops       21ops/s   0.0mb/s    0.019ms/op [0.009ms - 1.293ms]
readfile1            18848ops       21ops/s   2.6mb/s   19.218ms/op [0.261ms - 2060.729ms]
openfile2            18849ops       21ops/s   0.0mb/s    2.007ms/op [0.751ms - 12.094ms]
closefile2           18849ops       21ops/s   0.0mb/s    0.426ms/op [0.139ms - 2.715ms]
appendfilerand1      18849ops       21ops/s   0.2mb/s    1.870ms/op [0.258ms - 9.568ms]
openfile1            18849ops       21ops/s   0.0mb/s    2.219ms/op [0.801ms - 2726.773ms]
closefile1           18849ops       21ops/s   0.0mb/s    1.702ms/op [0.530ms - 2005.867ms]
wrtfile1             18849ops       21ops/s   2.6mb/s   14.683ms/op [0.168ms - 2021.285ms]
createfile1          18849ops       21ops/s   0.0mb/s    0.886ms/op [0.340ms - 8.693ms]
1023.519: IO Summary: 207335 ops 230.358 ops/s 21/42 rd/wr   5.4mb/s 4.338ms/op
1023.519: Shutting down processes

Run: #2,wl_name:fileserver-anti_entropy-300,wl_path:shared_dir/workloads-filebench/macro/fileserver.f,fs:lsfs


Filebench Version 1.5-alpha3
0.000: Allocated 177MB of shared memory
0.066: Populating and pre-allocating filesets
0.073: bigfileset populated: 10000 files, avg. dir. width = 20, avg. dir. depth = 3.1, 0 leafdirs, 1240.757MB total size
0.074: Removing bigfileset tree (if exists)
0.088: Pre-allocating directories in bigfileset tree
2.000: Pre-allocating files in bigfileset tree
111.985: Waiting for pre-allocation to finish (in case of a parallel pre-allocation)
111.985: Population and pre-allocation of filesets completed
111.985: Starting 1 filereader instances
112.990: Running...
1013.047: Run took 900 seconds...
1013.047: Per-Operation Breakdown
statfile1            18972ops       21ops/s   0.0mb/s    1.719ms/op [0.556ms - 3534.102ms]
deletefile1          18972ops       21ops/s   0.0mb/s    3.344ms/op [1.214ms - 2183.699ms]
closefile3           18972ops       21ops/s   0.0mb/s    0.018ms/op [0.009ms - 0.283ms]
readfile1            18972ops       21ops/s   2.7mb/s   19.361ms/op [0.273ms - 2034.251ms]
openfile2            18972ops       21ops/s   0.0mb/s    2.044ms/op [0.763ms - 18.194ms]
closefile2           18972ops       21ops/s   0.0mb/s    0.408ms/op [0.139ms - 2.015ms]
appendfilerand1      18972ops       21ops/s   0.2mb/s    1.819ms/op [0.356ms - 13.039ms]
openfile1            18972ops       21ops/s   0.0mb/s    2.330ms/op [0.792ms - 2803.004ms]
closefile1           18972ops       21ops/s   0.0mb/s    1.659ms/op [0.535ms - 2004.433ms]
wrtfile1             18972ops       21ops/s   2.6mb/s   13.807ms/op [0.154ms - 119.318ms]
createfile1          18973ops       21ops/s   0.0mb/s    0.899ms/op [0.347ms - 7.080ms]
1013.047: IO Summary: 208693 ops 231.867 ops/s 21/42 rd/wr   5.4mb/s 4.310ms/op
1013.047: Shutting down processes

Run: #3,wl_name:fileserver-anti_entropy-300,wl_path:shared_dir/workloads-filebench/macro/fileserver.f,fs:lsfs


Filebench Version 1.5-alpha3
0.000: Allocated 177MB of shared memory
0.072: Populating and pre-allocating filesets
0.078: bigfileset populated: 10000 files, avg. dir. width = 20, avg. dir. depth = 3.1, 0 leafdirs, 1240.757MB total size
0.079: Removing bigfileset tree (if exists)
0.091: Pre-allocating directories in bigfileset tree
2.185: Pre-allocating files in bigfileset tree
121.741: Waiting for pre-allocation to finish (in case of a parallel pre-allocation)
121.741: Population and pre-allocation of filesets completed
121.741: Starting 1 filereader instances
122.745: Running...
1022.801: Run took 900 seconds...
1022.801: Per-Operation Breakdown
statfile1            18840ops       21ops/s   0.0mb/s    1.519ms/op [0.565ms - 2051.966ms]
deletefile1          18840ops       21ops/s   0.0mb/s    3.150ms/op [1.112ms - 2006.230ms]
closefile3           18840ops       21ops/s   0.0mb/s    0.019ms/op [0.009ms - 0.530ms]
readfile1            18840ops       21ops/s   2.6mb/s   18.929ms/op [0.291ms - 2066.278ms]
openfile2            18841ops       21ops/s   0.0mb/s    1.992ms/op [0.756ms - 18.706ms]
closefile2           18841ops       21ops/s   0.0mb/s    0.430ms/op [0.139ms - 2.102ms]
appendfilerand1      18841ops       21ops/s   0.2mb/s    1.875ms/op [0.371ms - 19.266ms]
openfile1            18841ops       21ops/s   0.0mb/s    2.093ms/op [0.771ms - 1667.934ms]
closefile1           18841ops       21ops/s   0.0mb/s    1.607ms/op [0.560ms - 17.270ms]
wrtfile1             18841ops       21ops/s   2.6mb/s   14.727ms/op [0.153ms - 2041.342ms]
createfile1          18841ops       21ops/s   0.0mb/s    1.399ms/op [0.334ms - 3988.807ms]
1022.801: IO Summary: 207247 ops 230.260 ops/s 21/42 rd/wr   5.4mb/s 4.340ms/op
1022.801: Shutting down processes
