
Run: #1,wl_name:seq-read-1th-4k-dynamic-4k,wl_path:shared_dir/workloads-filebench/read-data-micro/seq-read-1th.f,fs:lsfs


Filebench Version 1.5-alpha3
0.000: Allocated 177MB of shared memory
0.001: Populating and pre-allocating filesets
0.003: fileset-1 populated: 1 files, avg. dir. width = 1, avg. dir. depth = -nan, 0 leafdirs, 1024.000MB total size
0.004: Removing fileset-1 tree (if exists)
0.083: Pre-allocating directories in fileset-1 tree
0.113: Pre-allocating files in fileset-1 tree
72.972: Waiting for pre-allocation to finish (in case of a parallel pre-allocation)
72.972: Population and pre-allocation of filesets completed
73.254: Attempting to create fileset more than once, ignoring
73.254: Starting 1 process-1 instances
75.455: Running...
975.532: Run took 900 seconds...
975.533: Per-Operation Breakdown
finish-1             0ops        0ops/s   0.0mb/s    0.000ms/op [0.000ms - 0.000ms]
close-1              0ops        0ops/s   0.0mb/s    0.000ms/op [0.000ms - 0.000ms]
read-1               2148358ops     2387ops/s   9.3mb/s    0.417ms/op [0.011ms - 18.371ms]
open-1               1ops        0ops/s   0.0mb/s    9.722ms/op [9.722ms - 9.722ms]
975.533: IO Summary: 2148359 ops 2386.861 ops/s 2387/0 rd/wr   9.3mb/s 0.417ms/op
975.533: Shutting down processes

Run: #2,wl_name:seq-read-1th-4k-dynamic-4k,wl_path:shared_dir/workloads-filebench/read-data-micro/seq-read-1th.f,fs:lsfs


Filebench Version 1.5-alpha3
0.000: Allocated 177MB of shared memory
0.001: Populating and pre-allocating filesets
0.003: fileset-1 populated: 1 files, avg. dir. width = 1, avg. dir. depth = -nan, 0 leafdirs, 1024.000MB total size
0.004: Removing fileset-1 tree (if exists)
0.045: Pre-allocating directories in fileset-1 tree
0.075: Pre-allocating files in fileset-1 tree
73.434: Waiting for pre-allocation to finish (in case of a parallel pre-allocation)
73.434: Population and pre-allocation of filesets completed
73.686: Attempting to create fileset more than once, ignoring
73.686: Starting 1 process-1 instances
75.723: Running...
975.795: Run took 900 seconds...
975.795: Per-Operation Breakdown
finish-1             0ops        0ops/s   0.0mb/s    0.000ms/op [0.000ms - 0.000ms]
close-1              0ops        0ops/s   0.0mb/s    0.000ms/op [0.000ms - 0.000ms]
read-1               2010260ops     2233ops/s   8.7mb/s    0.445ms/op [0.012ms - 31.879ms]
open-1               1ops        0ops/s   0.0mb/s    9.389ms/op [9.389ms - 9.389ms]
975.795: IO Summary: 2010261 ops 2233.444 ops/s 2233/0 rd/wr   8.7mb/s 0.445ms/op
975.795: Shutting down processes

Run: #3,wl_name:seq-read-1th-4k-dynamic-4k,wl_path:shared_dir/workloads-filebench/read-data-micro/seq-read-1th.f,fs:lsfs


Filebench Version 1.5-alpha3
0.000: Allocated 177MB of shared memory
0.001: Populating and pre-allocating filesets
0.003: fileset-1 populated: 1 files, avg. dir. width = 1, avg. dir. depth = -nan, 0 leafdirs, 1024.000MB total size
0.004: Removing fileset-1 tree (if exists)
0.034: Pre-allocating directories in fileset-1 tree
0.062: Pre-allocating files in fileset-1 tree
73.078: Waiting for pre-allocation to finish (in case of a parallel pre-allocation)
73.078: Population and pre-allocation of filesets completed
73.396: Attempting to create fileset more than once, ignoring
73.396: Starting 1 process-1 instances
75.251: Running...
975.324: Run took 900 seconds...
975.324: Per-Operation Breakdown
finish-1             0ops        0ops/s   0.0mb/s    0.000ms/op [0.000ms - 0.000ms]
close-1              0ops        0ops/s   0.0mb/s    0.000ms/op [0.000ms - 0.000ms]
read-1               2160205ops     2400ops/s   9.4mb/s    0.415ms/op [0.011ms - 26.322ms]
open-1               1ops        0ops/s   0.0mb/s    9.398ms/op [9.398ms - 9.398ms]
975.324: IO Summary: 2160206 ops 2400.035 ops/s 2400/0 rd/wr   9.4mb/s 0.415ms/op
975.324: Shutting down processes
