
Run: #1,wl_name:rand-read-1th-4k-dynamic-4k,wl_path:shared_dir/workloads-filebench/read-data-micro/rand-read-1th.f,fs:lsfs


Filebench Version 1.5-alpha3
0.000: Allocated 177MB of shared memory
0.001: Populating and pre-allocating filesets
0.003: fileset-1 populated: 1 files, avg. dir. width = 1, avg. dir. depth = -nan, 0 leafdirs, 1024.000MB total size
0.004: Removing fileset-1 tree (if exists)
0.016: Pre-allocating directories in fileset-1 tree
0.029: Pre-allocating files in fileset-1 tree
72.654: Waiting for pre-allocation to finish (in case of a parallel pre-allocation)
72.654: Population and pre-allocation of filesets completed
73.728: Attempting to create fileset more than once, ignoring
73.728: Starting 1 process-1 instances
75.518: Running...
975.589: Run took 900 seconds...
975.589: Per-Operation Breakdown
finish-1             0ops        0ops/s   0.0mb/s    0.000ms/op [0.000ms - 0.000ms]
close-1              0ops        0ops/s   0.0mb/s    0.000ms/op [0.000ms - 0.000ms]
read-1               2142624ops     2381ops/s   9.3mb/s    0.418ms/op [0.174ms - 31.985ms]
open-1               1ops        0ops/s   0.0mb/s    8.815ms/op [8.815ms - 8.815ms]
975.589: IO Summary: 2142625 ops 2380.506 ops/s 2381/0 rd/wr   9.3mb/s 0.418ms/op
975.589: Shutting down processes

Run: #2,wl_name:rand-read-1th-4k-dynamic-4k,wl_path:shared_dir/workloads-filebench/read-data-micro/rand-read-1th.f,fs:lsfs


Filebench Version 1.5-alpha3
0.000: Allocated 177MB of shared memory
0.001: Populating and pre-allocating filesets
0.003: fileset-1 populated: 1 files, avg. dir. width = 1, avg. dir. depth = -nan, 0 leafdirs, 1024.000MB total size
0.004: Removing fileset-1 tree (if exists)
0.040: Pre-allocating directories in fileset-1 tree
0.072: Pre-allocating files in fileset-1 tree
72.235: Waiting for pre-allocation to finish (in case of a parallel pre-allocation)
72.235: Population and pre-allocation of filesets completed
72.573: Attempting to create fileset more than once, ignoring
72.573: Starting 1 process-1 instances
74.778: Running...
974.851: Run took 900 seconds...
974.851: Per-Operation Breakdown
finish-1             0ops        0ops/s   0.0mb/s    0.000ms/op [0.000ms - 0.000ms]
close-1              0ops        0ops/s   0.0mb/s    0.000ms/op [0.000ms - 0.000ms]
read-1               2188672ops     2432ops/s   9.5mb/s    0.409ms/op [0.173ms - 32.114ms]
open-1               1ops        0ops/s   0.0mb/s   10.236ms/op [10.236ms - 10.236ms]
974.851: IO Summary: 2188673 ops 2431.665 ops/s 2432/0 rd/wr   9.5mb/s 0.409ms/op
974.851: Shutting down processes

Run: #3,wl_name:rand-read-1th-4k-dynamic-4k,wl_path:shared_dir/workloads-filebench/read-data-micro/rand-read-1th.f,fs:lsfs


Filebench Version 1.5-alpha3
0.000: Allocated 177MB of shared memory
0.001: Populating and pre-allocating filesets
0.003: fileset-1 populated: 1 files, avg. dir. width = 1, avg. dir. depth = -nan, 0 leafdirs, 1024.000MB total size
0.004: Removing fileset-1 tree (if exists)
0.041: Pre-allocating directories in fileset-1 tree
0.071: Pre-allocating files in fileset-1 tree
71.421: Waiting for pre-allocation to finish (in case of a parallel pre-allocation)
71.421: Population and pre-allocation of filesets completed
71.719: Attempting to create fileset more than once, ignoring
71.719: Starting 1 process-1 instances
73.780: Running...
973.852: Run took 900 seconds...
973.853: Per-Operation Breakdown
finish-1             0ops        0ops/s   0.0mb/s    0.000ms/op [0.000ms - 0.000ms]
close-1              0ops        0ops/s   0.0mb/s    0.000ms/op [0.000ms - 0.000ms]
read-1               2120586ops     2356ops/s   9.2mb/s    0.422ms/op [0.172ms - 24.072ms]
open-1               1ops        0ops/s   0.0mb/s   10.167ms/op [10.167ms - 10.167ms]
973.853: IO Summary: 2120587 ops 2356.018 ops/s 2356/0 rd/wr   9.2mb/s 0.422ms/op
973.853: Shutting down processes
