
Run: #1,wl_name:fileserver-anti_entropy-30,wl_path:shared_dir/workloads-filebench/macro/fileserver.f,fs:lsfs


Filebench Version 1.5-alpha3
0.000: Allocated 177MB of shared memory
0.062: Populating and pre-allocating filesets
0.069: bigfileset populated: 10000 files, avg. dir. width = 20, avg. dir. depth = 3.1, 0 leafdirs, 1240.757MB total size
0.070: Removing bigfileset tree (if exists)
0.082: Pre-allocating directories in bigfileset tree
2.015: Pre-allocating files in bigfileset tree
129.521: Waiting for pre-allocation to finish (in case of a parallel pre-allocation)
129.521: Population and pre-allocation of filesets completed
129.522: Starting 1 filereader instances
130.527: Running...
1030.591: Run took 900 seconds...
1030.591: Per-Operation Breakdown
statfile1            14434ops       16ops/s   0.0mb/s    1.722ms/op [0.557ms - 2010.734ms]
deletefile1          14434ops       16ops/s   0.0mb/s    3.533ms/op [1.172ms - 2035.144ms]
closefile3           14434ops       16ops/s   0.0mb/s    0.019ms/op [0.009ms - 0.161ms]
readfile1            14434ops       16ops/s   2.0mb/s   25.674ms/op [0.292ms - 2096.923ms]
openfile2            14434ops       16ops/s   0.0mb/s    2.678ms/op [0.766ms - 2016.260ms]
closefile2           14434ops       16ops/s   0.0mb/s    0.449ms/op [0.142ms - 4.075ms]
appendfilerand1      14434ops       16ops/s   0.1mb/s    2.637ms/op [0.394ms - 2009.140ms]
openfile1            14434ops       16ops/s   0.0mb/s    2.501ms/op [0.712ms - 2378.160ms]
closefile1           14434ops       16ops/s   0.0mb/s    2.626ms/op [0.545ms - 2014.338ms]
wrtfile1             14434ops       16ops/s   2.0mb/s   18.485ms/op [0.163ms - 4051.478ms]
createfile1          14435ops       16ops/s   0.0mb/s    1.996ms/op [0.343ms - 3980.364ms]
1030.591: IO Summary: 158775 ops 176.404 ops/s 16/32 rd/wr   4.1mb/s 5.665ms/op
1030.591: Shutting down processes

Run: #2,wl_name:fileserver-anti_entropy-30,wl_path:shared_dir/workloads-filebench/macro/fileserver.f,fs:lsfs


Filebench Version 1.5-alpha3
0.000: Allocated 177MB of shared memory
0.066: Populating and pre-allocating filesets
0.072: bigfileset populated: 10000 files, avg. dir. width = 20, avg. dir. depth = 3.1, 0 leafdirs, 1240.757MB total size
0.073: Removing bigfileset tree (if exists)
0.086: Pre-allocating directories in bigfileset tree
2.043: Pre-allocating files in bigfileset tree
113.295: Waiting for pre-allocation to finish (in case of a parallel pre-allocation)
113.295: Population and pre-allocation of filesets completed
113.295: Starting 1 filereader instances
114.299: Running...
1014.364: Run took 900 seconds...
1014.364: Per-Operation Breakdown
statfile1            15356ops       17ops/s   0.0mb/s    1.565ms/op [0.545ms - 2004.275ms]
deletefile1          15356ops       17ops/s   0.0mb/s    3.772ms/op [1.152ms - 2021.633ms]
closefile3           15356ops       17ops/s   0.0mb/s    0.018ms/op [0.009ms - 0.187ms]
readfile1            15356ops       17ops/s   2.1mb/s   28.151ms/op [0.248ms - 2099.357ms]
openfile2            15357ops       17ops/s   0.0mb/s    2.164ms/op [0.764ms - 2005.754ms]
closefile2           15357ops       17ops/s   0.0mb/s    0.403ms/op [0.136ms - 3.154ms]
appendfilerand1      15357ops       17ops/s   0.1mb/s    2.187ms/op [0.259ms - 2004.751ms]
openfile1            15357ops       17ops/s   0.0mb/s    2.821ms/op [0.774ms - 2022.069ms]
closefile1           15357ops       17ops/s   0.0mb/s    1.664ms/op [0.564ms - 2004.333ms]
wrtfile1             15357ops       17ops/s   2.1mb/s   14.392ms/op [0.158ms - 2060.869ms]
createfile1          15357ops       17ops/s   0.0mb/s    1.443ms/op [0.358ms - 2002.730ms]
1014.364: IO Summary: 168923 ops 187.679 ops/s 17/34 rd/wr   4.4mb/s 5.325ms/op
1014.364: Shutting down processes

Run: #3,wl_name:fileserver-anti_entropy-30,wl_path:shared_dir/workloads-filebench/macro/fileserver.f,fs:lsfs


Filebench Version 1.5-alpha3
0.000: Allocated 177MB of shared memory
0.075: Populating and pre-allocating filesets
0.086: bigfileset populated: 10000 files, avg. dir. width = 20, avg. dir. depth = 3.1, 0 leafdirs, 1240.757MB total size
0.087: Removing bigfileset tree (if exists)
0.101: Pre-allocating directories in bigfileset tree
1.934: Pre-allocating files in bigfileset tree
376.486: Waiting for pre-allocation to finish (in case of a parallel pre-allocation)
376.486: Population and pre-allocation of filesets completed
376.486: Starting 1 filereader instances
377.490: Running...
1277.622: Run took 900 seconds...
1277.623: Per-Operation Breakdown
statfile1            11835ops       13ops/s   0.0mb/s    1.971ms/op [0.355ms - 3866.987ms]
deletefile1          11835ops       13ops/s   0.0mb/s    3.901ms/op [1.098ms - 2025.608ms]
closefile3           11835ops       13ops/s   0.0mb/s    0.018ms/op [0.009ms - 0.184ms]
readfile1            11835ops       13ops/s   1.7mb/s   13.785ms/op [0.180ms - 12072.838ms]
openfile2            11835ops       13ops/s   0.0mb/s    2.102ms/op [0.512ms - 6080.275ms]
closefile2           11835ops       13ops/s   0.0mb/s    1.003ms/op [0.185ms - 2019.955ms]
appendfilerand1      11835ops       13ops/s   0.1mb/s    6.220ms/op [0.352ms - 42781.430ms]
openfile1            11835ops       13ops/s   0.0mb/s    1.635ms/op [0.519ms - 838.823ms]
closefile1           11835ops       13ops/s   0.0mb/s    2.675ms/op [0.590ms - 2008.529ms]
wrtfile1             11835ops       13ops/s   1.6mb/s   31.802ms/op [0.193ms - 6063.094ms]
createfile1          11836ops       13ops/s   0.0mb/s    0.923ms/op [0.253ms - 1936.467ms]
1277.623: IO Summary: 130186 ops 144.630 ops/s 13/26 rd/wr   3.4mb/s 6.003ms/op
1277.623: Shutting down processes
