
Run: #1,wl_name:fileserver-anti_entropy-60,wl_path:shared_dir/workloads-filebench/macro/fileserver.f,fs:lsfs


Filebench Version 1.5-alpha3
0.000: Allocated 177MB of shared memory
0.070: Populating and pre-allocating filesets
0.077: bigfileset populated: 10000 files, avg. dir. width = 20, avg. dir. depth = 3.1, 0 leafdirs, 1240.757MB total size
0.077: Removing bigfileset tree (if exists)
0.090: Pre-allocating directories in bigfileset tree
2.080: Pre-allocating files in bigfileset tree
114.372: Waiting for pre-allocation to finish (in case of a parallel pre-allocation)
114.372: Population and pre-allocation of filesets completed
114.372: Starting 1 filereader instances
115.376: Running...
1015.438: Run took 900 seconds...
1015.438: Per-Operation Breakdown
statfile1            17054ops       19ops/s   0.0mb/s    1.453ms/op [0.560ms - 329.688ms]
deletefile1          17054ops       19ops/s   0.0mb/s    3.472ms/op [1.165ms - 2008.403ms]
closefile3           17054ops       19ops/s   0.0mb/s    0.018ms/op [0.009ms - 0.192ms]
readfile1            17054ops       19ops/s   2.4mb/s   23.062ms/op [0.297ms - 2084.560ms]
openfile2            17054ops       19ops/s   0.0mb/s    2.135ms/op [0.770ms - 2003.760ms]
closefile2           17054ops       19ops/s   0.0mb/s    0.403ms/op [0.137ms - 1.832ms]
appendfilerand1      17054ops       19ops/s   0.1mb/s    1.923ms/op [0.384ms - 2004.865ms]
openfile1            17054ops       19ops/s   0.0mb/s    2.272ms/op [0.817ms - 2038.646ms]
closefile1           17054ops       19ops/s   0.0mb/s    2.140ms/op [0.548ms - 4006.843ms]
wrtfile1             17055ops       19ops/s   2.3mb/s   14.283ms/op [0.160ms - 2059.848ms]
createfile1          17055ops       19ops/s   0.0mb/s    1.585ms/op [0.343ms - 3510.319ms]
1015.438: IO Summary: 187596 ops 208.426 ops/s 19/38 rd/wr   4.9mb/s 4.795ms/op
1015.438: Shutting down processes

Run: #2,wl_name:fileserver-anti_entropy-60,wl_path:shared_dir/workloads-filebench/macro/fileserver.f,fs:lsfs


Filebench Version 1.5-alpha3
0.000: Allocated 177MB of shared memory
0.066: Populating and pre-allocating filesets
0.072: bigfileset populated: 10000 files, avg. dir. width = 20, avg. dir. depth = 3.1, 0 leafdirs, 1240.757MB total size
0.074: Removing bigfileset tree (if exists)
0.087: Pre-allocating directories in bigfileset tree
2.101: Pre-allocating files in bigfileset tree
104.748: Waiting for pre-allocation to finish (in case of a parallel pre-allocation)
104.748: Population and pre-allocation of filesets completed
104.748: Starting 1 filereader instances
105.752: Running...
1005.814: Run took 900 seconds...
1005.814: Per-Operation Breakdown
statfile1            17188ops       19ops/s   0.0mb/s    1.462ms/op [0.545ms - 22.679ms]
deletefile1          17188ops       19ops/s   0.0mb/s    3.631ms/op [1.162ms - 2011.057ms]
closefile3           17188ops       19ops/s   0.0mb/s    0.018ms/op [0.009ms - 0.186ms]
readfile1            17188ops       19ops/s   2.4mb/s   23.375ms/op [0.295ms - 2120.852ms]
openfile2            17188ops       19ops/s   0.0mb/s    2.406ms/op [0.773ms - 2034.886ms]
closefile2           17188ops       19ops/s   0.0mb/s    0.395ms/op [0.134ms - 1.920ms]
appendfilerand1      17188ops       19ops/s   0.1mb/s    2.136ms/op [0.406ms - 2007.998ms]
openfile1            17188ops       19ops/s   0.0mb/s    2.673ms/op [0.779ms - 2029.559ms]
closefile1           17188ops       19ops/s   0.0mb/s    1.677ms/op [0.564ms - 2030.004ms]
wrtfile1             17188ops       19ops/s   2.4mb/s   13.409ms/op [0.154ms - 2011.690ms]
createfile1          17189ops       19ops/s   0.0mb/s    1.153ms/op [0.358ms - 2002.451ms]
1005.814: IO Summary: 189069 ops 210.062 ops/s 19/38 rd/wr   4.9mb/s 4.758ms/op
1005.814: Shutting down processes

Run: #3,wl_name:fileserver-anti_entropy-60,wl_path:shared_dir/workloads-filebench/macro/fileserver.f,fs:lsfs


Filebench Version 1.5-alpha3
0.000: Allocated 177MB of shared memory
0.065: Populating and pre-allocating filesets
0.072: bigfileset populated: 10000 files, avg. dir. width = 20, avg. dir. depth = 3.1, 0 leafdirs, 1240.757MB total size
0.073: Removing bigfileset tree (if exists)
0.087: Pre-allocating directories in bigfileset tree
2.046: Pre-allocating files in bigfileset tree
135.948: Waiting for pre-allocation to finish (in case of a parallel pre-allocation)
135.948: Population and pre-allocation of filesets completed
135.948: Starting 1 filereader instances
136.959: Running...
1037.018: Run took 900 seconds...
1037.018: Per-Operation Breakdown
statfile1            16866ops       19ops/s   0.0mb/s    1.699ms/op [0.558ms - 2425.624ms]
deletefile1          16866ops       19ops/s   0.0mb/s    3.532ms/op [1.194ms - 2013.347ms]
closefile3           16866ops       19ops/s   0.0mb/s    0.019ms/op [0.009ms - 0.514ms]
readfile1            16866ops       19ops/s   2.4mb/s   21.709ms/op [0.273ms - 2093.923ms]
openfile2            16867ops       19ops/s   0.0mb/s    2.472ms/op [0.756ms - 3467.137ms]
closefile2           16867ops       19ops/s   0.0mb/s    0.457ms/op [0.144ms - 3.294ms]
appendfilerand1      16867ops       19ops/s   0.1mb/s    2.090ms/op [0.375ms - 2006.028ms]
openfile1            16867ops       19ops/s   0.0mb/s    2.500ms/op [0.783ms - 3456.806ms]
closefile1           16867ops       19ops/s   0.0mb/s    2.139ms/op [0.529ms - 2009.417ms]
wrtfile1             16867ops       19ops/s   2.3mb/s   15.705ms/op [0.164ms - 2026.904ms]
createfile1          16867ops       19ops/s   0.0mb/s    1.009ms/op [0.332ms - 2001.503ms]
1037.018: IO Summary: 185533 ops 206.134 ops/s 19/37 rd/wr   4.8mb/s 4.848ms/op
1037.018: Shutting down processes
