
Run: #1,wl_name:delete-1th-cache_on-1000,wl_path:shared_dir/workloads-filebench/metadata-micro/delete-1th.f,fs:lsfs


Filebench Version 1.5-alpha3
0.000: Allocated 177MB of shared memory
0.001: Populating and pre-allocating filesets
0.023: fileset1 populated: 75000 files, avg. dir. width = 250, avg. dir. depth = 2.0, 0 leafdirs, 292.969MB total size
0.024: Removing fileset1 tree (if exists)
0.057: Pre-allocating directories in fileset1 tree
1.920: Pre-allocating files in fileset1 tree
354.937: Waiting for pre-allocation to finish (in case of a parallel pre-allocation)
354.937: Population and pre-allocation of filesets completed
355.450: Attempting to create fileset more than once, ignoring
355.450: Starting 1 process1 instances
357.138: Running...
672.169: Run took 315 seconds...
672.169: Per-Operation Breakdown
finish1              1ops        0ops/s   0.0mb/s    0.000ms/op [0.000ms - 0.000ms]
delete1              75000ops      238ops/s   0.0mb/s    4.177ms/op [1.621ms - 28.763ms]
672.169: IO Summary: 75000 ops 238.072 ops/s 0/0 rd/wr   0.0mb/s 4.177ms/op
672.169: Shutting down processes

Run: #2,wl_name:delete-1th-cache_on-1000,wl_path:shared_dir/workloads-filebench/metadata-micro/delete-1th.f,fs:lsfs


Filebench Version 1.5-alpha3
0.000: Allocated 177MB of shared memory
0.008: Populating and pre-allocating filesets
0.030: fileset1 populated: 75000 files, avg. dir. width = 250, avg. dir. depth = 2.0, 0 leafdirs, 292.969MB total size
0.031: Removing fileset1 tree (if exists)
0.062: Pre-allocating directories in fileset1 tree
1.517: Pre-allocating files in fileset1 tree
354.862: Waiting for pre-allocation to finish (in case of a parallel pre-allocation)
354.862: Population and pre-allocation of filesets completed
356.362: Attempting to create fileset more than once, ignoring
356.363: Starting 1 process1 instances
358.411: Running...
667.439: Run took 309 seconds...
667.439: Per-Operation Breakdown
finish1              1ops        0ops/s   0.0mb/s    0.000ms/op [0.000ms - 0.000ms]
delete1              75000ops      243ops/s   0.0mb/s    4.096ms/op [1.594ms - 45.976ms]
667.439: IO Summary: 75000 ops 242.697 ops/s 0/0 rd/wr   0.0mb/s 4.096ms/op
667.439: Shutting down processes

Run: #3,wl_name:delete-1th-cache_on-1000,wl_path:shared_dir/workloads-filebench/metadata-micro/delete-1th.f,fs:lsfs


Filebench Version 1.5-alpha3
0.000: Allocated 177MB of shared memory
0.008: Populating and pre-allocating filesets
0.030: fileset1 populated: 75000 files, avg. dir. width = 250, avg. dir. depth = 2.0, 0 leafdirs, 292.969MB total size
0.030: Removing fileset1 tree (if exists)
0.147: Pre-allocating directories in fileset1 tree
1.840: Pre-allocating files in fileset1 tree
341.885: Waiting for pre-allocation to finish (in case of a parallel pre-allocation)
341.885: Population and pre-allocation of filesets completed
342.568: Attempting to create fileset more than once, ignoring
342.568: Starting 1 process1 instances
344.396: Running...
655.425: Run took 311 seconds...
655.426: Per-Operation Breakdown
finish1              1ops        0ops/s   0.0mb/s    0.000ms/op [0.000ms - 0.000ms]
delete1              75000ops      241ops/s   0.0mb/s    4.126ms/op [1.629ms - 39.437ms]
655.426: IO Summary: 75000 ops 241.135 ops/s 0/0 rd/wr   0.0mb/s 4.126ms/op
655.426: Shutting down processes
