
Run: #1,wl_name:create-1th-cache_off,wl_path:shared_dir/workloads-filebench/metadata-micro/create-1th.f,fs:lsfs


Filebench Version 1.5-alpha3
0.000: Allocated 177MB of shared memory
0.001: Populating and pre-allocating filesets
0.024: fileset-1 populated: 75000 files, avg. dir. width = 250, avg. dir. depth = 2.0, 0 leafdirs, 292.969MB total size
0.025: Removing fileset-1 tree (if exists)
0.117: Pre-allocating directories in fileset-1 tree
5.518: Pre-allocating files in fileset-1 tree
5.647: Waiting for pre-allocation to finish (in case of a parallel pre-allocation)
5.647: Population and pre-allocation of filesets completed
6.822: Attempting to create fileset more than once, ignoring
6.822: Starting 1 process-1 instances
9.766: Running...
909.859: Run took 900 seconds...
909.859: Per-Operation Breakdown
finishoncount-1      0ops        0ops/s   0.0mb/s    0.000ms/op [0.000ms - 0.000ms]
createwriteclose-1.closefile-1 44892ops       50ops/s   0.0mb/s    3.013ms/op [0.788ms - 26.884ms]
createwriteclose-1.write-1 44892ops       50ops/s   0.2mb/s    0.996ms/op [0.278ms - 23.863ms]
createwriteclose-1.createfile-1 44892ops       50ops/s   0.0mb/s   16.014ms/op [7.272ms - 59.450ms]
createwriteclose-1   0ops        0ops/s   0.0mb/s    0.000ms/op [0.000ms - 0.000ms]
909.859: IO Summary: 134676 ops 149.625 ops/s 0/50 rd/wr   0.2mb/s 6.674ms/op
909.859: Shutting down processes

Run: #2,wl_name:create-1th-cache_off,wl_path:shared_dir/workloads-filebench/metadata-micro/create-1th.f,fs:lsfs


Filebench Version 1.5-alpha3
0.000: Allocated 177MB of shared memory
0.008: Populating and pre-allocating filesets
0.030: fileset-1 populated: 75000 files, avg. dir. width = 250, avg. dir. depth = 2.0, 0 leafdirs, 292.969MB total size
0.032: Removing fileset-1 tree (if exists)
0.070: Pre-allocating directories in fileset-1 tree
4.280: Pre-allocating files in fileset-1 tree
4.407: Waiting for pre-allocation to finish (in case of a parallel pre-allocation)
4.407: Population and pre-allocation of filesets completed
6.011: Attempting to create fileset more than once, ignoring
6.012: Starting 1 process-1 instances
7.736: Running...
907.831: Run took 900 seconds...
907.831: Per-Operation Breakdown
finishoncount-1      0ops        0ops/s   0.0mb/s    0.000ms/op [0.000ms - 0.000ms]
createwriteclose-1.closefile-1 44643ops       50ops/s   0.0mb/s    3.029ms/op [0.759ms - 19.235ms]
createwriteclose-1.write-1 44643ops       50ops/s   0.2mb/s    1.003ms/op [0.236ms - 23.023ms]
createwriteclose-1.createfile-1 44643ops       50ops/s   0.0mb/s   16.104ms/op [6.487ms - 57.530ms]
createwriteclose-1   0ops        0ops/s   0.0mb/s    0.000ms/op [0.000ms - 0.000ms]
907.831: IO Summary: 133929 ops 148.794 ops/s 0/50 rd/wr   0.2mb/s 6.712ms/op
907.831: Shutting down processes

Run: #3,wl_name:create-1th-cache_off,wl_path:shared_dir/workloads-filebench/metadata-micro/create-1th.f,fs:lsfs


Filebench Version 1.5-alpha3
0.000: Allocated 177MB of shared memory
0.008: Populating and pre-allocating filesets
0.031: fileset-1 populated: 75000 files, avg. dir. width = 250, avg. dir. depth = 2.0, 0 leafdirs, 292.969MB total size
0.032: Removing fileset-1 tree (if exists)
0.155: Pre-allocating directories in fileset-1 tree
4.467: Pre-allocating files in fileset-1 tree
4.581: Waiting for pre-allocation to finish (in case of a parallel pre-allocation)
4.581: Population and pre-allocation of filesets completed
5.523: Attempting to create fileset more than once, ignoring
5.524: Starting 1 process-1 instances
7.639: Running...
907.731: Run took 900 seconds...
907.731: Per-Operation Breakdown
finishoncount-1      0ops        0ops/s   0.0mb/s    0.000ms/op [0.000ms - 0.000ms]
createwriteclose-1.closefile-1 44975ops       50ops/s   0.0mb/s    3.002ms/op [1.037ms - 17.799ms]
createwriteclose-1.write-1 44975ops       50ops/s   0.2mb/s    0.992ms/op [0.224ms - 8.780ms]
createwriteclose-1.createfile-1 44975ops       50ops/s   0.0mb/s   15.990ms/op [7.402ms - 57.380ms]
createwriteclose-1   0ops        0ops/s   0.0mb/s    0.000ms/op [0.000ms - 0.000ms]
907.731: IO Summary: 134925 ops 149.901 ops/s 0/50 rd/wr   0.2mb/s 6.662ms/op
907.731: Shutting down processes
