
Run: #1,wl_name:delete-1th-cache_on-60000,wl_path:shared_dir/workloads-filebench/metadata-micro/delete-1th.f,fs:lsfs


Filebench Version 1.5-alpha3
0.000: Allocated 177MB of shared memory
0.001: Populating and pre-allocating filesets
0.023: fileset1 populated: 75000 files, avg. dir. width = 250, avg. dir. depth = 2.0, 0 leafdirs, 292.969MB total size
0.024: Removing fileset1 tree (if exists)
0.060: Pre-allocating directories in fileset1 tree
1.967: Pre-allocating files in fileset1 tree
409.817: Waiting for pre-allocation to finish (in case of a parallel pre-allocation)
409.817: Population and pre-allocation of filesets completed
410.239: Attempting to create fileset more than once, ignoring
410.240: Starting 1 process1 instances
412.173: Running...
852.215: Run took 440 seconds...
852.215: Per-Operation Breakdown
finish1              1ops        0ops/s   0.0mb/s    0.001ms/op [0.001ms - 0.001ms]
delete1              75000ops      170ops/s   0.0mb/s    5.847ms/op [1.756ms - 39.402ms]
852.215: IO Summary: 75000 ops 170.438 ops/s 0/0 rd/wr   0.0mb/s 5.847ms/op
852.215: Shutting down processes

Run: #2,wl_name:delete-1th-cache_on-60000,wl_path:shared_dir/workloads-filebench/metadata-micro/delete-1th.f,fs:lsfs


Filebench Version 1.5-alpha3
0.000: Allocated 177MB of shared memory
0.008: Populating and pre-allocating filesets
0.030: fileset1 populated: 75000 files, avg. dir. width = 250, avg. dir. depth = 2.0, 0 leafdirs, 292.969MB total size
0.031: Removing fileset1 tree (if exists)
0.065: Pre-allocating directories in fileset1 tree
1.879: Pre-allocating files in fileset1 tree
427.881: Waiting for pre-allocation to finish (in case of a parallel pre-allocation)
427.882: Population and pre-allocation of filesets completed
428.580: Attempting to create fileset more than once, ignoring
428.580: Starting 1 process1 instances
430.286: Running...
870.335: Run took 440 seconds...
870.335: Per-Operation Breakdown
finish1              1ops        0ops/s   0.0mb/s    0.000ms/op [0.000ms - 0.000ms]
delete1              75000ops      170ops/s   0.0mb/s    5.838ms/op [2.081ms - 48.959ms]
870.335: IO Summary: 75000 ops 170.436 ops/s 0/0 rd/wr   0.0mb/s 5.838ms/op
870.335: Shutting down processes

Run: #3,wl_name:delete-1th-cache_on-60000,wl_path:shared_dir/workloads-filebench/metadata-micro/delete-1th.f,fs:lsfs


Filebench Version 1.5-alpha3
0.000: Allocated 177MB of shared memory
0.008: Populating and pre-allocating filesets
0.029: fileset1 populated: 75000 files, avg. dir. width = 250, avg. dir. depth = 2.0, 0 leafdirs, 292.969MB total size
0.030: Removing fileset1 tree (if exists)
0.063: Pre-allocating directories in fileset1 tree
1.786: Pre-allocating files in fileset1 tree
417.321: Waiting for pre-allocation to finish (in case of a parallel pre-allocation)
417.321: Population and pre-allocation of filesets completed
417.915: Attempting to create fileset more than once, ignoring
417.915: Starting 1 process1 instances
419.816: Running...
859.861: Run took 440 seconds...
859.861: Per-Operation Breakdown
finish1              1ops        0ops/s   0.0mb/s    0.001ms/op [0.001ms - 0.001ms]
delete1              75000ops      170ops/s   0.0mb/s    5.845ms/op [2.063ms - 49.761ms]
859.861: IO Summary: 75000 ops 170.437 ops/s 0/0 rd/wr   0.0mb/s 5.845ms/op
859.861: Shutting down processes
