
Run: #1,wl_name:create-1th-cache_on-60000,wl_path:shared_dir/workloads-filebench/metadata-micro/create-1th.f,fs:lsfs


Filebench Version 1.5-alpha3
0.000: Allocated 177MB of shared memory
0.001: Populating and pre-allocating filesets
0.023: fileset-1 populated: 75000 files, avg. dir. width = 250, avg. dir. depth = 2.0, 0 leafdirs, 292.969MB total size
0.024: Removing fileset-1 tree (if exists)
0.068: Pre-allocating directories in fileset-1 tree
1.778: Pre-allocating files in fileset-1 tree
1.899: Waiting for pre-allocation to finish (in case of a parallel pre-allocation)
1.899: Population and pre-allocation of filesets completed
3.398: Attempting to create fileset more than once, ignoring
3.398: Starting 1 process-1 instances
5.426: Running...
470.473: Run took 465 seconds...
470.473: Per-Operation Breakdown
finishoncount-1      1ops        0ops/s   0.0mb/s    0.000ms/op [0.000ms - 0.000ms]
createwriteclose-1.closefile-1 75000ops      161ops/s   0.0mb/s    2.921ms/op [0.625ms - 17.783ms]
createwriteclose-1.write-1 75000ops      161ops/s   0.6mb/s    0.937ms/op [0.172ms - 9.733ms]
createwriteclose-1.createfile-1 75000ops      161ops/s   0.0mb/s    2.317ms/op [0.277ms - 42.498ms]
createwriteclose-1   0ops        0ops/s   0.0mb/s    0.000ms/op [0.000ms - 0.000ms]
470.473: IO Summary: 225000 ops 483.822 ops/s 0/161 rd/wr   0.6mb/s 2.058ms/op
470.473: Shutting down processes

Run: #2,wl_name:create-1th-cache_on-60000,wl_path:shared_dir/workloads-filebench/metadata-micro/create-1th.f,fs:lsfs


Filebench Version 1.5-alpha3
0.000: Allocated 177MB of shared memory
0.008: Populating and pre-allocating filesets
0.029: fileset-1 populated: 75000 files, avg. dir. width = 250, avg. dir. depth = 2.0, 0 leafdirs, 292.969MB total size
0.030: Removing fileset-1 tree (if exists)
0.065: Pre-allocating directories in fileset-1 tree
1.504: Pre-allocating files in fileset-1 tree
1.622: Waiting for pre-allocation to finish (in case of a parallel pre-allocation)
1.622: Population and pre-allocation of filesets completed
2.566: Attempting to create fileset more than once, ignoring
2.567: Starting 1 process-1 instances
4.175: Running...
467.220: Run took 463 seconds...
467.220: Per-Operation Breakdown
finishoncount-1      1ops        0ops/s   0.0mb/s    0.000ms/op [0.000ms - 0.000ms]
createwriteclose-1.closefile-1 75000ops      162ops/s   0.0mb/s    2.908ms/op [0.569ms - 13.938ms]
createwriteclose-1.write-1 75000ops      162ops/s   0.6mb/s    0.932ms/op [0.168ms - 19.975ms]
createwriteclose-1.createfile-1 75000ops      162ops/s   0.0mb/s    2.305ms/op [0.269ms - 28.229ms]
createwriteclose-1   0ops        0ops/s   0.0mb/s    0.000ms/op [0.000ms - 0.000ms]
467.220: IO Summary: 225000 ops 485.914 ops/s 0/162 rd/wr   0.6mb/s 2.048ms/op
467.220: Shutting down processes

Run: #3,wl_name:create-1th-cache_on-60000,wl_path:shared_dir/workloads-filebench/metadata-micro/create-1th.f,fs:lsfs


Filebench Version 1.5-alpha3
0.000: Allocated 177MB of shared memory
0.008: Populating and pre-allocating filesets
0.043: fileset-1 populated: 75000 files, avg. dir. width = 250, avg. dir. depth = 2.0, 0 leafdirs, 292.969MB total size
0.044: Removing fileset-1 tree (if exists)
0.077: Pre-allocating directories in fileset-1 tree
1.817: Pre-allocating files in fileset-1 tree
1.948: Waiting for pre-allocation to finish (in case of a parallel pre-allocation)
1.948: Population and pre-allocation of filesets completed
2.883: Attempting to create fileset more than once, ignoring
2.883: Starting 1 process-1 instances
4.696: Running...
463.742: Run took 459 seconds...
463.742: Per-Operation Breakdown
finishoncount-1      1ops        0ops/s   0.0mb/s    0.000ms/op [0.000ms - 0.000ms]
createwriteclose-1.closefile-1 75000ops      163ops/s   0.0mb/s    2.845ms/op [0.635ms - 34.166ms]
createwriteclose-1.write-1 75000ops      163ops/s   0.6mb/s    0.916ms/op [0.181ms - 16.689ms]
createwriteclose-1.createfile-1 75000ops      163ops/s   0.0mb/s    2.328ms/op [0.315ms - 41.014ms]
createwriteclose-1   0ops        0ops/s   0.0mb/s    0.000ms/op [0.000ms - 0.000ms]
463.742: IO Summary: 225000 ops 490.147 ops/s 0/163 rd/wr   0.6mb/s 2.029ms/op
463.742: Shutting down processes
