
Run: #1,wl_name:delete-1th,wl_path:workloads-filebench/metadata-micro/delete-1th.f,fs:passthrough


Filebench Version 1.5-alpha3
0.000: Allocated 177MB of shared memory
0.001: Populating and pre-allocating filesets
0.339: fileset1 populated: 1000000 files, avg. dir. width = 2000, avg. dir. depth = 1.8, 0 leafdirs, 3906.250MB total size
0.340: Removing fileset1 tree (if exists)
0.346: Pre-allocating directories in fileset1 tree
0.455: Pre-allocating files in fileset1 tree
176.344: Waiting for pre-allocation to finish (in case of a parallel pre-allocation)
176.345: Population and pre-allocation of filesets completed
191.426: Attempting to create fileset more than once, ignoring
191.426: Starting 1 process1 instances
192.763: Running...
504.799: Run took 312 seconds...
504.799: Per-Operation Breakdown
finish1              1ops        0ops/s   0.0mb/s    0.000ms/op [0.000ms - 0.000ms]
delete1              1000000ops     3205ops/s   0.0mb/s    0.303ms/op [0.037ms - 954.767ms]
504.799: IO Summary: 1000000 ops 3204.762 ops/s 0/0 rd/wr   0.0mb/s 0.303ms/op
504.799: Shutting down processes

Run: #2,wl_name:delete-1th,wl_path:workloads-filebench/metadata-micro/delete-1th.f,fs:passthrough


Filebench Version 1.5-alpha3
0.000: Allocated 177MB of shared memory
0.001: Populating and pre-allocating filesets
0.290: fileset1 populated: 1000000 files, avg. dir. width = 2000, avg. dir. depth = 1.8, 0 leafdirs, 3906.250MB total size
0.290: Removing fileset1 tree (if exists)
0.311: Pre-allocating directories in fileset1 tree
0.342: Pre-allocating files in fileset1 tree
142.662: Waiting for pre-allocation to finish (in case of a parallel pre-allocation)
142.662: Population and pre-allocation of filesets completed
160.353: Attempting to create fileset more than once, ignoring
160.354: Starting 1 process1 instances
161.663: Running...
507.699: Run took 346 seconds...
507.699: Per-Operation Breakdown
finish1              1ops        0ops/s   0.0mb/s    0.000ms/op [0.000ms - 0.000ms]
delete1              1000000ops     2890ops/s   0.0mb/s    0.336ms/op [0.038ms - 709.919ms]
507.699: IO Summary: 1000000 ops 2889.876 ops/s 0/0 rd/wr   0.0mb/s 0.336ms/op
507.699: Shutting down processes

Run: #3,wl_name:delete-1th,wl_path:workloads-filebench/metadata-micro/delete-1th.f,fs:passthrough


Filebench Version 1.5-alpha3
0.000: Allocated 177MB of shared memory
0.001: Populating and pre-allocating filesets
0.289: fileset1 populated: 1000000 files, avg. dir. width = 2000, avg. dir. depth = 1.8, 0 leafdirs, 3906.250MB total size
0.289: Removing fileset1 tree (if exists)
0.312: Pre-allocating directories in fileset1 tree
0.342: Pre-allocating files in fileset1 tree
134.066: Waiting for pre-allocation to finish (in case of a parallel pre-allocation)
134.066: Population and pre-allocation of filesets completed
152.605: Attempting to create fileset more than once, ignoring
152.605: Starting 1 process1 instances
153.889: Running...
486.924: Run took 333 seconds...
486.925: Per-Operation Breakdown
finish1              1ops        0ops/s   0.0mb/s    0.000ms/op [0.000ms - 0.000ms]
delete1              1000000ops     3003ops/s   0.0mb/s    0.324ms/op [0.037ms - 859.617ms]
486.925: IO Summary: 1000000 ops 3002.685 ops/s 0/0 rd/wr   0.0mb/s 0.324ms/op
486.925: Shutting down processes
