
Run: #1,wl_name:create-1th,wl_path:workloads-filebench/metadata-micro/create-1th.f,fs:passthrough


Filebench Version 1.5-alpha3
0.000: Allocated 177MB of shared memory
0.001: Populating and pre-allocating filesets
0.291: fileset-1 populated: 1000000 files, avg. dir. width = 2000, avg. dir. depth = 1.8, 0 leafdirs, 3906.250MB total size
0.291: Removing fileset-1 tree (if exists)
0.319: Pre-allocating directories in fileset-1 tree
0.354: Pre-allocating files in fileset-1 tree
1.964: Waiting for pre-allocation to finish (in case of a parallel pre-allocation)
1.964: Population and pre-allocation of filesets completed
3.815: Attempting to create fileset more than once, ignoring
3.816: Starting 1 process-1 instances
5.126: Running...
385.156: Run took 380 seconds...
385.156: Per-Operation Breakdown
finishoncount-1      1ops        0ops/s   0.0mb/s    0.000ms/op [0.000ms - 0.000ms]
createwriteclose-1.closefile-1 1000000ops     2631ops/s   0.0mb/s    0.004ms/op [0.001ms - 0.493ms]
createwriteclose-1.write-1 1000000ops     2631ops/s  10.3mb/s    0.049ms/op [0.008ms - 9.461ms]
createwriteclose-1.createfile-1 1000000ops     2631ops/s   0.0mb/s    0.312ms/op [0.051ms - 260.373ms]
createwriteclose-1   0ops        0ops/s   0.0mb/s    0.000ms/op [0.000ms - 0.000ms]
385.156: IO Summary: 3000000 ops 7894.122 ops/s 0/2631 rd/wr  10.3mb/s 0.122ms/op
385.156: Shutting down processes

Run: #2,wl_name:create-1th,wl_path:workloads-filebench/metadata-micro/create-1th.f,fs:passthrough


Filebench Version 1.5-alpha3
0.000: Allocated 177MB of shared memory
0.001: Populating and pre-allocating filesets
0.291: fileset-1 populated: 1000000 files, avg. dir. width = 2000, avg. dir. depth = 1.8, 0 leafdirs, 3906.250MB total size
0.291: Removing fileset-1 tree (if exists)
0.309: Pre-allocating directories in fileset-1 tree
0.340: Pre-allocating files in fileset-1 tree
1.992: Waiting for pre-allocation to finish (in case of a parallel pre-allocation)
1.992: Population and pre-allocation of filesets completed
3.833: Attempting to create fileset more than once, ignoring
3.834: Starting 1 process-1 instances
5.169: Running...
316.194: Run took 311 seconds...
316.195: Per-Operation Breakdown
finishoncount-1      1ops        0ops/s   0.0mb/s    0.000ms/op [0.000ms - 0.000ms]
createwriteclose-1.closefile-1 1000000ops     3215ops/s   0.0mb/s    0.004ms/op [0.001ms - 0.448ms]
createwriteclose-1.write-1 1000000ops     3215ops/s  12.6mb/s    0.041ms/op [0.008ms - 57.939ms]
createwriteclose-1.createfile-1 1000000ops     3215ops/s   0.0mb/s    0.255ms/op [0.051ms - 289.369ms]
createwriteclose-1   0ops        0ops/s   0.0mb/s    0.000ms/op [0.000ms - 0.000ms]
316.195: IO Summary: 3000000 ops 9645.511 ops/s 0/3215 rd/wr  12.6mb/s 0.100ms/op
316.195: Shutting down processes

Run: #3,wl_name:create-1th,wl_path:workloads-filebench/metadata-micro/create-1th.f,fs:passthrough


Filebench Version 1.5-alpha3
0.000: Allocated 177MB of shared memory
0.001: Populating and pre-allocating filesets
0.290: fileset-1 populated: 1000000 files, avg. dir. width = 2000, avg. dir. depth = 1.8, 0 leafdirs, 3906.250MB total size
0.290: Removing fileset-1 tree (if exists)
0.312: Pre-allocating directories in fileset-1 tree
0.342: Pre-allocating files in fileset-1 tree
1.991: Waiting for pre-allocation to finish (in case of a parallel pre-allocation)
1.991: Population and pre-allocation of filesets completed
3.772: Attempting to create fileset more than once, ignoring
3.773: Starting 1 process-1 instances
5.122: Running...
418.155: Run took 413 seconds...
418.156: Per-Operation Breakdown
finishoncount-1      1ops        0ops/s   0.0mb/s    0.000ms/op [0.000ms - 0.000ms]
createwriteclose-1.closefile-1 1000000ops     2421ops/s   0.0mb/s    0.005ms/op [0.001ms - 0.496ms]
createwriteclose-1.write-1 1000000ops     2421ops/s   9.5mb/s    0.054ms/op [0.008ms - 7.286ms]
createwriteclose-1.createfile-1 1000000ops     2421ops/s   0.0mb/s    0.339ms/op [0.052ms - 268.743ms]
createwriteclose-1   0ops        0ops/s   0.0mb/s    0.000ms/op [0.000ms - 0.000ms]
418.156: IO Summary: 3000000 ops 7263.337 ops/s 0/2421 rd/wr   9.5mb/s 0.133ms/op
418.156: Shutting down processes
