
Run: #1,wl_name:rand-read-1th-4k-smart-4k,wl_path:shared_dir/workloads-filebench/read-data-micro/rand-read-1th.f,fs:lsfs


Filebench Version 1.5-alpha3
0.000: Allocated 177MB of shared memory
0.001: Populating and pre-allocating filesets
0.002: fileset-1 populated: 1 files, avg. dir. width = 1, avg. dir. depth = -nan, 0 leafdirs, 1024.000MB total size
0.002: Removing fileset-1 tree (if exists)
0.004: Pre-allocating directories in fileset-1 tree
0.009: Pre-allocating files in fileset-1 tree
202.161: Waiting for pre-allocation to finish (in case of a parallel pre-allocation)
202.161: Population and pre-allocation of filesets completed
202.263: Attempting to create fileset more than once, ignoring
202.263: Starting 1 process-1 instances
203.277: Running...
1103.336: Run took 900 seconds...
1103.336: Per-Operation Breakdown
finish-1             0ops        0ops/s   0.0mb/s    0.000ms/op [0.000ms - 0.000ms]
close-1              0ops        0ops/s   0.0mb/s    0.000ms/op [0.000ms - 0.000ms]
read-1               1941416ops     2157ops/s   8.4mb/s    0.463ms/op [0.116ms - 18.149ms]
open-1               1ops        0ops/s   0.0mb/s    5.803ms/op [5.803ms - 5.803ms]
1103.336: IO Summary: 1941417 ops 2156.989 ops/s 2157/0 rd/wr   8.4mb/s 0.463ms/op
1103.336: Shutting down processes

Run: #2,wl_name:rand-read-1th-4k-smart-4k,wl_path:shared_dir/workloads-filebench/read-data-micro/rand-read-1th.f,fs:lsfs


Filebench Version 1.5-alpha3
0.000: Allocated 177MB of shared memory
0.002: Populating and pre-allocating filesets
0.003: fileset-1 populated: 1 files, avg. dir. width = 1, avg. dir. depth = -nan, 0 leafdirs, 1024.000MB total size
0.003: Removing fileset-1 tree (if exists)
0.006: Pre-allocating directories in fileset-1 tree
0.013: Pre-allocating files in fileset-1 tree
193.040: Waiting for pre-allocation to finish (in case of a parallel pre-allocation)
193.040: Population and pre-allocation of filesets completed
193.144: Attempting to create fileset more than once, ignoring
193.144: Starting 1 process-1 instances
194.160: Running...
1094.215: Run took 900 seconds...
1094.215: Per-Operation Breakdown
finish-1             0ops        0ops/s   0.0mb/s    0.000ms/op [0.000ms - 0.000ms]
close-1              0ops        0ops/s   0.0mb/s    0.000ms/op [0.000ms - 0.000ms]
read-1               1807505ops     2008ops/s   7.8mb/s    0.497ms/op [0.117ms - 17.113ms]
open-1               1ops        0ops/s   0.0mb/s    4.983ms/op [4.983ms - 4.983ms]
1094.215: IO Summary: 1807506 ops 2008.219 ops/s 2008/0 rd/wr   7.8mb/s 0.497ms/op
1094.215: Shutting down processes

Run: #3,wl_name:rand-read-1th-4k-smart-4k,wl_path:shared_dir/workloads-filebench/read-data-micro/rand-read-1th.f,fs:lsfs


Filebench Version 1.5-alpha3
0.000: Allocated 177MB of shared memory
0.001: Populating and pre-allocating filesets
0.002: fileset-1 populated: 1 files, avg. dir. width = 1, avg. dir. depth = -nan, 0 leafdirs, 1024.000MB total size
0.003: Removing fileset-1 tree (if exists)
0.005: Pre-allocating directories in fileset-1 tree
0.013: Pre-allocating files in fileset-1 tree
208.461: Waiting for pre-allocation to finish (in case of a parallel pre-allocation)
208.461: Population and pre-allocation of filesets completed
208.705: Attempting to create fileset more than once, ignoring
208.705: Starting 1 process-1 instances
209.721: Running...
1109.775: Run took 900 seconds...
1109.775: Per-Operation Breakdown
finish-1             0ops        0ops/s   0.0mb/s    0.000ms/op [0.000ms - 0.000ms]
close-1              0ops        0ops/s   0.0mb/s    0.000ms/op [0.000ms - 0.000ms]
read-1               1902930ops     2114ops/s   8.3mb/s    0.471ms/op [0.118ms - 13.258ms]
open-1               1ops        0ops/s   0.0mb/s 1436.781ms/op [1436.781ms - 1436.781ms]
1109.775: IO Summary: 1902931 ops 2114.241 ops/s 2114/0 rd/wr   8.3mb/s 0.472ms/op
1109.775: Shutting down processes
