
Run: #1,wl_name:rand-read-1th-128k-smart-96k,wl_path:shared_dir/workloads-filebench/read-data-micro/rand-read-1th.f,fs:lsfs


Filebench Version 1.5-alpha3
0.000: Allocated 177MB of shared memory
0.001: Populating and pre-allocating filesets
0.003: fileset-1 populated: 1 files, avg. dir. width = 1, avg. dir. depth = -nan, 0 leafdirs, 1024.000MB total size
0.003: Removing fileset-1 tree (if exists)
0.006: Pre-allocating directories in fileset-1 tree
0.013: Pre-allocating files in fileset-1 tree
46.763: Waiting for pre-allocation to finish (in case of a parallel pre-allocation)
46.763: Population and pre-allocation of filesets completed
46.842: Attempting to create fileset more than once, ignoring
46.842: Starting 1 process-1 instances
47.866: Running...
947.958: Run took 900 seconds...
947.958: Per-Operation Breakdown
finish-1             0ops        0ops/s   0.0mb/s    0.000ms/op [0.000ms - 0.000ms]
close-1              0ops        0ops/s   0.0mb/s    0.000ms/op [0.000ms - 0.000ms]
read-1               140045ops      156ops/s  19.4mb/s    6.412ms/op [1.356ms - 2018.436ms]
open-1               1ops        0ops/s   0.0mb/s    3.671ms/op [3.671ms - 3.671ms]
947.958: IO Summary: 140046 ops 155.591 ops/s 156/0 rd/wr  19.4mb/s 6.412ms/op
947.958: Shutting down processes

Run: #2,wl_name:rand-read-1th-128k-smart-96k,wl_path:shared_dir/workloads-filebench/read-data-micro/rand-read-1th.f,fs:lsfs


Filebench Version 1.5-alpha3
0.000: Allocated 177MB of shared memory
0.001: Populating and pre-allocating filesets
0.002: fileset-1 populated: 1 files, avg. dir. width = 1, avg. dir. depth = -nan, 0 leafdirs, 1024.000MB total size
0.003: Removing fileset-1 tree (if exists)
0.006: Pre-allocating directories in fileset-1 tree
0.013: Pre-allocating files in fileset-1 tree
46.315: Waiting for pre-allocation to finish (in case of a parallel pre-allocation)
46.315: Population and pre-allocation of filesets completed
46.389: Attempting to create fileset more than once, ignoring
46.390: Starting 1 process-1 instances
47.406: Running...
947.506: Run took 900 seconds...
947.506: Per-Operation Breakdown
finish-1             0ops        0ops/s   0.0mb/s    0.000ms/op [0.000ms - 0.000ms]
close-1              0ops        0ops/s   0.0mb/s    0.000ms/op [0.000ms - 0.000ms]
read-1               110780ops      123ops/s  15.4mb/s    8.115ms/op [1.355ms - 2018.637ms]
open-1               1ops        0ops/s   0.0mb/s    5.710ms/op [5.710ms - 5.710ms]
947.506: IO Summary: 110781 ops 123.076 ops/s 123/0 rd/wr  15.4mb/s 8.115ms/op
947.506: Shutting down processes

Run: #3,wl_name:rand-read-1th-128k-smart-96k,wl_path:shared_dir/workloads-filebench/read-data-micro/rand-read-1th.f,fs:lsfs


Filebench Version 1.5-alpha3
0.000: Allocated 177MB of shared memory
0.001: Populating and pre-allocating filesets
0.002: fileset-1 populated: 1 files, avg. dir. width = 1, avg. dir. depth = -nan, 0 leafdirs, 1024.000MB total size
0.002: Removing fileset-1 tree (if exists)
0.003: Pre-allocating directories in fileset-1 tree
0.009: Pre-allocating files in fileset-1 tree
45.577: Waiting for pre-allocation to finish (in case of a parallel pre-allocation)
45.577: Population and pre-allocation of filesets completed
45.768: Attempting to create fileset more than once, ignoring
45.768: Starting 1 process-1 instances
46.781: Running...
946.880: Run took 900 seconds...
946.880: Per-Operation Breakdown
finish-1             0ops        0ops/s   0.0mb/s    0.000ms/op [0.000ms - 0.000ms]
close-1              0ops        0ops/s   0.0mb/s    0.000ms/op [0.000ms - 0.000ms]
read-1               129844ops      144ops/s  18.0mb/s    6.920ms/op [1.360ms - 2018.202ms]
open-1               1ops        0ops/s   0.0mb/s    5.353ms/op [5.353ms - 5.353ms]
946.880: IO Summary: 129845 ops 144.256 ops/s 144/0 rd/wr  18.0mb/s 6.920ms/op
946.880: Shutting down processes
