
Run: #1,wl_name:seq-read-1th-128k-smart-128k,wl_path:shared_dir/workloads-filebench/read-data-micro/seq-read-1th.f,fs:lsfs


Filebench Version 1.5-alpha3
0.000: Allocated 177MB of shared memory
0.001: Populating and pre-allocating filesets
0.002: fileset-1 populated: 1 files, avg. dir. width = 1, avg. dir. depth = -nan, 0 leafdirs, 1024.000MB total size
0.003: Removing fileset-1 tree (if exists)
0.005: Pre-allocating directories in fileset-1 tree
0.014: Pre-allocating files in fileset-1 tree
42.078: Waiting for pre-allocation to finish (in case of a parallel pre-allocation)
42.078: Population and pre-allocation of filesets completed
42.194: Attempting to create fileset more than once, ignoring
42.194: Starting 1 process-1 instances
43.209: Running...
943.303: Run took 900 seconds...
943.303: Per-Operation Breakdown
finish-1             0ops        0ops/s   0.0mb/s    0.000ms/op [0.000ms - 0.000ms]
close-1              0ops        0ops/s   0.0mb/s    0.000ms/op [0.000ms - 0.000ms]
read-1               100735ops      112ops/s  14.0mb/s    8.922ms/op [0.015ms - 2023.882ms]
open-1               1ops        0ops/s   0.0mb/s    4.136ms/op [4.136ms - 4.136ms]
943.303: IO Summary: 100736 ops 111.917 ops/s 112/0 rd/wr  14.0mb/s 8.922ms/op
943.303: Shutting down processes

Run: #2,wl_name:seq-read-1th-128k-smart-128k,wl_path:shared_dir/workloads-filebench/read-data-micro/seq-read-1th.f,fs:lsfs


Filebench Version 1.5-alpha3
0.000: Allocated 177MB of shared memory
0.001: Populating and pre-allocating filesets
0.002: fileset-1 populated: 1 files, avg. dir. width = 1, avg. dir. depth = -nan, 0 leafdirs, 1024.000MB total size
0.002: Removing fileset-1 tree (if exists)
0.004: Pre-allocating directories in fileset-1 tree
0.010: Pre-allocating files in fileset-1 tree
42.484: Waiting for pre-allocation to finish (in case of a parallel pre-allocation)
42.484: Population and pre-allocation of filesets completed
42.562: Attempting to create fileset more than once, ignoring
42.562: Starting 1 process-1 instances
43.578: Running...
943.671: Run took 900 seconds...
943.671: Per-Operation Breakdown
finish-1             0ops        0ops/s   0.0mb/s    0.000ms/op [0.000ms - 0.000ms]
close-1              0ops        0ops/s   0.0mb/s    0.000ms/op [0.000ms - 0.000ms]
read-1               65166ops       72ops/s   9.0mb/s   13.811ms/op [0.014ms - 2022.150ms]
open-1               1ops        0ops/s   0.0mb/s    5.658ms/op [5.658ms - 5.658ms]
943.671: IO Summary: 65167 ops 72.400 ops/s 72/0 rd/wr   9.0mb/s 13.811ms/op
943.671: Shutting down processes

Run: #3,wl_name:seq-read-1th-128k-smart-128k,wl_path:shared_dir/workloads-filebench/read-data-micro/seq-read-1th.f,fs:lsfs


Filebench Version 1.5-alpha3
0.000: Allocated 177MB of shared memory
0.001: Populating and pre-allocating filesets
0.002: fileset-1 populated: 1 files, avg. dir. width = 1, avg. dir. depth = -nan, 0 leafdirs, 1024.000MB total size
0.002: Removing fileset-1 tree (if exists)
0.004: Pre-allocating directories in fileset-1 tree
0.009: Pre-allocating files in fileset-1 tree
42.282: Waiting for pre-allocation to finish (in case of a parallel pre-allocation)
42.282: Population and pre-allocation of filesets completed
42.487: Attempting to create fileset more than once, ignoring
42.487: Starting 1 process-1 instances
43.502: Running...
943.617: Run took 900 seconds...
943.617: Per-Operation Breakdown
finish-1             0ops        0ops/s   0.0mb/s    0.000ms/op [0.000ms - 0.000ms]
close-1              0ops        0ops/s   0.0mb/s    0.000ms/op [0.000ms - 0.000ms]
read-1               74486ops       83ops/s  10.3mb/s   12.017ms/op [0.014ms - 2022.421ms]
open-1               1ops        0ops/s   0.0mb/s 3344.113ms/op [3344.113ms - 3344.113ms]
943.617: IO Summary: 74487 ops 82.753 ops/s 83/0 rd/wr  10.3mb/s 12.061ms/op
943.617: Shutting down processes
