
Run: #1,wl_name:seq-read-1th-128k-smart-4k,wl_path:shared_dir/workloads-filebench/read-data-micro/seq-read-1th.f,fs:lsfs


Filebench Version 1.5-alpha3
0.000: Allocated 177MB of shared memory
0.001: Populating and pre-allocating filesets
0.002: fileset-1 populated: 1 files, avg. dir. width = 1, avg. dir. depth = -nan, 0 leafdirs, 1024.000MB total size
0.003: Removing fileset-1 tree (if exists)
0.006: Pre-allocating directories in fileset-1 tree
0.013: Pre-allocating files in fileset-1 tree
204.590: Waiting for pre-allocation to finish (in case of a parallel pre-allocation)
204.590: Population and pre-allocation of filesets completed
204.673: Attempting to create fileset more than once, ignoring
204.673: Starting 1 process-1 instances
205.687: Running...
1105.742: Run took 900 seconds...
1105.743: Per-Operation Breakdown
finish-1             0ops        0ops/s   0.0mb/s    0.000ms/op [0.000ms - 0.000ms]
close-1              0ops        0ops/s   0.0mb/s    0.000ms/op [0.000ms - 0.000ms]
read-1               63840ops       71ops/s   8.9mb/s   14.097ms/op [0.014ms - 35.573ms]
open-1               1ops        0ops/s   0.0mb/s    3.403ms/op [3.403ms - 3.403ms]
1105.743: IO Summary: 63841 ops 70.930 ops/s 71/0 rd/wr   8.9mb/s 14.097ms/op
1105.743: Shutting down processes

Run: #2,wl_name:seq-read-1th-128k-smart-4k,wl_path:shared_dir/workloads-filebench/read-data-micro/seq-read-1th.f,fs:lsfs


Filebench Version 1.5-alpha3
0.000: Allocated 177MB of shared memory
0.001: Populating and pre-allocating filesets
0.002: fileset-1 populated: 1 files, avg. dir. width = 1, avg. dir. depth = -nan, 0 leafdirs, 1024.000MB total size
0.002: Removing fileset-1 tree (if exists)
0.004: Pre-allocating directories in fileset-1 tree
0.009: Pre-allocating files in fileset-1 tree
206.770: Waiting for pre-allocation to finish (in case of a parallel pre-allocation)
206.770: Population and pre-allocation of filesets completed
206.852: Attempting to create fileset more than once, ignoring
206.852: Starting 1 process-1 instances
207.867: Running...
1107.924: Run took 900 seconds...
1107.924: Per-Operation Breakdown
finish-1             0ops        0ops/s   0.0mb/s    0.000ms/op [0.000ms - 0.000ms]
close-1              0ops        0ops/s   0.0mb/s    0.000ms/op [0.000ms - 0.000ms]
read-1               63530ops       71ops/s   8.8mb/s   14.165ms/op [0.017ms - 34.020ms]
open-1               1ops        0ops/s   0.0mb/s    5.755ms/op [5.755ms - 5.755ms]
1107.924: IO Summary: 63531 ops 70.586 ops/s 71/0 rd/wr   8.8mb/s 14.165ms/op
1107.924: Shutting down processes

Run: #3,wl_name:seq-read-1th-128k-smart-4k,wl_path:shared_dir/workloads-filebench/read-data-micro/seq-read-1th.f,fs:lsfs


