
Run: #1,wl_name:rand-read-1th-128k-smart-128k,wl_path:shared_dir/workloads-filebench/read-data-micro/rand-read-1th.f,fs:lsfs


Filebench Version 1.5-alpha3
0.000: Allocated 177MB of shared memory
0.001: Populating and pre-allocating filesets
0.002: fileset-1 populated: 1 files, avg. dir. width = 1, avg. dir. depth = -nan, 0 leafdirs, 1024.000MB total size
0.002: Removing fileset-1 tree (if exists)
0.005: Pre-allocating directories in fileset-1 tree
0.011: Pre-allocating files in fileset-1 tree
42.046: Waiting for pre-allocation to finish (in case of a parallel pre-allocation)
42.046: Population and pre-allocation of filesets completed
42.134: Attempting to create fileset more than once, ignoring
42.134: Starting 1 process-1 instances
43.148: Running...
943.243: Run took 900 seconds...
943.243: Per-Operation Breakdown
finish-1             0ops        0ops/s   0.0mb/s    0.000ms/op [0.000ms - 0.000ms]
close-1              0ops        0ops/s   0.0mb/s    0.000ms/op [0.000ms - 0.000ms]
read-1               90709ops      101ops/s  12.6mb/s    9.921ms/op [1.256ms - 2023.896ms]
open-1               1ops        0ops/s   0.0mb/s    5.232ms/op [5.232ms - 5.232ms]
943.243: IO Summary: 90710 ops 100.778 ops/s 101/0 rd/wr  12.6mb/s 9.921ms/op
943.243: Shutting down processes

Run: #2,wl_name:rand-read-1th-128k-smart-128k,wl_path:shared_dir/workloads-filebench/read-data-micro/rand-read-1th.f,fs:lsfs


Filebench Version 1.5-alpha3
0.000: Allocated 177MB of shared memory
0.001: Populating and pre-allocating filesets
0.002: fileset-1 populated: 1 files, avg. dir. width = 1, avg. dir. depth = -nan, 0 leafdirs, 1024.000MB total size
0.003: Removing fileset-1 tree (if exists)
0.005: Pre-allocating directories in fileset-1 tree
0.012: Pre-allocating files in fileset-1 tree
40.480: Waiting for pre-allocation to finish (in case of a parallel pre-allocation)
40.480: Population and pre-allocation of filesets completed
40.551: Attempting to create fileset more than once, ignoring
40.552: Starting 1 process-1 instances
41.567: Running...
941.682: Run took 900 seconds...
941.682: Per-Operation Breakdown
finish-1             0ops        0ops/s   0.0mb/s    0.000ms/op [0.000ms - 0.000ms]
close-1              0ops        0ops/s   0.0mb/s    0.000ms/op [0.000ms - 0.000ms]
read-1               54069ops       60ops/s   7.5mb/s   16.625ms/op [1.151ms - 2024.113ms]
open-1               1ops        0ops/s   0.0mb/s    5.605ms/op [5.605ms - 5.605ms]
941.682: IO Summary: 54070 ops 60.070 ops/s 60/0 rd/wr   7.5mb/s 16.625ms/op
941.682: Shutting down processes

Run: #3,wl_name:rand-read-1th-128k-smart-128k,wl_path:shared_dir/workloads-filebench/read-data-micro/rand-read-1th.f,fs:lsfs


Filebench Version 1.5-alpha3
0.000: Allocated 177MB of shared memory
0.001: Populating and pre-allocating filesets
0.002: fileset-1 populated: 1 files, avg. dir. width = 1, avg. dir. depth = -nan, 0 leafdirs, 1024.000MB total size
0.003: Removing fileset-1 tree (if exists)
0.005: Pre-allocating directories in fileset-1 tree
0.012: Pre-allocating files in fileset-1 tree
41.846: Waiting for pre-allocation to finish (in case of a parallel pre-allocation)
41.846: Population and pre-allocation of filesets completed
42.020: Attempting to create fileset more than once, ignoring
42.020: Starting 1 process-1 instances
43.034: Running...
943.142: Run took 900 seconds...
943.143: Per-Operation Breakdown
finish-1             0ops        0ops/s   0.0mb/s    0.000ms/op [0.000ms - 0.000ms]
close-1              0ops        0ops/s   0.0mb/s    0.000ms/op [0.000ms - 0.000ms]
read-1               63962ops       71ops/s   8.9mb/s   14.047ms/op [1.248ms - 2022.535ms]
open-1               1ops        0ops/s   0.0mb/s    3.278ms/op [3.278ms - 3.278ms]
943.143: IO Summary: 63963 ops 71.061 ops/s 71/0 rd/wr   8.9mb/s 14.047ms/op
943.143: Shutting down processes
