
Run: #1,wl_name:create-1th-cache_on-60000,wl_path:shared_dir/workloads-filebench/metadata-micro/create-1th.f,fs:lsfs


Filebench Version 1.5-alpha3
0.000: Allocated 177MB of shared memory
0.001: Populating and pre-allocating filesets
0.024: fileset-1 populated: 75000 files, avg. dir. width = 250, avg. dir. depth = 2.0, 0 leafdirs, 292.969MB total size
0.024: Removing fileset-1 tree (if exists)
0.062: Pre-allocating directories in fileset-1 tree
1.727: Pre-allocating files in fileset-1 tree
1.855: Waiting for pre-allocation to finish (in case of a parallel pre-allocation)
1.855: Population and pre-allocation of filesets completed
3.640: Attempting to create fileset more than once, ignoring
3.641: Starting 1 process-1 instances
6.228: Running...
447.273: Run took 441 seconds...
447.273: Per-Operation Breakdown
finishoncount-1      1ops        0ops/s   0.0mb/s    0.000ms/op [0.000ms - 0.000ms]
createwriteclose-1.closefile-1 75000ops      170ops/s   0.0mb/s    2.764ms/op [0.578ms - 42.939ms]
createwriteclose-1.write-1 75000ops      170ops/s   0.7mb/s    0.879ms/op [0.176ms - 9.207ms]
createwriteclose-1.createfile-1 75000ops      170ops/s   0.0mb/s    2.209ms/op [0.279ms - 38.393ms]
createwriteclose-1   0ops        0ops/s   0.0mb/s    0.000ms/op [0.000ms - 0.000ms]
447.273: IO Summary: 225000 ops 510.152 ops/s 0/170 rd/wr   0.7mb/s 1.951ms/op
447.273: Shutting down processes

Run: #2,wl_name:create-1th-cache_on-60000,wl_path:shared_dir/workloads-filebench/metadata-micro/create-1th.f,fs:lsfs


Filebench Version 1.5-alpha3
0.000: Allocated 177MB of shared memory
0.007: Populating and pre-allocating filesets
0.030: fileset-1 populated: 75000 files, avg. dir. width = 250, avg. dir. depth = 2.0, 0 leafdirs, 292.969MB total size
0.031: Removing fileset-1 tree (if exists)
0.071: Pre-allocating directories in fileset-1 tree
1.663: Pre-allocating files in fileset-1 tree
1.790: Waiting for pre-allocation to finish (in case of a parallel pre-allocation)
1.790: Population and pre-allocation of filesets completed
2.789: Attempting to create fileset more than once, ignoring
2.789: Starting 1 process-1 instances
4.778: Running...
432.820: Run took 428 seconds...
432.821: Per-Operation Breakdown
finishoncount-1      1ops        0ops/s   0.0mb/s    0.000ms/op [0.000ms - 0.000ms]
createwriteclose-1.closefile-1 75000ops      175ops/s   0.0mb/s    2.679ms/op [0.576ms - 22.419ms]
createwriteclose-1.write-1 75000ops      175ops/s   0.7mb/s    0.850ms/op [0.181ms - 10.169ms]
createwriteclose-1.createfile-1 75000ops      175ops/s   0.0mb/s    2.143ms/op [0.280ms - 37.948ms]
createwriteclose-1   0ops        0ops/s   0.0mb/s    0.000ms/op [0.000ms - 0.000ms]
432.821: IO Summary: 225000 ops 525.649 ops/s 0/175 rd/wr   0.7mb/s 1.891ms/op
432.821: Shutting down processes

Run: #3,wl_name:create-1th-cache_on-60000,wl_path:shared_dir/workloads-filebench/metadata-micro/create-1th.f,fs:lsfs


Filebench Version 1.5-alpha3
0.000: Allocated 177MB of shared memory
0.008: Populating and pre-allocating filesets
0.056: fileset-1 populated: 75000 files, avg. dir. width = 250, avg. dir. depth = 2.0, 0 leafdirs, 292.969MB total size
0.057: Removing fileset-1 tree (if exists)
0.095: Pre-allocating directories in fileset-1 tree
0.841: Pre-allocating files in fileset-1 tree
0.931: Waiting for pre-allocation to finish (in case of a parallel pre-allocation)
0.931: Population and pre-allocation of filesets completed
2.788: Attempting to create fileset more than once, ignoring
2.789: Starting 1 process-1 instances
5.007: Running...
452.050: Run took 447 seconds...
452.050: Per-Operation Breakdown
finishoncount-1      1ops        0ops/s   0.0mb/s    0.000ms/op [0.000ms - 0.000ms]
createwriteclose-1.closefile-1 75000ops      168ops/s   0.0mb/s    2.816ms/op [0.550ms - 34.234ms]
createwriteclose-1.write-1 75000ops      168ops/s   0.7mb/s    0.896ms/op [0.178ms - 9.579ms]
createwriteclose-1.createfile-1 75000ops      168ops/s   0.0mb/s    2.212ms/op [0.274ms - 41.054ms]
createwriteclose-1   0ops        0ops/s   0.0mb/s    0.000ms/op [0.000ms - 0.000ms]
452.050: IO Summary: 225000 ops 503.308 ops/s 0/168 rd/wr   0.7mb/s 1.975ms/op
452.050: Shutting down processes
