
Run: #1,wl_name:create-1th-cache_on-1000,wl_path:shared_dir/workloads-filebench/metadata-micro/create-1th.f,fs:lsfs


Filebench Version 1.5-alpha3
0.000: Allocated 177MB of shared memory
0.001: Populating and pre-allocating filesets
0.024: fileset-1 populated: 75000 files, avg. dir. width = 250, avg. dir. depth = 2.0, 0 leafdirs, 292.969MB total size
0.025: Removing fileset-1 tree (if exists)
0.057: Pre-allocating directories in fileset-1 tree
1.752: Pre-allocating files in fileset-1 tree
1.874: Waiting for pre-allocation to finish (in case of a parallel pre-allocation)
1.874: Population and pre-allocation of filesets completed
3.568: Attempting to create fileset more than once, ignoring
3.569: Starting 1 process-1 instances
5.549: Running...
360.583: Run took 355 seconds...
360.583: Per-Operation Breakdown
finishoncount-1      1ops        0ops/s   0.0mb/s    0.000ms/op [0.000ms - 0.000ms]
createwriteclose-1.closefile-1 75000ops      211ops/s   0.0mb/s    2.293ms/op [0.514ms - 28.452ms]
createwriteclose-1.write-1 75000ops      211ops/s   0.8mb/s    0.695ms/op [0.169ms - 14.915ms]
createwriteclose-1.createfile-1 75000ops      211ops/s   0.0mb/s    1.721ms/op [0.267ms - 23.149ms]
createwriteclose-1   0ops        0ops/s   0.0mb/s    0.000ms/op [0.000ms - 0.000ms]
360.583: IO Summary: 225000 ops 633.744 ops/s 0/211 rd/wr   0.8mb/s 1.569ms/op
360.583: Shutting down processes

Run: #2,wl_name:create-1th-cache_on-1000,wl_path:shared_dir/workloads-filebench/metadata-micro/create-1th.f,fs:lsfs


Filebench Version 1.5-alpha3
0.000: Allocated 177MB of shared memory
0.007: Populating and pre-allocating filesets
0.030: fileset-1 populated: 75000 files, avg. dir. width = 250, avg. dir. depth = 2.0, 0 leafdirs, 292.969MB total size
0.031: Removing fileset-1 tree (if exists)
0.067: Pre-allocating directories in fileset-1 tree
1.813: Pre-allocating files in fileset-1 tree
1.945: Waiting for pre-allocation to finish (in case of a parallel pre-allocation)
1.945: Population and pre-allocation of filesets completed
3.666: Attempting to create fileset more than once, ignoring
3.666: Starting 1 process-1 instances
5.652: Running...
375.692: Run took 370 seconds...
375.692: Per-Operation Breakdown
finishoncount-1      1ops        0ops/s   0.0mb/s    0.000ms/op [0.000ms - 0.000ms]
createwriteclose-1.closefile-1 75000ops      203ops/s   0.0mb/s    2.364ms/op [0.521ms - 31.548ms]
createwriteclose-1.write-1 75000ops      203ops/s   0.8mb/s    0.722ms/op [0.168ms - 11.747ms]
createwriteclose-1.createfile-1 75000ops      203ops/s   0.0mb/s    1.822ms/op [0.266ms - 41.166ms]
createwriteclose-1   0ops        0ops/s   0.0mb/s    0.000ms/op [0.000ms - 0.000ms]
375.692: IO Summary: 225000 ops 608.043 ops/s 0/203 rd/wr   0.8mb/s 1.636ms/op
375.692: Shutting down processes

Run: #3,wl_name:create-1th-cache_on-1000,wl_path:shared_dir/workloads-filebench/metadata-micro/create-1th.f,fs:lsfs


Filebench Version 1.5-alpha3
0.000: Allocated 177MB of shared memory
0.008: Populating and pre-allocating filesets
0.030: fileset-1 populated: 75000 files, avg. dir. width = 250, avg. dir. depth = 2.0, 0 leafdirs, 292.969MB total size
0.031: Removing fileset-1 tree (if exists)
0.066: Pre-allocating directories in fileset-1 tree
1.162: Pre-allocating files in fileset-1 tree
1.291: Waiting for pre-allocation to finish (in case of a parallel pre-allocation)
1.291: Population and pre-allocation of filesets completed
2.828: Attempting to create fileset more than once, ignoring
2.828: Starting 1 process-1 instances
5.611: Running...
364.643: Run took 359 seconds...
364.644: Per-Operation Breakdown
finishoncount-1      1ops        0ops/s   0.0mb/s    0.000ms/op [0.000ms - 0.000ms]
createwriteclose-1.closefile-1 75000ops      209ops/s   0.0mb/s    2.324ms/op [0.499ms - 42.420ms]
createwriteclose-1.write-1 75000ops      209ops/s   0.8mb/s    0.703ms/op [0.167ms - 9.479ms]
createwriteclose-1.createfile-1 75000ops      209ops/s   0.0mb/s    1.732ms/op [0.260ms - 38.994ms]
createwriteclose-1   0ops        0ops/s   0.0mb/s    0.000ms/op [0.000ms - 0.000ms]
364.644: IO Summary: 225000 ops 626.685 ops/s 0/209 rd/wr   0.8mb/s 1.586ms/op
364.644: Shutting down processes
