
Run: #1,wl_name:stat-1th-cache_on-60000,wl_path:shared_dir/workloads-filebench/metadata-micro/stat-1th.f,fs:lsfs


Filebench Version 1.5-alpha3
0.000: Allocated 177MB of shared memory
0.001: Populating and pre-allocating filesets
0.023: fileset1 populated: 75000 files, avg. dir. width = 250, avg. dir. depth = 2.0, 0 leafdirs, 292.969MB total size
0.024: Removing fileset1 tree (if exists)
0.057: Pre-allocating directories in fileset1 tree
1.559: Pre-allocating files in fileset1 tree
400.092: Waiting for pre-allocation to finish (in case of a parallel pre-allocation)
400.092: Population and pre-allocation of filesets completed
400.739: Attempting to create fileset more than once, ignoring
400.740: Starting 1 process1 instances
403.158: Running...
1303.232: Run took 900 seconds...
1303.232: Per-Operation Breakdown
stat1                975893ops     1084ops/s   0.0mb/s    0.918ms/op [0.425ms - 29.596ms]
1303.232: IO Summary: 975893 ops 1084.237 ops/s 0/0 rd/wr   0.0mb/s 0.918ms/op
1303.232: Shutting down processes

Run: #2,wl_name:stat-1th-cache_on-60000,wl_path:shared_dir/workloads-filebench/metadata-micro/stat-1th.f,fs:lsfs


Filebench Version 1.5-alpha3
0.000: Allocated 177MB of shared memory
0.007: Populating and pre-allocating filesets
0.030: fileset1 populated: 75000 files, avg. dir. width = 250, avg. dir. depth = 2.0, 0 leafdirs, 292.969MB total size
0.030: Removing fileset1 tree (if exists)
0.150: Pre-allocating directories in fileset1 tree
2.014: Pre-allocating files in fileset1 tree
392.807: Waiting for pre-allocation to finish (in case of a parallel pre-allocation)
392.807: Population and pre-allocation of filesets completed
393.735: Attempting to create fileset more than once, ignoring
393.736: Starting 1 process1 instances
395.863: Running...
1295.929: Run took 900 seconds...
1295.929: Per-Operation Breakdown
stat1                1138242ops     1265ops/s   0.0mb/s    0.787ms/op [0.423ms - 46.381ms]
1295.929: IO Summary: 1138242 ops 1264.620 ops/s 0/0 rd/wr   0.0mb/s 0.787ms/op
1295.929: Shutting down processes

Run: #3,wl_name:stat-1th-cache_on-60000,wl_path:shared_dir/workloads-filebench/metadata-micro/stat-1th.f,fs:lsfs


Filebench Version 1.5-alpha3
0.000: Allocated 177MB of shared memory
0.008: Populating and pre-allocating filesets
0.043: fileset1 populated: 75000 files, avg. dir. width = 250, avg. dir. depth = 2.0, 0 leafdirs, 292.969MB total size
0.044: Removing fileset1 tree (if exists)
0.075: Pre-allocating directories in fileset1 tree
0.823: Pre-allocating files in fileset1 tree
388.925: Waiting for pre-allocation to finish (in case of a parallel pre-allocation)
388.925: Population and pre-allocation of filesets completed
389.538: Attempting to create fileset more than once, ignoring
389.539: Starting 1 process1 instances
391.606: Running...
1291.681: Run took 900 seconds...
1291.681: Per-Operation Breakdown
stat1                982875ops     1092ops/s   0.0mb/s    0.911ms/op [0.423ms - 33.276ms]
1291.681: IO Summary: 982875 ops 1091.993 ops/s 0/0 rd/wr   0.0mb/s 0.911ms/op
1291.681: Shutting down processes
