
Run: #1,wl_name:delete-1th-cache_on-60000,wl_path:shared_dir/workloads-filebench/metadata-micro/delete-1th.f,fs:lsfs


Filebench Version 1.5-alpha3
0.000: Allocated 177MB of shared memory
0.001: Populating and pre-allocating filesets
0.025: fileset1 populated: 75000 files, avg. dir. width = 250, avg. dir. depth = 2.0, 0 leafdirs, 292.969MB total size
0.026: Removing fileset1 tree (if exists)
0.157: Pre-allocating directories in fileset1 tree
1.884: Pre-allocating files in fileset1 tree
384.695: Waiting for pre-allocation to finish (in case of a parallel pre-allocation)
384.695: Population and pre-allocation of filesets completed
385.099: Attempting to create fileset more than once, ignoring
385.100: Starting 1 process1 instances
387.377: Running...
785.418: Run took 398 seconds...
785.418: Per-Operation Breakdown
finish1              1ops        0ops/s   0.0mb/s    0.000ms/op [0.000ms - 0.000ms]
delete1              75000ops      188ops/s   0.0mb/s    5.283ms/op [1.827ms - 47.592ms]
785.418: IO Summary: 75000 ops 188.423 ops/s 0/0 rd/wr   0.0mb/s 5.283ms/op
785.418: Shutting down processes

Run: #2,wl_name:delete-1th-cache_on-60000,wl_path:shared_dir/workloads-filebench/metadata-micro/delete-1th.f,fs:lsfs


Filebench Version 1.5-alpha3
0.000: Allocated 177MB of shared memory
0.008: Populating and pre-allocating filesets
0.030: fileset1 populated: 75000 files, avg. dir. width = 250, avg. dir. depth = 2.0, 0 leafdirs, 292.969MB total size
0.031: Removing fileset1 tree (if exists)
0.067: Pre-allocating directories in fileset1 tree
1.175: Pre-allocating files in fileset1 tree
385.326: Waiting for pre-allocation to finish (in case of a parallel pre-allocation)
385.326: Population and pre-allocation of filesets completed
385.734: Attempting to create fileset more than once, ignoring
385.735: Starting 1 process1 instances
387.537: Running...
792.579: Run took 405 seconds...
792.579: Per-Operation Breakdown
finish1              1ops        0ops/s   0.0mb/s    0.000ms/op [0.000ms - 0.000ms]
delete1              75000ops      185ops/s   0.0mb/s    5.384ms/op [1.835ms - 61.226ms]
792.579: IO Summary: 75000 ops 185.166 ops/s 0/0 rd/wr   0.0mb/s 5.384ms/op
792.579: Shutting down processes

Run: #3,wl_name:delete-1th-cache_on-60000,wl_path:shared_dir/workloads-filebench/metadata-micro/delete-1th.f,fs:lsfs


Filebench Version 1.5-alpha3
0.000: Allocated 177MB of shared memory
0.008: Populating and pre-allocating filesets
0.030: fileset1 populated: 75000 files, avg. dir. width = 250, avg. dir. depth = 2.0, 0 leafdirs, 292.969MB total size
0.031: Removing fileset1 tree (if exists)
0.062: Pre-allocating directories in fileset1 tree
0.893: Pre-allocating files in fileset1 tree
400.688: Waiting for pre-allocation to finish (in case of a parallel pre-allocation)
400.688: Population and pre-allocation of filesets completed
401.235: Attempting to create fileset more than once, ignoring
401.238: Starting 1 process1 instances
402.835: Running...
809.874: Run took 407 seconds...
809.875: Per-Operation Breakdown
finish1              1ops        0ops/s   0.0mb/s    0.000ms/op [0.000ms - 0.000ms]
delete1              75000ops      184ops/s   0.0mb/s    5.412ms/op [1.874ms - 49.146ms]
809.875: IO Summary: 75000 ops 184.257 ops/s 0/0 rd/wr   0.0mb/s 5.412ms/op
809.875: Shutting down processes
