
Run: #1,wl_name:delete-1th-cache_on-1000,wl_path:shared_dir/workloads-filebench/metadata-micro/delete-1th.f,fs:lsfs


Filebench Version 1.5-alpha3
0.000: Allocated 177MB of shared memory
0.001: Populating and pre-allocating filesets
0.023: fileset1 populated: 75000 files, avg. dir. width = 250, avg. dir. depth = 2.0, 0 leafdirs, 292.969MB total size
0.024: Removing fileset1 tree (if exists)
0.064: Pre-allocating directories in fileset1 tree
0.858: Pre-allocating files in fileset1 tree
320.700: Waiting for pre-allocation to finish (in case of a parallel pre-allocation)
320.700: Population and pre-allocation of filesets completed
321.664: Attempting to create fileset more than once, ignoring
321.664: Starting 1 process1 instances
324.626: Running...
616.650: Run took 292 seconds...
616.651: Per-Operation Breakdown
finish1              1ops        0ops/s   0.0mb/s    0.000ms/op [0.000ms - 0.000ms]
delete1              75000ops      257ops/s   0.0mb/s    3.871ms/op [1.651ms - 33.312ms]
616.651: IO Summary: 75000 ops 256.828 ops/s 0/0 rd/wr   0.0mb/s 3.871ms/op
616.651: Shutting down processes

Run: #2,wl_name:delete-1th-cache_on-1000,wl_path:shared_dir/workloads-filebench/metadata-micro/delete-1th.f,fs:lsfs


Filebench Version 1.5-alpha3
0.000: Allocated 177MB of shared memory
0.007: Populating and pre-allocating filesets
0.029: fileset1 populated: 75000 files, avg. dir. width = 250, avg. dir. depth = 2.0, 0 leafdirs, 292.969MB total size
0.030: Removing fileset1 tree (if exists)
0.105: Pre-allocating directories in fileset1 tree
1.701: Pre-allocating files in fileset1 tree
335.230: Waiting for pre-allocation to finish (in case of a parallel pre-allocation)
335.230: Population and pre-allocation of filesets completed
336.008: Attempting to create fileset more than once, ignoring
336.009: Starting 1 process1 instances
337.917: Running...
668.945: Run took 331 seconds...
668.945: Per-Operation Breakdown
finish1              1ops        0ops/s   0.0mb/s    0.000ms/op [0.000ms - 0.000ms]
delete1              75000ops      227ops/s   0.0mb/s    4.398ms/op [1.684ms - 35.872ms]
668.945: IO Summary: 75000 ops 226.567 ops/s 0/0 rd/wr   0.0mb/s 4.398ms/op
668.945: Shutting down processes

Run: #3,wl_name:delete-1th-cache_on-1000,wl_path:shared_dir/workloads-filebench/metadata-micro/delete-1th.f,fs:lsfs


Filebench Version 1.5-alpha3
0.000: Allocated 177MB of shared memory
0.008: Populating and pre-allocating filesets
0.055: fileset1 populated: 75000 files, avg. dir. width = 250, avg. dir. depth = 2.0, 0 leafdirs, 292.969MB total size
0.056: Removing fileset1 tree (if exists)
0.090: Pre-allocating directories in fileset1 tree
1.732: Pre-allocating files in fileset1 tree
339.955: Waiting for pre-allocation to finish (in case of a parallel pre-allocation)
339.955: Population and pre-allocation of filesets completed
340.394: Attempting to create fileset more than once, ignoring
340.397: Starting 1 process1 instances
342.487: Running...
624.512: Run took 282 seconds...
624.512: Per-Operation Breakdown
finish1              1ops        0ops/s   0.0mb/s    0.000ms/op [0.000ms - 0.000ms]
delete1              75000ops      266ops/s   0.0mb/s    3.744ms/op [1.684ms - 31.104ms]
624.512: IO Summary: 75000 ops 265.935 ops/s 0/0 rd/wr   0.0mb/s 3.744ms/op
624.512: Shutting down processes
