
Run: #1,wl_name:stat-1th-cache_on-30000,wl_path:shared_dir/workloads-filebench/metadata-micro/stat-1th.f,fs:lsfs


Filebench Version 1.5-alpha3
0.000: Allocated 177MB of shared memory
0.001: Populating and pre-allocating filesets
0.023: fileset1 populated: 75000 files, avg. dir. width = 250, avg. dir. depth = 2.0, 0 leafdirs, 292.969MB total size
0.024: Removing fileset1 tree (if exists)
0.063: Pre-allocating directories in fileset1 tree
0.871: Pre-allocating files in fileset1 tree
384.261: Waiting for pre-allocation to finish (in case of a parallel pre-allocation)
384.261: Population and pre-allocation of filesets completed
385.139: Attempting to create fileset more than once, ignoring
385.139: Starting 1 process1 instances
386.683: Running...
1286.755: Run took 900 seconds...
1286.756: Per-Operation Breakdown
stat1                988706ops     1098ops/s   0.0mb/s    0.906ms/op [0.425ms - 47.658ms]
1286.756: IO Summary: 988706 ops 1098.474 ops/s 0/0 rd/wr   0.0mb/s 0.906ms/op
1286.756: Shutting down processes

Run: #2,wl_name:stat-1th-cache_on-30000,wl_path:shared_dir/workloads-filebench/metadata-micro/stat-1th.f,fs:lsfs


Filebench Version 1.5-alpha3
0.000: Allocated 177MB of shared memory
0.007: Populating and pre-allocating filesets
0.030: fileset1 populated: 75000 files, avg. dir. width = 250, avg. dir. depth = 2.0, 0 leafdirs, 292.969MB total size
0.031: Removing fileset1 tree (if exists)
0.154: Pre-allocating directories in fileset1 tree
1.866: Pre-allocating files in fileset1 tree
386.363: Waiting for pre-allocation to finish (in case of a parallel pre-allocation)
386.363: Population and pre-allocation of filesets completed
386.912: Attempting to create fileset more than once, ignoring
386.913: Starting 1 process1 instances
389.180: Running...
1289.246: Run took 900 seconds...
1289.246: Per-Operation Breakdown
stat1                1113209ops     1237ops/s   0.0mb/s    0.804ms/op [0.425ms - 48.630ms]
1289.246: IO Summary: 1113209 ops 1236.808 ops/s 0/0 rd/wr   0.0mb/s 0.804ms/op
1289.246: Shutting down processes

Run: #3,wl_name:stat-1th-cache_on-30000,wl_path:shared_dir/workloads-filebench/metadata-micro/stat-1th.f,fs:lsfs


Filebench Version 1.5-alpha3
0.000: Allocated 177MB of shared memory
0.007: Populating and pre-allocating filesets
0.030: fileset1 populated: 75000 files, avg. dir. width = 250, avg. dir. depth = 2.0, 0 leafdirs, 292.969MB total size
0.031: Removing fileset1 tree (if exists)
0.068: Pre-allocating directories in fileset1 tree
1.756: Pre-allocating files in fileset1 tree
371.475: Waiting for pre-allocation to finish (in case of a parallel pre-allocation)
371.475: Population and pre-allocation of filesets completed
371.893: Attempting to create fileset more than once, ignoring
371.893: Starting 1 process1 instances
373.890: Running...
1273.961: Run took 900 seconds...
1273.961: Per-Operation Breakdown
stat1                1006613ops     1118ops/s   0.0mb/s    0.890ms/op [0.424ms - 40.282ms]
1273.961: IO Summary: 1006613 ops 1118.370 ops/s 0/0 rd/wr   0.0mb/s 0.890ms/op
1273.961: Shutting down processes
