
Run: #1,wl_name:create-1th-cache_on-30000,wl_path:shared_dir/workloads-filebench/metadata-micro/create-1th.f,fs:lsfs


Filebench Version 1.5-alpha3
0.000: Allocated 177MB of shared memory
0.001: Populating and pre-allocating filesets
0.024: fileset-1 populated: 75000 files, avg. dir. width = 250, avg. dir. depth = 2.0, 0 leafdirs, 292.969MB total size
0.024: Removing fileset-1 tree (if exists)
0.061: Pre-allocating directories in fileset-1 tree
0.962: Pre-allocating files in fileset-1 tree
1.049: Waiting for pre-allocation to finish (in case of a parallel pre-allocation)
1.049: Population and pre-allocation of filesets completed
2.434: Attempting to create fileset more than once, ignoring
2.435: Starting 1 process-1 instances
5.408: Running...
445.450: Run took 440 seconds...
445.450: Per-Operation Breakdown
finishoncount-1      1ops        0ops/s   0.0mb/s    0.000ms/op [0.000ms - 0.000ms]
createwriteclose-1.closefile-1 75000ops      170ops/s   0.0mb/s    2.771ms/op [0.545ms - 26.650ms]
createwriteclose-1.write-1 75000ops      170ops/s   0.7mb/s    0.880ms/op [0.176ms - 14.525ms]
createwriteclose-1.createfile-1 75000ops      170ops/s   0.0mb/s    2.185ms/op [0.275ms - 45.967ms]
createwriteclose-1   0ops        0ops/s   0.0mb/s    0.000ms/op [0.000ms - 0.000ms]
445.450: IO Summary: 225000 ops 511.315 ops/s 0/170 rd/wr   0.7mb/s 1.945ms/op
445.450: Shutting down processes

Run: #2,wl_name:create-1th-cache_on-30000,wl_path:shared_dir/workloads-filebench/metadata-micro/create-1th.f,fs:lsfs


Filebench Version 1.5-alpha3
0.000: Allocated 177MB of shared memory
0.008: Populating and pre-allocating filesets
0.030: fileset-1 populated: 75000 files, avg. dir. width = 250, avg. dir. depth = 2.0, 0 leafdirs, 292.969MB total size
0.031: Removing fileset-1 tree (if exists)
0.068: Pre-allocating directories in fileset-1 tree
0.952: Pre-allocating files in fileset-1 tree
1.044: Waiting for pre-allocation to finish (in case of a parallel pre-allocation)
1.044: Population and pre-allocation of filesets completed
2.375: Attempting to create fileset more than once, ignoring
2.375: Starting 1 process-1 instances
4.436: Running...
432.476: Run took 428 seconds...
432.476: Per-Operation Breakdown
finishoncount-1      1ops        0ops/s   0.0mb/s    0.000ms/op [0.000ms - 0.000ms]
createwriteclose-1.closefile-1 75000ops      175ops/s   0.0mb/s    2.708ms/op [0.563ms - 34.856ms]
createwriteclose-1.write-1 75000ops      175ops/s   0.7mb/s    0.855ms/op [0.177ms - 12.034ms]
createwriteclose-1.createfile-1 75000ops      175ops/s   0.0mb/s    2.108ms/op [0.272ms - 39.744ms]
createwriteclose-1   0ops        0ops/s   0.0mb/s    0.000ms/op [0.000ms - 0.000ms]
432.476: IO Summary: 225000 ops 525.651 ops/s 0/175 rd/wr   0.7mb/s 1.890ms/op
432.476: Shutting down processes

Run: #3,wl_name:create-1th-cache_on-30000,wl_path:shared_dir/workloads-filebench/metadata-micro/create-1th.f,fs:lsfs


Filebench Version 1.5-alpha3
0.000: Allocated 177MB of shared memory
0.007: Populating and pre-allocating filesets
0.030: fileset-1 populated: 75000 files, avg. dir. width = 250, avg. dir. depth = 2.0, 0 leafdirs, 292.969MB total size
0.031: Removing fileset-1 tree (if exists)
0.067: Pre-allocating directories in fileset-1 tree
1.681: Pre-allocating files in fileset-1 tree
1.806: Waiting for pre-allocation to finish (in case of a parallel pre-allocation)
1.806: Population and pre-allocation of filesets completed
2.738: Attempting to create fileset more than once, ignoring
2.738: Starting 1 process-1 instances
4.714: Running...
458.759: Run took 454 seconds...
458.759: Per-Operation Breakdown
finishoncount-1      1ops        0ops/s   0.0mb/s    0.000ms/op [0.000ms - 0.000ms]
createwriteclose-1.closefile-1 75000ops      165ops/s   0.0mb/s    2.843ms/op [0.555ms - 15.520ms]
createwriteclose-1.write-1 75000ops      165ops/s   0.6mb/s    0.908ms/op [0.182ms - 11.968ms]
createwriteclose-1.createfile-1 75000ops      165ops/s   0.0mb/s    2.269ms/op [0.279ms - 38.966ms]
createwriteclose-1   0ops        0ops/s   0.0mb/s    0.000ms/op [0.000ms - 0.000ms]
458.759: IO Summary: 225000 ops 495.546 ops/s 0/165 rd/wr   0.6mb/s 2.007ms/op
458.759: Shutting down processes
