
Run: #1,wl_name:delete-1th-cache_off,wl_path:shared_dir/workloads-filebench/metadata-micro/delete-1th.f,fs:lsfs


Filebench Version 1.5-alpha3
0.000: Allocated 177MB of shared memory
0.001: Populating and pre-allocating filesets
0.024: fileset1 populated: 75000 files, avg. dir. width = 250, avg. dir. depth = 2.0, 0 leafdirs, 292.969MB total size
0.026: Removing fileset1 tree (if exists)
0.064: Pre-allocating directories in fileset1 tree
5.521: Pre-allocating files in fileset1 tree
926.226: Waiting for pre-allocation to finish (in case of a parallel pre-allocation)
926.226: Population and pre-allocation of filesets completed
926.760: Attempting to create fileset more than once, ignoring
926.760: Starting 1 process1 instances
928.820: Running...
1828.915: Run took 900 seconds...
1828.916: Per-Operation Breakdown
finish1              0ops        0ops/s   0.0mb/s    0.000ms/op [0.000ms - 0.000ms]
delete1              62214ops       69ops/s   0.0mb/s   14.448ms/op [6.341ms - 58.635ms]
1828.916: IO Summary: 62214 ops 69.119 ops/s 0/0 rd/wr   0.0mb/s 14.448ms/op
1828.916: Shutting down processes

Run: #2,wl_name:delete-1th-cache_off,wl_path:shared_dir/workloads-filebench/metadata-micro/delete-1th.f,fs:lsfs


Filebench Version 1.5-alpha3
0.000: Allocated 177MB of shared memory
0.008: Populating and pre-allocating filesets
0.042: fileset1 populated: 75000 files, avg. dir. width = 250, avg. dir. depth = 2.0, 0 leafdirs, 292.969MB total size
0.044: Removing fileset1 tree (if exists)
0.079: Pre-allocating directories in fileset1 tree
2.797: Pre-allocating files in fileset1 tree
942.044: Waiting for pre-allocation to finish (in case of a parallel pre-allocation)
942.044: Population and pre-allocation of filesets completed
942.482: Attempting to create fileset more than once, ignoring
942.482: Starting 1 process1 instances
944.822: Running...
1844.917: Run took 900 seconds...
1844.917: Per-Operation Breakdown
finish1              0ops        0ops/s   0.0mb/s    0.000ms/op [0.000ms - 0.000ms]
delete1              63039ops       70ops/s   0.0mb/s   14.258ms/op [6.357ms - 57.851ms]
1844.917: IO Summary: 63039 ops 70.036 ops/s 0/0 rd/wr   0.0mb/s 14.258ms/op
1844.917: Shutting down processes

Run: #3,wl_name:delete-1th-cache_off,wl_path:shared_dir/workloads-filebench/metadata-micro/delete-1th.f,fs:lsfs


Filebench Version 1.5-alpha3
0.000: Allocated 177MB of shared memory
0.008: Populating and pre-allocating filesets
0.042: fileset1 populated: 75000 files, avg. dir. width = 250, avg. dir. depth = 2.0, 0 leafdirs, 292.969MB total size
0.043: Removing fileset1 tree (if exists)
0.074: Pre-allocating directories in fileset1 tree
2.865: Pre-allocating files in fileset1 tree
940.563: Waiting for pre-allocation to finish (in case of a parallel pre-allocation)
940.563: Population and pre-allocation of filesets completed
941.157: Attempting to create fileset more than once, ignoring
941.157: Starting 1 process1 instances
944.166: Running...
1844.263: Run took 900 seconds...
1844.263: Per-Operation Breakdown
finish1              0ops        0ops/s   0.0mb/s    0.000ms/op [0.000ms - 0.000ms]
delete1              63077ops       70ops/s   0.0mb/s   14.250ms/op [6.199ms - 55.089ms]
1844.263: IO Summary: 63077 ops 70.078 ops/s 0/0 rd/wr   0.0mb/s 14.250ms/op
1844.263: Shutting down processes
