
Run: #1,wl_name:stat-1th-cache_on-1000,wl_path:shared_dir/workloads-filebench/metadata-micro/stat-1th.f,fs:lsfs


Filebench Version 1.5-alpha3
0.000: Allocated 177MB of shared memory
0.001: Populating and pre-allocating filesets
0.023: fileset1 populated: 75000 files, avg. dir. width = 250, avg. dir. depth = 2.0, 0 leafdirs, 292.969MB total size
0.024: Removing fileset1 tree (if exists)
0.055: Pre-allocating directories in fileset1 tree
1.591: Pre-allocating files in fileset1 tree
309.602: Waiting for pre-allocation to finish (in case of a parallel pre-allocation)
309.602: Population and pre-allocation of filesets completed
309.982: Attempting to create fileset more than once, ignoring
309.982: Starting 1 process1 instances
312.919: Running...
1212.979: Run took 900 seconds...
1212.979: Per-Operation Breakdown
stat1                1578491ops     1754ops/s   0.0mb/s    0.567ms/op [0.421ms - 36.599ms]
1212.979: IO Summary: 1578491 ops 1753.763 ops/s 0/0 rd/wr   0.0mb/s 0.567ms/op
1212.979: Shutting down processes

Run: #2,wl_name:stat-1th-cache_on-1000,wl_path:shared_dir/workloads-filebench/metadata-micro/stat-1th.f,fs:lsfs


Filebench Version 1.5-alpha3
0.000: Allocated 177MB of shared memory
0.008: Populating and pre-allocating filesets
0.030: fileset1 populated: 75000 files, avg. dir. width = 250, avg. dir. depth = 2.0, 0 leafdirs, 292.969MB total size
0.031: Removing fileset1 tree (if exists)
0.128: Pre-allocating directories in fileset1 tree
0.927: Pre-allocating files in fileset1 tree
313.261: Waiting for pre-allocation to finish (in case of a parallel pre-allocation)
313.262: Population and pre-allocation of filesets completed
314.497: Attempting to create fileset more than once, ignoring
314.497: Starting 1 process1 instances
316.176: Running...
1216.233: Run took 900 seconds...
1216.233: Per-Operation Breakdown
stat1                1498214ops     1665ops/s   0.0mb/s    0.598ms/op [0.420ms - 49.178ms]
1216.233: IO Summary: 1498214 ops 1664.577 ops/s 0/0 rd/wr   0.0mb/s 0.598ms/op
1216.233: Shutting down processes

Run: #3,wl_name:stat-1th-cache_on-1000,wl_path:shared_dir/workloads-filebench/metadata-micro/stat-1th.f,fs:lsfs


Filebench Version 1.5-alpha3
0.000: Allocated 177MB of shared memory
0.008: Populating and pre-allocating filesets
0.030: fileset1 populated: 75000 files, avg. dir. width = 250, avg. dir. depth = 2.0, 0 leafdirs, 292.969MB total size
0.030: Removing fileset1 tree (if exists)
0.061: Pre-allocating directories in fileset1 tree
0.933: Pre-allocating files in fileset1 tree
311.760: Waiting for pre-allocation to finish (in case of a parallel pre-allocation)
311.760: Population and pre-allocation of filesets completed
312.321: Attempting to create fileset more than once, ignoring
312.322: Starting 1 process1 instances
314.192: Running...
1214.250: Run took 900 seconds...
1214.250: Per-Operation Breakdown
stat1                1452367ops     1614ops/s   0.0mb/s    0.617ms/op [0.422ms - 39.040ms]
1214.250: IO Summary: 1452367 ops 1613.637 ops/s 0/0 rd/wr   0.0mb/s 0.617ms/op
1214.250: Shutting down processes
