
Run: #1,wl_name:seq-write-1th-4k-dynamic-4k,wl_path:shared_dir/workloads-filebench/write-data-micro/seq-write-1th.f,fs:lsfs


Filebench Version 1.5-alpha3
0.000: Allocated 177MB of shared memory
0.001: Populating and pre-allocating filesets
0.002: fileset-1 populated: 1 files, avg. dir. width = 1, avg. dir. depth = -nan, 0 leafdirs, 1024.000MB total size
0.002: Removing fileset-1 tree (if exists)
0.023: Pre-allocating directories in fileset-1 tree
0.029: Pre-allocating files in fileset-1 tree
0.029: Waiting for pre-allocation to finish (in case of a parallel pre-allocation)
0.029: Population and pre-allocation of filesets completed
0.824: Attempting to create fileset more than once, ignoring
0.824: Starting 1 process-1 instances
2.251: Running...
902.319: Run took 900 seconds...
902.319: Per-Operation Breakdown
finish-1             0ops        0ops/s   0.0mb/s    0.000ms/op [0.000ms - 0.000ms]
close-1              0ops        0ops/s   0.0mb/s    0.000ms/op [0.000ms - 0.000ms]
write-1              4207466ops     4675ops/s  18.3mb/s    0.212ms/op [0.105ms - 27.589ms]
create-1             1ops        0ops/s   0.0mb/s   13.567ms/op [13.567ms - 13.567ms]
902.319: IO Summary: 4207467 ops 4674.611 ops/s 0/4675 rd/wr  18.3mb/s 0.212ms/op
902.319: Shutting down processes

Run: #2,wl_name:seq-write-1th-4k-dynamic-4k,wl_path:shared_dir/workloads-filebench/write-data-micro/seq-write-1th.f,fs:lsfs


Filebench Version 1.5-alpha3
0.000: Allocated 177MB of shared memory
0.016: Populating and pre-allocating filesets
0.017: fileset-1 populated: 1 files, avg. dir. width = 1, avg. dir. depth = -nan, 0 leafdirs, 1024.000MB total size
0.018: Removing fileset-1 tree (if exists)
0.033: Pre-allocating directories in fileset-1 tree
0.039: Pre-allocating files in fileset-1 tree
0.039: Waiting for pre-allocation to finish (in case of a parallel pre-allocation)
0.039: Population and pre-allocation of filesets completed
0.800: Attempting to create fileset more than once, ignoring
0.800: Starting 1 process-1 instances
2.311: Running...
902.380: Run took 900 seconds...
902.380: Per-Operation Breakdown
finish-1             0ops        0ops/s   0.0mb/s    0.000ms/op [0.000ms - 0.000ms]
close-1              0ops        0ops/s   0.0mb/s    0.000ms/op [0.000ms - 0.000ms]
write-1              4137137ops     4596ops/s  18.0mb/s    0.216ms/op [0.105ms - 29.984ms]
create-1             1ops        0ops/s   0.0mb/s   14.135ms/op [14.135ms - 14.135ms]
902.380: IO Summary: 4137138 ops 4596.470 ops/s 0/4596 rd/wr  18.0mb/s 0.216ms/op
902.380: Shutting down processes
