
Run: #1,wl_name:create-1th-cache_on-10000000,wl_path:shared_dir/workloads-filebench/metadata-micro/create-1th.f,fs:lsfs


Filebench Version 1.5-alpha3
0.000: Allocated 177MB of shared memory
0.001: Populating and pre-allocating filesets
0.022: fileset-1 populated: 75000 files, avg. dir. width = 250, avg. dir. depth = 2.0, 0 leafdirs, 292.969MB total size
0.023: Removing fileset-1 tree (if exists)
0.026: Pre-allocating directories in fileset-1 tree
1.823: Pre-allocating files in fileset-1 tree
1.906: Waiting for pre-allocation to finish (in case of a parallel pre-allocation)
1.906: Population and pre-allocation of filesets completed
2.045: Attempting to create fileset more than once, ignoring
2.045: Starting 1 process-1 instances
3.062: Running...
425.092: Run took 422 seconds...
425.092: Per-Operation Breakdown
finishoncount-1      1ops        0ops/s   0.0mb/s    0.000ms/op [0.000ms - 0.000ms]
createwriteclose-1.closefile-1 75000ops      178ops/s   0.0mb/s    4.092ms/op [1.571ms - 22.351ms]
createwriteclose-1.write-1 75000ops      178ops/s   0.7mb/s    0.842ms/op [0.334ms - 13.774ms]
createwriteclose-1.createfile-1 75000ops      178ops/s   0.0mb/s    0.685ms/op [0.280ms - 12.723ms]
createwriteclose-1   0ops        0ops/s   0.0mb/s    0.000ms/op [0.000ms - 0.000ms]
425.092: IO Summary: 225000 ops 533.138 ops/s 0/178 rd/wr   0.7mb/s 1.873ms/op
425.092: Shutting down processes

Run: #2,wl_name:create-1th-cache_on-10000000,wl_path:shared_dir/workloads-filebench/metadata-micro/create-1th.f,fs:lsfs


Filebench Version 1.5-alpha3
0.000: Allocated 177MB of shared memory
0.001: Populating and pre-allocating filesets
0.022: fileset-1 populated: 75000 files, avg. dir. width = 250, avg. dir. depth = 2.0, 0 leafdirs, 292.969MB total size
0.024: Removing fileset-1 tree (if exists)
0.028: Pre-allocating directories in fileset-1 tree
1.819: Pre-allocating files in fileset-1 tree
1.905: Waiting for pre-allocation to finish (in case of a parallel pre-allocation)
1.905: Population and pre-allocation of filesets completed
1.961: Attempting to create fileset more than once, ignoring
1.961: Starting 1 process-1 instances
2.975: Running...
428.005: Run took 425 seconds...
428.005: Per-Operation Breakdown
finishoncount-1      1ops        0ops/s   0.0mb/s    0.000ms/op [0.000ms - 0.000ms]
createwriteclose-1.closefile-1 75000ops      176ops/s   0.0mb/s    4.113ms/op [1.426ms - 23.812ms]
createwriteclose-1.write-1 75000ops      176ops/s   0.7mb/s    0.862ms/op [0.327ms - 11.803ms]
createwriteclose-1.createfile-1 75000ops      176ops/s   0.0mb/s    0.683ms/op [0.276ms - 3.209ms]
createwriteclose-1   0ops        0ops/s   0.0mb/s    0.000ms/op [0.000ms - 0.000ms]
428.005: IO Summary: 225000 ops 529.375 ops/s 0/176 rd/wr   0.7mb/s 1.886ms/op
428.005: Shutting down processes

Run: #3,wl_name:create-1th-cache_on-10000000,wl_path:shared_dir/workloads-filebench/metadata-micro/create-1th.f,fs:lsfs


Filebench Version 1.5-alpha3
0.000: Allocated 177MB of shared memory
0.001: Populating and pre-allocating filesets
0.022: fileset-1 populated: 75000 files, avg. dir. width = 250, avg. dir. depth = 2.0, 0 leafdirs, 292.969MB total size
0.023: Removing fileset-1 tree (if exists)
0.027: Pre-allocating directories in fileset-1 tree
1.840: Pre-allocating files in fileset-1 tree
1.924: Waiting for pre-allocation to finish (in case of a parallel pre-allocation)
1.924: Population and pre-allocation of filesets completed
1.980: Attempting to create fileset more than once, ignoring
1.980: Starting 1 process-1 instances
2.993: Running...
429.024: Run took 426 seconds...
429.024: Per-Operation Breakdown
finishoncount-1      1ops        0ops/s   0.0mb/s    0.000ms/op [0.000ms - 0.000ms]
createwriteclose-1.closefile-1 75000ops      176ops/s   0.0mb/s    4.129ms/op [1.413ms - 21.658ms]
createwriteclose-1.write-1 75000ops      176ops/s   0.7mb/s    0.851ms/op [0.316ms - 15.717ms]
createwriteclose-1.createfile-1 75000ops      176ops/s   0.0mb/s    0.683ms/op [0.288ms - 14.995ms]
createwriteclose-1   0ops        0ops/s   0.0mb/s    0.000ms/op [0.000ms - 0.000ms]
429.024: IO Summary: 225000 ops 528.131 ops/s 0/176 rd/wr   0.7mb/s 1.888ms/op
429.024: Shutting down processes
