
Run: #1,wl_name:delete-1th-cache_on-1000,wl_path:shared_dir/workloads-filebench/metadata-micro/delete-1th.f,fs:lsfs


Filebench Version 1.5-alpha3
0.000: Allocated 177MB of shared memory
0.001: Populating and pre-allocating filesets
0.022: fileset1 populated: 75000 files, avg. dir. width = 250, avg. dir. depth = 2.0, 0 leafdirs, 292.969MB total size
0.023: Removing fileset1 tree (if exists)
0.025: Pre-allocating directories in fileset1 tree
1.674: Pre-allocating files in fileset1 tree
369.474: Waiting for pre-allocation to finish (in case of a parallel pre-allocation)
369.474: Population and pre-allocation of filesets completed
369.575: Attempting to create fileset more than once, ignoring
369.575: Starting 1 process1 instances
370.588: Running...
778.617: Run took 408 seconds...
778.617: Per-Operation Breakdown
finish1              1ops        0ops/s   0.0mb/s    0.000ms/op [0.000ms - 0.000ms]
delete1              75000ops      184ops/s   0.0mb/s    5.426ms/op [1.760ms - 683.257ms]
778.617: IO Summary: 75000 ops 183.811 ops/s 0/0 rd/wr   0.0mb/s 5.426ms/op
778.617: Shutting down processes

Run: #2,wl_name:delete-1th-cache_on-1000,wl_path:shared_dir/workloads-filebench/metadata-micro/delete-1th.f,fs:lsfs


Filebench Version 1.5-alpha3
0.000: Allocated 177MB of shared memory
0.001: Populating and pre-allocating filesets
0.022: fileset1 populated: 75000 files, avg. dir. width = 250, avg. dir. depth = 2.0, 0 leafdirs, 292.969MB total size
0.023: Removing fileset1 tree (if exists)
0.026: Pre-allocating directories in fileset1 tree
1.646: Pre-allocating files in fileset1 tree
419.474: Waiting for pre-allocation to finish (in case of a parallel pre-allocation)
419.474: Population and pre-allocation of filesets completed
419.570: Attempting to create fileset more than once, ignoring
419.571: Starting 1 process1 instances
420.585: Running...
824.616: Run took 404 seconds...
824.616: Per-Operation Breakdown
finish1              1ops        0ops/s   0.0mb/s    0.000ms/op [0.000ms - 0.000ms]
delete1              75000ops      186ops/s   0.0mb/s    5.376ms/op [1.757ms - 2009.210ms]
824.616: IO Summary: 75000 ops 185.630 ops/s 0/0 rd/wr   0.0mb/s 5.376ms/op
824.616: Shutting down processes

Run: #3,wl_name:delete-1th-cache_on-1000,wl_path:shared_dir/workloads-filebench/metadata-micro/delete-1th.f,fs:lsfs


Filebench Version 1.5-alpha3
0.000: Allocated 177MB of shared memory
0.001: Populating and pre-allocating filesets
0.022: fileset1 populated: 75000 files, avg. dir. width = 250, avg. dir. depth = 2.0, 0 leafdirs, 292.969MB total size
0.023: Removing fileset1 tree (if exists)
0.025: Pre-allocating directories in fileset1 tree
1.620: Pre-allocating files in fileset1 tree
463.999: Waiting for pre-allocation to finish (in case of a parallel pre-allocation)
463.999: Population and pre-allocation of filesets completed
464.093: Attempting to create fileset more than once, ignoring
464.093: Starting 1 process1 instances
465.110: Running...
884.141: Run took 419 seconds...
884.141: Per-Operation Breakdown
finish1              1ops        0ops/s   0.0mb/s    0.000ms/op [0.000ms - 0.000ms]
delete1              75000ops      179ops/s   0.0mb/s    5.576ms/op [1.744ms - 2009.911ms]
884.141: IO Summary: 75000 ops 178.984 ops/s 0/0 rd/wr   0.0mb/s 5.576ms/op
884.141: Shutting down processes
