
Run: #1,wl_name:delete-1th-cache_off,wl_path:shared_dir/workloads-filebench/metadata-micro/delete-1th.f,fs:lsfs


Filebench Version 1.5-alpha3
0.000: Allocated 177MB of shared memory
0.001: Populating and pre-allocating filesets
0.022: fileset1 populated: 75000 files, avg. dir. width = 250, avg. dir. depth = 2.0, 0 leafdirs, 292.969MB total size
0.024: Removing fileset1 tree (if exists)
0.028: Pre-allocating directories in fileset1 tree
3.236: Pre-allocating files in fileset1 tree
1402.915: Waiting for pre-allocation to finish (in case of a parallel pre-allocation)
1402.915: Population and pre-allocation of filesets completed
1403.326: Attempting to create fileset more than once, ignoring
1403.326: Starting 1 process1 instances
1404.342: Running...
2304.428: Run took 900 seconds...
2304.428: Per-Operation Breakdown
finish1              0ops        0ops/s   0.0mb/s    0.000ms/op [0.000ms - 0.000ms]
delete1              36554ops       41ops/s   0.0mb/s   24.610ms/op [7.210ms - 42.860ms]
2304.428: IO Summary: 36554 ops 40.612 ops/s 0/0 rd/wr   0.0mb/s 24.610ms/op
2304.428: Shutting down processes

Run: #2,wl_name:delete-1th-cache_off,wl_path:shared_dir/workloads-filebench/metadata-micro/delete-1th.f,fs:lsfs


Filebench Version 1.5-alpha3
0.000: Allocated 177MB of shared memory
0.001: Populating and pre-allocating filesets
0.023: fileset1 populated: 75000 files, avg. dir. width = 250, avg. dir. depth = 2.0, 0 leafdirs, 292.969MB total size
0.025: Removing fileset1 tree (if exists)
0.030: Pre-allocating directories in fileset1 tree
6.960: Pre-allocating files in fileset1 tree
1378.090: Waiting for pre-allocation to finish (in case of a parallel pre-allocation)
1378.090: Population and pre-allocation of filesets completed
1378.172: Attempting to create fileset more than once, ignoring
1378.173: Starting 1 process1 instances
1379.188: Running...
2279.274: Run took 900 seconds...
2279.274: Per-Operation Breakdown
finish1              0ops        0ops/s   0.0mb/s    0.000ms/op [0.000ms - 0.000ms]
delete1              37779ops       42ops/s   0.0mb/s   23.813ms/op [6.002ms - 43.325ms]
2279.274: IO Summary: 37779 ops 41.973 ops/s 0/0 rd/wr   0.0mb/s 23.813ms/op
2279.275: Shutting down processes

Run: #3,wl_name:delete-1th-cache_off,wl_path:shared_dir/workloads-filebench/metadata-micro/delete-1th.f,fs:lsfs


Filebench Version 1.5-alpha3
0.000: Allocated 177MB of shared memory
0.001: Populating and pre-allocating filesets
0.023: fileset1 populated: 75000 files, avg. dir. width = 250, avg. dir. depth = 2.0, 0 leafdirs, 292.969MB total size
0.025: Removing fileset1 tree (if exists)
0.029: Pre-allocating directories in fileset1 tree
2.168: Pre-allocating files in fileset1 tree
1363.529: Waiting for pre-allocation to finish (in case of a parallel pre-allocation)
1363.529: Population and pre-allocation of filesets completed
1363.615: Attempting to create fileset more than once, ignoring
1363.615: Starting 1 process1 instances
1364.628: Running...
2264.708: Run took 900 seconds...
2264.708: Per-Operation Breakdown
finish1              0ops        0ops/s   0.0mb/s    0.000ms/op [0.000ms - 0.000ms]
delete1              38503ops       43ops/s   0.0mb/s   23.366ms/op [5.596ms - 46.682ms]
2264.708: IO Summary: 38503 ops 42.777 ops/s 0/0 rd/wr   0.0mb/s 23.366ms/op
2264.708: Shutting down processes
