
Run: #1,wl_name:seq-write-1th-128k-dynamic-4k,wl_path:shared_dir/workloads-filebench/write-data-micro/seq-write-1th.f,fs:lsfs


Filebench Version 1.5-alpha3
0.000: Allocated 177MB of shared memory
0.001: Populating and pre-allocating filesets
0.003: fileset-1 populated: 1 files, avg. dir. width = 1, avg. dir. depth = -nan, 0 leafdirs, 1024.000MB total size
0.004: Removing fileset-1 tree (if exists)
0.038: Pre-allocating directories in fileset-1 tree
0.067: Pre-allocating files in fileset-1 tree
0.067: Waiting for pre-allocation to finish (in case of a parallel pre-allocation)
0.067: Population and pre-allocation of filesets completed
0.967: Attempting to create fileset more than once, ignoring
0.967: Starting 1 process-1 instances
3.675: Running...
903.746: Run took 900 seconds...
903.747: Per-Operation Breakdown
finish-1             0ops        0ops/s   0.0mb/s    0.000ms/op [0.000ms - 0.000ms]
close-1              0ops        0ops/s   0.0mb/s    0.000ms/op [0.000ms - 0.000ms]
write-1              89208ops       99ops/s  12.4mb/s   10.086ms/op [4.803ms - 142.216ms]
create-1             1ops        0ops/s   0.0mb/s   13.941ms/op [13.941ms - 13.941ms]
903.747: IO Summary: 89209 ops 99.113 ops/s 0/99 rd/wr  12.4mb/s 10.086ms/op
903.747: Shutting down processes

Run: #2,wl_name:seq-write-1th-128k-dynamic-4k,wl_path:shared_dir/workloads-filebench/write-data-micro/seq-write-1th.f,fs:lsfs


Filebench Version 1.5-alpha3
0.000: Allocated 177MB of shared memory
0.008: Populating and pre-allocating filesets
0.010: fileset-1 populated: 1 files, avg. dir. width = 1, avg. dir. depth = -nan, 0 leafdirs, 1024.000MB total size
0.011: Removing fileset-1 tree (if exists)
0.046: Pre-allocating directories in fileset-1 tree
0.058: Pre-allocating files in fileset-1 tree
0.058: Waiting for pre-allocation to finish (in case of a parallel pre-allocation)
0.058: Population and pre-allocation of filesets completed
1.189: Attempting to create fileset more than once, ignoring
1.190: Starting 1 process-1 instances
3.231: Running...
903.303: Run took 900 seconds...
903.303: Per-Operation Breakdown
finish-1             0ops        0ops/s   0.0mb/s    0.000ms/op [0.000ms - 0.000ms]
close-1              0ops        0ops/s   0.0mb/s    0.000ms/op [0.000ms - 0.000ms]
write-1              91435ops      102ops/s  12.7mb/s    9.840ms/op [4.824ms - 121.222ms]
create-1             1ops        0ops/s   0.0mb/s   14.349ms/op [14.349ms - 14.349ms]
903.303: IO Summary: 91436 ops 101.587 ops/s 0/102 rd/wr  12.7mb/s 9.840ms/op
903.303: Shutting down processes

Run: #3,wl_name:seq-write-1th-128k-dynamic-4k,wl_path:shared_dir/workloads-filebench/write-data-micro/seq-write-1th.f,fs:lsfs


Filebench Version 1.5-alpha3
0.000: Allocated 177MB of shared memory
0.008: Populating and pre-allocating filesets
0.011: fileset-1 populated: 1 files, avg. dir. width = 1, avg. dir. depth = -nan, 0 leafdirs, 1024.000MB total size
0.012: Removing fileset-1 tree (if exists)
0.047: Pre-allocating directories in fileset-1 tree
0.077: Pre-allocating files in fileset-1 tree
0.077: Waiting for pre-allocation to finish (in case of a parallel pre-allocation)
0.077: Population and pre-allocation of filesets completed
1.830: Attempting to create fileset more than once, ignoring
1.830: Starting 1 process-1 instances
3.627: Running...
903.705: Run took 900 seconds...
903.705: Per-Operation Breakdown
finish-1             0ops        0ops/s   0.0mb/s    0.000ms/op [0.000ms - 0.000ms]
close-1              0ops        0ops/s   0.0mb/s    0.000ms/op [0.000ms - 0.000ms]
write-1              88001ops       98ops/s  12.2mb/s   10.224ms/op [4.728ms - 134.171ms]
create-1             1ops        0ops/s   0.0mb/s   12.766ms/op [12.766ms - 12.766ms]
903.705: IO Summary: 88002 ops 97.772 ops/s 0/98 rd/wr  12.2mb/s 10.224ms/op
903.705: Shutting down processes
