
Run: #1,wl_name:webserver-smart,wl_path:shared_dir/workloads-filebench/macro/webserver.f,fs:lsfs


Filebench Version 1.5-alpha3
0.000: Allocated 177MB of shared memory
0.175: Populating and pre-allocating filesets
0.177: logfiles populated: 1 files, avg. dir. width = 20, avg. dir. depth = 0.0, 0 leafdirs, 0.002MB total size
0.177: Removing logfiles tree (if exists)
0.191: Pre-allocating directories in logfiles tree
0.196: Pre-allocating files in logfiles tree
0.200: bigfileset populated: 1000 files, avg. dir. width = 20, avg. dir. depth = 2.3, 0 leafdirs, 14.760MB total size
0.201: Removing bigfileset tree (if exists)
0.202: Pre-allocating directories in bigfileset tree
0.416: Pre-allocating files in bigfileset tree
12.310: Waiting for pre-allocation to finish (in case of a parallel pre-allocation)
12.310: Population and pre-allocation of filesets completed
12.310: Starting 1 filereader instances
13.316: Running...
913.388: Run took 900 seconds...
913.388: Per-Operation Breakdown
appendlog            18343ops       20ops/s   0.2mb/s    2.802ms/op [0.384ms - 2005.003ms]
closefile10          18342ops       20ops/s   0.0mb/s    0.014ms/op [0.008ms - 1.515ms]
readfile10           18342ops       20ops/s   0.3mb/s    1.822ms/op [0.156ms - 8.247ms]
openfile10           18342ops       20ops/s   0.0mb/s    4.288ms/op [0.474ms - 4007.336ms]
closefile9           18342ops       20ops/s   0.0mb/s    0.014ms/op [0.008ms - 0.120ms]
readfile9            18342ops       20ops/s   0.3mb/s    1.798ms/op [0.153ms - 14.077ms]
openfile9            18342ops       20ops/s   0.0mb/s    2.406ms/op [0.488ms - 4007.585ms]
closefile8           18342ops       20ops/s   0.0mb/s    0.014ms/op [0.009ms - 0.416ms]
readfile8            18342ops       20ops/s   0.3mb/s    1.819ms/op [0.162ms - 8.310ms]
openfile8            18342ops       20ops/s   0.0mb/s    2.061ms/op [0.476ms - 3015.470ms]
closefile7           18342ops       20ops/s   0.0mb/s    0.014ms/op [0.008ms - 0.288ms]
readfile7            18342ops       20ops/s   0.3mb/s    1.959ms/op [0.162ms - 11.241ms]
openfile7            18342ops       20ops/s   0.0mb/s    1.578ms/op [0.482ms - 1989.219ms]
closefile6           18342ops       20ops/s   0.0mb/s    0.014ms/op [0.008ms - 0.168ms]
readfile6            18342ops       20ops/s   0.3mb/s    1.860ms/op [0.156ms - 10.229ms]
openfile6            18343ops       20ops/s   0.0mb/s    2.149ms/op [0.478ms - 4005.611ms]
closefile5           18343ops       20ops/s   0.0mb/s    0.014ms/op [0.009ms - 0.192ms]
readfile5            18343ops       20ops/s   0.3mb/s    1.642ms/op [0.159ms - 16.010ms]
openfile5            18343ops       20ops/s   0.0mb/s    2.821ms/op [0.486ms - 3897.441ms]
closefile4           18343ops       20ops/s   0.0mb/s    0.014ms/op [0.008ms - 0.136ms]
readfile4            18343ops       20ops/s   0.3mb/s    1.799ms/op [0.158ms - 10.316ms]
openfile4            18343ops       20ops/s   0.0mb/s    3.786ms/op [0.475ms - 3980.224ms]
closefile3           18343ops       20ops/s   0.0mb/s    0.014ms/op [0.009ms - 0.236ms]
readfile3            18343ops       20ops/s   0.3mb/s    2.077ms/op [0.165ms - 11.902ms]
openfile3            18343ops       20ops/s   0.0mb/s    3.078ms/op [0.489ms - 4007.442ms]
closefile2           18343ops       20ops/s   0.0mb/s    0.014ms/op [0.009ms - 0.116ms]
readfile2            18343ops       20ops/s   0.3mb/s    1.819ms/op [0.176ms - 8.766ms]
openfile2            18343ops       20ops/s   0.0mb/s    2.466ms/op [0.482ms - 3857.230ms]
closefile1           18343ops       20ops/s   0.0mb/s    0.014ms/op [0.009ms - 0.750ms]
readfile1            18343ops       20ops/s   0.3mb/s    1.770ms/op [0.165ms - 10.319ms]
openfile1            18343ops       20ops/s   0.0mb/s    3.085ms/op [0.485ms - 4007.592ms]
913.388: IO Summary: 568619 ops 631.748 ops/s 204/20 rd/wr   3.2mb/s 1.581ms/op
913.388: Shutting down processes

Run: #2,wl_name:webserver-smart,wl_path:shared_dir/workloads-filebench/macro/webserver.f,fs:lsfs


Filebench Version 1.5-alpha3
0.000: Allocated 177MB of shared memory
0.070: Populating and pre-allocating filesets
0.072: logfiles populated: 1 files, avg. dir. width = 20, avg. dir. depth = 0.0, 0 leafdirs, 0.002MB total size
0.073: Removing logfiles tree (if exists)
0.087: Pre-allocating directories in logfiles tree
0.093: Pre-allocating files in logfiles tree
0.099: bigfileset populated: 1000 files, avg. dir. width = 20, avg. dir. depth = 2.3, 0 leafdirs, 14.760MB total size
0.099: Removing bigfileset tree (if exists)
0.101: Pre-allocating directories in bigfileset tree
0.381: Pre-allocating files in bigfileset tree
7.538: Waiting for pre-allocation to finish (in case of a parallel pre-allocation)
7.538: Population and pre-allocation of filesets completed
7.539: Starting 1 filereader instances
8.543: Running...
908.611: Run took 900 seconds...
908.612: Per-Operation Breakdown
appendlog            18551ops       21ops/s   0.2mb/s    2.759ms/op [0.374ms - 29.826ms]
closefile10          18550ops       21ops/s   0.0mb/s    0.014ms/op [0.009ms - 0.855ms]
readfile10           18550ops       21ops/s   0.3mb/s    1.991ms/op [0.158ms - 8.209ms]
openfile10           18550ops       21ops/s   0.0mb/s    2.952ms/op [0.508ms - 3798.517ms]
closefile9           18550ops       21ops/s   0.0mb/s    0.014ms/op [0.008ms - 0.122ms]
readfile9            18550ops       21ops/s   0.3mb/s    1.938ms/op [0.161ms - 9.909ms]
openfile9            18550ops       21ops/s   0.0mb/s    2.090ms/op [0.483ms - 4002.204ms]
closefile8           18550ops       21ops/s   0.0mb/s    0.014ms/op [0.008ms - 0.392ms]
readfile8            18550ops       21ops/s   0.3mb/s    1.896ms/op [0.157ms - 15.729ms]
openfile8            18550ops       21ops/s   0.0mb/s    2.699ms/op [0.467ms - 4005.973ms]
closefile7           18550ops       21ops/s   0.0mb/s    0.014ms/op [0.008ms - 0.110ms]
readfile7            18550ops       21ops/s   0.3mb/s    2.109ms/op [0.157ms - 21.068ms]
openfile7            18550ops       21ops/s   0.0mb/s    2.038ms/op [0.472ms - 4005.158ms]
closefile6           18550ops       21ops/s   0.0mb/s    0.014ms/op [0.008ms - 0.187ms]
readfile6            18550ops       21ops/s   0.3mb/s    2.013ms/op [0.163ms - 19.535ms]
openfile6            18550ops       21ops/s   0.0mb/s    2.158ms/op [0.489ms - 2970.194ms]
closefile5           18551ops       21ops/s   0.0mb/s    0.014ms/op [0.009ms - 0.296ms]
readfile5            18551ops       21ops/s   0.3mb/s    1.804ms/op [0.165ms - 16.793ms]
openfile5            18551ops       21ops/s   0.0mb/s    3.123ms/op [0.484ms - 3851.929ms]
closefile4           18551ops       21ops/s   0.0mb/s    0.014ms/op [0.008ms - 1.140ms]
readfile4            18551ops       21ops/s   0.3mb/s    1.970ms/op [0.165ms - 10.523ms]
openfile4            18551ops       21ops/s   0.0mb/s    3.324ms/op [0.489ms - 3868.134ms]
closefile3           18551ops       21ops/s   0.0mb/s    0.014ms/op [0.008ms - 0.220ms]
readfile3            18551ops       21ops/s   0.4mb/s    2.206ms/op [0.165ms - 14.789ms]
openfile3            18551ops       21ops/s   0.0mb/s    2.949ms/op [0.481ms - 4002.881ms]
closefile2           18551ops       21ops/s   0.0mb/s    0.014ms/op [0.008ms - 0.167ms]
readfile2            18551ops       21ops/s   0.3mb/s    1.954ms/op [0.166ms - 9.215ms]
openfile2            18551ops       21ops/s   0.0mb/s    2.176ms/op [0.501ms - 1882.236ms]
closefile1           18551ops       21ops/s   0.0mb/s    0.014ms/op [0.009ms - 0.755ms]
readfile1            18551ops       21ops/s   0.3mb/s    1.837ms/op [0.167ms - 11.608ms]
openfile1            18551ops       21ops/s   0.0mb/s    2.346ms/op [0.506ms - 3841.923ms]
908.612: IO Summary: 575066 ops 638.914 ops/s 206/21 rd/wr   3.2mb/s 1.564ms/op
908.612: Shutting down processes

Run: #3,wl_name:webserver-smart,wl_path:shared_dir/workloads-filebench/macro/webserver.f,fs:lsfs


Filebench Version 1.5-alpha3
0.000: Allocated 177MB of shared memory
0.067: Populating and pre-allocating filesets
0.069: logfiles populated: 1 files, avg. dir. width = 20, avg. dir. depth = 0.0, 0 leafdirs, 0.002MB total size
0.069: Removing logfiles tree (if exists)
0.081: Pre-allocating directories in logfiles tree
0.086: Pre-allocating files in logfiles tree
0.090: bigfileset populated: 1000 files, avg. dir. width = 20, avg. dir. depth = 2.3, 0 leafdirs, 14.760MB total size
0.090: Removing bigfileset tree (if exists)
0.091: Pre-allocating directories in bigfileset tree
0.305: Pre-allocating files in bigfileset tree
20.151: Waiting for pre-allocation to finish (in case of a parallel pre-allocation)
20.151: Population and pre-allocation of filesets completed
20.151: Starting 1 filereader instances
21.156: Running...
921.226: Run took 900 seconds...
921.226: Per-Operation Breakdown
appendlog            19570ops       22ops/s   0.2mb/s    2.778ms/op [0.384ms - 2005.512ms]
closefile10          19569ops       22ops/s   0.0mb/s    0.014ms/op [0.009ms - 0.141ms]
readfile10           19569ops       22ops/s   0.3mb/s    1.818ms/op [0.155ms - 8.789ms]
openfile10           19569ops       22ops/s   0.0mb/s    3.466ms/op [0.479ms - 3775.537ms]
closefile9           19569ops       22ops/s   0.0mb/s    0.014ms/op [0.008ms - 0.351ms]
readfile9            19569ops       22ops/s   0.3mb/s    1.751ms/op [0.164ms - 7.582ms]
openfile9            19569ops       22ops/s   0.0mb/s    1.731ms/op [0.491ms - 3962.835ms]
closefile8           19569ops       22ops/s   0.0mb/s    0.014ms/op [0.008ms - 0.727ms]
readfile8            19569ops       22ops/s   0.3mb/s    1.748ms/op [0.157ms - 7.290ms]
openfile8            19569ops       22ops/s   0.0mb/s    2.933ms/op [0.478ms - 3974.837ms]
closefile7           19569ops       22ops/s   0.0mb/s    0.014ms/op [0.008ms - 0.169ms]
readfile7            19569ops       22ops/s   0.3mb/s    1.931ms/op [0.157ms - 9.161ms]
openfile7            19569ops       22ops/s   0.0mb/s    1.463ms/op [0.486ms - 1872.301ms]
closefile6           19569ops       22ops/s   0.0mb/s    0.014ms/op [0.008ms - 1.266ms]
readfile6            19569ops       22ops/s   0.3mb/s    1.804ms/op [0.161ms - 9.724ms]
openfile6            19569ops       22ops/s   0.0mb/s    2.081ms/op [0.487ms - 3713.102ms]
closefile5           19569ops       22ops/s   0.0mb/s    0.014ms/op [0.008ms - 0.187ms]
readfile5            19569ops       22ops/s   0.3mb/s    1.686ms/op [0.162ms - 9.700ms]
openfile5            19569ops       22ops/s   0.0mb/s    2.895ms/op [0.492ms - 3883.646ms]
closefile4           19569ops       22ops/s   0.0mb/s    0.014ms/op [0.009ms - 0.163ms]
readfile4            19569ops       22ops/s   0.3mb/s    1.825ms/op [0.159ms - 12.170ms]
openfile4            19569ops       22ops/s   0.0mb/s    2.734ms/op [0.489ms - 3914.337ms]
closefile3           19569ops       22ops/s   0.0mb/s    0.014ms/op [0.009ms - 0.339ms]
readfile3            19569ops       22ops/s   0.4mb/s    2.032ms/op [0.160ms - 11.063ms]
openfile3            19569ops       22ops/s   0.0mb/s    3.617ms/op [0.479ms - 4002.704ms]
closefile2           19570ops       22ops/s   0.0mb/s    0.014ms/op [0.009ms - 7.798ms]
readfile2            19570ops       22ops/s   0.3mb/s    1.791ms/op [0.165ms - 24.784ms]
openfile2            19570ops       22ops/s   0.0mb/s    1.987ms/op [0.476ms - 3916.515ms]
closefile1           19570ops       22ops/s   0.0mb/s    0.014ms/op [0.009ms - 0.161ms]
readfile1            19570ops       22ops/s   0.3mb/s    1.721ms/op [0.165ms - 9.548ms]
openfile1            19570ops       22ops/s   0.0mb/s    2.012ms/op [0.496ms - 2424.877ms]
921.226: IO Summary: 606646 ops 673.998 ops/s 217/22 rd/wr   3.4mb/s 1.482ms/op
921.227: Shutting down processes
