
Run: #1,wl_name:webserver-anti_entropy-60,wl_path:shared_dir/workloads-filebench/macro/webserver.f,fs:lsfs


Filebench Version 1.5-alpha3
0.000: Allocated 177MB of shared memory
0.065: Populating and pre-allocating filesets
0.066: logfiles populated: 1 files, avg. dir. width = 20, avg. dir. depth = 0.0, 0 leafdirs, 0.002MB total size
0.067: Removing logfiles tree (if exists)
0.080: Pre-allocating directories in logfiles tree
0.085: Pre-allocating files in logfiles tree
0.090: bigfileset populated: 1000 files, avg. dir. width = 20, avg. dir. depth = 2.3, 0 leafdirs, 14.760MB total size
0.090: Removing bigfileset tree (if exists)
0.091: Pre-allocating directories in bigfileset tree
0.299: Pre-allocating files in bigfileset tree
10.356: Waiting for pre-allocation to finish (in case of a parallel pre-allocation)
10.356: Population and pre-allocation of filesets completed
10.356: Starting 1 filereader instances
11.361: Running...
911.433: Run took 900 seconds...
911.434: Per-Operation Breakdown
appendlog            16677ops       19ops/s   0.1mb/s    6.772ms/op [0.001ms - 2047.061ms]
closefile10          16676ops       19ops/s   0.0mb/s    0.014ms/op [0.009ms - 0.083ms]
readfile10           16676ops       19ops/s   0.3mb/s    1.873ms/op [0.158ms - 11.999ms]
openfile10           16676ops       19ops/s   0.0mb/s    3.722ms/op [0.476ms - 3654.483ms]
closefile9           16677ops       19ops/s   0.0mb/s    0.014ms/op [0.009ms - 0.391ms]
readfile9            16677ops       19ops/s   0.3mb/s    1.826ms/op [0.156ms - 11.935ms]
openfile9            16677ops       19ops/s   0.0mb/s    1.504ms/op [0.482ms - 1793.499ms]
closefile8           16677ops       19ops/s   0.0mb/s    0.014ms/op [0.008ms - 0.148ms]
readfile8            16677ops       19ops/s   0.3mb/s    1.798ms/op [0.156ms - 19.108ms]
openfile8            16677ops       19ops/s   0.0mb/s    2.992ms/op [0.487ms - 3914.369ms]
closefile7           16677ops       19ops/s   0.0mb/s    0.014ms/op [0.009ms - 0.554ms]
readfile7            16677ops       19ops/s   0.3mb/s    1.979ms/op [0.157ms - 10.571ms]
openfile7            16677ops       19ops/s   0.0mb/s    1.973ms/op [0.477ms - 5661.951ms]
closefile6           16677ops       19ops/s   0.0mb/s    0.014ms/op [0.008ms - 0.167ms]
readfile6            16677ops       19ops/s   0.3mb/s    1.839ms/op [0.161ms - 17.202ms]
openfile6            16677ops       19ops/s   0.0mb/s    2.458ms/op [0.483ms - 3477.860ms]
closefile5           16677ops       19ops/s   0.0mb/s    0.014ms/op [0.008ms - 0.163ms]
readfile5            16677ops       19ops/s   0.2mb/s    1.719ms/op [0.162ms - 21.005ms]
openfile5            16677ops       19ops/s   0.0mb/s    2.940ms/op [0.486ms - 4007.030ms]
closefile4           16677ops       19ops/s   0.0mb/s    0.014ms/op [0.008ms - 0.112ms]
readfile4            16677ops       19ops/s   0.3mb/s    1.841ms/op [0.161ms - 10.301ms]
openfile4            16677ops       19ops/s   0.0mb/s    3.018ms/op [0.482ms - 3913.776ms]
closefile3           16677ops       19ops/s   0.0mb/s    0.014ms/op [0.008ms - 0.126ms]
readfile3            16677ops       19ops/s   0.3mb/s    2.061ms/op [0.165ms - 17.891ms]
openfile3            16677ops       19ops/s   0.0mb/s    2.936ms/op [0.480ms - 3802.778ms]
closefile2           16677ops       19ops/s   0.0mb/s    0.014ms/op [0.009ms - 0.192ms]
readfile2            16677ops       19ops/s   0.3mb/s    1.834ms/op [0.164ms - 17.652ms]
openfile2            16677ops       19ops/s   0.0mb/s    3.279ms/op [0.488ms - 3925.120ms]
closefile1           16677ops       19ops/s   0.0mb/s    0.014ms/op [0.009ms - 0.201ms]
readfile1            16677ops       19ops/s   0.3mb/s    1.790ms/op [0.166ms - 19.373ms]
openfile1            16677ops       19ops/s   0.0mb/s    3.542ms/op [0.488ms - 4006.062ms]
911.434: IO Summary: 516984 ops 574.380 ops/s 185/19 rd/wr   2.9mb/s 1.737ms/op
911.434: Shutting down processes

Run: #2,wl_name:webserver-anti_entropy-60,wl_path:shared_dir/workloads-filebench/macro/webserver.f,fs:lsfs


Filebench Version 1.5-alpha3
0.000: Allocated 177MB of shared memory
0.061: Populating and pre-allocating filesets
0.063: logfiles populated: 1 files, avg. dir. width = 20, avg. dir. depth = 0.0, 0 leafdirs, 0.002MB total size
0.063: Removing logfiles tree (if exists)
0.077: Pre-allocating directories in logfiles tree
0.084: Pre-allocating files in logfiles tree
0.088: bigfileset populated: 1000 files, avg. dir. width = 20, avg. dir. depth = 2.3, 0 leafdirs, 14.760MB total size
0.088: Removing bigfileset tree (if exists)
0.090: Pre-allocating directories in bigfileset tree
0.371: Pre-allocating files in bigfileset tree
13.240: Waiting for pre-allocation to finish (in case of a parallel pre-allocation)
13.240: Population and pre-allocation of filesets completed
13.240: Starting 1 filereader instances
14.244: Running...
914.317: Run took 900 seconds...
914.317: Per-Operation Breakdown
appendlog            17453ops       19ops/s   0.2mb/s    3.008ms/op [0.372ms - 2013.784ms]
closefile10          17452ops       19ops/s   0.0mb/s    0.014ms/op [0.008ms - 0.908ms]
readfile10           17452ops       19ops/s   0.3mb/s    1.938ms/op [0.156ms - 8.689ms]
openfile10           17452ops       19ops/s   0.0mb/s    3.995ms/op [0.475ms - 3971.619ms]
closefile9           17452ops       19ops/s   0.0mb/s    0.014ms/op [0.008ms - 0.165ms]
readfile9            17452ops       19ops/s   0.3mb/s    1.925ms/op [0.156ms - 8.712ms]
openfile9            17452ops       19ops/s   0.0mb/s    1.911ms/op [0.481ms - 3455.178ms]
closefile8           17452ops       19ops/s   0.0mb/s    0.014ms/op [0.008ms - 0.195ms]
readfile8            17452ops       19ops/s   0.3mb/s    1.950ms/op [0.154ms - 8.449ms]
openfile8            17452ops       19ops/s   0.0mb/s    2.545ms/op [0.487ms - 3875.591ms]
closefile7           17452ops       19ops/s   0.0mb/s    0.014ms/op [0.008ms - 0.143ms]
readfile7            17452ops       19ops/s   0.3mb/s    2.067ms/op [0.162ms - 17.405ms]
openfile7            17452ops       19ops/s   0.0mb/s    1.831ms/op [0.483ms - 3882.405ms]
closefile6           17452ops       19ops/s   0.0mb/s    0.014ms/op [0.008ms - 0.187ms]
readfile6            17452ops       19ops/s   0.3mb/s    1.977ms/op [0.156ms - 10.199ms]
openfile6            17452ops       19ops/s   0.0mb/s    2.140ms/op [0.483ms - 3991.975ms]
closefile5           17452ops       19ops/s   0.0mb/s    0.014ms/op [0.009ms - 0.412ms]
readfile5            17452ops       19ops/s   0.3mb/s    1.791ms/op [0.165ms - 10.463ms]
openfile5            17452ops       19ops/s   0.0mb/s    2.862ms/op [0.496ms - 3999.925ms]
closefile4           17453ops       19ops/s   0.0mb/s    0.014ms/op [0.008ms - 0.272ms]
readfile4            17453ops       19ops/s   0.3mb/s    1.925ms/op [0.156ms - 11.465ms]
openfile4            17453ops       19ops/s   0.0mb/s    4.124ms/op [0.470ms - 3905.360ms]
closefile3           17453ops       19ops/s   0.0mb/s    0.014ms/op [0.008ms - 0.173ms]
readfile3            17453ops       19ops/s   0.3mb/s    2.207ms/op [0.170ms - 21.922ms]
openfile3            17453ops       19ops/s   0.0mb/s    3.493ms/op [0.498ms - 3719.532ms]
closefile2           17453ops       19ops/s   0.0mb/s    0.014ms/op [0.008ms - 0.166ms]
readfile2            17453ops       19ops/s   0.3mb/s    1.935ms/op [0.172ms - 8.775ms]
openfile2            17453ops       19ops/s   0.0mb/s    2.921ms/op [0.471ms - 3817.690ms]
closefile1           17453ops       19ops/s   0.0mb/s    0.014ms/op [0.008ms - 0.746ms]
readfile1            17453ops       19ops/s   0.3mb/s    1.903ms/op [0.162ms - 11.158ms]
openfile1            17453ops       19ops/s   0.0mb/s    2.804ms/op [0.484ms - 3232.186ms]
914.317: IO Summary: 541025 ops 601.091 ops/s 194/19 rd/wr   3.0mb/s 1.658ms/op
914.317: Shutting down processes

Run: #3,wl_name:webserver-anti_entropy-60,wl_path:shared_dir/workloads-filebench/macro/webserver.f,fs:lsfs


Filebench Version 1.5-alpha3
0.000: Allocated 177MB of shared memory
0.080: Populating and pre-allocating filesets
0.082: logfiles populated: 1 files, avg. dir. width = 20, avg. dir. depth = 0.0, 0 leafdirs, 0.002MB total size
0.083: Removing logfiles tree (if exists)
0.096: Pre-allocating directories in logfiles tree
0.101: Pre-allocating files in logfiles tree
0.107: bigfileset populated: 1000 files, avg. dir. width = 20, avg. dir. depth = 2.3, 0 leafdirs, 14.760MB total size
0.107: Removing bigfileset tree (if exists)
0.109: Pre-allocating directories in bigfileset tree
0.319: Pre-allocating files in bigfileset tree
9.676: Waiting for pre-allocation to finish (in case of a parallel pre-allocation)
9.676: Population and pre-allocation of filesets completed
9.676: Starting 1 filereader instances
10.680: Running...
910.750: Run took 900 seconds...
910.750: Per-Operation Breakdown
appendlog            18739ops       21ops/s   0.2mb/s    2.816ms/op [0.388ms - 2022.635ms]
closefile10          18738ops       21ops/s   0.0mb/s    0.014ms/op [0.009ms - 0.168ms]
readfile10           18738ops       21ops/s   0.3mb/s    1.823ms/op [0.156ms - 8.806ms]
openfile10           18738ops       21ops/s   0.0mb/s    3.284ms/op [0.479ms - 3426.943ms]
closefile9           18738ops       21ops/s   0.0mb/s    0.014ms/op [0.009ms - 1.035ms]
readfile9            18738ops       21ops/s   0.3mb/s    1.774ms/op [0.157ms - 7.739ms]
openfile9            18738ops       21ops/s   0.0mb/s    2.129ms/op [0.477ms - 3961.707ms]
closefile8           18738ops       21ops/s   0.0mb/s    0.014ms/op [0.008ms - 0.536ms]
readfile8            18738ops       21ops/s   0.3mb/s    1.755ms/op [0.156ms - 11.036ms]
openfile8            18738ops       21ops/s   0.0mb/s    2.565ms/op [0.483ms - 3622.817ms]
closefile7           18738ops       21ops/s   0.0mb/s    0.014ms/op [0.009ms - 6.914ms]
readfile7            18738ops       21ops/s   0.3mb/s    1.937ms/op [0.155ms - 11.905ms]
openfile7            18738ops       21ops/s   0.0mb/s    1.574ms/op [0.472ms - 1861.056ms]
closefile6           18739ops       21ops/s   0.0mb/s    0.014ms/op [0.008ms - 1.843ms]
readfile6            18739ops       21ops/s   0.3mb/s    1.809ms/op [0.159ms - 10.980ms]
openfile6            18739ops       21ops/s   0.0mb/s    2.471ms/op [0.479ms - 4007.882ms]
closefile5           18739ops       21ops/s   0.0mb/s    0.014ms/op [0.008ms - 0.163ms]
readfile5            18739ops       21ops/s   0.3mb/s    1.676ms/op [0.156ms - 9.753ms]
openfile5            18739ops       21ops/s   0.0mb/s    1.950ms/op [0.487ms - 3744.590ms]
closefile4           18739ops       21ops/s   0.0mb/s    0.014ms/op [0.009ms - 0.219ms]
readfile4            18739ops       21ops/s   0.3mb/s    1.807ms/op [0.159ms - 10.948ms]
openfile4            18739ops       21ops/s   0.0mb/s    3.561ms/op [0.475ms - 3853.357ms]
closefile3           18739ops       21ops/s   0.0mb/s    0.014ms/op [0.008ms - 0.165ms]
readfile3            18739ops       21ops/s   0.4mb/s    2.021ms/op [0.162ms - 15.228ms]
openfile3            18739ops       21ops/s   0.0mb/s    4.086ms/op [0.486ms - 3852.660ms]
closefile2           18739ops       21ops/s   0.0mb/s    0.014ms/op [0.008ms - 0.136ms]
readfile2            18739ops       21ops/s   0.3mb/s    1.793ms/op [0.163ms - 9.222ms]
openfile2            18739ops       21ops/s   0.0mb/s    2.275ms/op [0.473ms - 3891.429ms]
closefile1           18739ops       21ops/s   0.0mb/s    0.014ms/op [0.009ms - 0.234ms]
readfile1            18739ops       21ops/s   0.3mb/s    1.749ms/op [0.161ms - 10.584ms]
openfile1            18739ops       21ops/s   0.0mb/s    2.989ms/op [0.489ms - 3675.660ms]
910.750: IO Summary: 580897 ops 645.391 ops/s 208/21 rd/wr   3.2mb/s 1.548ms/op
910.750: Shutting down processes
