
Run: #1,wl_name:seq-write-1th-64k-dynamic-4k,wl_path:shared_dir/workloads-filebench/write-data-micro/seq-write-1th.f,fs:lsfs


Filebench Version 1.5-alpha3
0.000: Allocated 177MB of shared memory
0.027: Populating and pre-allocating filesets
0.028: fileset-1 populated: 1 files, avg. dir. width = 1, avg. dir. depth = -nan, 0 leafdirs, 1024.000MB total size
0.028: Removing fileset-1 tree (if exists)
0.041: Pre-allocating directories in fileset-1 tree
0.053: Pre-allocating files in fileset-1 tree
0.053: Waiting for pre-allocation to finish (in case of a parallel pre-allocation)
0.053: Population and pre-allocation of filesets completed
0.877: Attempting to create fileset more than once, ignoring
0.877: Starting 1 process-1 instances
2.352: Running...
902.437: Run took 900 seconds...
902.437: Per-Operation Breakdown
finish-1             0ops        0ops/s   0.0mb/s    0.000ms/op [0.000ms - 0.000ms]
close-1              0ops        0ops/s   0.0mb/s    0.000ms/op [0.000ms - 0.000ms]
write-1              112075ops      125ops/s   7.8mb/s    8.026ms/op [1.478ms - 24.636ms]
create-1             1ops        0ops/s   0.0mb/s   13.879ms/op [13.879ms - 13.879ms]
902.437: IO Summary: 112076 ops 124.517 ops/s 0/125 rd/wr   7.8mb/s 8.026ms/op
902.437: Shutting down processes

Run: #2,wl_name:seq-write-1th-64k-dynamic-4k,wl_path:shared_dir/workloads-filebench/write-data-micro/seq-write-1th.f,fs:lsfs



Run: #3,wl_name:seq-write-1th-64k-dynamic-4k,wl_path:shared_dir/workloads-filebench/write-data-micro/seq-write-1th.f,fs:lsfs


Filebench Version 1.5-alpha3
0.000: Allocated 177MB of shared memory
0.008: Populating and pre-allocating filesets
0.009: fileset-1 populated: 1 files, avg. dir. width = 1, avg. dir. depth = -nan, 0 leafdirs, 1024.000MB total size
0.009: Removing fileset-1 tree (if exists)
0.034: Pre-allocating directories in fileset-1 tree
0.061: Pre-allocating files in fileset-1 tree
0.061: Waiting for pre-allocation to finish (in case of a parallel pre-allocation)
0.061: Population and pre-allocation of filesets completed
0.854: Attempting to create fileset more than once, ignoring
0.855: Starting 1 process-1 instances
2.299: Running...
902.383: Run took 900 seconds...
902.383: Per-Operation Breakdown
finish-1             0ops        0ops/s   0.0mb/s    0.000ms/op [0.000ms - 0.000ms]
close-1              0ops        0ops/s   0.0mb/s    0.000ms/op [0.000ms - 0.000ms]
write-1              126431ops      140ops/s   8.8mb/s    7.115ms/op [1.471ms - 22.595ms]
create-1             1ops        0ops/s   0.0mb/s   13.839ms/op [13.839ms - 13.839ms]
902.384: IO Summary: 126432 ops 140.467 ops/s 0/140 rd/wr   8.8mb/s 7.115ms/op
902.384: Shutting down processes
