
Run: #1,wl_name:seq-write-1th-128k-dynamic-4k,wl_path:shared_dir/workloads-filebench/write-data-micro/seq-write-1th.f,fs:lsfs


Filebench Version 1.5-alpha3
0.000: Allocated 177MB of shared memory
0.001: Populating and pre-allocating filesets
0.002: fileset-1 populated: 1 files, avg. dir. width = 1, avg. dir. depth = -nan, 0 leafdirs, 1024.000MB total size
0.003: Removing fileset-1 tree (if exists)
0.021: Pre-allocating directories in fileset-1 tree
0.027: Pre-allocating files in fileset-1 tree
0.027: Waiting for pre-allocation to finish (in case of a parallel pre-allocation)
0.027: Population and pre-allocation of filesets completed
0.861: Attempting to create fileset more than once, ignoring
0.861: Starting 1 process-1 instances
2.381: Running...
902.467: Run took 900 seconds...
902.467: Per-Operation Breakdown
finish-1             0ops        0ops/s   0.0mb/s    0.000ms/op [0.000ms - 0.000ms]
close-1              0ops        0ops/s   0.0mb/s    0.000ms/op [0.000ms - 0.000ms]
write-1              50721ops       56ops/s   7.0mb/s   17.740ms/op [2.958ms - 34.052ms]
create-1             1ops        0ops/s   0.0mb/s   13.676ms/op [13.676ms - 13.676ms]
902.467: IO Summary: 50722 ops 56.352 ops/s 0/56 rd/wr   7.0mb/s 17.740ms/op
902.467: Shutting down processes

Run: #2,wl_name:seq-write-1th-128k-dynamic-4k,wl_path:shared_dir/workloads-filebench/write-data-micro/seq-write-1th.f,fs:lsfs


Filebench Version 1.5-alpha3
0.000: Allocated 177MB of shared memory
0.008: Populating and pre-allocating filesets
0.009: fileset-1 populated: 1 files, avg. dir. width = 1, avg. dir. depth = -nan, 0 leafdirs, 1024.000MB total size
0.009: Removing fileset-1 tree (if exists)
0.027: Pre-allocating directories in fileset-1 tree
0.033: Pre-allocating files in fileset-1 tree
0.033: Waiting for pre-allocation to finish (in case of a parallel pre-allocation)
0.033: Population and pre-allocation of filesets completed
0.833: Attempting to create fileset more than once, ignoring
0.833: Starting 1 process-1 instances
2.339: Running...
902.424: Run took 900 seconds...
902.424: Per-Operation Breakdown
finish-1             0ops        0ops/s   0.0mb/s    0.000ms/op [0.000ms - 0.000ms]
close-1              0ops        0ops/s   0.0mb/s    0.000ms/op [0.000ms - 0.000ms]
write-1              55864ops       62ops/s   7.8mb/s   16.107ms/op [2.951ms - 33.418ms]
create-1             1ops        0ops/s   0.0mb/s   13.893ms/op [13.893ms - 13.893ms]
902.424: IO Summary: 55865 ops 62.066 ops/s 0/62 rd/wr   7.8mb/s 16.107ms/op
902.424: Shutting down processes

Run: #3,wl_name:seq-write-1th-128k-dynamic-4k,wl_path:shared_dir/workloads-filebench/write-data-micro/seq-write-1th.f,fs:lsfs


Filebench Version 1.5-alpha3
0.000: Allocated 177MB of shared memory
0.008: Populating and pre-allocating filesets
0.009: fileset-1 populated: 1 files, avg. dir. width = 1, avg. dir. depth = -nan, 0 leafdirs, 1024.000MB total size
0.009: Removing fileset-1 tree (if exists)
0.035: Pre-allocating directories in fileset-1 tree
0.062: Pre-allocating files in fileset-1 tree
0.062: Waiting for pre-allocation to finish (in case of a parallel pre-allocation)
0.062: Population and pre-allocation of filesets completed
0.879: Attempting to create fileset more than once, ignoring
0.879: Starting 1 process-1 instances
2.317: Running...
902.403: Run took 900 seconds...
902.403: Per-Operation Breakdown
finish-1             0ops        0ops/s   0.0mb/s    0.000ms/op [0.000ms - 0.000ms]
close-1              0ops        0ops/s   0.0mb/s    0.000ms/op [0.000ms - 0.000ms]
write-1              52202ops       58ops/s   7.2mb/s   17.237ms/op [2.944ms - 34.779ms]
create-1             1ops        0ops/s   0.0mb/s   14.126ms/op [14.126ms - 14.126ms]
902.403: IO Summary: 52203 ops 57.998 ops/s 0/58 rd/wr   7.2mb/s 17.237ms/op
902.403: Shutting down processes
