
Run: #1,wl_name:seq-write-1th-4k-dynamic-4k,wl_path:shared_dir/workloads-filebench/write-data-micro/seq-write-1th.f,fs:lsfs


Filebench Version 1.5-alpha3
0.000: Allocated 177MB of shared memory
0.001: Populating and pre-allocating filesets
0.002: fileset-1 populated: 1 files, avg. dir. width = 1, avg. dir. depth = -nan, 0 leafdirs, 1024.000MB total size
0.002: Removing fileset-1 tree (if exists)
0.008: Pre-allocating directories in fileset-1 tree
0.013: Pre-allocating files in fileset-1 tree
0.013: Waiting for pre-allocation to finish (in case of a parallel pre-allocation)
0.013: Population and pre-allocation of filesets completed
0.843: Attempting to create fileset more than once, ignoring
0.843: Starting 1 process-1 instances
2.436: Running...
902.492: Run took 900 seconds...
902.533: Per-Operation Breakdown
finish-1             0ops        0ops/s   0.0mb/s    0.000ms/op [0.000ms - 0.000ms]
close-1              0ops        0ops/s   0.0mb/s    0.000ms/op [0.000ms - 0.000ms]
write-1              6030525ops     6700ops/s  26.2mb/s    0.148ms/op [0.104ms - 36.414ms]
create-1             1ops        0ops/s   0.0mb/s   13.643ms/op [13.643ms - 13.643ms]
902.533: IO Summary: 6030526 ops 6700.163 ops/s 0/6700 rd/wr  26.2mb/s 0.148ms/op
902.533: Shutting down processes

Run: #2,wl_name:seq-write-1th-4k-dynamic-4k,wl_path:shared_dir/workloads-filebench/write-data-micro/seq-write-1th.f,fs:lsfs


Filebench Version 1.5-alpha3
0.000: Allocated 177MB of shared memory
0.017: Populating and pre-allocating filesets
0.018: fileset-1 populated: 1 files, avg. dir. width = 1, avg. dir. depth = -nan, 0 leafdirs, 1024.000MB total size
0.018: Removing fileset-1 tree (if exists)
0.027: Pre-allocating directories in fileset-1 tree
0.033: Pre-allocating files in fileset-1 tree
0.033: Waiting for pre-allocation to finish (in case of a parallel pre-allocation)
0.033: Population and pre-allocation of filesets completed
0.866: Attempting to create fileset more than once, ignoring
0.867: Starting 1 process-1 instances
2.375: Running...
902.432: Run took 900 seconds...
902.460: Per-Operation Breakdown
finish-1             0ops        0ops/s   0.0mb/s    0.000ms/op [0.000ms - 0.000ms]
close-1              0ops        0ops/s   0.0mb/s    0.000ms/op [0.000ms - 0.000ms]
write-1              5914622ops     6571ops/s  25.7mb/s    0.151ms/op [0.105ms - 39.440ms]
create-1             1ops        0ops/s   0.0mb/s   13.960ms/op [13.960ms - 13.960ms]
902.460: IO Summary: 5914623 ops 6571.386 ops/s 0/6571 rd/wr  25.7mb/s 0.151ms/op
902.460: Shutting down processes

Run: #3,wl_name:seq-write-1th-4k-dynamic-4k,wl_path:shared_dir/workloads-filebench/write-data-micro/seq-write-1th.f,fs:lsfs


Filebench Version 1.5-alpha3
0.000: Allocated 177MB of shared memory
0.029: Populating and pre-allocating filesets
0.032: fileset-1 populated: 1 files, avg. dir. width = 1, avg. dir. depth = -nan, 0 leafdirs, 1024.000MB total size
0.034: Removing fileset-1 tree (if exists)
0.048: Pre-allocating directories in fileset-1 tree
0.076: Pre-allocating files in fileset-1 tree
0.076: Waiting for pre-allocation to finish (in case of a parallel pre-allocation)
0.076: Population and pre-allocation of filesets completed
0.817: Attempting to create fileset more than once, ignoring
0.817: Starting 1 process-1 instances
2.497: Running...
902.554: Run took 900 seconds...
902.612: Per-Operation Breakdown
finish-1             0ops        0ops/s   0.0mb/s    0.000ms/op [0.000ms - 0.000ms]
close-1              0ops        0ops/s   0.0mb/s    0.000ms/op [0.000ms - 0.000ms]
write-1              5881840ops     6535ops/s  25.5mb/s    0.152ms/op [0.104ms - 62.807ms]
create-1             1ops        0ops/s   0.0mb/s   13.854ms/op [13.854ms - 13.854ms]
902.612: IO Summary: 5881841 ops 6534.963 ops/s 0/6535 rd/wr  25.5mb/s 0.152ms/op
902.612: Shutting down processes
