
Run: #1,wl_name:seq-write-1th-4k-dynamic-4k,wl_path:shared_dir/workloads-filebench/write-data-micro/seq-write-1th.f,fs:lsfs


Filebench Version 1.5-alpha3
0.000: Allocated 177MB of shared memory
0.018: Populating and pre-allocating filesets
0.021: fileset-1 populated: 1 files, avg. dir. width = 1, avg. dir. depth = -nan, 0 leafdirs, 1024.000MB total size
0.023: Removing fileset-1 tree (if exists)
0.038: Pre-allocating directories in fileset-1 tree
0.065: Pre-allocating files in fileset-1 tree
0.065: Waiting for pre-allocation to finish (in case of a parallel pre-allocation)
0.065: Population and pre-allocation of filesets completed
0.730: Attempting to create fileset more than once, ignoring
0.731: Starting 1 process-1 instances
2.201: Running...
902.259: Run took 900 seconds...
902.278: Per-Operation Breakdown
finish-1             0ops        0ops/s   0.0mb/s    0.000ms/op [0.000ms - 0.000ms]
close-1              0ops        0ops/s   0.0mb/s    0.000ms/op [0.000ms - 0.000ms]
write-1              5674149ops     6304ops/s  24.6mb/s    0.157ms/op [0.106ms - 50.275ms]
create-1             1ops        0ops/s   0.0mb/s   13.641ms/op [13.641ms - 13.641ms]
902.279: IO Summary: 5674150 ops 6304.201 ops/s 0/6304 rd/wr  24.6mb/s 0.157ms/op
902.279: Shutting down processes

Run: #2,wl_name:seq-write-1th-4k-dynamic-4k,wl_path:shared_dir/workloads-filebench/write-data-micro/seq-write-1th.f,fs:lsfs


Filebench Version 1.5-alpha3
0.000: Allocated 177MB of shared memory
0.001: Populating and pre-allocating filesets
0.002: fileset-1 populated: 1 files, avg. dir. width = 1, avg. dir. depth = -nan, 0 leafdirs, 1024.000MB total size
0.002: Removing fileset-1 tree (if exists)
0.021: Pre-allocating directories in fileset-1 tree
0.027: Pre-allocating files in fileset-1 tree
0.027: Waiting for pre-allocation to finish (in case of a parallel pre-allocation)
0.027: Population and pre-allocation of filesets completed
0.670: Attempting to create fileset more than once, ignoring
0.670: Starting 1 process-1 instances
2.075: Running...
902.139: Run took 900 seconds...
902.139: Per-Operation Breakdown
finish-1             0ops        0ops/s   0.0mb/s    0.000ms/op [0.000ms - 0.000ms]
close-1              0ops        0ops/s   0.0mb/s    0.000ms/op [0.000ms - 0.000ms]
write-1              4728831ops     5254ops/s  20.5mb/s    0.189ms/op [0.105ms - 68.780ms]
create-1             1ops        0ops/s   0.0mb/s   13.522ms/op [13.522ms - 13.522ms]
902.139: IO Summary: 4728832 ops 5253.885 ops/s 0/5254 rd/wr  20.5mb/s 0.189ms/op
902.139: Shutting down processes

Run: #3,wl_name:seq-write-1th-4k-dynamic-4k,wl_path:shared_dir/workloads-filebench/write-data-micro/seq-write-1th.f,fs:lsfs


Filebench Version 1.5-alpha3
0.000: Allocated 177MB of shared memory
0.001: Populating and pre-allocating filesets
0.002: fileset-1 populated: 1 files, avg. dir. width = 1, avg. dir. depth = -nan, 0 leafdirs, 1024.000MB total size
0.002: Removing fileset-1 tree (if exists)
0.026: Pre-allocating directories in fileset-1 tree
0.057: Pre-allocating files in fileset-1 tree
0.057: Waiting for pre-allocation to finish (in case of a parallel pre-allocation)
0.057: Population and pre-allocation of filesets completed
0.766: Attempting to create fileset more than once, ignoring
0.767: Starting 1 process-1 instances
2.271: Running...
902.328: Run took 900 seconds...
902.371: Per-Operation Breakdown
finish-1             0ops        0ops/s   0.0mb/s    0.000ms/op [0.000ms - 0.000ms]
close-1              0ops        0ops/s   0.0mb/s    0.000ms/op [0.000ms - 0.000ms]
write-1              5847459ops     6497ops/s  25.4mb/s    0.153ms/op [0.105ms - 55.508ms]
create-1             1ops        0ops/s   0.0mb/s   13.498ms/op [13.498ms - 13.498ms]
902.371: IO Summary: 5847460 ops 6496.764 ops/s 0/6497 rd/wr  25.4mb/s 0.153ms/op
902.371: Shutting down processes
