
Run: #1,wl_name:rand-read-1th-4k,wl_path:workloads-filebench/read-data-micro/rand-read-1th.f,fs:passthrough


Filebench Version 1.5-alpha3
0.000: Allocated 177MB of shared memory
0.001: Populating and pre-allocating filesets
0.001: fileset-1 populated: 1 files, avg. dir. width = 1, avg. dir. depth = -nan, 0 leafdirs, 1024.000MB total size
0.001: Removing fileset-1 tree (if exists)
0.002: Pre-allocating directories in fileset-1 tree
0.003: Pre-allocating files in fileset-1 tree
0.488: Waiting for pre-allocation to finish (in case of a parallel pre-allocation)
0.488: Population and pre-allocation of filesets completed
1.273: Attempting to create fileset more than once, ignoring
1.274: Starting 1 process-1 instances
2.283: Running...
602.327: Run took 600 seconds...
602.327: Per-Operation Breakdown
finish-1             0ops        0ops/s   0.0mb/s    0.000ms/op [0.000ms - 0.000ms]
close-1              0ops        0ops/s   0.0mb/s    0.000ms/op [0.000ms - 0.000ms]
read-1               75976336ops   126618ops/s 494.6mb/s    0.007ms/op [0.005ms - 4.471ms]
open-1               1ops        0ops/s   0.0mb/s    0.803ms/op [0.803ms - 0.803ms]
602.327: IO Summary: 75976337 ops 126618.005 ops/s 126618/0 rd/wr 494.6mb/s 0.007ms/op
602.327: Shutting down processes
