
Run: #1,wl_name:rand-read-1th-4k-dynamic-4k,wl_path:shared_dir/workloads-filebench/read-data-micro/rand-read-1th.f,fs:lsfs


Filebench Version 1.5-alpha3
0.000: Allocated 177MB of shared memory
0.001: Populating and pre-allocating filesets
0.002: fileset-1 populated: 1 files, avg. dir. width = 1, avg. dir. depth = -nan, 0 leafdirs, 1024.000MB total size
0.003: Removing fileset-1 tree (if exists)
0.010: Pre-allocating directories in fileset-1 tree
0.016: Pre-allocating files in fileset-1 tree
83.000: Waiting for pre-allocation to finish (in case of a parallel pre-allocation)
83.000: Population and pre-allocation of filesets completed
83.276: Attempting to create fileset more than once, ignoring
83.276: Starting 1 process-1 instances
84.767: Running...
984.841: Run took 900 seconds...
984.841: Per-Operation Breakdown
finish-1             0ops        0ops/s   0.0mb/s    0.000ms/op [0.000ms - 0.000ms]
close-1              0ops        0ops/s   0.0mb/s    0.000ms/op [0.000ms - 0.000ms]
read-1               3481928ops     3868ops/s  15.1mb/s    0.257ms/op [0.106ms - 8.012ms]
open-1               1ops        0ops/s   0.0mb/s    8.768ms/op [8.768ms - 8.768ms]
984.841: IO Summary: 3481929 ops 3868.493 ops/s 3868/0 rd/wr  15.1mb/s 0.257ms/op
984.841: Shutting down processes

Run: #2,wl_name:rand-read-1th-4k-dynamic-4k,wl_path:shared_dir/workloads-filebench/read-data-micro/rand-read-1th.f,fs:lsfs


Filebench Version 1.5-alpha3
0.000: Allocated 177MB of shared memory
0.008: Populating and pre-allocating filesets
0.009: fileset-1 populated: 1 files, avg. dir. width = 1, avg. dir. depth = -nan, 0 leafdirs, 1024.000MB total size
0.009: Removing fileset-1 tree (if exists)
0.041: Pre-allocating directories in fileset-1 tree
0.047: Pre-allocating files in fileset-1 tree
97.930: Waiting for pre-allocation to finish (in case of a parallel pre-allocation)
97.930: Population and pre-allocation of filesets completed
98.214: Attempting to create fileset more than once, ignoring
98.214: Starting 1 process-1 instances
99.789: Running...
999.865: Run took 900 seconds...
999.865: Per-Operation Breakdown
finish-1             0ops        0ops/s   0.0mb/s    0.000ms/op [0.000ms - 0.000ms]
close-1              0ops        0ops/s   0.0mb/s    0.000ms/op [0.000ms - 0.000ms]
read-1               3322508ops     3691ops/s  14.4mb/s    0.269ms/op [0.105ms - 8.163ms]
open-1               1ops        0ops/s   0.0mb/s    9.084ms/op [9.084ms - 9.084ms]
999.865: IO Summary: 3322509 ops 3691.367 ops/s 3691/0 rd/wr  14.4mb/s 0.269ms/op
999.865: Shutting down processes

Run: #3,wl_name:rand-read-1th-4k-dynamic-4k,wl_path:shared_dir/workloads-filebench/read-data-micro/rand-read-1th.f,fs:lsfs


Filebench Version 1.5-alpha3
0.000: Allocated 177MB of shared memory
0.008: Populating and pre-allocating filesets
0.010: fileset-1 populated: 1 files, avg. dir. width = 1, avg. dir. depth = -nan, 0 leafdirs, 1024.000MB total size
0.011: Removing fileset-1 tree (if exists)
0.048: Pre-allocating directories in fileset-1 tree
0.076: Pre-allocating files in fileset-1 tree
89.987: Waiting for pre-allocation to finish (in case of a parallel pre-allocation)
89.987: Population and pre-allocation of filesets completed
90.224: Attempting to create fileset more than once, ignoring
90.224: Starting 1 process-1 instances
91.717: Running...
991.792: Run took 900 seconds...
991.792: Per-Operation Breakdown
finish-1             0ops        0ops/s   0.0mb/s    0.000ms/op [0.000ms - 0.000ms]
close-1              0ops        0ops/s   0.0mb/s    0.000ms/op [0.000ms - 0.000ms]
read-1               3452707ops     3836ops/s  15.0mb/s    0.259ms/op [0.104ms - 8.279ms]
open-1               1ops        0ops/s   0.0mb/s    9.131ms/op [9.131ms - 9.131ms]
991.792: IO Summary: 3452708 ops 3836.022 ops/s 3836/0 rd/wr  15.0mb/s 0.259ms/op
991.792: Shutting down processes
