
Run: #1,wl_name:seq-read-1th-128k-dynamic-4k,wl_path:shared_dir/workloads-filebench/read-data-micro/seq-read-1th.f,fs:lsfs


Filebench Version 1.5-alpha3
0.000: Allocated 177MB of shared memory
0.001: Populating and pre-allocating filesets
0.002: fileset-1 populated: 1 files, avg. dir. width = 1, avg. dir. depth = -nan, 0 leafdirs, 1024.000MB total size
0.003: Removing fileset-1 tree (if exists)
0.020: Pre-allocating directories in fileset-1 tree
0.047: Pre-allocating files in fileset-1 tree
92.541: Waiting for pre-allocation to finish (in case of a parallel pre-allocation)
92.541: Population and pre-allocation of filesets completed
92.858: Attempting to create fileset more than once, ignoring
92.858: Starting 1 process-1 instances
94.394: Running...
994.483: Run took 900 seconds...
994.484: Per-Operation Breakdown
finish-1             0ops        0ops/s   0.0mb/s    0.000ms/op [0.000ms - 0.000ms]
close-1              0ops        0ops/s   0.0mb/s    0.000ms/op [0.000ms - 0.000ms]
read-1               37036ops       41ops/s   5.1mb/s   24.297ms/op [0.180ms - 47.412ms]
open-1               1ops        0ops/s   0.0mb/s    9.221ms/op [9.221ms - 9.221ms]
994.484: IO Summary: 37037 ops 41.148 ops/s 41/0 rd/wr   5.1mb/s 24.296ms/op
994.484: Shutting down processes

Run: #2,wl_name:seq-read-1th-128k-dynamic-4k,wl_path:shared_dir/workloads-filebench/read-data-micro/seq-read-1th.f,fs:lsfs


Filebench Version 1.5-alpha3
0.000: Allocated 177MB of shared memory
0.008: Populating and pre-allocating filesets
0.008: fileset-1 populated: 1 files, avg. dir. width = 1, avg. dir. depth = -nan, 0 leafdirs, 1024.000MB total size
0.009: Removing fileset-1 tree (if exists)
0.034: Pre-allocating directories in fileset-1 tree
0.062: Pre-allocating files in fileset-1 tree
102.835: Waiting for pre-allocation to finish (in case of a parallel pre-allocation)
102.835: Population and pre-allocation of filesets completed
103.073: Attempting to create fileset more than once, ignoring
103.074: Starting 1 process-1 instances
104.501: Running...
1004.592: Run took 900 seconds...
1004.592: Per-Operation Breakdown
finish-1             0ops        0ops/s   0.0mb/s    0.000ms/op [0.000ms - 0.000ms]
close-1              0ops        0ops/s   0.0mb/s    0.000ms/op [0.000ms - 0.000ms]
read-1               37045ops       41ops/s   5.1mb/s   24.291ms/op [0.179ms - 55.664ms]
open-1               1ops        0ops/s   0.0mb/s    8.914ms/op [8.914ms - 8.914ms]
1004.592: IO Summary: 37046 ops 41.158 ops/s 41/0 rd/wr   5.1mb/s 24.290ms/op
1004.592: Shutting down processes

Run: #3,wl_name:seq-read-1th-128k-dynamic-4k,wl_path:shared_dir/workloads-filebench/read-data-micro/seq-read-1th.f,fs:lsfs


