
Run: #1,wl_name:seq-write-1th-4k-dynamic-4k,wl_path:shared_dir/workloads-filebench/write-data-micro/seq-write-1th.f,fs:lsfs


Filebench Version 1.5-alpha3
0.000: Allocated 177MB of shared memory
0.001: Populating and pre-allocating filesets
0.002: fileset-1 populated: 1 files, avg. dir. width = 1, avg. dir. depth = -nan, 0 leafdirs, 1024.000MB total size
0.002: Removing fileset-1 tree (if exists)
0.035: Pre-allocating directories in fileset-1 tree
0.063: Pre-allocating files in fileset-1 tree
0.063: Waiting for pre-allocation to finish (in case of a parallel pre-allocation)
0.063: Population and pre-allocation of filesets completed
0.748: Attempting to create fileset more than once, ignoring
0.749: Starting 1 process-1 instances
2.280: Running...
902.344: Run took 900 seconds...
902.344: Per-Operation Breakdown
finish-1             0ops        0ops/s   0.0mb/s    0.000ms/op [0.000ms - 0.000ms]
close-1              0ops        0ops/s   0.0mb/s    0.000ms/op [0.000ms - 0.000ms]
write-1              4763490ops     5292ops/s  20.7mb/s    0.188ms/op [0.111ms - 21.660ms]
create-1             1ops        0ops/s   0.0mb/s   13.620ms/op [13.620ms - 13.620ms]
902.344: IO Summary: 4763491 ops 5292.395 ops/s 0/5292 rd/wr  20.7mb/s 0.188ms/op
902.344: Shutting down processes

Run: #2,wl_name:seq-write-1th-4k-dynamic-4k,wl_path:shared_dir/workloads-filebench/write-data-micro/seq-write-1th.f,fs:lsfs


Filebench Version 1.5-alpha3
0.000: Allocated 177MB of shared memory
0.035: Populating and pre-allocating filesets
0.036: fileset-1 populated: 1 files, avg. dir. width = 1, avg. dir. depth = -nan, 0 leafdirs, 1024.000MB total size
0.037: Removing fileset-1 tree (if exists)
0.058: Pre-allocating directories in fileset-1 tree
0.086: Pre-allocating files in fileset-1 tree
0.086: Waiting for pre-allocation to finish (in case of a parallel pre-allocation)
0.086: Population and pre-allocation of filesets completed
0.814: Attempting to create fileset more than once, ignoring
0.814: Starting 1 process-1 instances
2.225: Running...
902.288: Run took 900 seconds...
902.289: Per-Operation Breakdown
finish-1             0ops        0ops/s   0.0mb/s    0.000ms/op [0.000ms - 0.000ms]
close-1              0ops        0ops/s   0.0mb/s    0.000ms/op [0.000ms - 0.000ms]
write-1              4669196ops     5188ops/s  20.3mb/s    0.191ms/op [0.110ms - 20.017ms]
create-1             1ops        0ops/s   0.0mb/s   13.858ms/op [13.858ms - 13.858ms]
902.289: IO Summary: 4669197 ops 5187.632 ops/s 0/5188 rd/wr  20.3mb/s 0.191ms/op
902.289: Shutting down processes

Run: #3,wl_name:seq-write-1th-4k-dynamic-4k,wl_path:shared_dir/workloads-filebench/write-data-micro/seq-write-1th.f,fs:lsfs


