
Run: #1,wl_name:seq-read-1th-32k-dynamic-4k,wl_path:shared_dir/workloads-filebench/read-data-micro/seq-read-1th.f,fs:lsfs


Filebench Version 1.5-alpha3
0.000: Allocated 177MB of shared memory
0.001: Populating and pre-allocating filesets
0.002: fileset-1 populated: 1 files, avg. dir. width = 1, avg. dir. depth = -nan, 0 leafdirs, 1024.000MB total size
0.002: Removing fileset-1 tree (if exists)
0.027: Pre-allocating directories in fileset-1 tree
0.033: Pre-allocating files in fileset-1 tree
104.437: Waiting for pre-allocation to finish (in case of a parallel pre-allocation)
104.437: Population and pre-allocation of filesets completed
104.671: Attempting to create fileset more than once, ignoring
104.671: Starting 1 process-1 instances
106.485: Running...
1006.561: Run took 900 seconds...
1006.561: Per-Operation Breakdown
finish-1             0ops        0ops/s   0.0mb/s    0.000ms/op [0.000ms - 0.000ms]
close-1              0ops        0ops/s   0.0mb/s    0.000ms/op [0.000ms - 0.000ms]
read-1               473076ops      526ops/s  16.4mb/s    1.900ms/op [0.011ms - 22.101ms]
open-1               1ops        0ops/s   0.0mb/s    9.147ms/op [9.147ms - 9.147ms]
1006.561: IO Summary: 473077 ops 525.597 ops/s 526/0 rd/wr  16.4mb/s 1.900ms/op
1006.561: Shutting down processes
