
Run: #1,wl_name:seq-read-1th-64k-dynamic-4k,wl_path:shared_dir/workloads-filebench/read-data-micro/seq-read-1th.f,fs:lsfs


Filebench Version 1.5-alpha3
0.000: Allocated 177MB of shared memory
0.001: Populating and pre-allocating filesets
0.002: fileset-1 populated: 1 files, avg. dir. width = 1, avg. dir. depth = -nan, 0 leafdirs, 1024.000MB total size
0.002: Removing fileset-1 tree (if exists)
0.026: Pre-allocating directories in fileset-1 tree
0.051: Pre-allocating files in fileset-1 tree
145.136: Waiting for pre-allocation to finish (in case of a parallel pre-allocation)
145.136: Population and pre-allocation of filesets completed
145.361: Attempting to create fileset more than once, ignoring
145.362: Starting 1 process-1 instances
146.912: Running...
1046.996: Run took 900 seconds...
1046.996: Per-Operation Breakdown
finish-1             0ops        0ops/s   0.0mb/s    0.000ms/op [0.000ms - 0.000ms]
close-1              0ops        0ops/s   0.0mb/s    0.000ms/op [0.000ms - 0.000ms]
read-1               138494ops      154ops/s   9.6mb/s    6.495ms/op [0.012ms - 29.938ms]
open-1               1ops        0ops/s   0.0mb/s    9.060ms/op [9.060ms - 9.060ms]
1046.996: IO Summary: 138495 ops 153.869 ops/s 154/0 rd/wr   9.6mb/s 6.495ms/op
1046.996: Shutting down processes
