
Run: #1,wl_name:rand-read-1th-4k,wl_path:workloads-filebench/read-data-micro/rand-read-1th.f,fs:passthrough


Filebench Version 1.5-alpha3
0.000: Allocated 177MB of shared memory
0.042: Populating and pre-allocating filesets
0.042: fileset-1 populated: 1 files, avg. dir. width = 1, avg. dir. depth = -nan, 0 leafdirs, 1024.000MB total size
0.042: Removing fileset-1 tree (if exists)
0.055: Pre-allocating directories in fileset-1 tree
0.056: Pre-allocating files in fileset-1 tree
0.695: Waiting for pre-allocation to finish (in case of a parallel pre-allocation)
0.695: Population and pre-allocation of filesets completed
8.418: Attempting to create fileset more than once, ignoring
8.418: Starting 1 process-1 instances
9.973: Running...
910.171: Run took 900 seconds...
910.171: Per-Operation Breakdown
finish-1             0ops        0ops/s   0.0mb/s    0.000ms/op [0.000ms - 0.000ms]
close-1              0ops        0ops/s   0.0mb/s    0.000ms/op [0.000ms - 0.000ms]
read-1               196623ops      218ops/s   0.9mb/s    4.568ms/op [0.014ms - 142.221ms]
open-1               1ops        0ops/s   0.0mb/s    0.879ms/op [0.879ms - 0.879ms]
910.171: IO Summary: 196624 ops 218.423 ops/s 218/0 rd/wr   0.9mb/s 4.568ms/op
910.171: Shutting down processes

Run: #2,wl_name:rand-read-1th-4k,wl_path:workloads-filebench/read-data-micro/rand-read-1th.f,fs:passthrough


Filebench Version 1.5-alpha3
0.000: Allocated 177MB of shared memory
0.001: Populating and pre-allocating filesets
0.001: fileset-1 populated: 1 files, avg. dir. width = 1, avg. dir. depth = -nan, 0 leafdirs, 1024.000MB total size
0.001: Removing fileset-1 tree (if exists)
0.026: Pre-allocating directories in fileset-1 tree
0.026: Pre-allocating files in fileset-1 tree
0.657: Waiting for pre-allocation to finish (in case of a parallel pre-allocation)
0.657: Population and pre-allocation of filesets completed
8.454: Attempting to create fileset more than once, ignoring
8.454: Starting 1 process-1 instances
9.794: Running...
909.991: Run took 900 seconds...
909.991: Per-Operation Breakdown
finish-1             0ops        0ops/s   0.0mb/s    0.000ms/op [0.000ms - 0.000ms]
close-1              0ops        0ops/s   0.0mb/s    0.000ms/op [0.000ms - 0.000ms]
read-1               196957ops      219ops/s   0.9mb/s    4.561ms/op [0.009ms - 127.269ms]
open-1               1ops        0ops/s   0.0mb/s    0.889ms/op [0.889ms - 0.889ms]
909.991: IO Summary: 196958 ops 218.794 ops/s 219/0 rd/wr   0.9mb/s 4.561ms/op
909.991: Shutting down processes

Run: #3,wl_name:rand-read-1th-4k,wl_path:workloads-filebench/read-data-micro/rand-read-1th.f,fs:passthrough


Filebench Version 1.5-alpha3
0.000: Allocated 177MB of shared memory
0.011: Populating and pre-allocating filesets
0.011: fileset-1 populated: 1 files, avg. dir. width = 1, avg. dir. depth = -nan, 0 leafdirs, 1024.000MB total size
0.011: Removing fileset-1 tree (if exists)
0.029: Pre-allocating directories in fileset-1 tree
0.030: Pre-allocating files in fileset-1 tree
0.542: Waiting for pre-allocation to finish (in case of a parallel pre-allocation)
0.542: Population and pre-allocation of filesets completed
8.401: Attempting to create fileset more than once, ignoring
8.401: Starting 1 process-1 instances
9.730: Running...
909.996: Run took 900 seconds...
909.996: Per-Operation Breakdown
finish-1             0ops        0ops/s   0.0mb/s    0.000ms/op [0.000ms - 0.000ms]
close-1              0ops        0ops/s   0.0mb/s    0.000ms/op [0.000ms - 0.000ms]
read-1               81292ops       90ops/s   0.4mb/s   11.063ms/op [0.011ms - 169.759ms]
open-1               1ops        0ops/s   0.0mb/s    1.149ms/op [1.149ms - 1.149ms]
909.996: IO Summary: 81293 ops 90.299 ops/s 90/0 rd/wr   0.4mb/s 11.063ms/op
909.996: Shutting down processes
