
Run: #1,wl_name:seq-read-1th-128k,wl_path:workloads-filebench/read-data-micro/seq-read-1th.f,fs:passthrough


Filebench Version 1.5-alpha3
0.000: Allocated 177MB of shared memory
0.001: Populating and pre-allocating filesets
0.001: fileset-1 populated: 1 files, avg. dir. width = 1, avg. dir. depth = -nan, 0 leafdirs, 1024.000MB total size
0.001: Removing fileset-1 tree (if exists)
0.019: Pre-allocating directories in fileset-1 tree
0.019: Pre-allocating files in fileset-1 tree
0.495: Waiting for pre-allocation to finish (in case of a parallel pre-allocation)
0.495: Population and pre-allocation of filesets completed
8.361: Attempting to create fileset more than once, ignoring
8.361: Starting 1 process-1 instances
9.754: Running...
909.818: Run took 900 seconds...
909.818: Per-Operation Breakdown
finish-1             0ops        0ops/s   0.0mb/s    0.000ms/op [0.000ms - 0.000ms]
close-1              0ops        0ops/s   0.0mb/s    0.000ms/op [0.000ms - 0.000ms]
read-1               105207927ops   116889ops/s 456.6mb/s    0.008ms/op [0.005ms - 35.481ms]
open-1               1ops        0ops/s   0.0mb/s    0.748ms/op [0.748ms - 0.748ms]
909.818: IO Summary: 105207928 ops 116889.308 ops/s 116889/0 rd/wr 456.6mb/s 0.008ms/op
909.818: Shutting down processes

Run: #2,wl_name:seq-read-1th-128k,wl_path:workloads-filebench/read-data-micro/seq-read-1th.f,fs:passthrough


Filebench Version 1.5-alpha3
0.000: Allocated 177MB of shared memory
0.001: Populating and pre-allocating filesets
0.001: fileset-1 populated: 1 files, avg. dir. width = 1, avg. dir. depth = -nan, 0 leafdirs, 1024.000MB total size
0.001: Removing fileset-1 tree (if exists)
0.024: Pre-allocating directories in fileset-1 tree
0.025: Pre-allocating files in fileset-1 tree
0.759: Waiting for pre-allocation to finish (in case of a parallel pre-allocation)
0.759: Population and pre-allocation of filesets completed
8.545: Attempting to create fileset more than once, ignoring
8.545: Starting 1 process-1 instances
9.941: Running...
910.006: Run took 900 seconds...
910.006: Per-Operation Breakdown
finish-1             0ops        0ops/s   0.0mb/s    0.000ms/op [0.000ms - 0.000ms]
close-1              0ops        0ops/s   0.0mb/s    0.000ms/op [0.000ms - 0.000ms]
read-1               104992655ops   116650ops/s 455.7mb/s    0.008ms/op [0.005ms - 21.896ms]
open-1               1ops        0ops/s   0.0mb/s    0.884ms/op [0.884ms - 0.884ms]
910.006: IO Summary: 104992656 ops 116650.133 ops/s 116650/0 rd/wr 455.7mb/s 0.008ms/op
910.006: Shutting down processes

Run: #3,wl_name:seq-read-1th-128k,wl_path:workloads-filebench/read-data-micro/seq-read-1th.f,fs:passthrough


Filebench Version 1.5-alpha3
0.000: Allocated 177MB of shared memory
0.001: Populating and pre-allocating filesets
0.001: fileset-1 populated: 1 files, avg. dir. width = 1, avg. dir. depth = -nan, 0 leafdirs, 1024.000MB total size
0.001: Removing fileset-1 tree (if exists)
0.011: Pre-allocating directories in fileset-1 tree
0.012: Pre-allocating files in fileset-1 tree
0.535: Waiting for pre-allocation to finish (in case of a parallel pre-allocation)
0.535: Population and pre-allocation of filesets completed
10.274: Attempting to create fileset more than once, ignoring
10.275: Starting 1 process-1 instances
11.588: Running...
911.654: Run took 900 seconds...
911.654: Per-Operation Breakdown
finish-1             0ops        0ops/s   0.0mb/s    0.000ms/op [0.000ms - 0.000ms]
close-1              0ops        0ops/s   0.0mb/s    0.000ms/op [0.000ms - 0.000ms]
read-1               106126189ops   117909ops/s 460.6mb/s    0.008ms/op [0.005ms - 95.574ms]
open-1               1ops        0ops/s   0.0mb/s    0.853ms/op [0.853ms - 0.853ms]
911.654: IO Summary: 106126190 ops 117909.377 ops/s 117909/0 rd/wr 460.6mb/s 0.008ms/op
911.654: Shutting down processes
