
Run: #1,wl_name:rand-read-1th-128k,wl_path:workloads-filebench/read-data-micro/rand-read-1th.f,fs:passthrough


Filebench Version 1.5-alpha3
0.000: Allocated 177MB of shared memory
0.001: Populating and pre-allocating filesets
0.001: fileset-1 populated: 1 files, avg. dir. width = 1, avg. dir. depth = -nan, 0 leafdirs, 1024.000MB total size
0.001: Removing fileset-1 tree (if exists)
0.026: Pre-allocating directories in fileset-1 tree
0.027: Pre-allocating files in fileset-1 tree
0.490: Waiting for pre-allocation to finish (in case of a parallel pre-allocation)
0.490: Population and pre-allocation of filesets completed
8.297: Attempting to create fileset more than once, ignoring
8.297: Starting 1 process-1 instances
9.678: Running...
909.874: Run took 900 seconds...
909.875: Per-Operation Breakdown
finish-1             0ops        0ops/s   0.0mb/s    0.000ms/op [0.000ms - 0.000ms]
close-1              0ops        0ops/s   0.0mb/s    0.000ms/op [0.000ms - 0.000ms]
read-1               199882ops      222ops/s   0.9mb/s    4.494ms/op [0.012ms - 126.582ms]
open-1               1ops        0ops/s   0.0mb/s    1.385ms/op [1.385ms - 1.385ms]
909.875: IO Summary: 199883 ops 222.044 ops/s 222/0 rd/wr   0.9mb/s 4.494ms/op
909.875: Shutting down processes

Run: #2,wl_name:rand-read-1th-128k,wl_path:workloads-filebench/read-data-micro/rand-read-1th.f,fs:passthrough


Filebench Version 1.5-alpha3
0.000: Allocated 177MB of shared memory
0.001: Populating and pre-allocating filesets
0.001: fileset-1 populated: 1 files, avg. dir. width = 1, avg. dir. depth = -nan, 0 leafdirs, 1024.000MB total size
0.001: Removing fileset-1 tree (if exists)
0.013: Pre-allocating directories in fileset-1 tree
0.014: Pre-allocating files in fileset-1 tree
0.506: Waiting for pre-allocation to finish (in case of a parallel pre-allocation)
0.506: Population and pre-allocation of filesets completed
8.425: Attempting to create fileset more than once, ignoring
8.425: Starting 1 process-1 instances
9.740: Running...
909.935: Run took 900 seconds...
909.935: Per-Operation Breakdown
finish-1             0ops        0ops/s   0.0mb/s    0.000ms/op [0.000ms - 0.000ms]
close-1              0ops        0ops/s   0.0mb/s    0.000ms/op [0.000ms - 0.000ms]
read-1               192957ops      214ops/s   0.8mb/s    4.655ms/op [0.007ms - 128.925ms]
open-1               1ops        0ops/s   0.0mb/s    1.183ms/op [1.183ms - 1.183ms]
909.935: IO Summary: 192958 ops 214.351 ops/s 214/0 rd/wr   0.8mb/s 4.655ms/op
909.935: Shutting down processes

Run: #3,wl_name:rand-read-1th-128k,wl_path:workloads-filebench/read-data-micro/rand-read-1th.f,fs:passthrough


Filebench Version 1.5-alpha3
0.000: Allocated 177MB of shared memory
0.001: Populating and pre-allocating filesets
0.001: fileset-1 populated: 1 files, avg. dir. width = 1, avg. dir. depth = -nan, 0 leafdirs, 1024.000MB total size
0.001: Removing fileset-1 tree (if exists)
0.017: Pre-allocating directories in fileset-1 tree
0.017: Pre-allocating files in fileset-1 tree
0.783: Waiting for pre-allocation to finish (in case of a parallel pre-allocation)
0.783: Population and pre-allocation of filesets completed
8.711: Attempting to create fileset more than once, ignoring
8.712: Starting 1 process-1 instances
10.077: Running...
910.278: Run took 900 seconds...
910.278: Per-Operation Breakdown
finish-1             0ops        0ops/s   0.0mb/s    0.000ms/op [0.000ms - 0.000ms]
close-1              0ops        0ops/s   0.0mb/s    0.000ms/op [0.000ms - 0.000ms]
read-1               200183ops      222ops/s   0.9mb/s    4.487ms/op [0.011ms - 144.074ms]
open-1               1ops        0ops/s   0.0mb/s    0.915ms/op [0.915ms - 0.915ms]
910.278: IO Summary: 200184 ops 222.377 ops/s 222/0 rd/wr   0.9mb/s 4.487ms/op
910.278: Shutting down processes
