
Run: #1,wl_name:seq-write-1th-128k-dynamic-4k,wl_path:shared_dir/workloads-filebench/write-data-micro/seq-write-1th.f,fs:lsfs


Filebench Version 1.5-alpha3
0.000: Allocated 177MB of shared memory
0.001: Populating and pre-allocating filesets
0.003: fileset-1 populated: 1 files, avg. dir. width = 1, avg. dir. depth = -nan, 0 leafdirs, 1024.000MB total size
0.004: Removing fileset-1 tree (if exists)
0.039: Pre-allocating directories in fileset-1 tree
0.068: Pre-allocating files in fileset-1 tree
0.068: Waiting for pre-allocation to finish (in case of a parallel pre-allocation)
0.068: Population and pre-allocation of filesets completed
1.258: Attempting to create fileset more than once, ignoring
1.258: Starting 1 process-1 instances
3.055: Running...
903.127: Run took 900 seconds...
903.127: Per-Operation Breakdown
finish-1             0ops        0ops/s   0.0mb/s    0.000ms/op [0.000ms - 0.000ms]
close-1              0ops        0ops/s   0.0mb/s    0.000ms/op [0.000ms - 0.000ms]
write-1              94330ops      105ops/s  13.1mb/s    9.539ms/op [4.754ms - 67.440ms]
create-1             1ops        0ops/s   0.0mb/s   13.643ms/op [13.643ms - 13.643ms]
903.127: IO Summary: 94331 ops 104.804 ops/s 0/105 rd/wr  13.1mb/s 9.539ms/op
903.127: Shutting down processes

Run: #2,wl_name:seq-write-1th-128k-dynamic-4k,wl_path:shared_dir/workloads-filebench/write-data-micro/seq-write-1th.f,fs:lsfs


Filebench Version 1.5-alpha3
0.000: Allocated 177MB of shared memory
0.007: Populating and pre-allocating filesets
0.009: fileset-1 populated: 1 files, avg. dir. width = 1, avg. dir. depth = -nan, 0 leafdirs, 1024.000MB total size
0.011: Removing fileset-1 tree (if exists)
0.043: Pre-allocating directories in fileset-1 tree
0.060: Pre-allocating files in fileset-1 tree
0.060: Waiting for pre-allocation to finish (in case of a parallel pre-allocation)
0.060: Population and pre-allocation of filesets completed
1.548: Attempting to create fileset more than once, ignoring
1.548: Starting 1 process-1 instances
3.521: Running...
903.583: Run took 900 seconds...
903.583: Per-Operation Breakdown
finish-1             0ops        0ops/s   0.0mb/s    0.000ms/op [0.000ms - 0.000ms]
close-1              0ops        0ops/s   0.0mb/s    0.000ms/op [0.000ms - 0.000ms]
write-1              95348ops      106ops/s  13.2mb/s    9.437ms/op [4.698ms - 52.559ms]
create-1             1ops        0ops/s   0.0mb/s   13.943ms/op [13.943ms - 13.943ms]
903.583: IO Summary: 95349 ops 105.936 ops/s 0/106 rd/wr  13.2mb/s 9.437ms/op
903.583: Shutting down processes

Run: #3,wl_name:seq-write-1th-128k-dynamic-4k,wl_path:shared_dir/workloads-filebench/write-data-micro/seq-write-1th.f,fs:lsfs


Filebench Version 1.5-alpha3
0.000: Allocated 177MB of shared memory
0.008: Populating and pre-allocating filesets
0.009: fileset-1 populated: 1 files, avg. dir. width = 1, avg. dir. depth = -nan, 0 leafdirs, 1024.000MB total size
0.011: Removing fileset-1 tree (if exists)
0.047: Pre-allocating directories in fileset-1 tree
0.075: Pre-allocating files in fileset-1 tree
0.075: Waiting for pre-allocation to finish (in case of a parallel pre-allocation)
0.075: Population and pre-allocation of filesets completed
1.788: Attempting to create fileset more than once, ignoring
1.788: Starting 1 process-1 instances
3.371: Running...
903.436: Run took 900 seconds...
903.436: Per-Operation Breakdown
finish-1             0ops        0ops/s   0.0mb/s    0.000ms/op [0.000ms - 0.000ms]
close-1              0ops        0ops/s   0.0mb/s    0.000ms/op [0.000ms - 0.000ms]
write-1              91753ops      102ops/s  12.7mb/s    9.807ms/op [4.745ms - 69.456ms]
create-1             1ops        0ops/s   0.0mb/s   14.619ms/op [14.619ms - 14.619ms]
903.436: IO Summary: 91754 ops 101.942 ops/s 0/102 rd/wr  12.7mb/s 9.807ms/op
903.436: Shutting down processes
