
Run: #1,wl_name:seq-write-1th-128k-smart-96k,wl_path:shared_dir/workloads-filebench/write-data-micro/seq-write-1th.f,fs:lsfs


Filebench Version 1.5-alpha3
0.000: Allocated 177MB of shared memory
0.002: Populating and pre-allocating filesets
0.003: fileset-1 populated: 1 files, avg. dir. width = 1, avg. dir. depth = -nan, 0 leafdirs, 1024.000MB total size
0.004: Removing fileset-1 tree (if exists)
0.007: Pre-allocating directories in fileset-1 tree
0.013: Pre-allocating files in fileset-1 tree
0.013: Waiting for pre-allocation to finish (in case of a parallel pre-allocation)
0.013: Population and pre-allocation of filesets completed
0.256: Attempting to create fileset more than once, ignoring
0.256: Starting 1 process-1 instances
1.267: Running...
901.325: Run took 900 seconds...
901.325: Per-Operation Breakdown
finish-1             0ops        0ops/s   0.0mb/s    0.000ms/op [0.000ms - 0.000ms]
close-1              0ops        0ops/s   0.0mb/s    0.000ms/op [0.000ms - 0.000ms]
write-1              409607ops      455ops/s  56.9mb/s    2.196ms/op [1.551ms - 2006.909ms]
create-1             1ops        0ops/s   0.0mb/s    3.555ms/op [3.555ms - 3.555ms]
901.325: IO Summary: 409608 ops 455.091 ops/s 0/455 rd/wr  56.9mb/s 2.196ms/op
901.325: Shutting down processes

Run: #2,wl_name:seq-write-1th-128k-smart-96k,wl_path:shared_dir/workloads-filebench/write-data-micro/seq-write-1th.f,fs:lsfs


Filebench Version 1.5-alpha3
0.000: Allocated 177MB of shared memory
0.001: Populating and pre-allocating filesets
0.002: fileset-1 populated: 1 files, avg. dir. width = 1, avg. dir. depth = -nan, 0 leafdirs, 1024.000MB total size
0.002: Removing fileset-1 tree (if exists)
0.004: Pre-allocating directories in fileset-1 tree
0.006: Pre-allocating files in fileset-1 tree
0.006: Waiting for pre-allocation to finish (in case of a parallel pre-allocation)
0.006: Population and pre-allocation of filesets completed
0.166: Attempting to create fileset more than once, ignoring
0.167: Starting 1 process-1 instances
1.256: Running...
901.309: Run took 900 seconds...
901.309: Per-Operation Breakdown
finish-1             0ops        0ops/s   0.0mb/s    0.000ms/op [0.000ms - 0.000ms]
close-1              0ops        0ops/s   0.0mb/s    0.000ms/op [0.000ms - 0.000ms]
write-1              409205ops      455ops/s  56.8mb/s    2.198ms/op [1.560ms - 2006.495ms]
create-1             1ops        0ops/s   0.0mb/s    3.202ms/op [3.202ms - 3.202ms]
901.309: IO Summary: 409206 ops 454.647 ops/s 0/455 rd/wr  56.8mb/s 2.198ms/op
901.309: Shutting down processes

Run: #3,wl_name:seq-write-1th-128k-smart-96k,wl_path:shared_dir/workloads-filebench/write-data-micro/seq-write-1th.f,fs:lsfs


Filebench Version 1.5-alpha3
0.000: Allocated 177MB of shared memory
0.002: Populating and pre-allocating filesets
0.003: fileset-1 populated: 1 files, avg. dir. width = 1, avg. dir. depth = -nan, 0 leafdirs, 1024.000MB total size
0.003: Removing fileset-1 tree (if exists)
0.005: Pre-allocating directories in fileset-1 tree
0.008: Pre-allocating files in fileset-1 tree
0.008: Waiting for pre-allocation to finish (in case of a parallel pre-allocation)
0.008: Population and pre-allocation of filesets completed
0.294: Attempting to create fileset more than once, ignoring
0.294: Starting 1 process-1 instances
1.307: Running...
901.360: Run took 900 seconds...
901.360: Per-Operation Breakdown
finish-1             0ops        0ops/s   0.0mb/s    0.000ms/op [0.000ms - 0.000ms]
close-1              0ops        0ops/s   0.0mb/s    0.000ms/op [0.000ms - 0.000ms]
write-1              396139ops      440ops/s  55.0mb/s    2.270ms/op [1.600ms - 2008.190ms]
create-1             1ops        0ops/s   0.0mb/s    3.692ms/op [3.692ms - 3.692ms]
901.360: IO Summary: 396140 ops 440.130 ops/s 0/440 rd/wr  55.0mb/s 2.270ms/op
901.360: Shutting down processes
