
Run: #1,wl_name:seq-write-1th-128k-smart-4k,wl_path:shared_dir/workloads-filebench/write-data-micro/seq-write-1th.f,fs:lsfs


Filebench Version 1.5-alpha3
0.000: Allocated 177MB of shared memory
0.001: Populating and pre-allocating filesets
0.002: fileset-1 populated: 1 files, avg. dir. width = 1, avg. dir. depth = -nan, 0 leafdirs, 1024.000MB total size
0.002: Removing fileset-1 tree (if exists)
0.004: Pre-allocating directories in fileset-1 tree
0.006: Pre-allocating files in fileset-1 tree
0.006: Waiting for pre-allocation to finish (in case of a parallel pre-allocation)
0.006: Population and pre-allocation of filesets completed
0.085: Attempting to create fileset more than once, ignoring
0.085: Starting 1 process-1 instances
1.099: Running...
901.153: Run took 900 seconds...
901.153: Per-Operation Breakdown
finish-1             0ops        0ops/s   0.0mb/s    0.000ms/op [0.000ms - 0.000ms]
close-1              0ops        0ops/s   0.0mb/s    0.000ms/op [0.000ms - 0.000ms]
write-1              70191ops       78ops/s   9.7mb/s   12.821ms/op [5.265ms - 42.238ms]
create-1             1ops        0ops/s   0.0mb/s    3.332ms/op [3.332ms - 3.332ms]
901.153: IO Summary: 70192 ops 77.986 ops/s 0/78 rd/wr   9.7mb/s 12.821ms/op
901.153: Shutting down processes

Run: #2,wl_name:seq-write-1th-128k-smart-4k,wl_path:shared_dir/workloads-filebench/write-data-micro/seq-write-1th.f,fs:lsfs


Filebench Version 1.5-alpha3
0.000: Allocated 177MB of shared memory
0.001: Populating and pre-allocating filesets
0.002: fileset-1 populated: 1 files, avg. dir. width = 1, avg. dir. depth = -nan, 0 leafdirs, 1024.000MB total size
0.003: Removing fileset-1 tree (if exists)
0.006: Pre-allocating directories in fileset-1 tree
0.013: Pre-allocating files in fileset-1 tree
0.013: Waiting for pre-allocation to finish (in case of a parallel pre-allocation)
0.013: Population and pre-allocation of filesets completed
0.332: Attempting to create fileset more than once, ignoring
0.333: Starting 1 process-1 instances
1.346: Running...
901.400: Run took 900 seconds...
901.400: Per-Operation Breakdown
finish-1             0ops        0ops/s   0.0mb/s    0.000ms/op [0.000ms - 0.000ms]
close-1              0ops        0ops/s   0.0mb/s    0.000ms/op [0.000ms - 0.000ms]
write-1              73506ops       82ops/s  10.2mb/s   12.243ms/op [5.387ms - 36.344ms]
create-1             1ops        0ops/s   0.0mb/s    3.837ms/op [3.837ms - 3.837ms]
901.400: IO Summary: 73507 ops 81.670 ops/s 0/82 rd/wr  10.2mb/s 12.243ms/op
901.400: Shutting down processes

Run: #3,wl_name:seq-write-1th-128k-smart-4k,wl_path:shared_dir/workloads-filebench/write-data-micro/seq-write-1th.f,fs:lsfs


Filebench Version 1.5-alpha3
0.000: Allocated 177MB of shared memory
0.001: Populating and pre-allocating filesets
0.002: fileset-1 populated: 1 files, avg. dir. width = 1, avg. dir. depth = -nan, 0 leafdirs, 1024.000MB total size
0.003: Removing fileset-1 tree (if exists)
0.006: Pre-allocating directories in fileset-1 tree
0.011: Pre-allocating files in fileset-1 tree
0.011: Waiting for pre-allocation to finish (in case of a parallel pre-allocation)
0.011: Population and pre-allocation of filesets completed
0.152: Attempting to create fileset more than once, ignoring
0.152: Starting 1 process-1 instances
1.164: Running...
901.218: Run took 900 seconds...
901.218: Per-Operation Breakdown
finish-1             0ops        0ops/s   0.0mb/s    0.000ms/op [0.000ms - 0.000ms]
close-1              0ops        0ops/s   0.0mb/s    0.000ms/op [0.000ms - 0.000ms]
write-1              67247ops       75ops/s   9.3mb/s   13.382ms/op [5.719ms - 37.752ms]
create-1             1ops        0ops/s   0.0mb/s    3.334ms/op [3.334ms - 3.334ms]
901.218: IO Summary: 67248 ops 74.716 ops/s 0/75 rd/wr   9.3mb/s 13.382ms/op
901.218: Shutting down processes
