
Run: #1,wl_name:rand-read-1th-128k-smart-64k,wl_path:shared_dir/workloads-filebench/read-data-micro/rand-read-1th.f,fs:lsfs


Filebench Version 1.5-alpha3
0.000: Allocated 177MB of shared memory
0.001: Populating and pre-allocating filesets
0.002: fileset-1 populated: 1 files, avg. dir. width = 1, avg. dir. depth = -nan, 0 leafdirs, 1024.000MB total size
0.002: Removing fileset-1 tree (if exists)
0.004: Pre-allocating directories in fileset-1 tree
0.008: Pre-allocating files in fileset-1 tree
52.030: Waiting for pre-allocation to finish (in case of a parallel pre-allocation)
52.030: Population and pre-allocation of filesets completed
52.105: Attempting to create fileset more than once, ignoring
52.105: Starting 1 process-1 instances
53.120: Running...
953.200: Run took 900 seconds...
953.200: Per-Operation Breakdown
finish-1             0ops        0ops/s   0.0mb/s    0.000ms/op [0.000ms - 0.000ms]
close-1              0ops        0ops/s   0.0mb/s    0.000ms/op [0.000ms - 0.000ms]
read-1               240971ops      268ops/s  33.5mb/s    3.732ms/op [1.282ms - 2012.548ms]
open-1               1ops        0ops/s   0.0mb/s    6.461ms/op [6.461ms - 6.461ms]
953.200: IO Summary: 240972 ops 267.723 ops/s 268/0 rd/wr  33.5mb/s 3.732ms/op
953.200: Shutting down processes

Run: #2,wl_name:rand-read-1th-128k-smart-64k,wl_path:shared_dir/workloads-filebench/read-data-micro/rand-read-1th.f,fs:lsfs


Filebench Version 1.5-alpha3
0.000: Allocated 177MB of shared memory
0.001: Populating and pre-allocating filesets
0.002: fileset-1 populated: 1 files, avg. dir. width = 1, avg. dir. depth = -nan, 0 leafdirs, 1024.000MB total size
0.002: Removing fileset-1 tree (if exists)
0.004: Pre-allocating directories in fileset-1 tree
0.009: Pre-allocating files in fileset-1 tree
51.761: Waiting for pre-allocation to finish (in case of a parallel pre-allocation)
51.761: Population and pre-allocation of filesets completed
51.836: Attempting to create fileset more than once, ignoring
51.836: Starting 1 process-1 instances
52.850: Running...
952.942: Run took 900 seconds...
952.942: Per-Operation Breakdown
finish-1             0ops        0ops/s   0.0mb/s    0.000ms/op [0.000ms - 0.000ms]
close-1              0ops        0ops/s   0.0mb/s    0.000ms/op [0.000ms - 0.000ms]
read-1               210418ops      234ops/s  29.2mb/s    4.276ms/op [1.335ms - 4012.409ms]
open-1               1ops        0ops/s   0.0mb/s    5.744ms/op [5.744ms - 5.744ms]
952.942: IO Summary: 210419 ops 233.775 ops/s 234/0 rd/wr  29.2mb/s 4.276ms/op
952.942: Shutting down processes

Run: #3,wl_name:rand-read-1th-128k-smart-64k,wl_path:shared_dir/workloads-filebench/read-data-micro/rand-read-1th.f,fs:lsfs


Filebench Version 1.5-alpha3
0.000: Allocated 177MB of shared memory
0.001: Populating and pre-allocating filesets
0.002: fileset-1 populated: 1 files, avg. dir. width = 1, avg. dir. depth = -nan, 0 leafdirs, 1024.000MB total size
0.003: Removing fileset-1 tree (if exists)
0.006: Pre-allocating directories in fileset-1 tree
0.013: Pre-allocating files in fileset-1 tree
52.036: Waiting for pre-allocation to finish (in case of a parallel pre-allocation)
52.036: Population and pre-allocation of filesets completed
52.251: Attempting to create fileset more than once, ignoring
52.252: Starting 1 process-1 instances
53.268: Running...
953.356: Run took 900 seconds...
953.356: Per-Operation Breakdown
finish-1             0ops        0ops/s   0.0mb/s    0.000ms/op [0.000ms - 0.000ms]
close-1              0ops        0ops/s   0.0mb/s    0.000ms/op [0.000ms - 0.000ms]
read-1               203511ops      226ops/s  28.3mb/s    4.421ms/op [1.294ms - 2012.611ms]
open-1               1ops        0ops/s   0.0mb/s    5.891ms/op [5.891ms - 5.891ms]
953.356: IO Summary: 203512 ops 226.102 ops/s 226/0 rd/wr  28.3mb/s 4.421ms/op
953.356: Shutting down processes
