
Run: #1,wl_name:seq-read-1th-128k-smart-8k,wl_path:shared_dir/workloads-filebench/read-data-micro/seq-read-1th.f,fs:lsfs


Filebench Version 1.5-alpha3
0.000: Allocated 177MB of shared memory
0.001: Populating and pre-allocating filesets
0.002: fileset-1 populated: 1 files, avg. dir. width = 1, avg. dir. depth = -nan, 0 leafdirs, 1024.000MB total size
0.002: Removing fileset-1 tree (if exists)
0.004: Pre-allocating directories in fileset-1 tree
0.008: Pre-allocating files in fileset-1 tree
107.877: Waiting for pre-allocation to finish (in case of a parallel pre-allocation)
107.877: Population and pre-allocation of filesets completed
108.058: Attempting to create fileset more than once, ignoring
108.058: Starting 1 process-1 instances
109.074: Running...
1009.126: Run took 900 seconds...
1009.126: Per-Operation Breakdown
finish-1             0ops        0ops/s   0.0mb/s    0.000ms/op [0.000ms - 0.000ms]
close-1              0ops        0ops/s   0.0mb/s    0.000ms/op [0.000ms - 0.000ms]
read-1               124893ops      139ops/s  17.3mb/s    7.205ms/op [0.015ms - 25.208ms]
open-1               1ops        0ops/s   0.0mb/s    6.028ms/op [6.028ms - 6.028ms]
1009.126: IO Summary: 124894 ops 138.763 ops/s 139/0 rd/wr  17.3mb/s 7.205ms/op
1009.126: Shutting down processes

Run: #2,wl_name:seq-read-1th-128k-smart-8k,wl_path:shared_dir/workloads-filebench/read-data-micro/seq-read-1th.f,fs:lsfs


Filebench Version 1.5-alpha3
0.000: Allocated 177MB of shared memory
0.001: Populating and pre-allocating filesets
0.002: fileset-1 populated: 1 files, avg. dir. width = 1, avg. dir. depth = -nan, 0 leafdirs, 1024.000MB total size
0.002: Removing fileset-1 tree (if exists)
0.004: Pre-allocating directories in fileset-1 tree
0.009: Pre-allocating files in fileset-1 tree
106.882: Waiting for pre-allocation to finish (in case of a parallel pre-allocation)
106.882: Population and pre-allocation of filesets completed
107.081: Attempting to create fileset more than once, ignoring
107.081: Starting 1 process-1 instances
108.095: Running...
1008.146: Run took 900 seconds...
1008.146: Per-Operation Breakdown
finish-1             0ops        0ops/s   0.0mb/s    0.000ms/op [0.000ms - 0.000ms]
close-1              0ops        0ops/s   0.0mb/s    0.000ms/op [0.000ms - 0.000ms]
read-1               158464ops      176ops/s  22.0mb/s    5.678ms/op [0.015ms - 24.464ms]
open-1               1ops        0ops/s   0.0mb/s    2.325ms/op [2.325ms - 2.325ms]
1008.146: IO Summary: 158465 ops 176.062 ops/s 176/0 rd/wr  22.0mb/s 5.678ms/op
1008.146: Shutting down processes

Run: #3,wl_name:seq-read-1th-128k-smart-8k,wl_path:shared_dir/workloads-filebench/read-data-micro/seq-read-1th.f,fs:lsfs


Filebench Version 1.5-alpha3
0.000: Allocated 177MB of shared memory
0.001: Populating and pre-allocating filesets
0.002: fileset-1 populated: 1 files, avg. dir. width = 1, avg. dir. depth = -nan, 0 leafdirs, 1024.000MB total size
0.003: Removing fileset-1 tree (if exists)
0.011: Pre-allocating directories in fileset-1 tree
0.018: Pre-allocating files in fileset-1 tree
106.917: Waiting for pre-allocation to finish (in case of a parallel pre-allocation)
106.917: Population and pre-allocation of filesets completed
107.098: Attempting to create fileset more than once, ignoring
107.098: Starting 1 process-1 instances
108.112: Running...
1008.164: Run took 900 seconds...
1008.164: Per-Operation Breakdown
finish-1             0ops        0ops/s   0.0mb/s    0.000ms/op [0.000ms - 0.000ms]
close-1              0ops        0ops/s   0.0mb/s    0.000ms/op [0.000ms - 0.000ms]
read-1               123732ops      137ops/s  17.2mb/s    7.272ms/op [0.015ms - 25.899ms]
open-1               1ops        0ops/s   0.0mb/s    3.256ms/op [3.256ms - 3.256ms]
1008.164: IO Summary: 123733 ops 137.473 ops/s 137/0 rd/wr  17.2mb/s 7.272ms/op
1008.164: Shutting down processes
