
Run: #1,wl_name:rand-read-1th-128k-smart-8k,wl_path:shared_dir/workloads-filebench/read-data-micro/rand-read-1th.f,fs:lsfs


Filebench Version 1.5-alpha3
0.000: Allocated 177MB of shared memory
0.002: Populating and pre-allocating filesets
0.004: fileset-1 populated: 1 files, avg. dir. width = 1, avg. dir. depth = -nan, 0 leafdirs, 1024.000MB total size
0.005: Removing fileset-1 tree (if exists)
0.007: Pre-allocating directories in fileset-1 tree
0.013: Pre-allocating files in fileset-1 tree
107.183: Waiting for pre-allocation to finish (in case of a parallel pre-allocation)
107.183: Population and pre-allocation of filesets completed
107.331: Attempting to create fileset more than once, ignoring
107.331: Starting 1 process-1 instances
108.347: Running...
1008.398: Run took 900 seconds...
1008.398: Per-Operation Breakdown
finish-1             0ops        0ops/s   0.0mb/s    0.000ms/op [0.000ms - 0.000ms]
close-1              0ops        0ops/s   0.0mb/s    0.000ms/op [0.000ms - 0.000ms]
read-1               128849ops      143ops/s  17.9mb/s    6.984ms/op [3.533ms - 27.935ms]
open-1               1ops        0ops/s   0.0mb/s    5.121ms/op [5.121ms - 5.121ms]
1008.398: IO Summary: 128850 ops 143.158 ops/s 143/0 rd/wr  17.9mb/s 6.984ms/op
1008.398: Shutting down processes

Run: #2,wl_name:rand-read-1th-128k-smart-8k,wl_path:shared_dir/workloads-filebench/read-data-micro/rand-read-1th.f,fs:lsfs


Filebench Version 1.5-alpha3
0.000: Allocated 177MB of shared memory
0.001: Populating and pre-allocating filesets
0.001: fileset-1 populated: 1 files, avg. dir. width = 1, avg. dir. depth = -nan, 0 leafdirs, 1024.000MB total size
0.002: Removing fileset-1 tree (if exists)
0.003: Pre-allocating directories in fileset-1 tree
0.008: Pre-allocating files in fileset-1 tree
110.776: Waiting for pre-allocation to finish (in case of a parallel pre-allocation)
110.776: Population and pre-allocation of filesets completed
111.019: Attempting to create fileset more than once, ignoring
111.019: Starting 1 process-1 instances
112.034: Running...
1012.085: Run took 900 seconds...
1012.086: Per-Operation Breakdown
finish-1             0ops        0ops/s   0.0mb/s    0.000ms/op [0.000ms - 0.000ms]
close-1              0ops        0ops/s   0.0mb/s    0.000ms/op [0.000ms - 0.000ms]
read-1               121028ops      134ops/s  16.8mb/s    7.435ms/op [3.637ms - 27.284ms]
open-1               1ops        0ops/s   0.0mb/s    4.715ms/op [4.715ms - 4.715ms]
1012.086: IO Summary: 121029 ops 134.469 ops/s 134/0 rd/wr  16.8mb/s 7.435ms/op
1012.086: Shutting down processes

Run: #3,wl_name:rand-read-1th-128k-smart-8k,wl_path:shared_dir/workloads-filebench/read-data-micro/rand-read-1th.f,fs:lsfs


Filebench Version 1.5-alpha3
0.000: Allocated 177MB of shared memory
0.001: Populating and pre-allocating filesets
0.002: fileset-1 populated: 1 files, avg. dir. width = 1, avg. dir. depth = -nan, 0 leafdirs, 1024.000MB total size
0.002: Removing fileset-1 tree (if exists)
0.003: Pre-allocating directories in fileset-1 tree
0.008: Pre-allocating files in fileset-1 tree
110.146: Waiting for pre-allocation to finish (in case of a parallel pre-allocation)
110.146: Population and pre-allocation of filesets completed
110.387: Attempting to create fileset more than once, ignoring
110.387: Starting 1 process-1 instances
111.401: Running...
1011.454: Run took 900 seconds...
1011.454: Per-Operation Breakdown
finish-1             0ops        0ops/s   0.0mb/s    0.000ms/op [0.000ms - 0.000ms]
close-1              0ops        0ops/s   0.0mb/s    0.000ms/op [0.000ms - 0.000ms]
read-1               117403ops      130ops/s  16.3mb/s    7.665ms/op [3.558ms - 25.661ms]
open-1               1ops        0ops/s   0.0mb/s    4.652ms/op [4.652ms - 4.652ms]
1011.454: IO Summary: 117404 ops 130.441 ops/s 130/0 rd/wr  16.3mb/s 7.665ms/op
1011.454: Shutting down processes
