
Run: #1,wl_name:rand-read-1th-128k-smart-4k,wl_path:shared_dir/workloads-filebench/read-data-micro/rand-read-1th.f,fs:lsfs


Filebench Version 1.5-alpha3
0.000: Allocated 177MB of shared memory
0.001: Populating and pre-allocating filesets
0.002: fileset-1 populated: 1 files, avg. dir. width = 1, avg. dir. depth = -nan, 0 leafdirs, 1024.000MB total size
0.003: Removing fileset-1 tree (if exists)
0.005: Pre-allocating directories in fileset-1 tree
0.011: Pre-allocating files in fileset-1 tree
198.118: Waiting for pre-allocation to finish (in case of a parallel pre-allocation)
198.118: Population and pre-allocation of filesets completed
198.199: Attempting to create fileset more than once, ignoring
198.199: Starting 1 process-1 instances
199.213: Running...
1099.268: Run took 900 seconds...
1099.268: Per-Operation Breakdown
finish-1             0ops        0ops/s   0.0mb/s    0.000ms/op [0.000ms - 0.000ms]
close-1              0ops        0ops/s   0.0mb/s    0.000ms/op [0.000ms - 0.000ms]
read-1               63966ops       71ops/s   8.9mb/s   14.069ms/op [5.452ms - 34.492ms]
open-1               1ops        0ops/s   0.0mb/s    6.206ms/op [6.206ms - 6.206ms]
1099.268: IO Summary: 63967 ops 71.070 ops/s 71/0 rd/wr   8.9mb/s 14.069ms/op
1099.268: Shutting down processes

Run: #2,wl_name:rand-read-1th-128k-smart-4k,wl_path:shared_dir/workloads-filebench/read-data-micro/rand-read-1th.f,fs:lsfs


Filebench Version 1.5-alpha3
0.000: Allocated 177MB of shared memory
0.001: Populating and pre-allocating filesets
0.002: fileset-1 populated: 1 files, avg. dir. width = 1, avg. dir. depth = -nan, 0 leafdirs, 1024.000MB total size
0.002: Removing fileset-1 tree (if exists)
0.004: Pre-allocating directories in fileset-1 tree
0.009: Pre-allocating files in fileset-1 tree
203.120: Waiting for pre-allocation to finish (in case of a parallel pre-allocation)
203.120: Population and pre-allocation of filesets completed
203.275: Attempting to create fileset more than once, ignoring
203.276: Starting 1 process-1 instances
204.290: Running...
1104.344: Run took 900 seconds...
1104.344: Per-Operation Breakdown
finish-1             0ops        0ops/s   0.0mb/s    0.000ms/op [0.000ms - 0.000ms]
close-1              0ops        0ops/s   0.0mb/s    0.000ms/op [0.000ms - 0.000ms]
read-1               69608ops       77ops/s   9.7mb/s   12.928ms/op [5.555ms - 32.274ms]
open-1               1ops        0ops/s   0.0mb/s    4.176ms/op [4.176ms - 4.176ms]
1104.344: IO Summary: 69609 ops 77.339 ops/s 77/0 rd/wr   9.7mb/s 12.928ms/op
1104.344: Shutting down processes

Run: #3,wl_name:rand-read-1th-128k-smart-4k,wl_path:shared_dir/workloads-filebench/read-data-micro/rand-read-1th.f,fs:lsfs


Filebench Version 1.5-alpha3
0.000: Allocated 177MB of shared memory
0.001: Populating and pre-allocating filesets
0.002: fileset-1 populated: 1 files, avg. dir. width = 1, avg. dir. depth = -nan, 0 leafdirs, 1024.000MB total size
0.003: Removing fileset-1 tree (if exists)
0.006: Pre-allocating directories in fileset-1 tree
0.012: Pre-allocating files in fileset-1 tree
195.859: Waiting for pre-allocation to finish (in case of a parallel pre-allocation)
195.859: Population and pre-allocation of filesets completed
196.018: Attempting to create fileset more than once, ignoring
196.018: Starting 1 process-1 instances
197.032: Running...
1097.086: Run took 900 seconds...
1097.086: Per-Operation Breakdown
finish-1             0ops        0ops/s   0.0mb/s    0.000ms/op [0.000ms - 0.000ms]
close-1              0ops        0ops/s   0.0mb/s    0.000ms/op [0.000ms - 0.000ms]
read-1               63524ops       71ops/s   8.8mb/s   14.167ms/op [5.606ms - 33.253ms]
open-1               1ops        0ops/s   0.0mb/s    6.386ms/op [6.386ms - 6.386ms]
1097.086: IO Summary: 63525 ops 70.579 ops/s 71/0 rd/wr   8.8mb/s 14.166ms/op
1097.086: Shutting down processes
