
Run: #1,wl_name:seq-read-1th-128k-smart-128k,wl_path:shared_dir/workloads-filebench/read-data-micro/seq-read-1th.f,fs:lsfs


Filebench Version 1.5-alpha3
0.000: Allocated 177MB of shared memory
0.001: Populating and pre-allocating filesets
0.002: fileset-1 populated: 1 files, avg. dir. width = 1, avg. dir. depth = -nan, 0 leafdirs, 1024.000MB total size
0.003: Removing fileset-1 tree (if exists)
0.005: Pre-allocating directories in fileset-1 tree
0.014: Pre-allocating files in fileset-1 tree
42.078: Waiting for pre-allocation to finish (in case of a parallel pre-allocation)
42.078: Population and pre-allocation of filesets completed
42.194: Attempting to create fileset more than once, ignoring
42.194: Starting 1 process-1 instances
43.209: Running...
943.303: Run took 900 seconds...
943.303: Per-Operation Breakdown
finish-1             0ops        0ops/s   0.0mb/s    0.000ms/op [0.000ms - 0.000ms]
close-1              0ops        0ops/s   0.0mb/s    0.000ms/op [0.000ms - 0.000ms]
read-1               100735ops      112ops/s  14.0mb/s    8.922ms/op [0.015ms - 2023.882ms]
open-1               1ops        0ops/s   0.0mb/s    4.136ms/op [4.136ms - 4.136ms]
943.303: IO Summary: 100736 ops 111.917 ops/s 112/0 rd/wr  14.0mb/s 8.922ms/op
943.303: Shutting down processes

Run: #2,wl_name:seq-read-1th-128k-smart-128k,wl_path:shared_dir/workloads-filebench/read-data-micro/seq-read-1th.f,fs:lsfs


Filebench Version 1.5-alpha3
0.000: Allocated 177MB of shared memory
0.001: Populating and pre-allocating filesets
0.002: fileset-1 populated: 1 files, avg. dir. width = 1, avg. dir. depth = -nan, 0 leafdirs, 1024.000MB total size
0.002: Removing fileset-1 tree (if exists)
0.004: Pre-allocating directories in fileset-1 tree
0.009: Pre-allocating files in fileset-1 tree
41.731: Waiting for pre-allocation to finish (in case of a parallel pre-allocation)
41.731: Population and pre-allocation of filesets completed
41.848: Attempting to create fileset more than once, ignoring
41.848: Starting 1 process-1 instances
42.863: Running...
942.943: Run took 900 seconds...
942.943: Per-Operation Breakdown
finish-1             0ops        0ops/s   0.0mb/s    0.000ms/op [0.000ms - 0.000ms]
close-1              0ops        0ops/s   0.0mb/s    0.000ms/op [0.000ms - 0.000ms]
read-1               110760ops      123ops/s  15.4mb/s    8.108ms/op [0.015ms - 2024.421ms]
open-1               1ops        0ops/s   0.0mb/s    1.798ms/op [1.798ms - 1.798ms]
942.943: IO Summary: 110761 ops 123.057 ops/s 123/0 rd/wr  15.4mb/s 8.108ms/op
942.943: Shutting down processes

Run: #3,wl_name:seq-read-1th-128k-smart-128k,wl_path:shared_dir/workloads-filebench/read-data-micro/seq-read-1th.f,fs:lsfs


Filebench Version 1.5-alpha3
0.000: Allocated 177MB of shared memory
0.001: Populating and pre-allocating filesets
0.002: fileset-1 populated: 1 files, avg. dir. width = 1, avg. dir. depth = -nan, 0 leafdirs, 1024.000MB total size
0.002: Removing fileset-1 tree (if exists)
0.004: Pre-allocating directories in fileset-1 tree
0.009: Pre-allocating files in fileset-1 tree
42.282: Waiting for pre-allocation to finish (in case of a parallel pre-allocation)
42.282: Population and pre-allocation of filesets completed
42.487: Attempting to create fileset more than once, ignoring
42.487: Starting 1 process-1 instances
43.502: Running...
943.617: Run took 900 seconds...
943.617: Per-Operation Breakdown
finish-1             0ops        0ops/s   0.0mb/s    0.000ms/op [0.000ms - 0.000ms]
close-1              0ops        0ops/s   0.0mb/s    0.000ms/op [0.000ms - 0.000ms]
read-1               74486ops       83ops/s  10.3mb/s   12.017ms/op [0.014ms - 2022.421ms]
open-1               1ops        0ops/s   0.0mb/s 3344.113ms/op [3344.113ms - 3344.113ms]
943.617: IO Summary: 74487 ops 82.753 ops/s 83/0 rd/wr  10.3mb/s 12.061ms/op
943.617: Shutting down processes
