
Run: #1,wl_name:rand-read-1th-128k-smart-128k,wl_path:shared_dir/workloads-filebench/read-data-micro/rand-read-1th.f,fs:lsfs


Filebench Version 1.5-alpha3
0.000: Allocated 177MB of shared memory
0.001: Populating and pre-allocating filesets
0.002: fileset-1 populated: 1 files, avg. dir. width = 1, avg. dir. depth = -nan, 0 leafdirs, 1024.000MB total size
0.002: Removing fileset-1 tree (if exists)
0.005: Pre-allocating directories in fileset-1 tree
0.011: Pre-allocating files in fileset-1 tree
42.046: Waiting for pre-allocation to finish (in case of a parallel pre-allocation)
42.046: Population and pre-allocation of filesets completed
42.134: Attempting to create fileset more than once, ignoring
42.134: Starting 1 process-1 instances
43.148: Running...
943.243: Run took 900 seconds...
943.243: Per-Operation Breakdown
finish-1             0ops        0ops/s   0.0mb/s    0.000ms/op [0.000ms - 0.000ms]
close-1              0ops        0ops/s   0.0mb/s    0.000ms/op [0.000ms - 0.000ms]
read-1               90709ops      101ops/s  12.6mb/s    9.921ms/op [1.256ms - 2023.896ms]
open-1               1ops        0ops/s   0.0mb/s    5.232ms/op [5.232ms - 5.232ms]
943.243: IO Summary: 90710 ops 100.778 ops/s 101/0 rd/wr  12.6mb/s 9.921ms/op
943.243: Shutting down processes

Run: #2,wl_name:rand-read-1th-128k-smart-128k,wl_path:shared_dir/workloads-filebench/read-data-micro/rand-read-1th.f,fs:lsfs


Filebench Version 1.5-alpha3
0.000: Allocated 177MB of shared memory
0.001: Populating and pre-allocating filesets
0.002: fileset-1 populated: 1 files, avg. dir. width = 1, avg. dir. depth = -nan, 0 leafdirs, 1024.000MB total size
0.003: Removing fileset-1 tree (if exists)
0.006: Pre-allocating directories in fileset-1 tree
0.012: Pre-allocating files in fileset-1 tree
43.429: Waiting for pre-allocation to finish (in case of a parallel pre-allocation)
43.429: Population and pre-allocation of filesets completed
43.652: Attempting to create fileset more than once, ignoring
43.652: Starting 1 process-1 instances
44.667: Running...
944.768: Run took 900 seconds...
944.768: Per-Operation Breakdown
finish-1             0ops        0ops/s   0.0mb/s    0.000ms/op [0.000ms - 0.000ms]
close-1              0ops        0ops/s   0.0mb/s    0.000ms/op [0.000ms - 0.000ms]
read-1               95961ops      107ops/s  13.3mb/s    9.326ms/op [1.179ms - 2024.232ms]
open-1               1ops        0ops/s   0.0mb/s 3771.770ms/op [3771.770ms - 3771.770ms]
944.768: IO Summary: 95962 ops 106.612 ops/s 107/0 rd/wr  13.3mb/s 9.365ms/op
944.769: Shutting down processes

Run: #3,wl_name:rand-read-1th-128k-smart-128k,wl_path:shared_dir/workloads-filebench/read-data-micro/rand-read-1th.f,fs:lsfs


Filebench Version 1.5-alpha3
0.000: Allocated 177MB of shared memory
0.001: Populating and pre-allocating filesets
0.002: fileset-1 populated: 1 files, avg. dir. width = 1, avg. dir. depth = -nan, 0 leafdirs, 1024.000MB total size
0.002: Removing fileset-1 tree (if exists)
0.004: Pre-allocating directories in fileset-1 tree
0.009: Pre-allocating files in fileset-1 tree
41.439: Waiting for pre-allocation to finish (in case of a parallel pre-allocation)
41.439: Population and pre-allocation of filesets completed
41.519: Attempting to create fileset more than once, ignoring
41.519: Starting 1 process-1 instances
42.534: Running...
942.634: Run took 900 seconds...
942.634: Per-Operation Breakdown
finish-1             0ops        0ops/s   0.0mb/s    0.000ms/op [0.000ms - 0.000ms]
close-1              0ops        0ops/s   0.0mb/s    0.000ms/op [0.000ms - 0.000ms]
read-1               97639ops      108ops/s  13.6mb/s    9.217ms/op [1.209ms - 2020.102ms]
open-1               1ops        0ops/s   0.0mb/s    5.483ms/op [5.483ms - 5.483ms]
942.634: IO Summary: 97640 ops 108.477 ops/s 108/0 rd/wr  13.6mb/s 9.217ms/op
942.634: Shutting down processes
