
Run: #1,wl_name:rand-read-1th-128k-smart-16k,wl_path:shared_dir/workloads-filebench/read-data-micro/rand-read-1th.f,fs:lsfs


Filebench Version 1.5-alpha3
0.000: Allocated 177MB of shared memory
0.001: Populating and pre-allocating filesets
0.002: fileset-1 populated: 1 files, avg. dir. width = 1, avg. dir. depth = -nan, 0 leafdirs, 1024.000MB total size
0.003: Removing fileset-1 tree (if exists)
0.005: Pre-allocating directories in fileset-1 tree
0.012: Pre-allocating files in fileset-1 tree
77.105: Waiting for pre-allocation to finish (in case of a parallel pre-allocation)
77.105: Population and pre-allocation of filesets completed
77.228: Attempting to create fileset more than once, ignoring
77.228: Starting 1 process-1 instances
78.243: Running...
978.294: Run took 900 seconds...
978.294: Per-Operation Breakdown
finish-1             0ops        0ops/s   0.0mb/s    0.000ms/op [0.000ms - 0.000ms]
close-1              0ops        0ops/s   0.0mb/s    0.000ms/op [0.000ms - 0.000ms]
read-1               257049ops      286ops/s  35.7mb/s    3.500ms/op [2.314ms - 22.742ms]
open-1               1ops        0ops/s   0.0mb/s    5.161ms/op [5.161ms - 5.161ms]
978.294: IO Summary: 257050 ops 285.595 ops/s 286/0 rd/wr  35.7mb/s 3.500ms/op
978.294: Shutting down processes

Run: #2,wl_name:rand-read-1th-128k-smart-16k,wl_path:shared_dir/workloads-filebench/read-data-micro/rand-read-1th.f,fs:lsfs


Filebench Version 1.5-alpha3
0.000: Allocated 177MB of shared memory
0.001: Populating and pre-allocating filesets
0.002: fileset-1 populated: 1 files, avg. dir. width = 1, avg. dir. depth = -nan, 0 leafdirs, 1024.000MB total size
0.002: Removing fileset-1 tree (if exists)
0.003: Pre-allocating directories in fileset-1 tree
0.013: Pre-allocating files in fileset-1 tree
79.301: Waiting for pre-allocation to finish (in case of a parallel pre-allocation)
79.301: Population and pre-allocation of filesets completed
79.533: Attempting to create fileset more than once, ignoring
79.534: Starting 1 process-1 instances
80.548: Running...
980.599: Run took 900 seconds...
980.599: Per-Operation Breakdown
finish-1             0ops        0ops/s   0.0mb/s    0.000ms/op [0.000ms - 0.000ms]
close-1              0ops        0ops/s   0.0mb/s    0.000ms/op [0.000ms - 0.000ms]
read-1               255248ops      284ops/s  35.4mb/s    3.524ms/op [2.257ms - 20.151ms]
open-1               1ops        0ops/s   0.0mb/s    2.653ms/op [2.653ms - 2.653ms]
980.599: IO Summary: 255249 ops 283.594 ops/s 284/0 rd/wr  35.4mb/s 3.524ms/op
980.599: Shutting down processes

Run: #3,wl_name:rand-read-1th-128k-smart-16k,wl_path:shared_dir/workloads-filebench/read-data-micro/rand-read-1th.f,fs:lsfs


Filebench Version 1.5-alpha3
0.000: Allocated 177MB of shared memory
0.001: Populating and pre-allocating filesets
0.002: fileset-1 populated: 1 files, avg. dir. width = 1, avg. dir. depth = -nan, 0 leafdirs, 1024.000MB total size
0.002: Removing fileset-1 tree (if exists)
0.009: Pre-allocating directories in fileset-1 tree
0.014: Pre-allocating files in fileset-1 tree
77.852: Waiting for pre-allocation to finish (in case of a parallel pre-allocation)
77.852: Population and pre-allocation of filesets completed
78.099: Attempting to create fileset more than once, ignoring
78.099: Starting 1 process-1 instances
79.113: Running...
979.168: Run took 900 seconds...
979.168: Per-Operation Breakdown
finish-1             0ops        0ops/s   0.0mb/s    0.000ms/op [0.000ms - 0.000ms]
close-1              0ops        0ops/s   0.0mb/s    0.000ms/op [0.000ms - 0.000ms]
read-1               258998ops      288ops/s  36.0mb/s    3.474ms/op [2.338ms - 20.904ms]
open-1               1ops        0ops/s   0.0mb/s    6.069ms/op [6.069ms - 6.069ms]
979.168: IO Summary: 258999 ops 287.759 ops/s 288/0 rd/wr  36.0mb/s 3.474ms/op
979.168: Shutting down processes
