
Run: #1,wl_name:seq-read-1th-4k-dynamic-4k,wl_path:shared_dir/workloads-filebench/read-data-micro/seq-read-1th.f,fs:lsfs


Filebench Version 1.5-alpha3
0.000: Allocated 177MB of shared memory
0.001: Populating and pre-allocating filesets
0.003: fileset-1 populated: 1 files, avg. dir. width = 1, avg. dir. depth = -nan, 0 leafdirs, 1024.000MB total size
0.004: Reusing existing fileset-1 tree
0.004: Pre-allocating files in fileset-1 tree
0.013: Waiting for pre-allocation to finish (in case of a parallel pre-allocation)
0.013: Population and pre-allocation of filesets completed
1.134: Attempting to create fileset more than once, ignoring
1.135: Starting 1 process-1 instances
3.185: Running...
903.269: Run took 900 seconds...
903.270: Per-Operation Breakdown
finish-1             0ops        0ops/s   0.0mb/s    0.000ms/op [0.000ms - 0.000ms]
close-1              0ops        0ops/s   0.0mb/s    0.000ms/op [0.000ms - 0.000ms]
read-1               1226928ops     1363ops/s   5.3mb/s    0.729ms/op [0.013ms - 24.458ms]
open-1               1ops        0ops/s   0.0mb/s   11.254ms/op [11.254ms - 11.254ms]
903.270: IO Summary: 1226929 ops 1363.127 ops/s 1363/0 rd/wr   5.3mb/s 0.729ms/op
903.270: Shutting down processes

Run: #2,wl_name:seq-read-1th-4k-dynamic-4k,wl_path:shared_dir/workloads-filebench/read-data-micro/seq-read-1th.f,fs:lsfs


Filebench Version 1.5-alpha3
0.000: Allocated 177MB of shared memory
0.008: Populating and pre-allocating filesets
0.010: fileset-1 populated: 1 files, avg. dir. width = 1, avg. dir. depth = -nan, 0 leafdirs, 1024.000MB total size
0.012: Reusing existing fileset-1 tree
0.012: Pre-allocating files in fileset-1 tree
0.020: Waiting for pre-allocation to finish (in case of a parallel pre-allocation)
0.020: Population and pre-allocation of filesets completed
1.587: Attempting to create fileset more than once, ignoring
1.588: Starting 1 process-1 instances
4.546: Running...
904.612: Run took 900 seconds...
904.612: Per-Operation Breakdown
finish-1             0ops        0ops/s   0.0mb/s    0.000ms/op [0.000ms - 0.000ms]
close-1              0ops        0ops/s   0.0mb/s    0.000ms/op [0.000ms - 0.000ms]
read-1               2633331ops     2926ops/s  11.4mb/s    0.340ms/op [0.012ms - 23.967ms]
open-1               1ops        0ops/s   0.0mb/s    9.153ms/op [9.153ms - 9.153ms]
904.612: IO Summary: 2633332 ops 2925.710 ops/s 2926/0 rd/wr  11.4mb/s 0.340ms/op
904.612: Shutting down processes

Run: #3,wl_name:seq-read-1th-4k-dynamic-4k,wl_path:shared_dir/workloads-filebench/read-data-micro/seq-read-1th.f,fs:lsfs


Filebench Version 1.5-alpha3
0.000: Allocated 177MB of shared memory
0.008: Populating and pre-allocating filesets
0.011: fileset-1 populated: 1 files, avg. dir. width = 1, avg. dir. depth = -nan, 0 leafdirs, 1024.000MB total size
0.012: Reusing existing fileset-1 tree
0.012: Pre-allocating files in fileset-1 tree
0.022: Waiting for pre-allocation to finish (in case of a parallel pre-allocation)
0.022: Population and pre-allocation of filesets completed
1.926: Attempting to create fileset more than once, ignoring
1.927: Starting 1 process-1 instances
4.025: Running...
904.089: Run took 900 seconds...
904.089: Per-Operation Breakdown
finish-1             0ops        0ops/s   0.0mb/s    0.000ms/op [0.000ms - 0.000ms]
close-1              0ops        0ops/s   0.0mb/s    0.000ms/op [0.000ms - 0.000ms]
read-1               2804635ops     3116ops/s  12.2mb/s    0.319ms/op [0.012ms - 14.589ms]
open-1               1ops        0ops/s   0.0mb/s   10.558ms/op [10.558ms - 10.558ms]
904.089: IO Summary: 2804636 ops 3116.041 ops/s 3116/0 rd/wr  12.2mb/s 0.319ms/op
904.089: Shutting down processes
