
Run: #1,wl_name:seq-read-1th-128k-dynamic-4k,wl_path:shared_dir/workloads-filebench/read-data-micro/seq-read-1th.f,fs:lsfs


Filebench Version 1.5-alpha3
0.000: Allocated 177MB of shared memory
0.001: Populating and pre-allocating filesets
0.003: fileset-1 populated: 1 files, avg. dir. width = 1, avg. dir. depth = -nan, 0 leafdirs, 1024.000MB total size
0.005: Reusing existing fileset-1 tree
0.005: Pre-allocating files in fileset-1 tree
0.013: Waiting for pre-allocation to finish (in case of a parallel pre-allocation)
0.013: Population and pre-allocation of filesets completed
0.920: Attempting to create fileset more than once, ignoring
0.920: Starting 1 process-1 instances
2.851: Running...
902.942: Run took 900 seconds...
902.942: Per-Operation Breakdown
finish-1             0ops        0ops/s   0.0mb/s    0.000ms/op [0.000ms - 0.000ms]
close-1              0ops        0ops/s   0.0mb/s    0.000ms/op [0.000ms - 0.000ms]
read-1               41201ops       46ops/s   5.7mb/s   21.839ms/op [0.016ms - 66.347ms]
open-1               1ops        0ops/s   0.0mb/s   10.042ms/op [10.042ms - 10.042ms]
902.942: IO Summary: 41202 ops 45.775 ops/s 46/0 rd/wr   5.7mb/s 21.839ms/op
902.942: Shutting down processes

Run: #2,wl_name:seq-read-1th-128k-dynamic-4k,wl_path:shared_dir/workloads-filebench/read-data-micro/seq-read-1th.f,fs:lsfs


Filebench Version 1.5-alpha3
0.000: Allocated 177MB of shared memory
0.008: Populating and pre-allocating filesets
0.012: fileset-1 populated: 1 files, avg. dir. width = 1, avg. dir. depth = -nan, 0 leafdirs, 1024.000MB total size
0.015: Reusing existing fileset-1 tree
0.015: Pre-allocating files in fileset-1 tree
0.032: Waiting for pre-allocation to finish (in case of a parallel pre-allocation)
0.032: Population and pre-allocation of filesets completed
1.296: Attempting to create fileset more than once, ignoring
1.296: Starting 1 process-1 instances
2.936: Running...
903.002: Run took 900 seconds...
903.002: Per-Operation Breakdown
finish-1             0ops        0ops/s   0.0mb/s    0.000ms/op [0.000ms - 0.000ms]
close-1              0ops        0ops/s   0.0mb/s    0.000ms/op [0.000ms - 0.000ms]
read-1               98751ops      110ops/s  13.7mb/s    9.112ms/op [0.017ms - 48.682ms]
open-1               1ops        0ops/s   0.0mb/s   10.735ms/op [10.735ms - 10.735ms]
903.002: IO Summary: 98752 ops 109.716 ops/s 110/0 rd/wr  13.7mb/s 9.112ms/op
903.002: Shutting down processes

Run: #3,wl_name:seq-read-1th-128k-dynamic-4k,wl_path:shared_dir/workloads-filebench/read-data-micro/seq-read-1th.f,fs:lsfs


Filebench Version 1.5-alpha3
0.000: Allocated 177MB of shared memory
0.008: Populating and pre-allocating filesets
0.010: fileset-1 populated: 1 files, avg. dir. width = 1, avg. dir. depth = -nan, 0 leafdirs, 1024.000MB total size
0.012: Reusing existing fileset-1 tree
0.012: Pre-allocating files in fileset-1 tree
0.022: Waiting for pre-allocation to finish (in case of a parallel pre-allocation)
0.022: Population and pre-allocation of filesets completed
1.559: Attempting to create fileset more than once, ignoring
1.559: Starting 1 process-1 instances
3.167: Running...
903.233: Run took 900 seconds...
903.233: Per-Operation Breakdown
finish-1             0ops        0ops/s   0.0mb/s    0.000ms/op [0.000ms - 0.000ms]
close-1              0ops        0ops/s   0.0mb/s    0.000ms/op [0.000ms - 0.000ms]
read-1               98848ops      110ops/s  13.7mb/s    9.103ms/op [0.016ms - 45.159ms]
open-1               1ops        0ops/s   0.0mb/s   17.883ms/op [17.883ms - 17.883ms]
903.233: IO Summary: 98849 ops 109.824 ops/s 110/0 rd/wr  13.7mb/s 9.103ms/op
903.233: Shutting down processes
