
Run: #1,wl_name:rand-read-1th-4k-dynamic-4k,wl_path:shared_dir/workloads-filebench/read-data-micro/rand-read-1th.f,fs:lsfs


Filebench Version 1.5-alpha3
0.000: Allocated 177MB of shared memory
0.001: Populating and pre-allocating filesets
0.003: fileset-1 populated: 1 files, avg. dir. width = 1, avg. dir. depth = -nan, 0 leafdirs, 1024.000MB total size
0.004: Removing fileset-1 tree (if exists)
0.041: Pre-allocating directories in fileset-1 tree
0.068: Pre-allocating files in fileset-1 tree
97.226: Waiting for pre-allocation to finish (in case of a parallel pre-allocation)
97.226: Population and pre-allocation of filesets completed
97.650: Attempting to create fileset more than once, ignoring
97.650: Starting 1 process-1 instances
99.665: Running...
999.722: Run took 900 seconds...
999.722: Per-Operation Breakdown
finish-1             0ops        0ops/s   0.0mb/s    0.000ms/op [0.000ms - 0.000ms]
close-1              0ops        0ops/s   0.0mb/s    0.000ms/op [0.000ms - 0.000ms]
read-1               3513634ops     3904ops/s  15.2mb/s    0.255ms/op [0.172ms - 24.935ms]
open-1               1ops        0ops/s   0.0mb/s    9.877ms/op [9.877ms - 9.877ms]
999.722: IO Summary: 3513635 ops 3903.791 ops/s 3904/0 rd/wr  15.2mb/s 0.255ms/op
999.722: Shutting down processes

Run: #2,wl_name:rand-read-1th-4k-dynamic-4k,wl_path:shared_dir/workloads-filebench/read-data-micro/rand-read-1th.f,fs:lsfs


Filebench Version 1.5-alpha3
0.000: Allocated 177MB of shared memory
0.008: Populating and pre-allocating filesets
0.010: fileset-1 populated: 1 files, avg. dir. width = 1, avg. dir. depth = -nan, 0 leafdirs, 1024.000MB total size
0.012: Reusing existing fileset-1 tree
0.012: Pre-allocating files in fileset-1 tree
0.019: Waiting for pre-allocation to finish (in case of a parallel pre-allocation)
0.019: Population and pre-allocation of filesets completed
1.476: Attempting to create fileset more than once, ignoring
1.476: Starting 1 process-1 instances
3.457: Running...
903.521: Run took 900 seconds...
903.521: Per-Operation Breakdown
finish-1             0ops        0ops/s   0.0mb/s    0.000ms/op [0.000ms - 0.000ms]
close-1              0ops        0ops/s   0.0mb/s    0.000ms/op [0.000ms - 0.000ms]
read-1               2846045ops     3162ops/s  12.4mb/s    0.315ms/op [0.177ms - 18.871ms]
open-1               1ops        0ops/s   0.0mb/s   10.270ms/op [10.270ms - 10.270ms]
903.521: IO Summary: 2846046 ops 3162.051 ops/s 3162/0 rd/wr  12.4mb/s 0.315ms/op
903.521: Shutting down processes

Run: #3,wl_name:rand-read-1th-4k-dynamic-4k,wl_path:shared_dir/workloads-filebench/read-data-micro/rand-read-1th.f,fs:lsfs


Filebench Version 1.5-alpha3
0.000: Allocated 177MB of shared memory
0.009: Populating and pre-allocating filesets
0.013: fileset-1 populated: 1 files, avg. dir. width = 1, avg. dir. depth = -nan, 0 leafdirs, 1024.000MB total size
0.016: Reusing existing fileset-1 tree
0.016: Pre-allocating files in fileset-1 tree
0.035: Waiting for pre-allocation to finish (in case of a parallel pre-allocation)
0.035: Population and pre-allocation of filesets completed
1.498: Attempting to create fileset more than once, ignoring
1.498: Starting 1 process-1 instances
3.230: Running...
903.296: Run took 900 seconds...
903.296: Per-Operation Breakdown
finish-1             0ops        0ops/s   0.0mb/s    0.000ms/op [0.000ms - 0.000ms]
close-1              0ops        0ops/s   0.0mb/s    0.000ms/op [0.000ms - 0.000ms]
read-1               2822332ops     3136ops/s  12.2mb/s    0.317ms/op [0.176ms - 23.738ms]
open-1               1ops        0ops/s   0.0mb/s    9.439ms/op [9.439ms - 9.439ms]
903.296: IO Summary: 2822333 ops 3135.694 ops/s 3136/0 rd/wr  12.2mb/s 0.317ms/op
903.296: Shutting down processes
