
Run: #1,wl_name:seq-write-1th-64k-dynamic-4k,wl_path:shared_dir/workloads-filebench/write-data-micro/seq-write-1th.f,fs:lsfs


Filebench Version 1.5-alpha3
0.000: Allocated 177MB of shared memory
0.001: Populating and pre-allocating filesets
0.002: fileset-1 populated: 1 files, avg. dir. width = 1, avg. dir. depth = -nan, 0 leafdirs, 1024.000MB total size
0.002: Removing fileset-1 tree (if exists)
0.022: Pre-allocating directories in fileset-1 tree
0.029: Pre-allocating files in fileset-1 tree
0.029: Waiting for pre-allocation to finish (in case of a parallel pre-allocation)
0.029: Population and pre-allocation of filesets completed
0.807: Attempting to create fileset more than once, ignoring
0.807: Starting 1 process-1 instances
2.294: Running...
902.377: Run took 900 seconds...
902.378: Per-Operation Breakdown
finish-1             0ops        0ops/s   0.0mb/s    0.000ms/op [0.000ms - 0.000ms]
close-1              0ops        0ops/s   0.0mb/s    0.000ms/op [0.000ms - 0.000ms]
write-1              126844ops      141ops/s   8.8mb/s    7.092ms/op [1.490ms - 24.451ms]
create-1             1ops        0ops/s   0.0mb/s   13.599ms/op [13.599ms - 13.599ms]
902.378: IO Summary: 126845 ops 140.926 ops/s 0/141 rd/wr   8.8mb/s 7.092ms/op
902.378: Shutting down processes
