
Run: #1,wl_name:seq-write-1th-32k-dynamic-4k,wl_path:shared_dir/workloads-filebench/write-data-micro/seq-write-1th.f,fs:lsfs


Filebench Version 1.5-alpha3
0.000: Allocated 177MB of shared memory
0.001: Populating and pre-allocating filesets
0.002: fileset-1 populated: 1 files, avg. dir. width = 1, avg. dir. depth = -nan, 0 leafdirs, 1024.000MB total size
0.002: Removing fileset-1 tree (if exists)
0.023: Pre-allocating directories in fileset-1 tree
0.049: Pre-allocating files in fileset-1 tree
0.049: Waiting for pre-allocation to finish (in case of a parallel pre-allocation)
0.049: Population and pre-allocation of filesets completed
0.850: Attempting to create fileset more than once, ignoring
0.850: Starting 1 process-1 instances
2.350: Running...
902.432: Run took 900 seconds...
902.432: Per-Operation Breakdown
finish-1             0ops        0ops/s   0.0mb/s    0.000ms/op [0.000ms - 0.000ms]
close-1              0ops        0ops/s   0.0mb/s    0.000ms/op [0.000ms - 0.000ms]
write-1              301267ops      335ops/s  10.5mb/s    2.984ms/op [0.753ms - 21.228ms]
create-1             1ops        0ops/s   0.0mb/s   13.561ms/op [13.561ms - 13.561ms]
902.432: IO Summary: 301268 ops 334.712 ops/s 0/335 rd/wr  10.5mb/s 2.984ms/op
902.432: Shutting down processes
