
Run: #1,wl_name:seq-write-1th-96k-dynamic-4k,wl_path:shared_dir/workloads-filebench/write-data-micro/seq-write-1th.f,fs:lsfs


Filebench Version 1.5-alpha3
0.000: Allocated 177MB of shared memory
0.001: Populating and pre-allocating filesets
0.002: fileset-1 populated: 1 files, avg. dir. width = 1, avg. dir. depth = -nan, 0 leafdirs, 1024.000MB total size
0.002: Removing fileset-1 tree (if exists)
0.023: Pre-allocating directories in fileset-1 tree
0.048: Pre-allocating files in fileset-1 tree
0.048: Waiting for pre-allocation to finish (in case of a parallel pre-allocation)
0.048: Population and pre-allocation of filesets completed
0.889: Attempting to create fileset more than once, ignoring
0.889: Starting 1 process-1 instances
2.383: Running...
902.472: Run took 900 seconds...
902.473: Per-Operation Breakdown
finish-1             0ops        0ops/s   0.0mb/s    0.000ms/op [0.000ms - 0.000ms]
close-1              0ops        0ops/s   0.0mb/s    0.000ms/op [0.000ms - 0.000ms]
write-1              72014ops       80ops/s   7.5mb/s   12.494ms/op [2.227ms - 27.863ms]
create-1             1ops        0ops/s   0.0mb/s   13.590ms/op [13.590ms - 13.590ms]
902.473: IO Summary: 72015 ops 80.009 ops/s 0/80 rd/wr   7.5mb/s 12.494ms/op
902.473: Shutting down processes
