
Run: #1,wl_name:rand-read-1th-64k-dynamic-4k,wl_path:shared_dir/workloads-filebench/read-data-micro/rand-read-1th.f,fs:lsfs


Filebench Version 1.5-alpha3
0.000: Allocated 177MB of shared memory
0.001: Populating and pre-allocating filesets
0.002: fileset-1 populated: 1 files, avg. dir. width = 1, avg. dir. depth = -nan, 0 leafdirs, 1024.000MB total size
0.002: Removing fileset-1 tree (if exists)
0.017: Pre-allocating directories in fileset-1 tree
0.022: Pre-allocating files in fileset-1 tree
113.178: Waiting for pre-allocation to finish (in case of a parallel pre-allocation)
113.178: Population and pre-allocation of filesets completed
113.395: Attempting to create fileset more than once, ignoring
113.395: Starting 1 process-1 instances
114.971: Running...
1015.060: Run took 900 seconds...
1015.060: Per-Operation Breakdown
finish-1             0ops        0ops/s   0.0mb/s    0.000ms/op [0.000ms - 0.000ms]
close-1              0ops        0ops/s   0.0mb/s    0.000ms/op [0.000ms - 0.000ms]
read-1               77157ops       86ops/s   5.4mb/s   11.659ms/op [6.032ms - 21.459ms]
open-1               1ops        0ops/s   0.0mb/s    8.883ms/op [8.883ms - 8.883ms]
1015.060: IO Summary: 77158 ops 85.723 ops/s 86/0 rd/wr   5.4mb/s 11.659ms/op
1015.060: Shutting down processes

Run: #2,wl_name:rand-read-1th-64k-dynamic-4k,wl_path:shared_dir/workloads-filebench/read-data-micro/rand-read-1th.f,fs:lsfs



Run: #3,wl_name:rand-read-1th-64k-dynamic-4k,wl_path:shared_dir/workloads-filebench/read-data-micro/rand-read-1th.f,fs:lsfs


Filebench Version 1.5-alpha3
0.000: Allocated 177MB of shared memory
0.008: Populating and pre-allocating filesets
0.009: fileset-1 populated: 1 files, avg. dir. width = 1, avg. dir. depth = -nan, 0 leafdirs, 1024.000MB total size
0.009: Removing fileset-1 tree (if exists)
0.035: Pre-allocating directories in fileset-1 tree
0.064: Pre-allocating files in fileset-1 tree
132.640: Waiting for pre-allocation to finish (in case of a parallel pre-allocation)
132.640: Population and pre-allocation of filesets completed
132.866: Attempting to create fileset more than once, ignoring
132.867: Starting 1 process-1 instances
134.627: Running...
1034.715: Run took 900 seconds...
1034.715: Per-Operation Breakdown
finish-1             0ops        0ops/s   0.0mb/s    0.000ms/op [0.000ms - 0.000ms]
close-1              0ops        0ops/s   0.0mb/s    0.000ms/op [0.000ms - 0.000ms]
read-1               77274ops       86ops/s   5.4mb/s   11.642ms/op [6.217ms - 20.152ms]
open-1               1ops        0ops/s   0.0mb/s    8.773ms/op [8.773ms - 8.773ms]
1034.715: IO Summary: 77275 ops 85.853 ops/s 86/0 rd/wr   5.4mb/s 11.641ms/op
1034.715: Shutting down processes
