
Run: #1,wl_name:seq-read-1th-128k-dynamic-4k,wl_path:shared_dir/workloads-filebench/read-data-micro/seq-read-1th.f,fs:lsfs


Filebench Version 1.5-alpha3
0.000: Allocated 177MB of shared memory
0.001: Populating and pre-allocating filesets
0.002: fileset-1 populated: 1 files, avg. dir. width = 1, avg. dir. depth = -nan, 0 leafdirs, 1024.000MB total size
0.003: Removing fileset-1 tree (if exists)
0.024: Pre-allocating directories in fileset-1 tree
0.050: Pre-allocating files in fileset-1 tree
153.174: Waiting for pre-allocation to finish (in case of a parallel pre-allocation)
153.174: Population and pre-allocation of filesets completed
153.398: Attempting to create fileset more than once, ignoring
153.398: Starting 1 process-1 instances
154.990: Running...
1055.078: Run took 900 seconds...
1055.078: Per-Operation Breakdown
finish-1             0ops        0ops/s   0.0mb/s    0.000ms/op [0.000ms - 0.000ms]
close-1              0ops        0ops/s   0.0mb/s    0.000ms/op [0.000ms - 0.000ms]
read-1               40872ops       45ops/s   5.7mb/s   22.016ms/op [0.149ms - 53.077ms]
open-1               1ops        0ops/s   0.0mb/s    9.000ms/op [9.000ms - 9.000ms]
1055.078: IO Summary: 40873 ops 45.410 ops/s 45/0 rd/wr   5.7mb/s 22.015ms/op
1055.078: Shutting down processes

Run: #2,wl_name:seq-read-1th-128k-dynamic-4k,wl_path:shared_dir/workloads-filebench/read-data-micro/seq-read-1th.f,fs:lsfs


Filebench Version 1.5-alpha3
0.000: Allocated 177MB of shared memory
0.008: Populating and pre-allocating filesets
0.009: fileset-1 populated: 1 files, avg. dir. width = 1, avg. dir. depth = -nan, 0 leafdirs, 1024.000MB total size
0.009: Removing fileset-1 tree (if exists)
0.024: Pre-allocating directories in fileset-1 tree
0.030: Pre-allocating files in fileset-1 tree
117.942: Waiting for pre-allocation to finish (in case of a parallel pre-allocation)
117.942: Population and pre-allocation of filesets completed
118.191: Attempting to create fileset more than once, ignoring
118.191: Starting 1 process-1 instances
119.746: Running...
1019.833: Run took 900 seconds...
1019.833: Per-Operation Breakdown
finish-1             0ops        0ops/s   0.0mb/s    0.000ms/op [0.000ms - 0.000ms]
close-1              0ops        0ops/s   0.0mb/s    0.000ms/op [0.000ms - 0.000ms]
read-1               44674ops       50ops/s   6.2mb/s   20.142ms/op [0.152ms - 51.489ms]
open-1               1ops        0ops/s   0.0mb/s    9.621ms/op [9.621ms - 9.621ms]
1019.833: IO Summary: 44675 ops 49.634 ops/s 50/0 rd/wr   6.2mb/s 20.142ms/op
1019.833: Shutting down processes

Run: #3,wl_name:seq-read-1th-128k-dynamic-4k,wl_path:shared_dir/workloads-filebench/read-data-micro/seq-read-1th.f,fs:lsfs


Filebench Version 1.5-alpha3
0.000: Allocated 177MB of shared memory
0.008: Populating and pre-allocating filesets
0.009: fileset-1 populated: 1 files, avg. dir. width = 1, avg. dir. depth = -nan, 0 leafdirs, 1024.000MB total size
0.009: Removing fileset-1 tree (if exists)
0.025: Pre-allocating directories in fileset-1 tree
0.031: Pre-allocating files in fileset-1 tree
114.294: Waiting for pre-allocation to finish (in case of a parallel pre-allocation)
114.294: Population and pre-allocation of filesets completed
114.534: Attempting to create fileset more than once, ignoring
114.534: Starting 1 process-1 instances
116.122: Running...
1016.210: Run took 900 seconds...
1016.210: Per-Operation Breakdown
finish-1             0ops        0ops/s   0.0mb/s    0.000ms/op [0.000ms - 0.000ms]
close-1              0ops        0ops/s   0.0mb/s    0.000ms/op [0.000ms - 0.000ms]
read-1               38848ops       43ops/s   5.4mb/s   23.163ms/op [0.157ms - 57.273ms]
open-1               1ops        0ops/s   0.0mb/s    9.149ms/op [9.149ms - 9.149ms]
1016.210: IO Summary: 38849 ops 43.161 ops/s 43/0 rd/wr   5.4mb/s 23.162ms/op
1016.210: Shutting down processes
