
Run: #1,wl_name:seq-read-1th-4k-dynamic-4k,wl_path:shared_dir/workloads-filebench/read-data-micro/seq-read-1th.f,fs:lsfs


Filebench Version 1.5-alpha3
0.000: Allocated 177MB of shared memory
0.001: Populating and pre-allocating filesets
0.002: fileset-1 populated: 1 files, avg. dir. width = 1, avg. dir. depth = -nan, 0 leafdirs, 1024.000MB total size
0.002: Removing fileset-1 tree (if exists)
0.013: Pre-allocating directories in fileset-1 tree
0.039: Pre-allocating files in fileset-1 tree
118.998: Waiting for pre-allocation to finish (in case of a parallel pre-allocation)
118.998: Population and pre-allocation of filesets completed
119.246: Attempting to create fileset more than once, ignoring
119.247: Starting 1 process-1 instances
120.748: Running...
1020.819: Run took 900 seconds...
1020.819: Per-Operation Breakdown
finish-1             0ops        0ops/s   0.0mb/s    0.000ms/op [0.000ms - 0.000ms]
close-1              0ops        0ops/s   0.0mb/s    0.000ms/op [0.000ms - 0.000ms]
read-1               4027158ops     4474ops/s  17.5mb/s    0.222ms/op [0.010ms - 8.140ms]
open-1               1ops        0ops/s   0.0mb/s    9.669ms/op [9.669ms - 9.669ms]
1020.819: IO Summary: 4027159 ops 4474.271 ops/s 4474/0 rd/wr  17.5mb/s 0.222ms/op
1020.819: Shutting down processes

Run: #2,wl_name:seq-read-1th-4k-dynamic-4k,wl_path:shared_dir/workloads-filebench/read-data-micro/seq-read-1th.f,fs:lsfs


Filebench Version 1.5-alpha3
0.000: Allocated 177MB of shared memory
0.008: Populating and pre-allocating filesets
0.008: fileset-1 populated: 1 files, avg. dir. width = 1, avg. dir. depth = -nan, 0 leafdirs, 1024.000MB total size
0.009: Removing fileset-1 tree (if exists)
0.031: Pre-allocating directories in fileset-1 tree
0.037: Pre-allocating files in fileset-1 tree
131.834: Waiting for pre-allocation to finish (in case of a parallel pre-allocation)
131.834: Population and pre-allocation of filesets completed
132.099: Attempting to create fileset more than once, ignoring
132.100: Starting 1 process-1 instances
133.644: Running...
1033.715: Run took 900 seconds...
1033.715: Per-Operation Breakdown
finish-1             0ops        0ops/s   0.0mb/s    0.000ms/op [0.000ms - 0.000ms]
close-1              0ops        0ops/s   0.0mb/s    0.000ms/op [0.000ms - 0.000ms]
read-1               4083288ops     4537ops/s  17.7mb/s    0.219ms/op [0.011ms - 8.182ms]
open-1               1ops        0ops/s   0.0mb/s    8.800ms/op [8.800ms - 8.800ms]
1033.715: IO Summary: 4083289 ops 4536.629 ops/s 4537/0 rd/wr  17.7mb/s 0.219ms/op
1033.715: Shutting down processes

Run: #3,wl_name:seq-read-1th-4k-dynamic-4k,wl_path:shared_dir/workloads-filebench/read-data-micro/seq-read-1th.f,fs:lsfs


