
Run: #1,wl_name:seq-read-1th-4k-dynamic-4k,wl_path:shared_dir/workloads-filebench/read-data-micro/seq-read-1th.f,fs:lsfs


Filebench Version 1.5-alpha3
0.000: Allocated 177MB of shared memory
0.001: Populating and pre-allocating filesets
0.003: fileset-1 populated: 1 files, avg. dir. width = 1, avg. dir. depth = -nan, 0 leafdirs, 1024.000MB total size
0.004: Removing fileset-1 tree (if exists)
0.039: Pre-allocating directories in fileset-1 tree
0.068: Pre-allocating files in fileset-1 tree
92.764: Waiting for pre-allocation to finish (in case of a parallel pre-allocation)
92.764: Population and pre-allocation of filesets completed
93.284: Attempting to create fileset more than once, ignoring
93.285: Starting 1 process-1 instances
95.201: Running...
995.266: Run took 900 seconds...
995.266: Per-Operation Breakdown
finish-1             0ops        0ops/s   0.0mb/s    0.000ms/op [0.000ms - 0.000ms]
close-1              0ops        0ops/s   0.0mb/s    0.000ms/op [0.000ms - 0.000ms]
read-1               2944252ops     3271ops/s  12.8mb/s    0.304ms/op [0.011ms - 31.978ms]
open-1               1ops        0ops/s   0.0mb/s   10.420ms/op [10.420ms - 10.420ms]
995.266: IO Summary: 2944253 ops 3271.157 ops/s 3271/0 rd/wr  12.8mb/s 0.304ms/op
995.266: Shutting down processes

Run: #2,wl_name:seq-read-1th-4k-dynamic-4k,wl_path:shared_dir/workloads-filebench/read-data-micro/seq-read-1th.f,fs:lsfs


Filebench Version 1.5-alpha3
0.000: Allocated 177MB of shared memory
0.001: Populating and pre-allocating filesets
0.003: fileset-1 populated: 1 files, avg. dir. width = 1, avg. dir. depth = -nan, 0 leafdirs, 1024.000MB total size
0.004: Removing fileset-1 tree (if exists)
0.038: Pre-allocating directories in fileset-1 tree
0.067: Pre-allocating files in fileset-1 tree
75.959: Waiting for pre-allocation to finish (in case of a parallel pre-allocation)
75.959: Population and pre-allocation of filesets completed
76.565: Attempting to create fileset more than once, ignoring
76.566: Starting 1 process-1 instances
79.757: Running...
979.820: Run took 900 seconds...
979.820: Per-Operation Breakdown
finish-1             0ops        0ops/s   0.0mb/s    0.000ms/op [0.000ms - 0.000ms]
close-1              0ops        0ops/s   0.0mb/s    0.000ms/op [0.000ms - 0.000ms]
read-1               3051618ops     3390ops/s  13.2mb/s    0.294ms/op [0.011ms - 14.939ms]
open-1               1ops        0ops/s   0.0mb/s   10.626ms/op [10.626ms - 10.626ms]
979.820: IO Summary: 3051619 ops 3390.451 ops/s 3390/0 rd/wr  13.2mb/s 0.294ms/op
979.820: Shutting down processes

Run: #3,wl_name:seq-read-1th-4k-dynamic-4k,wl_path:shared_dir/workloads-filebench/read-data-micro/seq-read-1th.f,fs:lsfs


Filebench Version 1.5-alpha3
0.000: Allocated 177MB of shared memory
0.001: Populating and pre-allocating filesets
0.003: fileset-1 populated: 1 files, avg. dir. width = 1, avg. dir. depth = -nan, 0 leafdirs, 1024.000MB total size
0.004: Removing fileset-1 tree (if exists)
0.038: Pre-allocating directories in fileset-1 tree
0.050: Pre-allocating files in fileset-1 tree
70.988: Waiting for pre-allocation to finish (in case of a parallel pre-allocation)
70.988: Population and pre-allocation of filesets completed
71.320: Attempting to create fileset more than once, ignoring
71.320: Starting 1 process-1 instances
73.378: Running...
973.438: Run took 900 seconds...
973.438: Per-Operation Breakdown
finish-1             0ops        0ops/s   0.0mb/s    0.000ms/op [0.000ms - 0.000ms]
close-1              0ops        0ops/s   0.0mb/s    0.000ms/op [0.000ms - 0.000ms]
read-1               3118871ops     3465ops/s  13.5mb/s    0.287ms/op [0.012ms - 13.727ms]
open-1               1ops        0ops/s   0.0mb/s    9.616ms/op [9.616ms - 9.616ms]
973.438: IO Summary: 3118872 ops 3465.183 ops/s 3465/0 rd/wr  13.5mb/s 0.287ms/op
973.438: Shutting down processes
