
Run: #1,wl_name:rand-read-1th-4k-dynamic-4k,wl_path:shared_dir/workloads-filebench/read-data-micro/rand-read-1th.f,fs:lsfs


Filebench Version 1.5-alpha3
0.000: Allocated 177MB of shared memory
0.001: Populating and pre-allocating filesets
0.002: fileset-1 populated: 1 files, avg. dir. width = 1, avg. dir. depth = -nan, 0 leafdirs, 1024.000MB total size
0.003: Removing fileset-1 tree (if exists)
0.038: Pre-allocating directories in fileset-1 tree
0.065: Pre-allocating files in fileset-1 tree
99.942: Waiting for pre-allocation to finish (in case of a parallel pre-allocation)
99.942: Population and pre-allocation of filesets completed
100.276: Attempting to create fileset more than once, ignoring
100.277: Starting 1 process-1 instances
102.092: Running...
1002.153: Run took 900 seconds...
1002.153: Per-Operation Breakdown
finish-1             0ops        0ops/s   0.0mb/s    0.000ms/op [0.000ms - 0.000ms]
close-1              0ops        0ops/s   0.0mb/s    0.000ms/op [0.000ms - 0.000ms]
read-1               2993153ops     3326ops/s  13.0mb/s    0.299ms/op [0.170ms - 15.631ms]
open-1               1ops        0ops/s   0.0mb/s    8.573ms/op [8.573ms - 8.573ms]
1002.153: IO Summary: 2993154 ops 3325.502 ops/s 3326/0 rd/wr  13.0mb/s 0.299ms/op
1002.153: Shutting down processes

Run: #2,wl_name:rand-read-1th-4k-dynamic-4k,wl_path:shared_dir/workloads-filebench/read-data-micro/rand-read-1th.f,fs:lsfs


Filebench Version 1.5-alpha3
0.000: Allocated 177MB of shared memory
0.001: Populating and pre-allocating filesets
0.003: fileset-1 populated: 1 files, avg. dir. width = 1, avg. dir. depth = -nan, 0 leafdirs, 1024.000MB total size
0.004: Removing fileset-1 tree (if exists)
0.045: Pre-allocating directories in fileset-1 tree
0.073: Pre-allocating files in fileset-1 tree
77.193: Waiting for pre-allocation to finish (in case of a parallel pre-allocation)
77.193: Population and pre-allocation of filesets completed
77.727: Attempting to create fileset more than once, ignoring
77.727: Starting 1 process-1 instances
79.666: Running...
979.731: Run took 900 seconds...
979.731: Per-Operation Breakdown
finish-1             0ops        0ops/s   0.0mb/s    0.000ms/op [0.000ms - 0.000ms]
close-1              0ops        0ops/s   0.0mb/s    0.000ms/op [0.000ms - 0.000ms]
read-1               2684339ops     2982ops/s  11.6mb/s    0.334ms/op [0.172ms - 31.966ms]
open-1               1ops        0ops/s   0.0mb/s    9.634ms/op [9.634ms - 9.634ms]
979.731: IO Summary: 2684340 ops 2982.386 ops/s 2982/0 rd/wr  11.6mb/s 0.334ms/op
979.731: Shutting down processes

Run: #3,wl_name:rand-read-1th-4k-dynamic-4k,wl_path:shared_dir/workloads-filebench/read-data-micro/rand-read-1th.f,fs:lsfs


Filebench Version 1.5-alpha3
0.000: Allocated 177MB of shared memory
0.001: Populating and pre-allocating filesets
0.003: fileset-1 populated: 1 files, avg. dir. width = 1, avg. dir. depth = -nan, 0 leafdirs, 1024.000MB total size
0.004: Removing fileset-1 tree (if exists)
0.043: Pre-allocating directories in fileset-1 tree
0.071: Pre-allocating files in fileset-1 tree
118.644: Waiting for pre-allocation to finish (in case of a parallel pre-allocation)
118.644: Population and pre-allocation of filesets completed
118.956: Attempting to create fileset more than once, ignoring
118.956: Starting 1 process-1 instances
120.792: Running...
1020.861: Run took 900 seconds...
1020.861: Per-Operation Breakdown
finish-1             0ops        0ops/s   0.0mb/s    0.000ms/op [0.000ms - 0.000ms]
close-1              0ops        0ops/s   0.0mb/s    0.000ms/op [0.000ms - 0.000ms]
read-1               2857445ops     3175ops/s  12.4mb/s    0.313ms/op [0.172ms - 15.512ms]
open-1               1ops        0ops/s   0.0mb/s   11.032ms/op [11.032ms - 11.032ms]
1020.861: IO Summary: 2857446 ops 3174.696 ops/s 3175/0 rd/wr  12.4mb/s 0.313ms/op
1020.861: Shutting down processes
