
Run: #1,wl_name:seq-write-1th-4k-dynamic-4k,wl_path:shared_dir/workloads-filebench/write-data-micro/seq-write-1th.f,fs:lsfs


Filebench Version 1.5-alpha3
0.000: Allocated 177MB of shared memory
0.001: Populating and pre-allocating filesets
0.002: fileset-1 populated: 1 files, avg. dir. width = 1, avg. dir. depth = -nan, 0 leafdirs, 1024.000MB total size
0.002: Removing fileset-1 tree (if exists)
0.004: Pre-allocating directories in fileset-1 tree
0.010: Pre-allocating files in fileset-1 tree
0.010: Waiting for pre-allocation to finish (in case of a parallel pre-allocation)
0.010: Population and pre-allocation of filesets completed
1.044: Attempting to create fileset more than once, ignoring
1.045: Starting 1 process-1 instances
2.441: Running...
902.496: Run took 900 seconds...
902.496: Per-Operation Breakdown
finish-1             0ops        0ops/s   0.0mb/s    0.000ms/op [0.000ms - 0.000ms]
close-1              0ops        0ops/s   0.0mb/s    0.000ms/op [0.000ms - 0.000ms]
write-1              9379719ops    10421ops/s  40.7mb/s    0.095ms/op [0.071ms - 5.725ms]
create-1             1ops        0ops/s   0.0mb/s   13.822ms/op [13.822ms - 13.822ms]
902.496: IO Summary: 9379720 ops 10421.274 ops/s 0/10421 rd/wr  40.7mb/s 0.095ms/op
902.496: Shutting down processes

Run: #2,wl_name:seq-write-1th-4k-dynamic-4k,wl_path:shared_dir/workloads-filebench/write-data-micro/seq-write-1th.f,fs:lsfs


Filebench Version 1.5-alpha3
0.000: Allocated 177MB of shared memory
0.008: Populating and pre-allocating filesets
0.009: fileset-1 populated: 1 files, avg. dir. width = 1, avg. dir. depth = -nan, 0 leafdirs, 1024.000MB total size
0.009: Removing fileset-1 tree (if exists)
0.027: Pre-allocating directories in fileset-1 tree
0.032: Pre-allocating files in fileset-1 tree
0.032: Waiting for pre-allocation to finish (in case of a parallel pre-allocation)
0.032: Population and pre-allocation of filesets completed
0.831: Attempting to create fileset more than once, ignoring
0.831: Starting 1 process-1 instances
2.350: Running...
902.402: Run took 900 seconds...
902.402: Per-Operation Breakdown
finish-1             0ops        0ops/s   0.0mb/s    0.000ms/op [0.000ms - 0.000ms]
close-1              0ops        0ops/s   0.0mb/s    0.000ms/op [0.000ms - 0.000ms]
write-1              10720702ops    11911ops/s  46.5mb/s    0.083ms/op [0.071ms - 1.930ms]
create-1             1ops        0ops/s   0.0mb/s   13.948ms/op [13.948ms - 13.948ms]
902.402: IO Summary: 10720703 ops 11911.198 ops/s 0/11911 rd/wr  46.5mb/s 0.083ms/op
902.402: Shutting down processes

Run: #3,wl_name:seq-write-1th-4k-dynamic-4k,wl_path:shared_dir/workloads-filebench/write-data-micro/seq-write-1th.f,fs:lsfs


