
Run: #1,wl_name:seq-write-1th-4k-smart-4k,wl_path:shared_dir/workloads-filebench/write-data-micro/seq-write-1th.f,fs:lsfs


Filebench Version 1.5-alpha3
0.000: Allocated 177MB of shared memory
0.001: Populating and pre-allocating filesets
0.002: fileset-1 populated: 1 files, avg. dir. width = 1, avg. dir. depth = -nan, 0 leafdirs, 1024.000MB total size
0.003: Removing fileset-1 tree (if exists)
0.006: Pre-allocating directories in fileset-1 tree
0.011: Pre-allocating files in fileset-1 tree
0.011: Waiting for pre-allocation to finish (in case of a parallel pre-allocation)
0.011: Population and pre-allocation of filesets completed
0.082: Attempting to create fileset more than once, ignoring
0.083: Starting 1 process-1 instances
1.095: Running...
901.148: Run took 900 seconds...
901.148: Per-Operation Breakdown
finish-1             0ops        0ops/s   0.0mb/s    0.000ms/op [0.000ms - 0.000ms]
close-1              0ops        0ops/s   0.0mb/s    0.000ms/op [0.000ms - 0.000ms]
write-1              2192690ops     2436ops/s   9.5mb/s    0.409ms/op [0.118ms - 17.626ms]
create-1             1ops        0ops/s   0.0mb/s    2.876ms/op [2.876ms - 2.876ms]
901.148: IO Summary: 2192691 ops 2436.180 ops/s 0/2436 rd/wr   9.5mb/s 0.409ms/op
901.148: Shutting down processes

Run: #2,wl_name:seq-write-1th-4k-smart-4k,wl_path:shared_dir/workloads-filebench/write-data-micro/seq-write-1th.f,fs:lsfs


Filebench Version 1.5-alpha3
0.000: Allocated 177MB of shared memory
0.001: Populating and pre-allocating filesets
0.002: fileset-1 populated: 1 files, avg. dir. width = 1, avg. dir. depth = -nan, 0 leafdirs, 1024.000MB total size
0.003: Removing fileset-1 tree (if exists)
0.005: Pre-allocating directories in fileset-1 tree
0.011: Pre-allocating files in fileset-1 tree
0.011: Waiting for pre-allocation to finish (in case of a parallel pre-allocation)
0.011: Population and pre-allocation of filesets completed
0.072: Attempting to create fileset more than once, ignoring
0.072: Starting 1 process-1 instances
1.084: Running...
901.137: Run took 900 seconds...
901.137: Per-Operation Breakdown
finish-1             0ops        0ops/s   0.0mb/s    0.000ms/op [0.000ms - 0.000ms]
close-1              0ops        0ops/s   0.0mb/s    0.000ms/op [0.000ms - 0.000ms]
write-1              2141466ops     2379ops/s   9.3mb/s    0.419ms/op [0.118ms - 15.845ms]
create-1             1ops        0ops/s   0.0mb/s    2.271ms/op [2.271ms - 2.271ms]
901.138: IO Summary: 2141467 ops 2379.268 ops/s 0/2379 rd/wr   9.3mb/s 0.419ms/op
901.138: Shutting down processes

Run: #3,wl_name:seq-write-1th-4k-smart-4k,wl_path:shared_dir/workloads-filebench/write-data-micro/seq-write-1th.f,fs:lsfs


Filebench Version 1.5-alpha3
0.000: Allocated 177MB of shared memory
0.001: Populating and pre-allocating filesets
0.002: fileset-1 populated: 1 files, avg. dir. width = 1, avg. dir. depth = -nan, 0 leafdirs, 1024.000MB total size
0.003: Removing fileset-1 tree (if exists)
0.006: Pre-allocating directories in fileset-1 tree
0.011: Pre-allocating files in fileset-1 tree
0.011: Waiting for pre-allocation to finish (in case of a parallel pre-allocation)
0.011: Population and pre-allocation of filesets completed
0.075: Attempting to create fileset more than once, ignoring
0.075: Starting 1 process-1 instances
1.088: Running...
901.141: Run took 900 seconds...
901.141: Per-Operation Breakdown
finish-1             0ops        0ops/s   0.0mb/s    0.000ms/op [0.000ms - 0.000ms]
close-1              0ops        0ops/s   0.0mb/s    0.000ms/op [0.000ms - 0.000ms]
write-1              2118747ops     2354ops/s   9.2mb/s    0.424ms/op [0.118ms - 16.034ms]
create-1             1ops        0ops/s   0.0mb/s    3.304ms/op [3.304ms - 3.304ms]
901.141: IO Summary: 2118748 ops 2354.025 ops/s 0/2354 rd/wr   9.2mb/s 0.424ms/op
901.141: Shutting down processes
