
Run: #1,wl_name:seq-write-1th-128k-smart-32k,wl_path:shared_dir/workloads-filebench/write-data-micro/seq-write-1th.f,fs:lsfs


Filebench Version 1.5-alpha3
0.000: Allocated 177MB of shared memory
0.001: Populating and pre-allocating filesets
0.002: fileset-1 populated: 1 files, avg. dir. width = 1, avg. dir. depth = -nan, 0 leafdirs, 1024.000MB total size
0.003: Removing fileset-1 tree (if exists)
0.011: Pre-allocating directories in fileset-1 tree
0.017: Pre-allocating files in fileset-1 tree
0.017: Waiting for pre-allocation to finish (in case of a parallel pre-allocation)
0.017: Population and pre-allocation of filesets completed
0.090: Attempting to create fileset more than once, ignoring
0.090: Starting 1 process-1 instances
1.103: Running...
901.155: Run took 900 seconds...
901.155: Per-Operation Breakdown
finish-1             0ops        0ops/s   0.0mb/s    0.000ms/op [0.000ms - 0.000ms]
close-1              0ops        0ops/s   0.0mb/s    0.000ms/op [0.000ms - 0.000ms]
write-1              353300ops      393ops/s  49.1mb/s    2.546ms/op [1.858ms - 44.675ms]
create-1             1ops        0ops/s   0.0mb/s    2.945ms/op [2.945ms - 2.945ms]
901.155: IO Summary: 353301 ops 392.534 ops/s 0/393 rd/wr  49.1mb/s 2.546ms/op
901.155: Shutting down processes

Run: #2,wl_name:seq-write-1th-128k-smart-32k,wl_path:shared_dir/workloads-filebench/write-data-micro/seq-write-1th.f,fs:lsfs


Filebench Version 1.5-alpha3
0.000: Allocated 177MB of shared memory
0.001: Populating and pre-allocating filesets
0.002: fileset-1 populated: 1 files, avg. dir. width = 1, avg. dir. depth = -nan, 0 leafdirs, 1024.000MB total size
0.003: Removing fileset-1 tree (if exists)
0.005: Pre-allocating directories in fileset-1 tree
0.012: Pre-allocating files in fileset-1 tree
0.012: Waiting for pre-allocation to finish (in case of a parallel pre-allocation)
0.012: Population and pre-allocation of filesets completed
0.121: Attempting to create fileset more than once, ignoring
0.122: Starting 1 process-1 instances
1.133: Running...
901.185: Run took 900 seconds...
901.185: Per-Operation Breakdown
finish-1             0ops        0ops/s   0.0mb/s    0.000ms/op [0.000ms - 0.000ms]
close-1              0ops        0ops/s   0.0mb/s    0.000ms/op [0.000ms - 0.000ms]
write-1              349320ops      388ops/s  48.5mb/s    2.575ms/op [1.884ms - 71.846ms]
create-1             1ops        0ops/s   0.0mb/s    2.742ms/op [2.742ms - 2.742ms]
901.185: IO Summary: 349321 ops 388.112 ops/s 0/388 rd/wr  48.5mb/s 2.575ms/op
901.185: Shutting down processes

Run: #3,wl_name:seq-write-1th-128k-smart-32k,wl_path:shared_dir/workloads-filebench/write-data-micro/seq-write-1th.f,fs:lsfs


Filebench Version 1.5-alpha3
0.000: Allocated 177MB of shared memory
0.001: Populating and pre-allocating filesets
3.125: fileset-1 populated: 1 files, avg. dir. width = 1, avg. dir. depth = -nan, 0 leafdirs, 1024.000MB total size
3.126: Removing fileset-1 tree (if exists)
3.129: Pre-allocating directories in fileset-1 tree
3.134: Pre-allocating files in fileset-1 tree
3.134: Waiting for pre-allocation to finish (in case of a parallel pre-allocation)
3.134: Population and pre-allocation of filesets completed
3.235: Attempting to create fileset more than once, ignoring
3.235: Starting 1 process-1 instances
4.248: Running...
904.301: Run took 900 seconds...
904.301: Per-Operation Breakdown
finish-1             0ops        0ops/s   0.0mb/s    0.000ms/op [0.000ms - 0.000ms]
close-1              0ops        0ops/s   0.0mb/s    0.000ms/op [0.000ms - 0.000ms]
write-1              327552ops      364ops/s  45.5mb/s    2.746ms/op [1.912ms - 84.711ms]
create-1             1ops        0ops/s   0.0mb/s    3.157ms/op [3.157ms - 3.157ms]
904.301: IO Summary: 327553 ops 363.927 ops/s 0/364 rd/wr  45.5mb/s 2.746ms/op
904.301: Shutting down processes