
Run: #1,wl_name:seq-write-1th-128k-smart-4k,wl_path:shared_dir/workloads-filebench/write-data-micro/seq-write-1th.f,fs:lsfs



Run: #2,wl_name:seq-write-1th-128k-smart-4k,wl_path:shared_dir/workloads-filebench/write-data-micro/seq-write-1th.f,fs:lsfs


Filebench Version 1.5-alpha3
0.000: Allocated 177MB of shared memory
0.001: Populating and pre-allocating filesets
0.002: fileset-1 populated: 1 files, avg. dir. width = 1, avg. dir. depth = -nan, 0 leafdirs, 1024.000MB total size
0.003: Removing fileset-1 tree (if exists)
0.005: Pre-allocating directories in fileset-1 tree
0.012: Pre-allocating files in fileset-1 tree
0.012: Waiting for pre-allocation to finish (in case of a parallel pre-allocation)
0.012: Population and pre-allocation of filesets completed
0.084: Attempting to create fileset more than once, ignoring
0.084: Starting 1 process-1 instances
1.096: Running...
901.152: Run took 900 seconds...
901.152: Per-Operation Breakdown
finish-1             0ops        0ops/s   0.0mb/s    0.000ms/op [0.000ms - 0.000ms]
close-1              0ops        0ops/s   0.0mb/s    0.000ms/op [0.000ms - 0.000ms]
write-1              54320ops       60ops/s   7.5mb/s   16.567ms/op [6.485ms - 33.203ms]
create-1             1ops        0ops/s   0.0mb/s    3.243ms/op [3.243ms - 3.243ms]
901.152: IO Summary: 54321 ops 60.353 ops/s 0/60 rd/wr   7.5mb/s 16.567ms/op
901.152: Shutting down processes

Run: #3,wl_name:seq-write-1th-128k-smart-4k,wl_path:shared_dir/workloads-filebench/write-data-micro/seq-write-1th.f,fs:lsfs


Filebench Version 1.5-alpha3
0.000: Allocated 177MB of shared memory
0.001: Populating and pre-allocating filesets
0.002: fileset-1 populated: 1 files, avg. dir. width = 1, avg. dir. depth = -nan, 0 leafdirs, 1024.000MB total size
0.003: Removing fileset-1 tree (if exists)
0.006: Pre-allocating directories in fileset-1 tree
0.011: Pre-allocating files in fileset-1 tree
0.011: Waiting for pre-allocation to finish (in case of a parallel pre-allocation)
0.011: Population and pre-allocation of filesets completed
0.152: Attempting to create fileset more than once, ignoring
0.152: Starting 1 process-1 instances
1.164: Running...
901.218: Run took 900 seconds...
901.218: Per-Operation Breakdown
finish-1             0ops        0ops/s   0.0mb/s    0.000ms/op [0.000ms - 0.000ms]
close-1              0ops        0ops/s   0.0mb/s    0.000ms/op [0.000ms - 0.000ms]
write-1              67247ops       75ops/s   9.3mb/s   13.382ms/op [5.719ms - 37.752ms]
create-1             1ops        0ops/s   0.0mb/s    3.334ms/op [3.334ms - 3.334ms]
901.218: IO Summary: 67248 ops 74.716 ops/s 0/75 rd/wr   9.3mb/s 13.382ms/op
901.218: Shutting down processes
