
Run: #1,wl_name:seq-write-1th-128k-smart-128k,wl_path:shared_dir/workloads-filebench/write-data-micro/seq-write-1th.f,fs:lsfs


Filebench Version 1.5-alpha3
0.000: Allocated 177MB of shared memory
0.002: Populating and pre-allocating filesets
0.003: fileset-1 populated: 1 files, avg. dir. width = 1, avg. dir. depth = -nan, 0 leafdirs, 1024.000MB total size
0.004: Removing fileset-1 tree (if exists)
0.006: Pre-allocating directories in fileset-1 tree
0.013: Pre-allocating files in fileset-1 tree
0.013: Waiting for pre-allocation to finish (in case of a parallel pre-allocation)
0.013: Population and pre-allocation of filesets completed
0.271: Attempting to create fileset more than once, ignoring
0.271: Starting 1 process-1 instances
1.286: Running...
901.370: Run took 900 seconds...
901.370: Per-Operation Breakdown
finish-1             0ops        0ops/s   0.0mb/s    0.000ms/op [0.000ms - 0.000ms]
close-1              0ops        0ops/s   0.0mb/s    0.000ms/op [0.000ms - 0.000ms]
write-1              257794ops      286ops/s  35.8mb/s    3.490ms/op [1.393ms - 2007.985ms]
create-1             1ops        0ops/s   0.0mb/s    3.512ms/op [3.512ms - 3.512ms]
901.370: IO Summary: 257795 ops 286.412 ops/s 0/286 rd/wr  35.8mb/s 3.490ms/op
901.370: Shutting down processes

Run: #2,wl_name:seq-write-1th-128k-smart-128k,wl_path:shared_dir/workloads-filebench/write-data-micro/seq-write-1th.f,fs:lsfs


Filebench Version 1.5-alpha3
0.000: Allocated 177MB of shared memory
0.002: Populating and pre-allocating filesets
0.003: fileset-1 populated: 1 files, avg. dir. width = 1, avg. dir. depth = -nan, 0 leafdirs, 1024.000MB total size
0.003: Removing fileset-1 tree (if exists)
0.004: Pre-allocating directories in fileset-1 tree
0.008: Pre-allocating files in fileset-1 tree
0.008: Waiting for pre-allocation to finish (in case of a parallel pre-allocation)
0.008: Population and pre-allocation of filesets completed
0.089: Attempting to create fileset more than once, ignoring
0.089: Starting 1 process-1 instances
1.105: Running...
901.185: Run took 900 seconds...
901.186: Per-Operation Breakdown
finish-1             0ops        0ops/s   0.0mb/s    0.000ms/op [0.000ms - 0.000ms]
close-1              0ops        0ops/s   0.0mb/s    0.000ms/op [0.000ms - 0.000ms]
write-1              265605ops      295ops/s  36.9mb/s    3.385ms/op [1.395ms - 2005.922ms]
create-1             1ops        0ops/s   0.0mb/s    1.664ms/op [1.664ms - 1.664ms]
901.186: IO Summary: 265606 ops 295.091 ops/s 0/295 rd/wr  36.9mb/s 3.385ms/op
901.186: Shutting down processes

Run: #3,wl_name:seq-write-1th-128k-smart-128k,wl_path:shared_dir/workloads-filebench/write-data-micro/seq-write-1th.f,fs:lsfs


Filebench Version 1.5-alpha3
0.000: Allocated 177MB of shared memory
0.001: Populating and pre-allocating filesets
0.002: fileset-1 populated: 1 files, avg. dir. width = 1, avg. dir. depth = -nan, 0 leafdirs, 1024.000MB total size
0.003: Removing fileset-1 tree (if exists)
0.011: Pre-allocating directories in fileset-1 tree
0.019: Pre-allocating files in fileset-1 tree
0.019: Waiting for pre-allocation to finish (in case of a parallel pre-allocation)
0.019: Population and pre-allocation of filesets completed
0.158: Attempting to create fileset more than once, ignoring
0.158: Starting 1 process-1 instances
1.171: Running...
901.250: Run took 900 seconds...
901.250: Per-Operation Breakdown
finish-1             0ops        0ops/s   0.0mb/s    0.000ms/op [0.000ms - 0.000ms]
close-1              0ops        0ops/s   0.0mb/s    0.000ms/op [0.000ms - 0.000ms]
write-1              285602ops      317ops/s  39.7mb/s    3.148ms/op [1.405ms - 2011.788ms]
create-1             1ops        0ops/s   0.0mb/s    3.399ms/op [3.399ms - 3.399ms]
901.250: IO Summary: 285603 ops 317.309 ops/s 0/317 rd/wr  39.7mb/s 3.148ms/op
901.250: Shutting down processes
