
Run: #1,wl_name:seq-read-1th-128k-dynamic-4k,wl_path:shared_dir/workloads-filebench/read-data-micro/seq-read-1th.f,fs:lsfs


Filebench Version 1.5-alpha3
0.000: Allocated 177MB of shared memory
0.001: Populating and pre-allocating filesets
0.004: fileset-1 populated: 1 files, avg. dir. width = 1, avg. dir. depth = -nan, 0 leafdirs, 1024.000MB total size
0.006: Reusing existing fileset-1 tree
0.006: Pre-allocating files in fileset-1 tree
0.016: Waiting for pre-allocation to finish (in case of a parallel pre-allocation)
0.016: Population and pre-allocation of filesets completed
1.297: Attempting to create fileset more than once, ignoring
1.297: Starting 1 process-1 instances
4.077: Running...
904.151: Run took 900 seconds...
904.151: Per-Operation Breakdown
finish-1             0ops        0ops/s   0.0mb/s    0.000ms/op [0.000ms - 0.000ms]
close-1              0ops        0ops/s   0.0mb/s    0.000ms/op [0.000ms - 0.000ms]
read-1               70514ops       78ops/s   9.8mb/s   12.761ms/op [0.050ms - 65.926ms]
open-1               1ops        0ops/s   0.0mb/s   11.145ms/op [11.145ms - 11.145ms]
904.151: IO Summary: 70515 ops 78.344 ops/s 78/0 rd/wr   9.8mb/s 12.761ms/op
904.151: Shutting down processes

Run: #2,wl_name:seq-read-1th-128k-dynamic-4k,wl_path:shared_dir/workloads-filebench/read-data-micro/seq-read-1th.f,fs:lsfs


Filebench Version 1.5-alpha3
0.000: Allocated 177MB of shared memory
0.008: Populating and pre-allocating filesets
0.011: fileset-1 populated: 1 files, avg. dir. width = 1, avg. dir. depth = -nan, 0 leafdirs, 1024.000MB total size
0.013: Reusing existing fileset-1 tree
0.013: Pre-allocating files in fileset-1 tree
0.025: Waiting for pre-allocation to finish (in case of a parallel pre-allocation)
0.025: Population and pre-allocation of filesets completed
1.989: Attempting to create fileset more than once, ignoring
1.990: Starting 1 process-1 instances
4.021: Running...
904.096: Run took 900 seconds...
904.096: Per-Operation Breakdown
finish-1             0ops        0ops/s   0.0mb/s    0.000ms/op [0.000ms - 0.000ms]
close-1              0ops        0ops/s   0.0mb/s    0.000ms/op [0.000ms - 0.000ms]
read-1               71115ops       79ops/s   9.9mb/s   12.653ms/op [0.016ms - 64.860ms]
open-1               1ops        0ops/s   0.0mb/s   10.460ms/op [10.460ms - 10.460ms]
904.096: IO Summary: 71116 ops 79.011 ops/s 79/0 rd/wr   9.9mb/s 12.653ms/op
904.096: Shutting down processes

Run: #3,wl_name:seq-read-1th-128k-dynamic-4k,wl_path:shared_dir/workloads-filebench/read-data-micro/seq-read-1th.f,fs:lsfs


Filebench Version 1.5-alpha3
0.000: Allocated 177MB of shared memory
0.008: Populating and pre-allocating filesets
0.010: fileset-1 populated: 1 files, avg. dir. width = 1, avg. dir. depth = -nan, 0 leafdirs, 1024.000MB total size
0.011: Reusing existing fileset-1 tree
0.011: Pre-allocating files in fileset-1 tree
0.020: Waiting for pre-allocation to finish (in case of a parallel pre-allocation)
0.020: Population and pre-allocation of filesets completed
1.178: Attempting to create fileset more than once, ignoring
1.178: Starting 1 process-1 instances
3.226: Running...
903.304: Run took 900 seconds...
903.304: Per-Operation Breakdown
finish-1             0ops        0ops/s   0.0mb/s    0.000ms/op [0.000ms - 0.000ms]
close-1              0ops        0ops/s   0.0mb/s    0.000ms/op [0.000ms - 0.000ms]
read-1               70052ops       78ops/s   9.7mb/s   12.845ms/op [0.016ms - 55.036ms]
open-1               1ops        0ops/s   0.0mb/s    9.854ms/op [9.854ms - 9.854ms]
903.304: IO Summary: 70053 ops 77.830 ops/s 78/0 rd/wr   9.7mb/s 12.845ms/op
903.304: Shutting down processes
