
Run: #1,wl_name:rand-read-1th-128k-dynamic-4k,wl_path:shared_dir/workloads-filebench/read-data-micro/rand-read-1th.f,fs:lsfs


Filebench Version 1.5-alpha3
0.000: Allocated 177MB of shared memory
0.001: Populating and pre-allocating filesets
0.004: fileset-1 populated: 1 files, avg. dir. width = 1, avg. dir. depth = -nan, 0 leafdirs, 1024.000MB total size
0.007: Reusing existing fileset-1 tree
0.007: Pre-allocating files in fileset-1 tree
0.017: Waiting for pre-allocation to finish (in case of a parallel pre-allocation)
0.017: Population and pre-allocation of filesets completed
1.496: Attempting to create fileset more than once, ignoring
1.496: Starting 1 process-1 instances
3.302: Running...
903.379: Run took 900 seconds...
903.379: Per-Operation Breakdown
finish-1             0ops        0ops/s   0.0mb/s    0.000ms/op [0.000ms - 0.000ms]
close-1              0ops        0ops/s   0.0mb/s    0.000ms/op [0.000ms - 0.000ms]
read-1               66351ops       74ops/s   9.2mb/s   13.562ms/op [5.892ms - 53.038ms]
open-1               1ops        0ops/s   0.0mb/s    9.403ms/op [9.403ms - 9.403ms]
903.380: IO Summary: 66352 ops 73.718 ops/s 74/0 rd/wr   9.2mb/s 13.561ms/op
903.380: Shutting down processes

Run: #2,wl_name:rand-read-1th-128k-dynamic-4k,wl_path:shared_dir/workloads-filebench/read-data-micro/rand-read-1th.f,fs:lsfs


Filebench Version 1.5-alpha3
0.000: Allocated 177MB of shared memory
0.008: Populating and pre-allocating filesets
0.010: fileset-1 populated: 1 files, avg. dir. width = 1, avg. dir. depth = -nan, 0 leafdirs, 1024.000MB total size
0.013: Reusing existing fileset-1 tree
0.013: Pre-allocating files in fileset-1 tree
0.024: Waiting for pre-allocation to finish (in case of a parallel pre-allocation)
0.024: Population and pre-allocation of filesets completed
1.360: Attempting to create fileset more than once, ignoring
1.361: Starting 1 process-1 instances
3.163: Running...
903.241: Run took 900 seconds...
903.241: Per-Operation Breakdown
finish-1             0ops        0ops/s   0.0mb/s    0.000ms/op [0.000ms - 0.000ms]
close-1              0ops        0ops/s   0.0mb/s    0.000ms/op [0.000ms - 0.000ms]
read-1               70707ops       79ops/s   9.8mb/s   12.726ms/op [5.754ms - 44.319ms]
open-1               1ops        0ops/s   0.0mb/s   11.322ms/op [11.322ms - 11.322ms]
903.241: IO Summary: 70708 ops 78.558 ops/s 79/0 rd/wr   9.8mb/s 12.726ms/op
903.241: Shutting down processes

Run: #3,wl_name:rand-read-1th-128k-dynamic-4k,wl_path:shared_dir/workloads-filebench/read-data-micro/rand-read-1th.f,fs:lsfs


Filebench Version 1.5-alpha3
0.000: Allocated 177MB of shared memory
0.008: Populating and pre-allocating filesets
0.010: fileset-1 populated: 1 files, avg. dir. width = 1, avg. dir. depth = -nan, 0 leafdirs, 1024.000MB total size
0.012: Reusing existing fileset-1 tree
0.012: Pre-allocating files in fileset-1 tree
0.027: Waiting for pre-allocation to finish (in case of a parallel pre-allocation)
0.027: Population and pre-allocation of filesets completed
1.055: Attempting to create fileset more than once, ignoring
1.055: Starting 1 process-1 instances
2.896: Running...
902.971: Run took 900 seconds...
902.971: Per-Operation Breakdown
finish-1             0ops        0ops/s   0.0mb/s    0.000ms/op [0.000ms - 0.000ms]
close-1              0ops        0ops/s   0.0mb/s    0.000ms/op [0.000ms - 0.000ms]
read-1               68531ops       76ops/s   9.5mb/s   13.130ms/op [5.763ms - 59.740ms]
open-1               1ops        0ops/s   0.0mb/s   11.401ms/op [11.401ms - 11.401ms]
902.971: IO Summary: 68532 ops 76.140 ops/s 76/0 rd/wr   9.5mb/s 13.130ms/op
902.971: Shutting down processes
