
Run: #1,wl_name:seq-read-1th-4k-dynamic-4k,wl_path:shared_dir/workloads-filebench/read-data-micro/seq-read-1th.f,fs:lsfs


Filebench Version 1.5-alpha3
0.000: Allocated 177MB of shared memory
0.001: Populating and pre-allocating filesets
0.002: fileset-1 populated: 1 files, avg. dir. width = 1, avg. dir. depth = -nan, 0 leafdirs, 1024.000MB total size
0.003: Removing fileset-1 tree (if exists)
0.007: Pre-allocating directories in fileset-1 tree
0.013: Pre-allocating files in fileset-1 tree
75.342: Waiting for pre-allocation to finish (in case of a parallel pre-allocation)
75.342: Population and pre-allocation of filesets completed
75.578: Attempting to create fileset more than once, ignoring
75.578: Starting 1 process-1 instances
77.087: Running...
977.145: Run took 900 seconds...
977.146: Per-Operation Breakdown
finish-1             0ops        0ops/s   0.0mb/s    0.000ms/op [0.000ms - 0.000ms]
close-1              0ops        0ops/s   0.0mb/s    0.000ms/op [0.000ms - 0.000ms]
read-1               9309900ops    10344ops/s  40.4mb/s    0.096ms/op [0.010ms - 18.872ms]
open-1               1ops        0ops/s   0.0mb/s    9.589ms/op [9.589ms - 9.589ms]
977.146: IO Summary: 9309901 ops 10343.663 ops/s 10344/0 rd/wr  40.4mb/s 0.096ms/op
977.146: Shutting down processes

Run: #2,wl_name:seq-read-1th-4k-dynamic-4k,wl_path:shared_dir/workloads-filebench/read-data-micro/seq-read-1th.f,fs:lsfs


Filebench Version 1.5-alpha3
0.000: Allocated 177MB of shared memory
0.008: Populating and pre-allocating filesets
0.009: fileset-1 populated: 1 files, avg. dir. width = 1, avg. dir. depth = -nan, 0 leafdirs, 1024.000MB total size
0.009: Removing fileset-1 tree (if exists)
0.029: Pre-allocating directories in fileset-1 tree
0.054: Pre-allocating files in fileset-1 tree
114.064: Waiting for pre-allocation to finish (in case of a parallel pre-allocation)
114.064: Population and pre-allocation of filesets completed
114.338: Attempting to create fileset more than once, ignoring
114.338: Starting 1 process-1 instances
115.878: Running...
1015.940: Run took 900 seconds...
1015.941: Per-Operation Breakdown
finish-1             0ops        0ops/s   0.0mb/s    0.000ms/op [0.000ms - 0.000ms]
close-1              0ops        0ops/s   0.0mb/s    0.000ms/op [0.000ms - 0.000ms]
read-1               7696839ops     8551ops/s  33.4mb/s    0.116ms/op [0.010ms - 8.019ms]
open-1               1ops        0ops/s   0.0mb/s    8.834ms/op [8.834ms - 8.834ms]
1015.941: IO Summary: 7696840 ops 8551.453 ops/s 8551/0 rd/wr  33.4mb/s 0.116ms/op
1015.941: Shutting down processes
