
Run: #1,wl_name:seq-write-1th-128k-dynamic-4k,wl_path:shared_dir/workloads-filebench/write-data-micro/seq-write-1th.f,fs:lsfs


Filebench Version 1.5-alpha3
0.000: Allocated 177MB of shared memory
0.001: Populating and pre-allocating filesets
0.003: fileset-1 populated: 1 files, avg. dir. width = 1, avg. dir. depth = -nan, 0 leafdirs, 1024.000MB total size
0.004: Removing fileset-1 tree (if exists)
0.035: Pre-allocating directories in fileset-1 tree
0.039: Pre-allocating files in fileset-1 tree
0.039: Waiting for pre-allocation to finish (in case of a parallel pre-allocation)
0.039: Population and pre-allocation of filesets completed
1.258: Attempting to create fileset more than once, ignoring
1.258: Starting 1 process-1 instances
2.776: Running...
4.776: Run took 2 seconds...
4.776: Shutting down processes

Run: #2,wl_name:seq-write-1th-128k-dynamic-4k,wl_path:shared_dir/workloads-filebench/write-data-micro/seq-write-1th.f,fs:lsfs


Filebench Version 1.5-alpha3
0.000: Allocated 177MB of shared memory
0.001: Populating and pre-allocating filesets
0.003: fileset-1 populated: 1 files, avg. dir. width = 1, avg. dir. depth = -nan, 0 leafdirs, 1024.000MB total size
0.004: Removing fileset-1 tree (if exists)
0.088: Pre-allocating directories in fileset-1 tree
0.113: Pre-allocating files in fileset-1 tree
0.114: Waiting for pre-allocation to finish (in case of a parallel pre-allocation)
0.114: Population and pre-allocation of filesets completed
1.491: Attempting to create fileset more than once, ignoring
1.491: Starting 1 process-1 instances
3.068: Running...
5.068: Run took 2 seconds...
5.069: Shutting down processes

Run: #3,wl_name:seq-write-1th-128k-dynamic-4k,wl_path:shared_dir/workloads-filebench/write-data-micro/seq-write-1th.f,fs:lsfs


Filebench Version 1.5-alpha3
0.000: Allocated 177MB of shared memory
0.010: Populating and pre-allocating filesets
0.012: fileset-1 populated: 1 files, avg. dir. width = 1, avg. dir. depth = -nan, 0 leafdirs, 1024.000MB total size
0.013: Removing fileset-1 tree (if exists)
0.091: Pre-allocating directories in fileset-1 tree
0.111: Pre-allocating files in fileset-1 tree
0.111: Waiting for pre-allocation to finish (in case of a parallel pre-allocation)
0.111: Population and pre-allocation of filesets completed
1.428: Attempting to create fileset more than once, ignoring
1.428: Starting 1 process-1 instances
2.910: Running...
4.911: Run took 2 seconds...
4.911: Shutting down processes
