
Run: #1,wl_name:stat-1th-cache_on-1000,wl_path:shared_dir/workloads-filebench/metadata-micro/stat-1th.f,fs:lsfs


Filebench Version 1.5-alpha3
0.000: Allocated 177MB of shared memory
0.001: Populating and pre-allocating filesets
0.023: fileset1 populated: 75000 files, avg. dir. width = 250, avg. dir. depth = 2.0, 0 leafdirs, 292.969MB total size
0.024: Removing fileset1 tree (if exists)
0.056: Pre-allocating directories in fileset1 tree
0.796: Pre-allocating files in fileset1 tree
320.926: Waiting for pre-allocation to finish (in case of a parallel pre-allocation)
320.926: Population and pre-allocation of filesets completed
321.524: Attempting to create fileset more than once, ignoring
321.524: Starting 1 process1 instances
323.436: Running...
1223.489: Run took 900 seconds...
1223.489: Per-Operation Breakdown
stat1                1712279ops     1902ops/s   0.0mb/s    0.523ms/op [0.402ms - 26.370ms]
1223.489: IO Summary: 1712279 ops 1902.420 ops/s 0/0 rd/wr   0.0mb/s 0.523ms/op
1223.489: Shutting down processes

Run: #2,wl_name:stat-1th-cache_on-1000,wl_path:shared_dir/workloads-filebench/metadata-micro/stat-1th.f,fs:lsfs


Filebench Version 1.5-alpha3
0.000: Allocated 177MB of shared memory
0.001: Populating and pre-allocating filesets
0.023: fileset1 populated: 75000 files, avg. dir. width = 250, avg. dir. depth = 2.0, 0 leafdirs, 292.969MB total size
0.025: Removing fileset1 tree (if exists)
0.063: Pre-allocating directories in fileset1 tree
1.141: Pre-allocating files in fileset1 tree
309.542: Waiting for pre-allocation to finish (in case of a parallel pre-allocation)
309.542: Population and pre-allocation of filesets completed
309.938: Attempting to create fileset more than once, ignoring
309.938: Starting 1 process1 instances
314.027: Running...
1214.086: Run took 900 seconds...
1214.086: Per-Operation Breakdown
stat1                1732439ops     1925ops/s   0.0mb/s    0.517ms/op [0.403ms - 43.811ms]
1214.086: IO Summary: 1732439 ops 1924.806 ops/s 0/0 rd/wr   0.0mb/s 0.517ms/op
1214.086: Shutting down processes

Run: #3,wl_name:stat-1th-cache_on-1000,wl_path:shared_dir/workloads-filebench/metadata-micro/stat-1th.f,fs:lsfs


Filebench Version 1.5-alpha3
0.000: Allocated 177MB of shared memory
0.001: Populating and pre-allocating filesets
0.024: fileset1 populated: 75000 files, avg. dir. width = 250, avg. dir. depth = 2.0, 0 leafdirs, 292.969MB total size
0.025: Removing fileset1 tree (if exists)
0.099: Pre-allocating directories in fileset1 tree
1.414: Pre-allocating files in fileset1 tree
318.367: Waiting for pre-allocation to finish (in case of a parallel pre-allocation)
318.367: Population and pre-allocation of filesets completed
318.856: Attempting to create fileset more than once, ignoring
318.856: Starting 1 process1 instances
320.849: Running...
1220.902: Run took 900 seconds...
1220.902: Per-Operation Breakdown
stat1                1741253ops     1935ops/s   0.0mb/s    0.514ms/op [0.405ms - 39.671ms]
1220.902: IO Summary: 1741253 ops 1934.612 ops/s 0/0 rd/wr   0.0mb/s 0.514ms/op
1220.902: Shutting down processes
