
Run: #1,wl_name:create-1th-cache_on-1000,wl_path:shared_dir/workloads-filebench/metadata-micro/create-1th.f,fs:lsfs


Filebench Version 1.5-alpha3
0.000: Allocated 177MB of shared memory
0.001: Populating and pre-allocating filesets
0.024: fileset-1 populated: 75000 files, avg. dir. width = 250, avg. dir. depth = 2.0, 0 leafdirs, 292.969MB total size
0.024: Removing fileset-1 tree (if exists)
0.174: Pre-allocating directories in fileset-1 tree
1.338: Pre-allocating files in fileset-1 tree
1.462: Waiting for pre-allocation to finish (in case of a parallel pre-allocation)
1.462: Population and pre-allocation of filesets completed
2.844: Attempting to create fileset more than once, ignoring
2.844: Starting 1 process-1 instances
4.529: Running...
345.560: Run took 341 seconds...
345.560: Per-Operation Breakdown
finishoncount-1      1ops        0ops/s   0.0mb/s    0.000ms/op [0.000ms - 0.000ms]
createwriteclose-1.closefile-1 75000ops      220ops/s   0.0mb/s    2.243ms/op [0.585ms - 37.932ms]
createwriteclose-1.write-1 75000ops      220ops/s   0.9mb/s    0.684ms/op [0.193ms - 17.684ms]
createwriteclose-1.createfile-1 75000ops      220ops/s   0.0mb/s    1.594ms/op [0.259ms - 19.507ms]
createwriteclose-1   0ops        0ops/s   0.0mb/s    0.000ms/op [0.000ms - 0.000ms]
345.560: IO Summary: 225000 ops 659.765 ops/s 0/220 rd/wr   0.9mb/s 1.507ms/op
345.560: Shutting down processes

Run: #2,wl_name:create-1th-cache_on-1000,wl_path:shared_dir/workloads-filebench/metadata-micro/create-1th.f,fs:lsfs


Filebench Version 1.5-alpha3
0.000: Allocated 177MB of shared memory
0.001: Populating and pre-allocating filesets
0.024: fileset-1 populated: 75000 files, avg. dir. width = 250, avg. dir. depth = 2.0, 0 leafdirs, 292.969MB total size
0.025: Removing fileset-1 tree (if exists)
0.053: Pre-allocating directories in fileset-1 tree
0.858: Pre-allocating files in fileset-1 tree
0.983: Waiting for pre-allocation to finish (in case of a parallel pre-allocation)
0.983: Population and pre-allocation of filesets completed
2.694: Attempting to create fileset more than once, ignoring
2.694: Starting 1 process-1 instances
4.747: Running...
325.775: Run took 321 seconds...
325.775: Per-Operation Breakdown
finishoncount-1      1ops        0ops/s   0.0mb/s    0.000ms/op [0.000ms - 0.000ms]
createwriteclose-1.closefile-1 75000ops      234ops/s   0.0mb/s    2.136ms/op [0.566ms - 21.425ms]
createwriteclose-1.write-1 75000ops      234ops/s   0.9mb/s    0.643ms/op [0.191ms - 13.603ms]
createwriteclose-1.createfile-1 75000ops      234ops/s   0.0mb/s    1.480ms/op [0.255ms - 46.005ms]
createwriteclose-1   0ops        0ops/s   0.0mb/s    0.000ms/op [0.000ms - 0.000ms]
325.775: IO Summary: 225000 ops 700.873 ops/s 0/234 rd/wr   0.9mb/s 1.420ms/op
325.775: Shutting down processes

Run: #3,wl_name:create-1th-cache_on-1000,wl_path:shared_dir/workloads-filebench/metadata-micro/create-1th.f,fs:lsfs


Filebench Version 1.5-alpha3
0.000: Allocated 177MB of shared memory
0.001: Populating and pre-allocating filesets
0.023: fileset-1 populated: 75000 files, avg. dir. width = 250, avg. dir. depth = 2.0, 0 leafdirs, 292.969MB total size
0.024: Removing fileset-1 tree (if exists)
0.057: Pre-allocating directories in fileset-1 tree
0.994: Pre-allocating files in fileset-1 tree
1.118: Waiting for pre-allocation to finish (in case of a parallel pre-allocation)
1.118: Population and pre-allocation of filesets completed
2.353: Attempting to create fileset more than once, ignoring
2.353: Starting 1 process-1 instances
4.549: Running...
341.583: Run took 337 seconds...
341.583: Per-Operation Breakdown
finishoncount-1      1ops        0ops/s   0.0mb/s    0.000ms/op [0.000ms - 0.000ms]
createwriteclose-1.closefile-1 75000ops      223ops/s   0.0mb/s    2.214ms/op [0.588ms - 14.772ms]
createwriteclose-1.write-1 75000ops      223ops/s   0.9mb/s    0.674ms/op [0.191ms - 11.180ms]
createwriteclose-1.createfile-1 75000ops      223ops/s   0.0mb/s    1.578ms/op [0.260ms - 37.065ms]
createwriteclose-1   0ops        0ops/s   0.0mb/s    0.000ms/op [0.000ms - 0.000ms]
341.583: IO Summary: 225000 ops 667.589 ops/s 0/223 rd/wr   0.9mb/s 1.489ms/op
341.583: Shutting down processes
