
Run: #1,wl_name:create-1th-cache_off,wl_path:shared_dir/workloads-filebench/metadata-micro/create-1th.f,fs:lsfs


Filebench Version 1.5-alpha3
0.000: Allocated 177MB of shared memory
0.001: Populating and pre-allocating filesets
0.050: fileset-1 populated: 75000 files, avg. dir. width = 250, avg. dir. depth = 2.0, 0 leafdirs, 292.969MB total size
0.052: Removing fileset-1 tree (if exists)
0.086: Pre-allocating directories in fileset-1 tree
3.699: Pre-allocating files in fileset-1 tree
3.834: Waiting for pre-allocation to finish (in case of a parallel pre-allocation)
3.834: Population and pre-allocation of filesets completed
5.198: Attempting to create fileset more than once, ignoring
5.198: Starting 1 process-1 instances
7.293: Running...
907.383: Run took 900 seconds...
907.384: Per-Operation Breakdown
finishoncount-1      0ops        0ops/s   0.0mb/s    0.000ms/op [0.000ms - 0.000ms]
createwriteclose-1.closefile-1 48646ops       54ops/s   0.0mb/s    2.725ms/op [0.635ms - 35.781ms]
createwriteclose-1.write-1 48646ops       54ops/s   0.2mb/s    0.895ms/op [0.219ms - 23.889ms]
createwriteclose-1.createfile-1 48646ops       54ops/s   0.0mb/s   14.858ms/op [5.197ms - 53.821ms]
createwriteclose-1   0ops        0ops/s   0.0mb/s    0.000ms/op [0.000ms - 0.000ms]
907.384: IO Summary: 145938 ops 162.137 ops/s 0/54 rd/wr   0.2mb/s 6.160ms/op
907.384: Shutting down processes

Run: #2,wl_name:create-1th-cache_off,wl_path:shared_dir/workloads-filebench/metadata-micro/create-1th.f,fs:lsfs


Filebench Version 1.5-alpha3
0.000: Allocated 177MB of shared memory
0.001: Populating and pre-allocating filesets
0.024: fileset-1 populated: 75000 files, avg. dir. width = 250, avg. dir. depth = 2.0, 0 leafdirs, 292.969MB total size
0.026: Removing fileset-1 tree (if exists)
0.120: Pre-allocating directories in fileset-1 tree
4.761: Pre-allocating files in fileset-1 tree
4.885: Waiting for pre-allocation to finish (in case of a parallel pre-allocation)
4.885: Population and pre-allocation of filesets completed
6.978: Attempting to create fileset more than once, ignoring
6.978: Starting 1 process-1 instances
8.558: Running...
908.650: Run took 900 seconds...
908.650: Per-Operation Breakdown
finishoncount-1      0ops        0ops/s   0.0mb/s    0.000ms/op [0.000ms - 0.000ms]
createwriteclose-1.closefile-1 46580ops       52ops/s   0.0mb/s    2.864ms/op [0.611ms - 22.179ms]
createwriteclose-1.write-1 46581ops       52ops/s   0.2mb/s    0.947ms/op [0.225ms - 21.173ms]
createwriteclose-1.createfile-1 46581ops       52ops/s   0.0mb/s   15.486ms/op [5.366ms - 57.522ms]
createwriteclose-1   0ops        0ops/s   0.0mb/s    0.000ms/op [0.000ms - 0.000ms]
908.650: IO Summary: 139742 ops 155.253 ops/s 0/52 rd/wr   0.2mb/s 6.433ms/op
908.650: Shutting down processes

Run: #3,wl_name:create-1th-cache_off,wl_path:shared_dir/workloads-filebench/metadata-micro/create-1th.f,fs:lsfs


Filebench Version 1.5-alpha3
0.000: Allocated 177MB of shared memory
0.001: Populating and pre-allocating filesets
0.024: fileset-1 populated: 75000 files, avg. dir. width = 250, avg. dir. depth = 2.0, 0 leafdirs, 292.969MB total size
0.025: Removing fileset-1 tree (if exists)
0.150: Pre-allocating directories in fileset-1 tree
2.863: Pre-allocating files in fileset-1 tree
2.983: Waiting for pre-allocation to finish (in case of a parallel pre-allocation)
2.983: Population and pre-allocation of filesets completed
4.279: Attempting to create fileset more than once, ignoring
4.279: Starting 1 process-1 instances
6.651: Running...
906.747: Run took 900 seconds...
906.748: Per-Operation Breakdown
finishoncount-1      0ops        0ops/s   0.0mb/s    0.000ms/op [0.000ms - 0.000ms]
createwriteclose-1.closefile-1 48182ops       54ops/s   0.0mb/s    2.737ms/op [0.667ms - 15.449ms]
createwriteclose-1.write-1 48182ops       54ops/s   0.2mb/s    0.905ms/op [0.222ms - 33.461ms]
createwriteclose-1.createfile-1 48182ops       54ops/s   0.0mb/s   15.014ms/op [5.479ms - 56.848ms]
createwriteclose-1   0ops        0ops/s   0.0mb/s    0.000ms/op [0.000ms - 0.000ms]
906.748: IO Summary: 144546 ops 160.590 ops/s 0/54 rd/wr   0.2mb/s 6.219ms/op
906.748: Shutting down processes
