
Run: #1,wl_name:stat-1th-cache_off,wl_path:shared_dir/workloads-filebench/metadata-micro/stat-1th.f,fs:lsfs


Filebench Version 1.5-alpha3
0.000: Allocated 177MB of shared memory
0.001: Populating and pre-allocating filesets
0.024: fileset1 populated: 75000 files, avg. dir. width = 250, avg. dir. depth = 2.0, 0 leafdirs, 292.969MB total size
0.026: Removing fileset1 tree (if exists)
0.066: Pre-allocating directories in fileset1 tree
4.726: Pre-allocating files in fileset1 tree
904.513: Waiting for pre-allocation to finish (in case of a parallel pre-allocation)
904.513: Population and pre-allocation of filesets completed
905.309: Attempting to create fileset more than once, ignoring
905.309: Starting 1 process1 instances
907.095: Running...
1807.187: Run took 900 seconds...
1807.187: Per-Operation Breakdown
stat1                101543ops      113ops/s   0.0mb/s    8.849ms/op [3.634ms - 50.927ms]
1807.187: IO Summary: 101543 ops 112.814 ops/s 0/0 rd/wr   0.0mb/s 8.849ms/op
1807.187: Shutting down processes

Run: #2,wl_name:stat-1th-cache_off,wl_path:shared_dir/workloads-filebench/metadata-micro/stat-1th.f,fs:lsfs


Filebench Version 1.5-alpha3
0.000: Allocated 177MB of shared memory
0.001: Populating and pre-allocating filesets
0.024: fileset1 populated: 75000 files, avg. dir. width = 250, avg. dir. depth = 2.0, 0 leafdirs, 292.969MB total size
0.025: Removing fileset1 tree (if exists)
0.064: Pre-allocating directories in fileset1 tree
2.372: Pre-allocating files in fileset1 tree
898.943: Waiting for pre-allocation to finish (in case of a parallel pre-allocation)
898.943: Population and pre-allocation of filesets completed
899.344: Attempting to create fileset more than once, ignoring
899.345: Starting 1 process1 instances
901.382: Running...
1801.474: Run took 900 seconds...
1801.475: Per-Operation Breakdown
stat1                101462ops      113ops/s   0.0mb/s    8.856ms/op [3.570ms - 55.134ms]
1801.475: IO Summary: 101462 ops 112.724 ops/s 0/0 rd/wr   0.0mb/s 8.856ms/op
1801.475: Shutting down processes

Run: #3,wl_name:stat-1th-cache_off,wl_path:shared_dir/workloads-filebench/metadata-micro/stat-1th.f,fs:lsfs


Filebench Version 1.5-alpha3
0.000: Allocated 177MB of shared memory
0.001: Populating and pre-allocating filesets
0.024: fileset1 populated: 75000 files, avg. dir. width = 250, avg. dir. depth = 2.0, 0 leafdirs, 292.969MB total size
0.026: Removing fileset1 tree (if exists)
0.061: Pre-allocating directories in fileset1 tree
4.712: Pre-allocating files in fileset1 tree
905.079: Waiting for pre-allocation to finish (in case of a parallel pre-allocation)
905.079: Population and pre-allocation of filesets completed
905.695: Attempting to create fileset more than once, ignoring
905.695: Starting 1 process1 instances
907.686: Running...
1807.783: Run took 900 seconds...
1807.783: Per-Operation Breakdown
stat1                100755ops      112ops/s   0.0mb/s    8.918ms/op [3.575ms - 49.969ms]
1807.783: IO Summary: 100755 ops 111.938 ops/s 0/0 rd/wr   0.0mb/s 8.918ms/op
1807.783: Shutting down processes
