
Run: #1,wl_name:create-1th-cache_off,wl_path:shared_dir/workloads-filebench/metadata-micro/create-1th.f,fs:lsfs


Filebench Version 1.5-alpha3
0.000: Allocated 177MB of shared memory
0.001: Populating and pre-allocating filesets
0.024: fileset-1 populated: 75000 files, avg. dir. width = 250, avg. dir. depth = 2.0, 0 leafdirs, 292.969MB total size
0.026: Removing fileset-1 tree (if exists)
0.061: Pre-allocating directories in fileset-1 tree
5.084: Pre-allocating files in fileset-1 tree
5.212: Waiting for pre-allocation to finish (in case of a parallel pre-allocation)
5.212: Population and pre-allocation of filesets completed
6.555: Attempting to create fileset more than once, ignoring
6.555: Starting 1 process-1 instances
8.396: Running...
908.492: Run took 900 seconds...
908.493: Per-Operation Breakdown
finishoncount-1      0ops        0ops/s   0.0mb/s    0.000ms/op [0.000ms - 0.000ms]
createwriteclose-1.closefile-1 45268ops       50ops/s   0.0mb/s    3.043ms/op [1.037ms - 12.801ms]
createwriteclose-1.write-1 45268ops       50ops/s   0.2mb/s    1.030ms/op [0.250ms - 19.961ms]
createwriteclose-1.createfile-1 45268ops       50ops/s   0.0mb/s   15.782ms/op [6.263ms - 61.376ms]
createwriteclose-1   0ops        0ops/s   0.0mb/s    0.000ms/op [0.000ms - 0.000ms]
908.493: IO Summary: 135804 ops 150.877 ops/s 0/50 rd/wr   0.2mb/s 6.619ms/op
908.493: Shutting down processes

Run: #2,wl_name:create-1th-cache_off,wl_path:shared_dir/workloads-filebench/metadata-micro/create-1th.f,fs:lsfs


Filebench Version 1.5-alpha3
0.000: Allocated 177MB of shared memory
0.001: Populating and pre-allocating filesets
0.024: fileset-1 populated: 75000 files, avg. dir. width = 250, avg. dir. depth = 2.0, 0 leafdirs, 292.969MB total size
0.025: Removing fileset-1 tree (if exists)
0.065: Pre-allocating directories in fileset-1 tree
4.084: Pre-allocating files in fileset-1 tree
4.214: Waiting for pre-allocation to finish (in case of a parallel pre-allocation)
4.214: Population and pre-allocation of filesets completed
5.280: Attempting to create fileset more than once, ignoring
5.280: Starting 1 process-1 instances
7.930: Running...
908.026: Run took 900 seconds...
908.026: Per-Operation Breakdown
finishoncount-1      0ops        0ops/s   0.0mb/s    0.000ms/op [0.000ms - 0.000ms]
createwriteclose-1.closefile-1 46265ops       51ops/s   0.0mb/s    2.951ms/op [0.723ms - 19.895ms]
createwriteclose-1.write-1 46265ops       51ops/s   0.2mb/s    1.007ms/op [0.248ms - 9.991ms]
createwriteclose-1.createfile-1 46265ops       51ops/s   0.0mb/s   15.470ms/op [5.958ms - 54.455ms]
createwriteclose-1   0ops        0ops/s   0.0mb/s    0.000ms/op [0.000ms - 0.000ms]
908.026: IO Summary: 138795 ops 154.200 ops/s 0/51 rd/wr   0.2mb/s 6.476ms/op
908.026: Shutting down processes

Run: #3,wl_name:create-1th-cache_off,wl_path:shared_dir/workloads-filebench/metadata-micro/create-1th.f,fs:lsfs


Filebench Version 1.5-alpha3
0.000: Allocated 177MB of shared memory
0.001: Populating and pre-allocating filesets
0.024: fileset-1 populated: 75000 files, avg. dir. width = 250, avg. dir. depth = 2.0, 0 leafdirs, 292.969MB total size
0.026: Removing fileset-1 tree (if exists)
0.106: Pre-allocating directories in fileset-1 tree
5.221: Pre-allocating files in fileset-1 tree
5.347: Waiting for pre-allocation to finish (in case of a parallel pre-allocation)
5.347: Population and pre-allocation of filesets completed
7.124: Attempting to create fileset more than once, ignoring
7.124: Starting 1 process-1 instances
8.654: Running...
908.749: Run took 900 seconds...
908.749: Per-Operation Breakdown
finishoncount-1      0ops        0ops/s   0.0mb/s    0.000ms/op [0.000ms - 0.000ms]
createwriteclose-1.closefile-1 46157ops       51ops/s   0.0mb/s    2.958ms/op [0.825ms - 14.338ms]
createwriteclose-1.write-1 46158ops       51ops/s   0.2mb/s    1.009ms/op [0.266ms - 8.281ms]
createwriteclose-1.createfile-1 46158ops       51ops/s   0.0mb/s   15.506ms/op [6.448ms - 58.930ms]
createwriteclose-1   0ops        0ops/s   0.0mb/s    0.000ms/op [0.000ms - 0.000ms]
908.749: IO Summary: 138473 ops 153.843 ops/s 0/51 rd/wr   0.2mb/s 6.491ms/op
908.749: Shutting down processes
