
Run: #1,wl_name:create-1th-cache_on-1000,wl_path:shared_dir/workloads-filebench/metadata-micro/create-1th.f,fs:lsfs


Filebench Version 1.5-alpha3
0.000: Allocated 177MB of shared memory
0.001: Populating and pre-allocating filesets
0.023: fileset-1 populated: 75000 files, avg. dir. width = 250, avg. dir. depth = 2.0, 0 leafdirs, 292.969MB total size
0.024: Removing fileset-1 tree (if exists)
0.061: Pre-allocating directories in fileset-1 tree
1.636: Pre-allocating files in fileset-1 tree
1.729: Waiting for pre-allocation to finish (in case of a parallel pre-allocation)
1.729: Population and pre-allocation of filesets completed
3.254: Attempting to create fileset more than once, ignoring
3.255: Starting 1 process-1 instances
5.065: Running...
389.099: Run took 384 seconds...
389.099: Per-Operation Breakdown
finishoncount-1      1ops        0ops/s   0.0mb/s    0.001ms/op [0.001ms - 0.001ms]
createwriteclose-1.closefile-1 75000ops      195ops/s   0.0mb/s    2.483ms/op [0.515ms - 29.750ms]
createwriteclose-1.write-1 75000ops      195ops/s   0.8mb/s    0.778ms/op [0.182ms - 9.450ms]
createwriteclose-1.createfile-1 75000ops      195ops/s   0.0mb/s    1.837ms/op [0.260ms - 40.849ms]
createwriteclose-1   0ops        0ops/s   0.0mb/s    0.000ms/op [0.000ms - 0.000ms]
389.099: IO Summary: 225000 ops 585.885 ops/s 0/195 rd/wr   0.8mb/s 1.699ms/op
389.099: Shutting down processes

Run: #2,wl_name:create-1th-cache_on-1000,wl_path:shared_dir/workloads-filebench/metadata-micro/create-1th.f,fs:lsfs


Filebench Version 1.5-alpha3
0.000: Allocated 177MB of shared memory
0.001: Populating and pre-allocating filesets
0.024: fileset-1 populated: 75000 files, avg. dir. width = 250, avg. dir. depth = 2.0, 0 leafdirs, 292.969MB total size
0.024: Removing fileset-1 tree (if exists)
0.061: Pre-allocating directories in fileset-1 tree
1.418: Pre-allocating files in fileset-1 tree
1.508: Waiting for pre-allocation to finish (in case of a parallel pre-allocation)
1.508: Population and pre-allocation of filesets completed
3.159: Attempting to create fileset more than once, ignoring
3.159: Starting 1 process-1 instances
4.786: Running...
404.820: Run took 400 seconds...
404.821: Per-Operation Breakdown
finishoncount-1      1ops        0ops/s   0.0mb/s    0.000ms/op [0.000ms - 0.000ms]
createwriteclose-1.closefile-1 75000ops      187ops/s   0.0mb/s    2.557ms/op [0.509ms - 20.249ms]
createwriteclose-1.write-1 75000ops      187ops/s   0.7mb/s    0.809ms/op [0.182ms - 20.114ms]
createwriteclose-1.createfile-1 75000ops      187ops/s   0.0mb/s    1.936ms/op [0.250ms - 47.187ms]
createwriteclose-1   0ops        0ops/s   0.0mb/s    0.000ms/op [0.000ms - 0.000ms]
404.821: IO Summary: 225000 ops 562.452 ops/s 0/187 rd/wr   0.7mb/s 1.768ms/op
404.821: Shutting down processes

Run: #3,wl_name:create-1th-cache_on-1000,wl_path:shared_dir/workloads-filebench/metadata-micro/create-1th.f,fs:lsfs


Filebench Version 1.5-alpha3
0.000: Allocated 177MB of shared memory
0.001: Populating and pre-allocating filesets
0.023: fileset-1 populated: 75000 files, avg. dir. width = 250, avg. dir. depth = 2.0, 0 leafdirs, 292.969MB total size
0.024: Removing fileset-1 tree (if exists)
0.057: Pre-allocating directories in fileset-1 tree
1.245: Pre-allocating files in fileset-1 tree
1.376: Waiting for pre-allocation to finish (in case of a parallel pre-allocation)
1.376: Population and pre-allocation of filesets completed
2.468: Attempting to create fileset more than once, ignoring
2.468: Starting 1 process-1 instances
4.067: Running...
386.107: Run took 382 seconds...
386.107: Per-Operation Breakdown
finishoncount-1      1ops        0ops/s   0.0mb/s    0.001ms/op [0.001ms - 0.001ms]
createwriteclose-1.closefile-1 75000ops      196ops/s   0.0mb/s    2.475ms/op [0.525ms - 20.892ms]
createwriteclose-1.write-1 75000ops      196ops/s   0.8mb/s    0.775ms/op [0.180ms - 19.640ms]
createwriteclose-1.createfile-1 75000ops      196ops/s   0.0mb/s    1.823ms/op [0.254ms - 31.827ms]
createwriteclose-1   0ops        0ops/s   0.0mb/s    0.000ms/op [0.000ms - 0.000ms]
386.107: IO Summary: 225000 ops 588.944 ops/s 0/196 rd/wr   0.8mb/s 1.691ms/op
386.107: Shutting down processes
