
Run: #1,wl_name:delete-1th-cache_off,wl_path:shared_dir/workloads-filebench/metadata-micro/delete-1th.f,fs:lsfs


Filebench Version 1.5-alpha3
0.000: Allocated 177MB of shared memory
0.001: Populating and pre-allocating filesets
0.024: fileset1 populated: 75000 files, avg. dir. width = 250, avg. dir. depth = 2.0, 0 leafdirs, 292.969MB total size
0.025: Removing fileset1 tree (if exists)
0.064: Pre-allocating directories in fileset1 tree
5.406: Pre-allocating files in fileset1 tree
974.764: Waiting for pre-allocation to finish (in case of a parallel pre-allocation)
974.764: Population and pre-allocation of filesets completed
975.334: Attempting to create fileset more than once, ignoring
975.336: Starting 1 process1 instances
977.012: Running...
1877.111: Run took 900 seconds...
1877.111: Per-Operation Breakdown
finish1              0ops        0ops/s   0.0mb/s    0.000ms/op [0.000ms - 0.000ms]
delete1              64696ops       72ops/s   0.0mb/s   13.893ms/op [6.283ms - 58.066ms]
1877.111: IO Summary: 64696 ops 71.877 ops/s 0/0 rd/wr   0.0mb/s 13.893ms/op
1877.111: Shutting down processes

Run: #2,wl_name:delete-1th-cache_off,wl_path:shared_dir/workloads-filebench/metadata-micro/delete-1th.f,fs:lsfs


Filebench Version 1.5-alpha3
0.000: Allocated 177MB of shared memory
0.001: Populating and pre-allocating filesets
0.038: fileset1 populated: 75000 files, avg. dir. width = 250, avg. dir. depth = 2.0, 0 leafdirs, 292.969MB total size
0.040: Removing fileset1 tree (if exists)
0.133: Pre-allocating directories in fileset1 tree
5.476: Pre-allocating files in fileset1 tree
978.040: Waiting for pre-allocation to finish (in case of a parallel pre-allocation)
978.040: Population and pre-allocation of filesets completed
978.484: Attempting to create fileset more than once, ignoring
978.484: Starting 1 process1 instances
980.846: Running...
1880.939: Run took 900 seconds...
1880.940: Per-Operation Breakdown
finish1              0ops        0ops/s   0.0mb/s    0.000ms/op [0.000ms - 0.000ms]
delete1              64511ops       72ops/s   0.0mb/s   13.933ms/op [6.326ms - 57.737ms]
1880.940: IO Summary: 64511 ops 71.671 ops/s 0/0 rd/wr   0.0mb/s 13.933ms/op
1880.940: Shutting down processes

Run: #3,wl_name:delete-1th-cache_off,wl_path:shared_dir/workloads-filebench/metadata-micro/delete-1th.f,fs:lsfs


Filebench Version 1.5-alpha3
0.000: Allocated 177MB of shared memory
0.001: Populating and pre-allocating filesets
0.024: fileset1 populated: 75000 files, avg. dir. width = 250, avg. dir. depth = 2.0, 0 leafdirs, 292.969MB total size
0.025: Removing fileset1 tree (if exists)
0.056: Pre-allocating directories in fileset1 tree
3.129: Pre-allocating files in fileset1 tree
965.464: Waiting for pre-allocation to finish (in case of a parallel pre-allocation)
965.464: Population and pre-allocation of filesets completed
965.887: Attempting to create fileset more than once, ignoring
965.887: Starting 1 process1 instances
967.924: Running...
1868.019: Run took 900 seconds...
1868.019: Per-Operation Breakdown
finish1              0ops        0ops/s   0.0mb/s    0.000ms/op [0.000ms - 0.000ms]
delete1              64762ops       72ops/s   0.0mb/s   13.879ms/op [6.274ms - 55.413ms]
1868.019: IO Summary: 64762 ops 71.950 ops/s 0/0 rd/wr   0.0mb/s 13.879ms/op
1868.019: Shutting down processes
