
Run: #1,wl_name:delete-1th-cache_on-1000,wl_path:shared_dir/workloads-filebench/metadata-micro/delete-1th.f,fs:lsfs


Filebench Version 1.5-alpha3
0.000: Allocated 177MB of shared memory
0.001: Populating and pre-allocating filesets
0.024: fileset1 populated: 75000 files, avg. dir. width = 250, avg. dir. depth = 2.0, 0 leafdirs, 292.969MB total size
0.024: Removing fileset1 tree (if exists)
0.064: Pre-allocating directories in fileset1 tree
1.028: Pre-allocating files in fileset1 tree
360.520: Waiting for pre-allocation to finish (in case of a parallel pre-allocation)
360.520: Population and pre-allocation of filesets completed
361.268: Attempting to create fileset more than once, ignoring
361.270: Starting 1 process1 instances
363.093: Running...
693.124: Run took 330 seconds...
693.125: Per-Operation Breakdown
finish1              1ops        0ops/s   0.0mb/s    0.000ms/op [0.000ms - 0.000ms]
delete1              75000ops      227ops/s   0.0mb/s    4.387ms/op [1.647ms - 30.560ms]
693.125: IO Summary: 75000 ops 227.251 ops/s 0/0 rd/wr   0.0mb/s 4.387ms/op
693.125: Shutting down processes

Run: #2,wl_name:delete-1th-cache_on-1000,wl_path:shared_dir/workloads-filebench/metadata-micro/delete-1th.f,fs:lsfs


Filebench Version 1.5-alpha3
0.000: Allocated 177MB of shared memory
0.001: Populating and pre-allocating filesets
0.023: fileset1 populated: 75000 files, avg. dir. width = 250, avg. dir. depth = 2.0, 0 leafdirs, 292.969MB total size
0.024: Removing fileset1 tree (if exists)
0.061: Pre-allocating directories in fileset1 tree
1.481: Pre-allocating files in fileset1 tree
341.365: Waiting for pre-allocation to finish (in case of a parallel pre-allocation)
341.365: Population and pre-allocation of filesets completed
341.768: Attempting to create fileset more than once, ignoring
341.768: Starting 1 process1 instances
343.932: Running...
655.959: Run took 312 seconds...
655.959: Per-Operation Breakdown
finish1              1ops        0ops/s   0.0mb/s    0.000ms/op [0.000ms - 0.000ms]
delete1              75000ops      240ops/s   0.0mb/s    4.144ms/op [1.673ms - 40.340ms]
655.959: IO Summary: 75000 ops 240.364 ops/s 0/0 rd/wr   0.0mb/s 4.144ms/op
655.959: Shutting down processes

Run: #3,wl_name:delete-1th-cache_on-1000,wl_path:shared_dir/workloads-filebench/metadata-micro/delete-1th.f,fs:lsfs


Filebench Version 1.5-alpha3
0.000: Allocated 177MB of shared memory
0.001: Populating and pre-allocating filesets
0.023: fileset1 populated: 75000 files, avg. dir. width = 250, avg. dir. depth = 2.0, 0 leafdirs, 292.969MB total size
0.024: Removing fileset1 tree (if exists)
0.057: Pre-allocating directories in fileset1 tree
1.766: Pre-allocating files in fileset1 tree
348.548: Waiting for pre-allocation to finish (in case of a parallel pre-allocation)
348.548: Population and pre-allocation of filesets completed
348.903: Attempting to create fileset more than once, ignoring
348.903: Starting 1 process1 instances
350.545: Running...
660.572: Run took 310 seconds...
660.572: Per-Operation Breakdown
finish1              1ops        0ops/s   0.0mb/s    0.000ms/op [0.000ms - 0.000ms]
delete1              75000ops      242ops/s   0.0mb/s    4.111ms/op [1.635ms - 48.466ms]
660.572: IO Summary: 75000 ops 241.915 ops/s 0/0 rd/wr   0.0mb/s 4.111ms/op
660.572: Shutting down processes
