
Run: #1,wl_name:webserver-anti_entropy-300,wl_path:shared_dir/workloads-filebench/macro/webserver.f,fs:lsfs


Filebench Version 1.5-alpha3
0.000: Allocated 177MB of shared memory
0.116: Populating and pre-allocating filesets
0.118: logfiles populated: 1 files, avg. dir. width = 20, avg. dir. depth = 0.0, 0 leafdirs, 0.002MB total size
0.119: Removing logfiles tree (if exists)
0.131: Pre-allocating directories in logfiles tree
0.138: Pre-allocating files in logfiles tree
0.143: bigfileset populated: 1000 files, avg. dir. width = 20, avg. dir. depth = 2.3, 0 leafdirs, 14.760MB total size
0.143: Removing bigfileset tree (if exists)
0.145: Pre-allocating directories in bigfileset tree
0.348: Pre-allocating files in bigfileset tree
7.665: Waiting for pre-allocation to finish (in case of a parallel pre-allocation)
7.666: Population and pre-allocation of filesets completed
7.666: Starting 1 filereader instances
8.669: Running...
908.740: Run took 900 seconds...
908.740: Per-Operation Breakdown
appendlog            17401ops       19ops/s   0.2mb/s    2.841ms/op [0.388ms - 2031.696ms]
closefile10          17400ops       19ops/s   0.0mb/s    0.014ms/op [0.008ms - 0.257ms]
readfile10           17400ops       19ops/s   0.3mb/s    1.918ms/op [0.159ms - 10.358ms]
openfile10           17400ops       19ops/s   0.0mb/s    3.809ms/op [0.479ms - 3977.848ms]
closefile9           17400ops       19ops/s   0.0mb/s    0.014ms/op [0.008ms - 3.100ms]
readfile9            17400ops       19ops/s   0.3mb/s    1.902ms/op [0.158ms - 8.779ms]
openfile9            17401ops       19ops/s   0.0mb/s    1.884ms/op [0.471ms - 3266.222ms]
closefile8           17401ops       19ops/s   0.0mb/s    0.014ms/op [0.009ms - 0.113ms]
readfile8            17401ops       19ops/s   0.3mb/s    1.920ms/op [0.159ms - 9.753ms]
openfile8            17401ops       19ops/s   0.0mb/s    2.635ms/op [0.484ms - 3909.275ms]
closefile7           17401ops       19ops/s   0.0mb/s    0.014ms/op [0.008ms - 0.135ms]
readfile7            17401ops       19ops/s   0.3mb/s    2.043ms/op [0.155ms - 9.318ms]
openfile7            17401ops       19ops/s   0.0mb/s    1.805ms/op [0.486ms - 1927.827ms]
closefile6           17401ops       19ops/s   0.0mb/s    0.014ms/op [0.008ms - 4.168ms]
readfile6            17401ops       19ops/s   0.3mb/s    1.954ms/op [0.157ms - 28.605ms]
openfile6            17401ops       19ops/s   0.0mb/s    2.177ms/op [0.495ms - 3721.344ms]
closefile5           17401ops       19ops/s   0.0mb/s    0.014ms/op [0.008ms - 0.104ms]
readfile5            17401ops       19ops/s   0.3mb/s    1.760ms/op [0.162ms - 10.595ms]
openfile5            17401ops       19ops/s   0.0mb/s    3.211ms/op [0.501ms - 3831.218ms]
closefile4           17401ops       19ops/s   0.0mb/s    0.014ms/op [0.008ms - 0.208ms]
readfile4            17401ops       19ops/s   0.3mb/s    1.898ms/op [0.165ms - 10.475ms]
openfile4            17401ops       19ops/s   0.0mb/s    3.870ms/op [0.499ms - 4006.617ms]
closefile3           17401ops       19ops/s   0.0mb/s    0.014ms/op [0.008ms - 0.202ms]
readfile3            17401ops       19ops/s   0.3mb/s    2.183ms/op [0.164ms - 28.800ms]
openfile3            17401ops       19ops/s   0.0mb/s    3.709ms/op [0.481ms - 3864.381ms]
closefile2           17401ops       19ops/s   0.0mb/s    0.014ms/op [0.008ms - 0.167ms]
readfile2            17401ops       19ops/s   0.3mb/s    1.915ms/op [0.164ms - 9.145ms]
openfile2            17401ops       19ops/s   0.0mb/s    2.474ms/op [0.474ms - 4005.722ms]
closefile1           17401ops       19ops/s   0.0mb/s    0.014ms/op [0.008ms - 0.349ms]
readfile1            17401ops       19ops/s   0.3mb/s    1.879ms/op [0.163ms - 10.547ms]
openfile1            17401ops       19ops/s   0.0mb/s    3.749ms/op [0.499ms - 4002.205ms]
908.740: IO Summary: 539426 ops 599.315 ops/s 193/19 rd/wr   3.0mb/s 1.667ms/op
908.740: Shutting down processes

Run: #2,wl_name:webserver-anti_entropy-300,wl_path:shared_dir/workloads-filebench/macro/webserver.f,fs:lsfs


Filebench Version 1.5-alpha3
0.000: Allocated 177MB of shared memory
0.062: Populating and pre-allocating filesets
0.064: logfiles populated: 1 files, avg. dir. width = 20, avg. dir. depth = 0.0, 0 leafdirs, 0.002MB total size
0.065: Removing logfiles tree (if exists)
0.077: Pre-allocating directories in logfiles tree
0.084: Pre-allocating files in logfiles tree
0.089: bigfileset populated: 1000 files, avg. dir. width = 20, avg. dir. depth = 2.3, 0 leafdirs, 14.760MB total size
0.089: Removing bigfileset tree (if exists)
0.091: Pre-allocating directories in bigfileset tree
0.295: Pre-allocating files in bigfileset tree
6.025: Waiting for pre-allocation to finish (in case of a parallel pre-allocation)
6.025: Population and pre-allocation of filesets completed
6.026: Starting 1 filereader instances
7.030: Running...
907.099: Run took 900 seconds...
907.100: Per-Operation Breakdown
appendlog            19301ops       21ops/s   0.2mb/s    2.704ms/op [0.394ms - 26.483ms]
closefile10          19300ops       21ops/s   0.0mb/s    0.014ms/op [0.008ms - 0.172ms]
readfile10           19300ops       21ops/s   0.3mb/s    1.873ms/op [0.160ms - 24.300ms]
openfile10           19300ops       21ops/s   0.0mb/s    3.773ms/op [0.482ms - 4007.924ms]
closefile9           19300ops       21ops/s   0.0mb/s    0.014ms/op [0.008ms - 0.174ms]
readfile9            19300ops       21ops/s   0.3mb/s    1.813ms/op [0.162ms - 18.869ms]
openfile9            19300ops       21ops/s   0.0mb/s    1.511ms/op [0.481ms - 1211.082ms]
closefile8           19300ops       21ops/s   0.0mb/s    0.014ms/op [0.009ms - 0.251ms]
readfile8            19300ops       21ops/s   0.3mb/s    1.778ms/op [0.162ms - 9.345ms]
openfile8            19300ops       21ops/s   0.0mb/s    2.967ms/op [0.472ms - 3868.447ms]
closefile7           19300ops       21ops/s   0.0mb/s    0.014ms/op [0.008ms - 0.191ms]
readfile7            19300ops       21ops/s   0.3mb/s    2.011ms/op [0.155ms - 11.076ms]
openfile7            19300ops       21ops/s   0.0mb/s    1.622ms/op [0.481ms - 3842.227ms]
closefile6           19300ops       21ops/s   0.0mb/s    0.014ms/op [0.008ms - 9.266ms]
readfile6            19300ops       21ops/s   0.3mb/s    1.898ms/op [0.154ms - 9.309ms]
openfile6            19300ops       21ops/s   0.0mb/s    1.790ms/op [0.481ms - 2005.922ms]
closefile5           19300ops       21ops/s   0.0mb/s    0.014ms/op [0.009ms - 0.277ms]
readfile5            19300ops       21ops/s   0.3mb/s    1.663ms/op [0.157ms - 8.614ms]
openfile5            19300ops       21ops/s   0.0mb/s    3.187ms/op [0.478ms - 3890.613ms]
closefile4           19300ops       21ops/s   0.0mb/s    0.014ms/op [0.008ms - 0.107ms]
readfile4            19300ops       21ops/s   0.3mb/s    1.858ms/op [0.164ms - 11.269ms]
openfile4            19300ops       21ops/s   0.0mb/s    3.586ms/op [0.484ms - 3999.602ms]
closefile3           19300ops       21ops/s   0.0mb/s    0.014ms/op [0.008ms - 0.157ms]
readfile3            19300ops       21ops/s   0.4mb/s    2.086ms/op [0.162ms - 13.682ms]
openfile3            19300ops       21ops/s   0.0mb/s    2.363ms/op [0.473ms - 3491.194ms]
closefile2           19300ops       21ops/s   0.0mb/s    0.014ms/op [0.008ms - 0.161ms]
readfile2            19300ops       21ops/s   0.3mb/s    1.832ms/op [0.162ms - 10.229ms]
openfile2            19300ops       21ops/s   0.0mb/s    2.241ms/op [0.483ms - 3811.434ms]
closefile1           19300ops       21ops/s   0.0mb/s    0.014ms/op [0.008ms - 0.095ms]
readfile1            19300ops       21ops/s   0.3mb/s    1.710ms/op [0.163ms - 12.092ms]
openfile1            19300ops       21ops/s   0.0mb/s    2.063ms/op [0.496ms - 1896.611ms]
907.100: IO Summary: 598301 ops 664.728 ops/s 214/21 rd/wr   3.3mb/s 1.499ms/op
907.100: Shutting down processes

Run: #3,wl_name:webserver-anti_entropy-300,wl_path:shared_dir/workloads-filebench/macro/webserver.f,fs:lsfs


Filebench Version 1.5-alpha3
0.000: Allocated 177MB of shared memory
0.063: Populating and pre-allocating filesets
0.064: logfiles populated: 1 files, avg. dir. width = 20, avg. dir. depth = 0.0, 0 leafdirs, 0.002MB total size
0.064: Removing logfiles tree (if exists)
0.076: Pre-allocating directories in logfiles tree
0.082: Pre-allocating files in logfiles tree
0.086: bigfileset populated: 1000 files, avg. dir. width = 20, avg. dir. depth = 2.3, 0 leafdirs, 14.760MB total size
0.086: Removing bigfileset tree (if exists)
0.087: Pre-allocating directories in bigfileset tree
0.286: Pre-allocating files in bigfileset tree
12.107: Waiting for pre-allocation to finish (in case of a parallel pre-allocation)
12.107: Population and pre-allocation of filesets completed
12.107: Starting 1 filereader instances
13.112: Running...
913.182: Run took 900 seconds...
913.182: Per-Operation Breakdown
appendlog            19053ops       21ops/s   0.2mb/s    2.674ms/op [0.371ms - 39.879ms]
closefile10          19052ops       21ops/s   0.0mb/s    0.014ms/op [0.008ms - 0.172ms]
readfile10           19052ops       21ops/s   0.3mb/s    1.787ms/op [0.156ms - 8.115ms]
openfile10           19052ops       21ops/s   0.0mb/s    3.201ms/op [0.481ms - 3979.992ms]
closefile9           19052ops       21ops/s   0.0mb/s    0.014ms/op [0.009ms - 3.671ms]
readfile9            19052ops       21ops/s   0.3mb/s    1.763ms/op [0.154ms - 7.147ms]
openfile9            19052ops       21ops/s   0.0mb/s    1.606ms/op [0.491ms - 3266.486ms]
closefile8           19052ops       21ops/s   0.0mb/s    0.014ms/op [0.008ms - 0.113ms]
readfile8            19052ops       21ops/s   0.3mb/s    1.794ms/op [0.157ms - 26.721ms]
openfile8            19052ops       21ops/s   0.0mb/s    2.816ms/op [0.460ms - 3903.398ms]
closefile7           19052ops       21ops/s   0.0mb/s    0.014ms/op [0.008ms - 0.174ms]
readfile7            19052ops       21ops/s   0.3mb/s    1.929ms/op [0.156ms - 10.452ms]
openfile7            19052ops       21ops/s   0.0mb/s    1.860ms/op [0.490ms - 2506.011ms]
closefile6           19052ops       21ops/s   0.0mb/s    0.014ms/op [0.008ms - 0.134ms]
readfile6            19052ops       21ops/s   0.3mb/s    1.822ms/op [0.152ms - 10.702ms]
openfile6            19052ops       21ops/s   0.0mb/s    2.286ms/op [0.479ms - 3133.211ms]
closefile5           19052ops       21ops/s   0.0mb/s    0.014ms/op [0.008ms - 0.377ms]
readfile5            19052ops       21ops/s   0.3mb/s    1.612ms/op [0.158ms - 8.808ms]
openfile5            19052ops       21ops/s   0.0mb/s    2.927ms/op [0.483ms - 3875.951ms]
closefile4           19052ops       21ops/s   0.0mb/s    0.014ms/op [0.008ms - 0.186ms]
readfile4            19052ops       21ops/s   0.3mb/s    1.767ms/op [0.159ms - 16.668ms]
openfile4            19052ops       21ops/s   0.0mb/s    2.716ms/op [0.480ms - 3501.306ms]
closefile3           19052ops       21ops/s   0.0mb/s    0.014ms/op [0.008ms - 0.164ms]
readfile3            19052ops       21ops/s   0.4mb/s    2.044ms/op [0.161ms - 11.634ms]
openfile3            19052ops       21ops/s   0.0mb/s    2.928ms/op [0.474ms - 3872.103ms]
closefile2           19053ops       21ops/s   0.0mb/s    0.014ms/op [0.008ms - 0.102ms]
readfile2            19053ops       21ops/s   0.3mb/s    1.779ms/op [0.167ms - 17.237ms]
openfile2            19053ops       21ops/s   0.0mb/s    2.939ms/op [0.483ms - 3969.443ms]
closefile1           19053ops       21ops/s   0.0mb/s    0.014ms/op [0.009ms - 0.185ms]
readfile1            19053ops       21ops/s   0.3mb/s    1.744ms/op [0.161ms - 27.148ms]
openfile1            19053ops       21ops/s   0.0mb/s    3.058ms/op [0.493ms - 3994.849ms]
913.182: IO Summary: 590619 ops 656.192 ops/s 212/21 rd/wr   3.3mb/s 1.522ms/op
913.182: Shutting down processes