
Run: #1,wl_name:webserver-anti_entropy-60,wl_path:shared_dir/workloads-filebench/macro/webserver.f,fs:lsfs


Filebench Version 1.5-alpha3
0.000: Allocated 177MB of shared memory
0.062: Populating and pre-allocating filesets
0.064: logfiles populated: 1 files, avg. dir. width = 20, avg. dir. depth = 0.0, 0 leafdirs, 0.002MB total size
0.064: Removing logfiles tree (if exists)
0.076: Pre-allocating directories in logfiles tree
0.081: Pre-allocating files in logfiles tree
0.086: bigfileset populated: 1000 files, avg. dir. width = 20, avg. dir. depth = 2.3, 0 leafdirs, 14.760MB total size
0.086: Removing bigfileset tree (if exists)
0.088: Pre-allocating directories in bigfileset tree
0.299: Pre-allocating files in bigfileset tree
6.386: Waiting for pre-allocation to finish (in case of a parallel pre-allocation)
6.386: Population and pre-allocation of filesets completed
6.386: Starting 1 filereader instances
7.390: Running...
907.464: Run took 900 seconds...
907.464: Per-Operation Breakdown
appendlog            18183ops       20ops/s   0.2mb/s    2.837ms/op [0.001ms - 2007.977ms]
closefile10          18182ops       20ops/s   0.0mb/s    0.014ms/op [0.009ms - 0.119ms]
readfile10           18182ops       20ops/s   0.3mb/s    1.881ms/op [0.157ms - 26.435ms]
openfile10           18182ops       20ops/s   0.0mb/s    3.495ms/op [0.477ms - 4006.928ms]
closefile9           18182ops       20ops/s   0.0mb/s    0.014ms/op [0.008ms - 0.116ms]
readfile9            18182ops       20ops/s   0.3mb/s    1.763ms/op [0.155ms - 7.514ms]
openfile9            18182ops       20ops/s   0.0mb/s    1.806ms/op [0.483ms - 3420.523ms]
closefile8           18182ops       20ops/s   0.0mb/s    0.014ms/op [0.009ms - 0.130ms]
readfile8            18182ops       20ops/s   0.3mb/s    1.784ms/op [0.158ms - 9.699ms]
openfile8            18182ops       20ops/s   0.0mb/s    2.316ms/op [0.475ms - 3615.253ms]
closefile7           18183ops       20ops/s   0.0mb/s    0.014ms/op [0.009ms - 0.130ms]
readfile7            18183ops       20ops/s   0.3mb/s    1.984ms/op [0.162ms - 9.889ms]
openfile7            18183ops       20ops/s   0.0mb/s    1.755ms/op [0.493ms - 2142.792ms]
closefile6           18183ops       20ops/s   0.0mb/s    0.014ms/op [0.008ms - 0.139ms]
readfile6            18183ops       20ops/s   0.3mb/s    1.815ms/op [0.151ms - 11.029ms]
openfile6            18183ops       20ops/s   0.0mb/s    2.807ms/op [0.478ms - 4005.162ms]
closefile5           18183ops       20ops/s   0.0mb/s    0.014ms/op [0.008ms - 0.202ms]
readfile5            18183ops       20ops/s   0.3mb/s    1.658ms/op [0.155ms - 9.334ms]
openfile5            18183ops       20ops/s   0.0mb/s    2.616ms/op [0.486ms - 3887.750ms]
closefile4           18183ops       20ops/s   0.0mb/s    0.014ms/op [0.009ms - 0.167ms]
readfile4            18183ops       20ops/s   0.3mb/s    1.844ms/op [0.156ms - 10.875ms]
openfile4            18183ops       20ops/s   0.0mb/s    4.386ms/op [0.489ms - 3987.847ms]
closefile3           18183ops       20ops/s   0.0mb/s    0.014ms/op [0.008ms - 1.937ms]
readfile3            18183ops       20ops/s   0.3mb/s    2.057ms/op [0.162ms - 12.434ms]
openfile3            18183ops       20ops/s   0.0mb/s    3.512ms/op [0.483ms - 4005.395ms]
closefile2           18183ops       20ops/s   0.0mb/s    0.014ms/op [0.008ms - 0.208ms]
readfile2            18183ops       20ops/s   0.3mb/s    1.826ms/op [0.162ms - 21.002ms]
openfile2            18183ops       20ops/s   0.0mb/s    2.064ms/op [0.484ms - 2273.188ms]
closefile1           18183ops       20ops/s   0.0mb/s    0.014ms/op [0.009ms - 0.163ms]
readfile1            18183ops       20ops/s   0.3mb/s    1.763ms/op [0.162ms - 8.728ms]
openfile1            18183ops       20ops/s   0.0mb/s    3.252ms/op [0.489ms - 4005.231ms]
907.464: IO Summary: 563664 ops 626.242 ops/s 202/20 rd/wr   3.1mb/s 1.592ms/op
907.464: Shutting down processes

Run: #2,wl_name:webserver-anti_entropy-60,wl_path:shared_dir/workloads-filebench/macro/webserver.f,fs:lsfs


Filebench Version 1.5-alpha3
0.000: Allocated 177MB of shared memory
0.068: Populating and pre-allocating filesets
0.071: logfiles populated: 1 files, avg. dir. width = 20, avg. dir. depth = 0.0, 0 leafdirs, 0.002MB total size
0.071: Removing logfiles tree (if exists)
0.085: Pre-allocating directories in logfiles tree
0.092: Pre-allocating files in logfiles tree
0.097: bigfileset populated: 1000 files, avg. dir. width = 20, avg. dir. depth = 2.3, 0 leafdirs, 14.760MB total size
0.098: Removing bigfileset tree (if exists)
0.099: Pre-allocating directories in bigfileset tree
0.322: Pre-allocating files in bigfileset tree
7.417: Waiting for pre-allocation to finish (in case of a parallel pre-allocation)
7.417: Population and pre-allocation of filesets completed
7.417: Starting 1 filereader instances
8.421: Running...
908.496: Run took 900 seconds...
908.497: Per-Operation Breakdown
appendlog            15801ops       18ops/s   0.1mb/s    2.803ms/op [0.386ms - 26.406ms]
closefile10          15800ops       18ops/s   0.0mb/s    0.014ms/op [0.008ms - 0.288ms]
readfile10           15800ops       18ops/s   0.3mb/s    2.077ms/op [0.173ms - 10.001ms]
openfile10           15800ops       18ops/s   0.0mb/s    3.900ms/op [0.515ms - 4000.542ms]
closefile9           15800ops       18ops/s   0.0mb/s    0.014ms/op [0.008ms - 0.963ms]
readfile9            15800ops       18ops/s   0.2mb/s    2.069ms/op [0.162ms - 7.659ms]
openfile9            15800ops       18ops/s   0.0mb/s    2.439ms/op [0.509ms - 4004.063ms]
closefile8           15800ops       18ops/s   0.0mb/s    0.014ms/op [0.009ms - 0.102ms]
readfile8            15800ops       18ops/s   0.3mb/s    2.080ms/op [0.171ms - 9.175ms]
openfile8            15800ops       18ops/s   0.0mb/s    3.808ms/op [0.504ms - 4007.156ms]
closefile7           15800ops       18ops/s   0.0mb/s    0.014ms/op [0.008ms - 0.081ms]
readfile7            15800ops       18ops/s   0.3mb/s    2.215ms/op [0.163ms - 11.131ms]
openfile7            15800ops       18ops/s   0.0mb/s    1.973ms/op [0.486ms - 3832.497ms]
closefile6           15800ops       18ops/s   0.0mb/s    0.014ms/op [0.008ms - 0.303ms]
readfile6            15800ops       18ops/s   0.3mb/s    2.173ms/op [0.167ms - 10.932ms]
openfile6            15800ops       18ops/s   0.0mb/s    3.658ms/op [0.502ms - 4008.289ms]
closefile5           15800ops       18ops/s   0.0mb/s    0.014ms/op [0.009ms - 0.166ms]
readfile5            15800ops       18ops/s   0.2mb/s    1.893ms/op [0.170ms - 11.566ms]
openfile5            15800ops       18ops/s   0.0mb/s    2.781ms/op [0.498ms - 4008.097ms]
closefile4           15800ops       18ops/s   0.0mb/s    0.014ms/op [0.008ms - 0.199ms]
readfile4            15800ops       18ops/s   0.3mb/s    2.065ms/op [0.170ms - 10.818ms]
openfile4            15800ops       18ops/s   0.0mb/s    3.704ms/op [0.508ms - 4003.721ms]
closefile3           15800ops       18ops/s   0.0mb/s    0.014ms/op [0.008ms - 0.192ms]
readfile3            15800ops       18ops/s   0.3mb/s    2.374ms/op [0.167ms - 12.375ms]
openfile3            15800ops       18ops/s   0.0mb/s    3.560ms/op [0.513ms - 4007.044ms]
closefile2           15800ops       18ops/s   0.0mb/s    0.014ms/op [0.008ms - 0.166ms]
readfile2            15800ops       18ops/s   0.3mb/s    2.072ms/op [0.225ms - 10.588ms]
openfile2            15800ops       18ops/s   0.0mb/s    3.464ms/op [0.491ms - 4008.942ms]
closefile1           15800ops       18ops/s   0.0mb/s    0.014ms/op [0.008ms - 0.198ms]
readfile1            15800ops       18ops/s   0.2mb/s    1.964ms/op [0.167ms - 16.027ms]
openfile1            15800ops       18ops/s   0.0mb/s    3.625ms/op [0.509ms - 4004.570ms]
908.497: IO Summary: 489801 ops 544.178 ops/s 176/18 rd/wr   2.7mb/s 1.833ms/op
908.497: Shutting down processes

Run: #3,wl_name:webserver-anti_entropy-60,wl_path:shared_dir/workloads-filebench/macro/webserver.f,fs:lsfs


Filebench Version 1.5-alpha3
0.000: Allocated 177MB of shared memory
0.063: Populating and pre-allocating filesets
0.064: logfiles populated: 1 files, avg. dir. width = 20, avg. dir. depth = 0.0, 0 leafdirs, 0.002MB total size
0.065: Removing logfiles tree (if exists)
0.078: Pre-allocating directories in logfiles tree
0.082: Pre-allocating files in logfiles tree
0.087: bigfileset populated: 1000 files, avg. dir. width = 20, avg. dir. depth = 2.3, 0 leafdirs, 14.760MB total size
0.087: Removing bigfileset tree (if exists)
0.090: Pre-allocating directories in bigfileset tree
0.298: Pre-allocating files in bigfileset tree
15.468: Waiting for pre-allocation to finish (in case of a parallel pre-allocation)
15.468: Population and pre-allocation of filesets completed
15.469: Starting 1 filereader instances
16.473: Running...
916.540: Run took 900 seconds...
916.541: Per-Operation Breakdown
appendlog            19029ops       21ops/s   0.2mb/s    2.707ms/op [0.374ms - 39.907ms]
closefile10          19028ops       21ops/s   0.0mb/s    0.014ms/op [0.008ms - 0.199ms]
readfile10           19028ops       21ops/s   0.3mb/s    1.882ms/op [0.163ms - 11.476ms]
openfile10           19028ops       21ops/s   0.0mb/s    3.547ms/op [0.477ms - 3821.074ms]
closefile9           19028ops       21ops/s   0.0mb/s    0.014ms/op [0.008ms - 4.219ms]
readfile9            19028ops       21ops/s   0.3mb/s    1.759ms/op [0.159ms - 8.544ms]
openfile9            19028ops       21ops/s   0.0mb/s    2.601ms/op [0.495ms - 4004.627ms]
closefile8           19028ops       21ops/s   0.0mb/s    0.014ms/op [0.009ms - 0.193ms]
readfile8            19028ops       21ops/s   0.3mb/s    1.784ms/op [0.161ms - 8.687ms]
openfile8            19028ops       21ops/s   0.0mb/s    2.254ms/op [0.473ms - 3886.351ms]
closefile7           19028ops       21ops/s   0.0mb/s    0.014ms/op [0.008ms - 0.193ms]
readfile7            19028ops       21ops/s   0.3mb/s    1.988ms/op [0.164ms - 19.116ms]
openfile7            19028ops       21ops/s   0.0mb/s    1.861ms/op [0.472ms - 4005.457ms]
closefile6           19028ops       21ops/s   0.0mb/s    0.014ms/op [0.009ms - 0.140ms]
readfile6            19028ops       21ops/s   0.3mb/s    1.803ms/op [0.156ms - 11.433ms]
openfile6            19028ops       21ops/s   0.0mb/s    1.963ms/op [0.495ms - 2411.022ms]
closefile5           19028ops       21ops/s   0.0mb/s    0.014ms/op [0.008ms - 0.472ms]
readfile5            19028ops       21ops/s   0.3mb/s    1.660ms/op [0.162ms - 10.077ms]
openfile5            19028ops       21ops/s   0.0mb/s    1.955ms/op [0.487ms - 3210.538ms]
closefile4           19028ops       21ops/s   0.0mb/s    0.014ms/op [0.008ms - 2.063ms]
readfile4            19028ops       21ops/s   0.3mb/s    1.844ms/op [0.157ms - 10.221ms]
openfile4            19028ops       21ops/s   0.0mb/s    2.948ms/op [0.489ms - 3540.389ms]
closefile3           19028ops       21ops/s   0.0mb/s    0.014ms/op [0.008ms - 4.803ms]
readfile3            19028ops       21ops/s   0.4mb/s    2.056ms/op [0.165ms - 12.347ms]
openfile3            19028ops       21ops/s   0.0mb/s    4.014ms/op [0.492ms - 3702.724ms]
closefile2           19028ops       21ops/s   0.0mb/s    0.014ms/op [0.008ms - 0.589ms]
readfile2            19028ops       21ops/s   0.3mb/s    1.812ms/op [0.169ms - 7.967ms]
openfile2            19028ops       21ops/s   0.0mb/s    2.709ms/op [0.486ms - 4006.353ms]
closefile1           19029ops       21ops/s   0.0mb/s    0.014ms/op [0.009ms - 0.155ms]
readfile1            19029ops       21ops/s   0.3mb/s    1.754ms/op [0.165ms - 9.571ms]
openfile1            19029ops       21ops/s   0.0mb/s    2.129ms/op [0.506ms - 3957.696ms]
916.541: IO Summary: 589872 ops 655.364 ops/s 211/21 rd/wr   3.3mb/s 1.522ms/op
916.541: Shutting down processes
