
Run: #1,wl_name:delete-1th-cache_off,wl_path:shared_dir/workloads-filebench/metadata-micro/delete-1th.f,fs:lsfs


Filebench Version 1.5-alpha3
0.000: Allocated 177MB of shared memory
0.001: Populating and pre-allocating filesets
0.024: fileset1 populated: 75000 files, avg. dir. width = 250, avg. dir. depth = 2.0, 0 leafdirs, 292.969MB total size
0.025: Removing fileset1 tree (if exists)
0.058: Pre-allocating directories in fileset1 tree
3.214: Pre-allocating files in fileset1 tree
929.997: Waiting for pre-allocation to finish (in case of a parallel pre-allocation)
929.997: Population and pre-allocation of filesets completed
930.617: Attempting to create fileset more than once, ignoring
930.617: Starting 1 process1 instances
932.268: Running...
1832.365: Run took 900 seconds...
1832.365: Per-Operation Breakdown
finish1              0ops        0ops/s   0.0mb/s    0.000ms/op [0.000ms - 0.000ms]
delete1              65481ops       73ops/s   0.0mb/s   13.727ms/op [6.080ms - 55.359ms]
1832.365: IO Summary: 65481 ops 72.749 ops/s 0/0 rd/wr   0.0mb/s 13.727ms/op
1832.365: Shutting down processes

Run: #2,wl_name:delete-1th-cache_off,wl_path:shared_dir/workloads-filebench/metadata-micro/delete-1th.f,fs:lsfs


