
Run: #1,wl_name:delete-1th-cache_on-1000,wl_path:shared_dir/workloads-filebench/metadata-micro/delete-1th.f,fs:lsfs


Filebench Version 1.5-alpha3
0.000: Allocated 177MB of shared memory
0.001: Populating and pre-allocating filesets
0.023: fileset1 populated: 75000 files, avg. dir. width = 250, avg. dir. depth = 2.0, 0 leafdirs, 292.969MB total size
0.024: Removing fileset1 tree (if exists)
0.057: Pre-allocating directories in fileset1 tree
1.557: Pre-allocating files in fileset1 tree
311.745: Waiting for pre-allocation to finish (in case of a parallel pre-allocation)
311.745: Population and pre-allocation of filesets completed
312.157: Attempting to create fileset more than once, ignoring
312.157: Starting 1 process1 instances
314.222: Running...
600.247: Run took 286 seconds...
600.247: Per-Operation Breakdown
finish1              1ops        0ops/s   0.0mb/s    0.000ms/op [0.000ms - 0.000ms]
delete1              75000ops      262ops/s   0.0mb/s    3.798ms/op [1.692ms - 46.796ms]
600.247: IO Summary: 75000 ops 262.215 ops/s 0/0 rd/wr   0.0mb/s 3.798ms/op
600.247: Shutting down processes

Run: #2,wl_name:delete-1th-cache_on-1000,wl_path:shared_dir/workloads-filebench/metadata-micro/delete-1th.f,fs:lsfs


Filebench Version 1.5-alpha3
0.000: Allocated 177MB of shared memory
0.008: Populating and pre-allocating filesets
0.056: fileset1 populated: 75000 files, avg. dir. width = 250, avg. dir. depth = 2.0, 0 leafdirs, 292.969MB total size
0.057: Removing fileset1 tree (if exists)
0.093: Pre-allocating directories in fileset1 tree
1.561: Pre-allocating files in fileset1 tree
299.118: Waiting for pre-allocation to finish (in case of a parallel pre-allocation)
299.118: Population and pre-allocation of filesets completed
299.743: Attempting to create fileset more than once, ignoring
299.743: Starting 1 process1 instances
301.784: Running...
578.809: Run took 277 seconds...
578.809: Per-Operation Breakdown
finish1              1ops        0ops/s   0.0mb/s    0.000ms/op [0.000ms - 0.000ms]
delete1              75000ops      271ops/s   0.0mb/s    3.671ms/op [1.680ms - 47.088ms]
578.809: IO Summary: 75000 ops 270.733 ops/s 0/0 rd/wr   0.0mb/s 3.671ms/op
578.809: Shutting down processes

Run: #3,wl_name:delete-1th-cache_on-1000,wl_path:shared_dir/workloads-filebench/metadata-micro/delete-1th.f,fs:lsfs


Filebench Version 1.5-alpha3
0.000: Allocated 177MB of shared memory
0.007: Populating and pre-allocating filesets
0.030: fileset1 populated: 75000 files, avg. dir. width = 250, avg. dir. depth = 2.0, 0 leafdirs, 292.969MB total size
0.030: Removing fileset1 tree (if exists)
0.061: Pre-allocating directories in fileset1 tree
1.535: Pre-allocating files in fileset1 tree
299.750: Waiting for pre-allocation to finish (in case of a parallel pre-allocation)
299.750: Population and pre-allocation of filesets completed
300.738: Attempting to create fileset more than once, ignoring
300.739: Starting 1 process1 instances
302.929: Running...
583.952: Run took 281 seconds...
583.953: Per-Operation Breakdown
finish1              1ops        0ops/s   0.0mb/s    0.000ms/op [0.000ms - 0.000ms]
delete1              75000ops      267ops/s   0.0mb/s    3.730ms/op [1.714ms - 23.432ms]
583.953: IO Summary: 75000 ops 266.882 ops/s 0/0 rd/wr   0.0mb/s 3.730ms/op
583.953: Shutting down processes
