
Run: #1,wl_name:rand-read-1th-4k-dynamic-4k,wl_path:shared_dir/workloads-filebench/read-data-micro/rand-read-1th.f,fs:lsfs


Filebench Version 1.5-alpha3
0.000: Allocated 177MB of shared memory
0.001: Populating and pre-allocating filesets
0.003: fileset-1 populated: 1 files, avg. dir. width = 1, avg. dir. depth = -nan, 0 leafdirs, 1024.000MB total size
0.004: Removing fileset-1 tree (if exists)
0.122: Pre-allocating directories in fileset-1 tree
0.151: Pre-allocating files in fileset-1 tree
63.477: Waiting for pre-allocation to finish (in case of a parallel pre-allocation)
63.477: Population and pre-allocation of filesets completed
63.808: Attempting to create fileset more than once, ignoring
63.809: Starting 1 process-1 instances
66.328: Running...
966.404: Run took 900 seconds...
966.404: Per-Operation Breakdown
finish-1             0ops        0ops/s   0.0mb/s    0.000ms/op [0.000ms - 0.000ms]
close-1              0ops        0ops/s   0.0mb/s    0.000ms/op [0.000ms - 0.000ms]
read-1               1855531ops     2062ops/s   8.1mb/s    0.482ms/op [0.178ms - 31.982ms]
open-1               1ops        0ops/s   0.0mb/s   10.975ms/op [10.975ms - 10.975ms]
966.404: IO Summary: 1855532 ops 2061.529 ops/s 2062/0 rd/wr   8.1mb/s 0.483ms/op
966.404: Shutting down processes

Run: #2,wl_name:rand-read-1th-4k-dynamic-4k,wl_path:shared_dir/workloads-filebench/read-data-micro/rand-read-1th.f,fs:lsfs


Filebench Version 1.5-alpha3
0.000: Allocated 177MB of shared memory
0.008: Populating and pre-allocating filesets
0.010: fileset-1 populated: 1 files, avg. dir. width = 1, avg. dir. depth = -nan, 0 leafdirs, 1024.000MB total size
0.013: Reusing existing fileset-1 tree
0.013: Pre-allocating files in fileset-1 tree
0.025: Waiting for pre-allocation to finish (in case of a parallel pre-allocation)
0.025: Population and pre-allocation of filesets completed
0.951: Attempting to create fileset more than once, ignoring
0.952: Starting 1 process-1 instances
2.528: Running...
902.621: Run took 900 seconds...
902.621: Per-Operation Breakdown
finish-1             0ops        0ops/s   0.0mb/s    0.000ms/op [0.000ms - 0.000ms]
close-1              0ops        0ops/s   0.0mb/s    0.000ms/op [0.000ms - 0.000ms]
read-1               979308ops     1088ops/s   4.3mb/s    0.913ms/op [0.181ms - 28.545ms]
open-1               1ops        0ops/s   0.0mb/s   10.613ms/op [10.613ms - 10.613ms]
902.621: IO Summary: 979309 ops 1088.009 ops/s 1088/0 rd/wr   4.3mb/s 0.913ms/op
902.621: Shutting down processes

Run: #3,wl_name:rand-read-1th-4k-dynamic-4k,wl_path:shared_dir/workloads-filebench/read-data-micro/rand-read-1th.f,fs:lsfs


Filebench Version 1.5-alpha3
0.000: Allocated 177MB of shared memory
0.008: Populating and pre-allocating filesets
0.010: fileset-1 populated: 1 files, avg. dir. width = 1, avg. dir. depth = -nan, 0 leafdirs, 1024.000MB total size
0.012: Reusing existing fileset-1 tree
0.012: Pre-allocating files in fileset-1 tree
0.022: Waiting for pre-allocation to finish (in case of a parallel pre-allocation)
0.022: Population and pre-allocation of filesets completed
0.949: Attempting to create fileset more than once, ignoring
0.949: Starting 1 process-1 instances
3.143: Running...
903.217: Run took 900 seconds...
903.217: Per-Operation Breakdown
finish-1             0ops        0ops/s   0.0mb/s    0.000ms/op [0.000ms - 0.000ms]
close-1              0ops        0ops/s   0.0mb/s    0.000ms/op [0.000ms - 0.000ms]
read-1               1847554ops     2053ops/s   8.0mb/s    0.485ms/op [0.179ms - 31.983ms]
open-1               1ops        0ops/s   0.0mb/s    9.753ms/op [9.753ms - 9.753ms]
903.217: IO Summary: 1847555 ops 2052.670 ops/s 2053/0 rd/wr   8.0mb/s 0.485ms/op
903.217: Shutting down processes
