
Run: #1,wl_name:seq-write-1th-4k-dynamic-4k,wl_path:shared_dir/workloads-filebench/write-data-micro/seq-write-1th.f,fs:lsfs


Filebench Version 1.5-alpha3
0.000: Allocated 177MB of shared memory
0.001: Populating and pre-allocating filesets
0.003: fileset-1 populated: 1 files, avg. dir. width = 1, avg. dir. depth = -nan, 0 leafdirs, 1024.000MB total size
0.004: Removing fileset-1 tree (if exists)
0.040: Pre-allocating directories in fileset-1 tree
0.050: Pre-allocating files in fileset-1 tree
0.050: Waiting for pre-allocation to finish (in case of a parallel pre-allocation)
0.050: Population and pre-allocation of filesets completed
1.110: Attempting to create fileset more than once, ignoring
1.111: Starting 1 process-1 instances
3.091: Running...
903.169: Run took 900 seconds...
903.169: Per-Operation Breakdown
finish-1             0ops        0ops/s   0.0mb/s    0.000ms/op [0.000ms - 0.000ms]
close-1              0ops        0ops/s   0.0mb/s    0.000ms/op [0.000ms - 0.000ms]
write-1              1888912ops     2099ops/s   8.2mb/s    0.473ms/op [0.168ms - 49.203ms]
create-1             1ops        0ops/s   0.0mb/s   13.780ms/op [13.780ms - 13.780ms]
903.169: IO Summary: 1888913 ops 2098.612 ops/s 0/2099 rd/wr   8.2mb/s 0.473ms/op
903.169: Shutting down processes

Run: #2,wl_name:seq-write-1th-4k-dynamic-4k,wl_path:shared_dir/workloads-filebench/write-data-micro/seq-write-1th.f,fs:lsfs


Filebench Version 1.5-alpha3
0.000: Allocated 177MB of shared memory
0.001: Populating and pre-allocating filesets
0.002: fileset-1 populated: 1 files, avg. dir. width = 1, avg. dir. depth = -nan, 0 leafdirs, 1024.000MB total size
0.003: Removing fileset-1 tree (if exists)
0.037: Pre-allocating directories in fileset-1 tree
0.063: Pre-allocating files in fileset-1 tree
0.063: Waiting for pre-allocation to finish (in case of a parallel pre-allocation)
0.063: Population and pre-allocation of filesets completed
1.057: Attempting to create fileset more than once, ignoring
1.058: Starting 1 process-1 instances
3.139: Running...
903.212: Run took 900 seconds...
903.212: Per-Operation Breakdown
finish-1             0ops        0ops/s   0.0mb/s    0.000ms/op [0.000ms - 0.000ms]
close-1              0ops        0ops/s   0.0mb/s    0.000ms/op [0.000ms - 0.000ms]
write-1              2096038ops     2329ops/s   9.1mb/s    0.427ms/op [0.171ms - 107.766ms]
create-1             1ops        0ops/s   0.0mb/s   15.262ms/op [15.262ms - 15.262ms]
903.212: IO Summary: 2096039 ops 2328.742 ops/s 0/2329 rd/wr   9.1mb/s 0.427ms/op
903.212: Shutting down processes

Run: #3,wl_name:seq-write-1th-4k-dynamic-4k,wl_path:shared_dir/workloads-filebench/write-data-micro/seq-write-1th.f,fs:lsfs


Filebench Version 1.5-alpha3
0.000: Allocated 177MB of shared memory
0.001: Populating and pre-allocating filesets
0.002: fileset-1 populated: 1 files, avg. dir. width = 1, avg. dir. depth = -nan, 0 leafdirs, 1024.000MB total size
0.003: Removing fileset-1 tree (if exists)
0.037: Pre-allocating directories in fileset-1 tree
0.048: Pre-allocating files in fileset-1 tree
0.048: Waiting for pre-allocation to finish (in case of a parallel pre-allocation)
0.048: Population and pre-allocation of filesets completed
1.528: Attempting to create fileset more than once, ignoring
1.528: Starting 1 process-1 instances
4.327: Running...
904.408: Run took 900 seconds...
904.408: Per-Operation Breakdown
finish-1             0ops        0ops/s   0.0mb/s    0.000ms/op [0.000ms - 0.000ms]
close-1              0ops        0ops/s   0.0mb/s    0.000ms/op [0.000ms - 0.000ms]
write-1              2246756ops     2496ops/s   9.8mb/s    0.398ms/op [0.171ms - 66.259ms]
create-1             1ops        0ops/s   0.0mb/s   37.309ms/op [37.309ms - 37.309ms]
904.408: IO Summary: 2246757 ops 2496.173 ops/s 0/2496 rd/wr   9.8mb/s 0.398ms/op
904.408: Shutting down processes
